<?xml version="1.0" encoding="UTF-8"?>
<testsuites>
  <testsuite name="shinytest2-tm_a_regression" timestamp="2024-04-15T13:48:30Z" hostname="c41cd0eabb9a" tests="49" skipped="0" failures="5" errors="0" time="45.46">
    <testcase time="5.154" classname="shinytest2_tm_a_regression" name="e2e_tm_a_regerssion_data_extract_spec_elements_are_initialized_with_the_default_values_specified_by_response_and_regressor_arg"/>
    <testcase time="0.0180000000000007" classname="shinytest2_tm_a_regression" name="e2e_tm_a_regerssion_data_extract_spec_elements_are_initialized_with_the_default_values_specified_by_response_and_regressor_arg"/>
    <testcase time="0.00899999999999945" classname="shinytest2_tm_a_regression" name="e2e_tm_a_regerssion_data_extract_spec_elements_are_initialized_with_the_default_values_specified_by_response_and_regressor_arg"/>
    <testcase time="0.113" classname="shinytest2_tm_a_regression" name="e2e_tm_a_regerssion_data_extract_spec_elements_are_initialized_with_the_default_values_specified_by_response_and_regressor_arg"/>
    <testcase time="0.0679999999999996" classname="shinytest2_tm_a_regression" name="e2e_tm_a_regerssion_data_extract_spec_elements_are_initialized_with_the_default_values_specified_by_response_and_regressor_arg"/>
    <testcase time="5.509" classname="shinytest2_tm_a_regression" name="e2e_tm_a_regerssion_plot_type_has_7_specific_choices_changing_choices_does_not_throw_errors"/>
    <testcase time="0.00399999999999956" classname="shinytest2_tm_a_regression" name="e2e_tm_a_regerssion_plot_type_has_7_specific_choices_changing_choices_does_not_throw_errors"/>
    <testcase time="1.66" classname="shinytest2_tm_a_regression" name="e2e_tm_a_regerssion_plot_type_has_7_specific_choices_changing_choices_does_not_throw_errors"/>
    <testcase time="0.00200000000000067" classname="shinytest2_tm_a_regression" name="e2e_tm_a_regerssion_plot_type_has_7_specific_choices_changing_choices_does_not_throw_errors"/>
    <testcase time="0.799999999999999" classname="shinytest2_tm_a_regression" name="e2e_tm_a_regerssion_plot_type_has_7_specific_choices_changing_choices_does_not_throw_errors"/>
    <testcase time="0.00100000000000122" classname="shinytest2_tm_a_regression" name="e2e_tm_a_regerssion_plot_type_has_7_specific_choices_changing_choices_does_not_throw_errors"/>
    <testcase time="0.817" classname="shinytest2_tm_a_regression" name="e2e_tm_a_regerssion_plot_type_has_7_specific_choices_changing_choices_does_not_throw_errors"/>
    <testcase time="0.000999999999999446" classname="shinytest2_tm_a_regression" name="e2e_tm_a_regerssion_plot_type_has_7_specific_choices_changing_choices_does_not_throw_errors"/>
    <testcase time="0.853" classname="shinytest2_tm_a_regression" name="e2e_tm_a_regerssion_plot_type_has_7_specific_choices_changing_choices_does_not_throw_errors"/>
    <testcase time="0.00100000000000122" classname="shinytest2_tm_a_regression" name="e2e_tm_a_regerssion_plot_type_has_7_specific_choices_changing_choices_does_not_throw_errors"/>
    <testcase time="0.832999999999998" classname="shinytest2_tm_a_regression" name="e2e_tm_a_regerssion_plot_type_has_7_specific_choices_changing_choices_does_not_throw_errors"/>
    <testcase time="0.00100000000000122" classname="shinytest2_tm_a_regression" name="e2e_tm_a_regerssion_plot_type_has_7_specific_choices_changing_choices_does_not_throw_errors"/>
    <testcase time="0.975000000000001" classname="shinytest2_tm_a_regression" name="e2e_tm_a_regerssion_plot_type_has_7_specific_choices_changing_choices_does_not_throw_errors"/>
    <testcase time="0.000999999999997669" classname="shinytest2_tm_a_regression" name="e2e_tm_a_regerssion_plot_type_has_7_specific_choices_changing_choices_does_not_throw_errors"/>
    <testcase time="0.827000000000002" classname="shinytest2_tm_a_regression" name="e2e_tm_a_regerssion_plot_type_has_7_specific_choices_changing_choices_does_not_throw_errors"/>
    <testcase time="4.328" classname="shinytest2_tm_a_regression" name="e2e_tm_a_regerssion_outlier_definition_and_label_are_visible_by_default"/>
    <testcase time="0.116" classname="shinytest2_tm_a_regression" name="e2e_tm_a_regerssion_outlier_definition_and_label_are_visible_by_default"/>
    <testcase time="0.00600000000000023" classname="shinytest2_tm_a_regression" name="e2e_tm_a_regerssion_outlier_definition_and_label_are_visible_by_default"/>
    <testcase time="0.00499999999999901" classname="shinytest2_tm_a_regression" name="e2e_tm_a_regerssion_outlier_definition_and_label_are_visible_by_default"/>
    <testcase time="4.312" classname="shinytest2_tm_a_regression" name="e2e_tm_a_regerssion_outlier_definition_and_label_have_default_values_and_label_text"/>
    <testcase time="0.00799999999999912" classname="shinytest2_tm_a_regression" name="e2e_tm_a_regerssion_outlier_definition_and_label_have_default_values_and_label_text"/>
    <testcase time="0.00400000000000134" classname="shinytest2_tm_a_regression" name="e2e_tm_a_regerssion_outlier_definition_and_label_have_default_values_and_label_text"/>
    <testcase time="0.000999999999997669" classname="shinytest2_tm_a_regression" name="e2e_tm_a_regerssion_outlier_definition_and_label_have_default_values_and_label_text"/>
    <testcase time="0.113000000000003" classname="shinytest2_tm_a_regression" name="e2e_tm_a_regerssion_outlier_definition_and_label_have_default_values_and_label_text"/>
    <testcase time="0.0789999999999971" classname="shinytest2_tm_a_regression" name="e2e_tm_a_regerssion_outlier_definition_and_label_have_default_values_and_label_text">
      <failure type="failure" message="app$get_active_module_input(&quot;outlier&quot;) not identical to 9. ('test-shinytest2-tm_a_regression.R:95:3')">app$get_active_module_input("outlier") not identical to 9.
Objects equal but not identical</failure>
    </testcase>
    <testcase time="4.313" classname="shinytest2_tm_a_regression" name="e2e_tm_a_regerssion_unchecking_display_outlier_hides_outlier_label_and_definition"/>
    <testcase time="0.960999999999999" classname="shinytest2_tm_a_regression" name="e2e_tm_a_regerssion_unchecking_display_outlier_hides_outlier_label_and_definition"/>
    <testcase time="0.00600000000000023" classname="shinytest2_tm_a_regression" name="e2e_tm_a_regerssion_unchecking_display_outlier_hides_outlier_label_and_definition"/>
    <testcase time="0.00500000000000256" classname="shinytest2_tm_a_regression" name="e2e_tm_a_regerssion_unchecking_display_outlier_hides_outlier_label_and_definition"/>
    <testcase time="4.448" classname="shinytest2_tm_a_regression" name="e2e_tm_a_regerssion_clicking_plot_settings_accordion_panel_shows_plot_setting"/>
    <testcase time="0.00600000000000023" classname="shinytest2_tm_a_regression" name="e2e_tm_a_regerssion_clicking_plot_settings_accordion_panel_shows_plot_setting"/>
    <testcase time="0.00600000000000023" classname="shinytest2_tm_a_regression" name="e2e_tm_a_regerssion_clicking_plot_settings_accordion_panel_shows_plot_setting"/>
    <testcase time="0.00600000000000023" classname="shinytest2_tm_a_regression" name="e2e_tm_a_regerssion_clicking_plot_settings_accordion_panel_shows_plot_setting"/>
    <testcase time="0.00999999999999801" classname="shinytest2_tm_a_regression" name="e2e_tm_a_regerssion_clicking_plot_settings_accordion_panel_shows_plot_setting">
      <failure type="failure" message="app$is_visible(app$active_module_element(&quot;module-ggtheme&quot;)) is not FALSE ('test-shinytest2-tm_a_regression.R:124:3')">app$is_visible(app$active_module_element("module-ggtheme")) is not FALSE

`actual` is NULL
`expected` is a logical vector (FALSE)</failure>
    </testcase>
    <testcase time="0.548999999999999" classname="shinytest2_tm_a_regression" name="e2e_tm_a_regerssion_clicking_plot_settings_accordion_panel_shows_plot_setting"/>
    <testcase time="0.00600000000000023" classname="shinytest2_tm_a_regression" name="e2e_tm_a_regerssion_clicking_plot_settings_accordion_panel_shows_plot_setting"/>
    <testcase time="0.00500000000000256" classname="shinytest2_tm_a_regression" name="e2e_tm_a_regerssion_clicking_plot_settings_accordion_panel_shows_plot_setting"/>
    <testcase time="0.090999999999994" classname="shinytest2_tm_a_regression" name="e2e_tm_a_regerssion_clicking_plot_settings_accordion_panel_shows_plot_setting">
      <failure type="failure" message="app$is_visible(app$active_module_element(&quot;ggtheme&quot;)) is not TRUE ('test-shinytest2-tm_a_regression.R:131:3')">app$is_visible(app$active_module_element("ggtheme")) is not TRUE

`actual`:   FALSE
`expected`: TRUE </failure>
    </testcase>
    <testcase time="4.357" classname="shinytest2_tm_a_regression" name="e2e_tm_a_regerssion_plot_settings_have_default_values"/>
    <testcase time="0.671000000000006" classname="shinytest2_tm_a_regression" name="e2e_tm_a_regerssion_plot_settings_have_default_values">
      <failure type="failure" message="app$get_active_module_input(&quot;size&quot;) not identical to 2. ('test-shinytest2-tm_a_regression.R:144:3')">app$get_active_module_input("size") not identical to 2.
Objects equal but not identical</failure>
    </testcase>
    <testcase time="0.080999999999996" classname="shinytest2_tm_a_regression" name="e2e_tm_a_regerssion_plot_settings_have_default_values">
      <failure type="failure" message="app$get_active_module_input(&quot;alpha&quot;) not identical to 1. ('test-shinytest2-tm_a_regression.R:145:3')">app$get_active_module_input("alpha") not identical to 1.
Objects equal but not identical</failure>
    </testcase>
    <testcase time="0.0769999999999982" classname="shinytest2_tm_a_regression" name="e2e_tm_a_regerssion_plot_settings_have_default_values"/>
    <testcase time="0.0730000000000004" classname="shinytest2_tm_a_regression" name="e2e_tm_a_regerssion_plot_settings_have_default_values"/>
    <testcase time="3.17" classname="shinytest2_tm_a_regression" name="e2e_tm_a_regerssion_plot_settings_have_default_values"/>
  </testsuite>
  <testsuite name="tm_g_bivariate" timestamp="2024-04-15T13:49:15Z" hostname="c41cd0eabb9a" tests="18" skipped="0" failures="0" errors="0" time="0.202">
    <testcase time="0.0750000000000028" classname="tm_g_bivariate" name="tm_g_bivariate_creates_a_teal_module_object"/>
    <testcase time="0.00500000000000256" classname="tm_g_bivariate" name="tm_g_bivariate_creates_a_teal_module_object_with_default_options"/>
    <testcase time="0.00499999999999545" classname="tm_g_bivariate" name="tm_g_bivariate_creates_a_teal_module_object_with_multiple_data_extract_specs"/>
    <testcase time="0.00500000000000256" classname="tm_g_bivariate" name="tm_g_bivariate_creates_a_module_with_datanames_taken_from_data_extracts"/>
    <testcase time="0.00800000000000267" classname="tm_g_bivariate" name="tm_g_bivariate_fails_when_x_contains_a_spec_with_multiple_selection"/>
    <testcase time="0.00799999999999557" classname="tm_g_bivariate" name="tm_g_bivariate_fails_when_x_contains_multiple_spec_with_at_least_one_multiple_selection"/>
    <testcase time="0.00800000000000267" classname="tm_g_bivariate" name="tm_g_bivariate_fails_when_x_contains_multiple_spec_with_at_least_one_multiple_selection"/>
    <testcase time="0.0139999999999958" classname="tm_g_bivariate" name="tm_g_bivariate_fails_when_y_contains_multiple_spec_with_at_least_one_multiple_selection"/>
    <testcase time="0.00800000000000267" classname="tm_g_bivariate" name="tm_g_bivariate_fails_when_plot_height_is_not_valid"/>
    <testcase time="0.0069999999999979" classname="tm_g_bivariate" name="tm_g_bivariate_fails_when_plot_height_is_not_valid"/>
    <testcase time="0.007000000000005" classname="tm_g_bivariate" name="tm_g_bivariate_fails_when_plot_height_is_not_valid"/>
    <testcase time="0.00799999999999557" classname="tm_g_bivariate" name="tm_g_bivariate_fails_when_plot_width_is_not_valid"/>
    <testcase time="0.00800000000000267" classname="tm_g_bivariate" name="tm_g_bivariate_fails_when_plot_width_is_not_valid"/>
    <testcase time="0.0069999999999979" classname="tm_g_bivariate" name="tm_g_bivariate_fails_when_plot_width_is_not_valid"/>
    <testcase time="0.00800000000000267" classname="tm_g_bivariate" name="tm_g_bivariate_fails_when_color_setting_is_FALSE_and_color_is_supplied"/>
    <testcase time="0.0069999999999979" classname="tm_g_bivariate" name="tm_g_bivariate_fails_when_color_setting_is_FALSE_and_size_is_supplied"/>
    <testcase time="0.00800000000000267" classname="tm_g_bivariate" name="tm_g_bivariate_fails_when_color_setting_is_FALSE_and_fill_is_supplied"/>
    <testcase time="0.00600000000000023" classname="tm_g_bivariate" name="tm_g_bivariate_determines_color_size_and_fill_when_color_setting_is_TRUE"/>
  </testsuite>
  <testsuite name="bivariate_ggplot_call" timestamp="2024-04-15T13:49:15Z" hostname="c41cd0eabb9a" tests="21" skipped="0" failures="0" errors="0" time="0.079">
    <testcase time="0.0180000000000007" classname="bivariate_ggplot_call" name="bivariate_ggplot_call_with_numerics"/>
    <testcase time="0.00199999999999534" classname="bivariate_ggplot_call" name="bivariate_ggplot_call_with_numerics"/>
    <testcase time="0.00300000000000011" classname="bivariate_ggplot_call" name="bivariate_ggplot_call_with_numerics"/>
    <testcase time="0.00200000000000244" classname="bivariate_ggplot_call" name="bivariate_ggplot_call_with_numerics"/>
    <testcase time="0.00500000000000256" classname="bivariate_ggplot_call" name="bivariate_ggplot_call_with_factor_char_logical"/>
    <testcase time="0.00300000000000011" classname="bivariate_ggplot_call" name="bivariate_ggplot_call_with_factor_char_logical"/>
    <testcase time="0.00199999999999534" classname="bivariate_ggplot_call" name="bivariate_ggplot_call_with_factor_char_logical"/>
    <testcase time="0.00200000000000244" classname="bivariate_ggplot_call" name="bivariate_ggplot_call_with_factor_char_logical"/>
    <testcase time="0.00300000000000011" classname="bivariate_ggplot_call" name="bivariate_ggplot_call_with_factor_char_logical"/>
    <testcase time="0.00199999999999534" classname="bivariate_ggplot_call" name="bivariate_ggplot_call_with_factor_char_logical"/>
    <testcase time="0.00300000000000011" classname="bivariate_ggplot_call" name="bivariate_ggplot_call_with_factor_char_logical"/>
    <testcase time="0.0100000000000051" classname="bivariate_ggplot_call" name="bivariate_ggplot_call_with_single_data_numeric"/>
    <testcase time="0.00199999999999534" classname="bivariate_ggplot_call" name="bivariate_ggplot_call_with_single_data_numeric"/>
    <testcase time="0.00300000000000011" classname="bivariate_ggplot_call" name="bivariate_ggplot_call_with_single_data_numeric"/>
    <testcase time="0.00200000000000244" classname="bivariate_ggplot_call" name="bivariate_ggplot_call_with_single_data_numeric"/>
    <testcase time="0.00300000000000011" classname="bivariate_ggplot_call" name="bivariate_ggplot_call_with_single_data_numeric"/>
    <testcase time="0.00200000000000244" classname="bivariate_ggplot_call" name="bivariate_ggplot_call_with_single_data_numeric"/>
    <testcase time="0.00499999999999545" classname="bivariate_ggplot_call" name="bivariate_ggplot_call_with_single_data_factor"/>
    <testcase time="0.00200000000000244" classname="bivariate_ggplot_call" name="bivariate_ggplot_call_with_single_data_factor"/>
    <testcase time="0.00300000000000011" classname="bivariate_ggplot_call" name="bivariate_ggplot_call_with_single_data_factor"/>
    <testcase time="0.00200000000000244" classname="bivariate_ggplot_call" name="bivariate_ggplot_call_with_single_data_factor"/>
  </testsuite>
  <testsuite name="front_page" timestamp="2024-04-15T13:49:15Z" hostname="c41cd0eabb9a" tests="4" skipped="0" failures="0" errors="0" time="0.02">
    <testcase time="0.0069999999999979" classname="front_page" name="convert_metadata_to_dataframe_returns_a_data_frame_with_no_rows_if_no_metadata"/>
    <testcase time="0.00399999999999778" classname="front_page" name="convert_metadata_to_dataframe_returns_a_data_frame_with_metadata_if_more_than_one_dataset"/>
    <testcase time="0.00400000000000489" classname="front_page" name="convert_metadata_to_dataframe_returns_a_data_frame_with_metadata_if_one_dataset"/>
    <testcase time="0.00499999999999545" classname="front_page" name="convert_metadata_to_dataframe_converts_metadata_values_to_characters"/>
  </testsuite>
  <testsuite name="g_expert_cl" timestamp="2024-04-15T13:49:15Z" hostname="c41cd0eabb9a" tests="15" skipped="0" failures="0" errors="0" time="0.027">
    <testcase time="0.00600000000000023" classname="g_expert_cl" name="coloring_ggplot_call_can_work_with_all_combinations"/>
    <testcase time="0.000999999999997669" classname="g_expert_cl" name="coloring_ggplot_call_can_work_with_all_combinations"/>
    <testcase time="0.00100000000000477" classname="g_expert_cl" name="coloring_ggplot_call_can_work_with_all_combinations"/>
    <testcase time="0.000999999999997669" classname="g_expert_cl" name="coloring_ggplot_call_can_work_with_all_combinations"/>
    <testcase time="0.00200000000000244" classname="g_expert_cl" name="coloring_ggplot_call_can_work_with_all_combinations"/>
    <testcase time="0.000999999999997669" classname="g_expert_cl" name="coloring_ggplot_call_can_work_with_all_combinations"/>
    <testcase time="0.000999999999997669" classname="g_expert_cl" name="coloring_ggplot_call_can_work_with_all_combinations"/>
    <testcase time="0.00300000000000011" classname="g_expert_cl" name="coloring_ggplot_call_can_work_with_all_combinations_without_colour_var"/>
    <testcase time="0.00200000000000244" classname="g_expert_cl" name="coloring_ggplot_call_can_work_with_all_combinations_without_colour_var"/>
    <testcase time="0.000999999999997669" classname="g_expert_cl" name="coloring_ggplot_call_can_work_with_all_combinations_without_colour_var"/>
    <testcase time="0.00100000000000477" classname="g_expert_cl" name="coloring_ggplot_call_can_work_with_all_combinations_without_colour_var"/>
    <testcase time="0.00199999999999534" classname="g_expert_cl" name="coloring_ggplot_call_can_work_with_all_combinations_without_colour_var"/>
    <testcase time="0.00300000000000011" classname="g_expert_cl" name="coloring_ggplot_call_can_work_size_var"/>
    <testcase time="0.00100000000000477" classname="g_expert_cl" name="coloring_ggplot_call_can_work_size_var"/>
    <testcase time="0.000999999999997669" classname="g_expert_cl" name="coloring_ggplot_call_can_work_size_var"/>
  </testsuite>
  <testsuite name="scatterplotmatrix_get_stats" timestamp="2024-04-15T13:49:15Z" hostname="c41cd0eabb9a" tests="6" skipped="0" failures="0" errors="0" time="0.026">
    <testcase time="0.00999999999999801" classname="scatterplotmatrix_get_stats" name="get_scatterplotmatrix_stats_x_y_numeric"/>
    <testcase time="0.00300000000000011" classname="scatterplotmatrix_get_stats" name="get_scatterplotmatrix_stats_x_y_numeric"/>
    <testcase time="0.00300000000000011" classname="scatterplotmatrix_get_stats" name="get_scatterplotmatrix_stats_x_y_numeric"/>
    <testcase time="0.00500000000000256" classname="scatterplotmatrix_get_stats" name="get_scatterplotmatrix_stats_x_y_character"/>
    <testcase time="0.00200000000000244" classname="scatterplotmatrix_get_stats" name="get_scatterplotmatrix_stats_x_y_character"/>
    <testcase time="0.00300000000000011" classname="scatterplotmatrix_get_stats" name="get_scatterplotmatrix_stats_x_y_character"/>
  </testsuite>
  <testsuite name="variable_browser" timestamp="2024-04-15T13:49:15Z" hostname="c41cd0eabb9a" tests="3" skipped="0" failures="0" errors="0" time="0.013">
    <testcase time="0.00600000000000023" classname="variable_browser" name="remove_outliers_from_does_not_remove_outliers_when_outlier_definition_is_zero"/>
    <testcase time="0.00399999999999778" classname="variable_browser" name="remove_outliers_from_removes_outliers_when_outlier_definition_is_non_zero"/>
    <testcase time="0.00300000000000011" classname="variable_browser" name="remove_outliers_from_keeps_missing_values_unchanged"/>
  </testsuite>
</testsuites>
