<?xml version="1.0" encoding="UTF-8"?>
<testsuites>
  <testsuite name="shinytest2-tm_a_regression" timestamp="2024-04-12T11:52:48Z" hostname="6449bbe3dd9f" tests="18" skipped="0" failures="0" errors="1" time="10.917">
    <testcase time="5.769" classname="shinytest2_tm_a_regression" name="e2e_tm_a_regerssion_verify_encoding_values_and_widgets"/>
    <testcase time="0.0199999999999996" classname="shinytest2_tm_a_regression" name="e2e_tm_a_regerssion_verify_encoding_values_and_widgets"/>
    <testcase time="0.0170000000000003" classname="shinytest2_tm_a_regression" name="e2e_tm_a_regerssion_verify_encoding_values_and_widgets"/>
    <testcase time="0.103" classname="shinytest2_tm_a_regression" name="e2e_tm_a_regerssion_verify_encoding_values_and_widgets"/>
    <testcase time="0.0579999999999998" classname="shinytest2_tm_a_regression" name="e2e_tm_a_regerssion_verify_encoding_values_and_widgets"/>
    <testcase time="1.129" classname="shinytest2_tm_a_regression" name="e2e_tm_a_regerssion_verify_encoding_values_and_widgets"/>
    <testcase time="0.0150000000000006" classname="shinytest2_tm_a_regression" name="e2e_tm_a_regerssion_verify_encoding_values_and_widgets"/>
    <testcase time="0.00500000000000078" classname="shinytest2_tm_a_regression" name="e2e_tm_a_regerssion_verify_encoding_values_and_widgets"/>
    <testcase time="0.000999999999999446" classname="shinytest2_tm_a_regression" name="e2e_tm_a_regerssion_verify_encoding_values_and_widgets"/>
    <testcase time="0.000999999999999446" classname="shinytest2_tm_a_regression" name="e2e_tm_a_regerssion_verify_encoding_values_and_widgets"/>
    <testcase time="0.878" classname="shinytest2_tm_a_regression" name="e2e_tm_a_regerssion_verify_encoding_values_and_widgets"/>
    <testcase time="0.937999999999999" classname="shinytest2_tm_a_regression" name="e2e_tm_a_regerssion_verify_encoding_values_and_widgets"/>
    <testcase time="0.941000000000001" classname="shinytest2_tm_a_regression" name="e2e_tm_a_regerssion_verify_encoding_values_and_widgets"/>
    <testcase time="0.00600000000000023" classname="shinytest2_tm_a_regression" name="e2e_tm_a_regerssion_verify_encoding_values_and_widgets"/>
    <testcase time="1.012" classname="shinytest2_tm_a_regression" name="e2e_tm_a_regerssion_verify_encoding_values_and_widgets"/>
    <testcase time="0.00599999999999845" classname="shinytest2_tm_a_regression" name="e2e_tm_a_regerssion_verify_encoding_values_and_widgets"/>
    <testcase time="0.00500000000000078" classname="shinytest2_tm_a_regression" name="e2e_tm_a_regerssion_verify_encoding_values_and_widgets"/>
    <testcase time="0.0129999999999999" classname="shinytest2_tm_a_regression" name="e2e_tm_a_regerssion_verify_encoding_values_and_widgets">
      <error type="error" message="Error in `onRejected(reason)`: code: -32000 ('test-shinytest2-tm_a_regression.R:58:3')">Error in `onRejected(reason)`: code: -32000
  message: DOM Error while querying
Backtrace:
     ▆
  1. └─app$click("#_div &gt; div.panel-heading.collapsed") at test-shinytest2-tm_a_regression.R:58:3
  2.   └─super$click(...)
  3.     └─shinytest2:::app_click(...)
  4.       └─shinytest2:::app_find_node_id(...)
  5.         └─shinytest2:::chromote_find_elements(...)
  6.           ├─base::unlist(chromote_session$DOM$querySelectorAll(root_id, css)$nodeIds)
  7.           └─chromote_session$DOM$querySelectorAll(root_id, css)
  8.             └─self$wait_for(p)
  9.               └─self$parent$wait_for(p)
 10.                 └─chromote:::synchronize(p, loop = private$child_loop)
 11.                   ├─promises::with_promise_domain(...)
 12.                   │ └─domain$wrapSync(expr)
 13.                   │   └─base::force(expr)
 14.                   └─base::tryCatch(...)
 15.                     └─base (local) tryCatchList(expr, classes, parentenv, handlers)
 16.                       └─base (local) tryCatchOne(expr, names, parentenv, handlers[[1L]])
 17.                         └─base (local) doTryCatch(return(expr), name, parentenv, handler)</error>
    </testcase>
  </testsuite>
  <testsuite name="tm_g_bivariate" timestamp="2024-04-12T11:52:59Z" hostname="6449bbe3dd9f" tests="18" skipped="0" failures="0" errors="0" time="0.176">
    <testcase time="0.0510000000000002" classname="tm_g_bivariate" name="tm_g_bivariate_creates_a_teal_module_object"/>
    <testcase time="0.00399999999999956" classname="tm_g_bivariate" name="tm_g_bivariate_creates_a_teal_module_object_with_default_options"/>
    <testcase time="0.00500000000000078" classname="tm_g_bivariate" name="tm_g_bivariate_creates_a_teal_module_object_with_multiple_data_extract_specs"/>
    <testcase time="0.00499999999999901" classname="tm_g_bivariate" name="tm_g_bivariate_creates_a_module_with_datanames_taken_from_data_extracts"/>
    <testcase time="0.00699999999999967" classname="tm_g_bivariate" name="tm_g_bivariate_fails_when_x_contains_a_spec_with_multiple_selection"/>
    <testcase time="0.0080000000000009" classname="tm_g_bivariate" name="tm_g_bivariate_fails_when_x_contains_multiple_spec_with_at_least_one_multiple_selection"/>
    <testcase time="0.00999999999999979" classname="tm_g_bivariate" name="tm_g_bivariate_fails_when_x_contains_multiple_spec_with_at_least_one_multiple_selection"/>
    <testcase time="0.00900000000000034" classname="tm_g_bivariate" name="tm_g_bivariate_fails_when_y_contains_multiple_spec_with_at_least_one_multiple_selection"/>
    <testcase time="0.0129999999999999" classname="tm_g_bivariate" name="tm_g_bivariate_fails_when_plot_height_is_not_valid"/>
    <testcase time="0.00699999999999967" classname="tm_g_bivariate" name="tm_g_bivariate_fails_when_plot_height_is_not_valid"/>
    <testcase time="0.00699999999999967" classname="tm_g_bivariate" name="tm_g_bivariate_fails_when_plot_height_is_not_valid"/>
    <testcase time="0.00699999999999967" classname="tm_g_bivariate" name="tm_g_bivariate_fails_when_plot_width_is_not_valid"/>
    <testcase time="0.00700000000000145" classname="tm_g_bivariate" name="tm_g_bivariate_fails_when_plot_width_is_not_valid"/>
    <testcase time="0.00699999999999967" classname="tm_g_bivariate" name="tm_g_bivariate_fails_when_plot_width_is_not_valid"/>
    <testcase time="0.00799999999999912" classname="tm_g_bivariate" name="tm_g_bivariate_fails_when_color_setting_is_FALSE_and_color_is_supplied"/>
    <testcase time="0.00700000000000145" classname="tm_g_bivariate" name="tm_g_bivariate_fails_when_color_setting_is_FALSE_and_size_is_supplied"/>
    <testcase time="0.00799999999999912" classname="tm_g_bivariate" name="tm_g_bivariate_fails_when_color_setting_is_FALSE_and_fill_is_supplied"/>
    <testcase time="0.00600000000000023" classname="tm_g_bivariate" name="tm_g_bivariate_determines_color_size_and_fill_when_color_setting_is_TRUE"/>
  </testsuite>
  <testsuite name="bivariate_ggplot_call" timestamp="2024-04-12T11:52:59Z" hostname="6449bbe3dd9f" tests="21" skipped="0" failures="0" errors="0" time="0.077">
    <testcase time="0.0169999999999995" classname="bivariate_ggplot_call" name="bivariate_ggplot_call_with_numerics"/>
    <testcase time="0.00300000000000011" classname="bivariate_ggplot_call" name="bivariate_ggplot_call_with_numerics"/>
    <testcase time="0.00200000000000067" classname="bivariate_ggplot_call" name="bivariate_ggplot_call_with_numerics"/>
    <testcase time="0.00300000000000011" classname="bivariate_ggplot_call" name="bivariate_ggplot_call_with_numerics"/>
    <testcase time="0.00399999999999956" classname="bivariate_ggplot_call" name="bivariate_ggplot_call_with_factor_char_logical"/>
    <testcase time="0.00300000000000011" classname="bivariate_ggplot_call" name="bivariate_ggplot_call_with_factor_char_logical"/>
    <testcase time="0.00200000000000067" classname="bivariate_ggplot_call" name="bivariate_ggplot_call_with_factor_char_logical"/>
    <testcase time="0.00299999999999834" classname="bivariate_ggplot_call" name="bivariate_ggplot_call_with_factor_char_logical"/>
    <testcase time="0.00200000000000067" classname="bivariate_ggplot_call" name="bivariate_ggplot_call_with_factor_char_logical"/>
    <testcase time="0.00200000000000067" classname="bivariate_ggplot_call" name="bivariate_ggplot_call_with_factor_char_logical"/>
    <testcase time="0.00300000000000011" classname="bivariate_ggplot_call" name="bivariate_ggplot_call_with_factor_char_logical"/>
    <testcase time="0.00399999999999956" classname="bivariate_ggplot_call" name="bivariate_ggplot_call_with_single_data_numeric"/>
    <testcase time="0.00300000000000011" classname="bivariate_ggplot_call" name="bivariate_ggplot_call_with_single_data_numeric"/>
    <testcase time="0.00199999999999889" classname="bivariate_ggplot_call" name="bivariate_ggplot_call_with_single_data_numeric"/>
    <testcase time="0.00300000000000011" classname="bivariate_ggplot_call" name="bivariate_ggplot_call_with_single_data_numeric"/>
    <testcase time="0.00200000000000067" classname="bivariate_ggplot_call" name="bivariate_ggplot_call_with_single_data_numeric"/>
    <testcase time="0.00200000000000067" classname="bivariate_ggplot_call" name="bivariate_ggplot_call_with_single_data_numeric"/>
    <testcase time="0.00499999999999901" classname="bivariate_ggplot_call" name="bivariate_ggplot_call_with_single_data_factor"/>
    <testcase time="0.00200000000000067" classname="bivariate_ggplot_call" name="bivariate_ggplot_call_with_single_data_factor"/>
    <testcase time="0.00300000000000011" classname="bivariate_ggplot_call" name="bivariate_ggplot_call_with_single_data_factor"/>
    <testcase time="0.00699999999999967" classname="bivariate_ggplot_call" name="bivariate_ggplot_call_with_single_data_factor"/>
  </testsuite>
  <testsuite name="front_page" timestamp="2024-04-12T11:52:59Z" hostname="6449bbe3dd9f" tests="4" skipped="0" failures="0" errors="0" time="0.019">
    <testcase time="0.00600000000000023" classname="front_page" name="convert_metadata_to_dataframe_returns_a_data_frame_with_no_rows_if_no_metadata"/>
    <testcase time="0.00499999999999901" classname="front_page" name="convert_metadata_to_dataframe_returns_a_data_frame_with_metadata_if_more_than_one_dataset"/>
    <testcase time="0.00400000000000134" classname="front_page" name="convert_metadata_to_dataframe_returns_a_data_frame_with_metadata_if_one_dataset"/>
    <testcase time="0.00399999999999956" classname="front_page" name="convert_metadata_to_dataframe_converts_metadata_values_to_characters"/>
  </testsuite>
  <testsuite name="g_expert_cl" timestamp="2024-04-12T11:52:59Z" hostname="6449bbe3dd9f" tests="15" skipped="0" failures="0" errors="0" time="0.026">
    <testcase time="0.00499999999999901" classname="g_expert_cl" name="coloring_ggplot_call_can_work_with_all_combinations"/>
    <testcase time="0.00200000000000067" classname="g_expert_cl" name="coloring_ggplot_call_can_work_with_all_combinations"/>
    <testcase time="0.000999999999999446" classname="g_expert_cl" name="coloring_ggplot_call_can_work_with_all_combinations"/>
    <testcase time="0.00100000000000122" classname="g_expert_cl" name="coloring_ggplot_call_can_work_with_all_combinations"/>
    <testcase time="0.000999999999999446" classname="g_expert_cl" name="coloring_ggplot_call_can_work_with_all_combinations"/>
    <testcase time="0.000999999999999446" classname="g_expert_cl" name="coloring_ggplot_call_can_work_with_all_combinations"/>
    <testcase time="0.00200000000000067" classname="g_expert_cl" name="coloring_ggplot_call_can_work_with_all_combinations"/>
    <testcase time="0.00300000000000011" classname="g_expert_cl" name="coloring_ggplot_call_can_work_with_all_combinations_without_colour_var"/>
    <testcase time="0.000999999999999446" classname="g_expert_cl" name="coloring_ggplot_call_can_work_with_all_combinations_without_colour_var"/>
    <testcase time="0.000999999999999446" classname="g_expert_cl" name="coloring_ggplot_call_can_work_with_all_combinations_without_colour_var"/>
    <testcase time="0.00100000000000122" classname="g_expert_cl" name="coloring_ggplot_call_can_work_with_all_combinations_without_colour_var"/>
    <testcase time="0.00199999999999889" classname="g_expert_cl" name="coloring_ggplot_call_can_work_with_all_combinations_without_colour_var"/>
    <testcase time="0.00300000000000011" classname="g_expert_cl" name="coloring_ggplot_call_can_work_size_var"/>
    <testcase time="0.00100000000000122" classname="g_expert_cl" name="coloring_ggplot_call_can_work_size_var"/>
    <testcase time="0.000999999999999446" classname="g_expert_cl" name="coloring_ggplot_call_can_work_size_var"/>
  </testsuite>
  <testsuite name="scatterplotmatrix_get_stats" timestamp="2024-04-12T11:53:00Z" hostname="6449bbe3dd9f" tests="6" skipped="0" failures="0" errors="0" time="0.026">
    <testcase time="0.00999999999999979" classname="scatterplotmatrix_get_stats" name="get_scatterplotmatrix_stats_x_y_numeric"/>
    <testcase time="0.00300000000000011" classname="scatterplotmatrix_get_stats" name="get_scatterplotmatrix_stats_x_y_numeric"/>
    <testcase time="0.00300000000000011" classname="scatterplotmatrix_get_stats" name="get_scatterplotmatrix_stats_x_y_numeric"/>
    <testcase time="0.00500000000000078" classname="scatterplotmatrix_get_stats" name="get_scatterplotmatrix_stats_x_y_character"/>
    <testcase time="0.00299999999999834" classname="scatterplotmatrix_get_stats" name="get_scatterplotmatrix_stats_x_y_character"/>
    <testcase time="0.00200000000000067" classname="scatterplotmatrix_get_stats" name="get_scatterplotmatrix_stats_x_y_character"/>
  </testsuite>
  <testsuite name="variable_browser" timestamp="2024-04-12T11:53:00Z" hostname="6449bbe3dd9f" tests="3" skipped="0" failures="0" errors="0" time="0.014">
    <testcase time="0.00600000000000023" classname="variable_browser" name="remove_outliers_from_does_not_remove_outliers_when_outlier_definition_is_zero"/>
    <testcase time="0.00399999999999956" classname="variable_browser" name="remove_outliers_from_removes_outliers_when_outlier_definition_is_non_zero"/>
    <testcase time="0.00399999999999956" classname="variable_browser" name="remove_outliers_from_keeps_missing_values_unchanged"/>
  </testsuite>
</testsuites>
