<?xml version="1.0" encoding="UTF-8"?>
<testsuites>
  <testsuite name="shinytest2-tm_a_regression" timestamp="2024-04-18T10:48:02Z" hostname="e6226003196b" tests="7" skipped="0" failures="0" errors="7" time="0.301">
    <testcase time="0.0679999999999998" classname="shinytest2_tm_a_regression" name="e2e_tm_a_regerssion_data_parameter_and_module_label_is_passed_properly">
      <error type="error" message="Error in `tm_a_regression(label = &quot;Regression&quot;, default_plot_type = 3,  ('test-shinytest2-tm_a_regression.R:54:3')">Error in `tm_a_regression(label = "Regression", default_plot_type = 3, 
    response = teal.transform::data_extract_spec(dataname = "CO2", 
        select = teal.transform::select_spec(label = "Select variable:", 
            choices = "uptake", selected = "uptake", multiple = FALSE, 
            fixed = TRUE)), regressor = teal.transform::data_extract_spec(dataname = "CO2", 
        select = teal.transform::select_spec(label = "Select variables:", 
            choices = teal.transform::variable_choices(data[["CO2"]], 
                c("conc", "Treatment")), selected = "conc", multiple = TRUE, 
            fixed = FALSE)), plot_height = c(600, 200, 2000), 
    plot_width = NULL, alpha = c(1, 0, 1), size = c(2, 1, 8), 
    ggtheme = c("gray", "bw", "linedraw", "light", "dark", "minimal", 
        "classic", "void"), ggplot2_args = teal.widgets::ggplot2_args(), 
    pre_output = NULL, post_output = NULL, default_plot_type = 1, 
    default_outlier_label = "USUBJID", label_segment_threshold = c(0.5, 
        0, 10), ggplot2_args = teal.widgets::ggplot2_args(labs = list(subtitle = "Plot generated by Regression Module")))`: formal argument "ggplot2_args" matched by multiple actual arguments
Backtrace:
    ▆
 1. └─teal.modules.general (local) app_driver_tm_a_regression() at test-shinytest2-tm_a_regression.R:54:3
 2.   └─teal.modules.general:::init_teal_app_driver(...) at test-shinytest2-tm_a_regression.R:8:3
 3.     ├─testthat::with_mocked_bindings(...) at tests/testthat/helper-TealAppDriver.R:7:3
 4.     └─TealAppDriver$new(...) at tests/testthat/helper-TealAppDriver.R:10:7
 5.       └─teal (local) initialize(...)</error>
    </testcase>
    <testcase time="0.0860000000000001" classname="shinytest2_tm_a_regression" name="e2e_tm_a_regerssion_data_extract_spec_elements_are_initialized_with_the_default_values_specified_by_response_and_regressor_arg">
      <error type="error" message="Error in `tm_a_regression(label = &quot;Regression&quot;, default_plot_type = 3,  ('test-shinytest2-tm_a_regression.R:72:3')">Error in `tm_a_regression(label = "Regression", default_plot_type = 3, 
    response = teal.transform::data_extract_spec(dataname = "CO2", 
        select = teal.transform::select_spec(label = "Select variable:", 
            choices = "uptake", selected = "uptake", multiple = FALSE, 
            fixed = TRUE)), regressor = teal.transform::data_extract_spec(dataname = "CO2", 
        select = teal.transform::select_spec(label = "Select variables:", 
            choices = teal.transform::variable_choices(data[["CO2"]], 
                c("conc", "Treatment")), selected = "conc", multiple = TRUE, 
            fixed = FALSE)), plot_height = c(600, 200, 2000), 
    plot_width = NULL, alpha = c(1, 0, 1), size = c(2, 1, 8), 
    ggtheme = c("gray", "bw", "linedraw", "light", "dark", "minimal", 
        "classic", "void"), ggplot2_args = teal.widgets::ggplot2_args(), 
    pre_output = NULL, post_output = NULL, default_plot_type = 1, 
    default_outlier_label = "USUBJID", label_segment_threshold = c(0.5, 
        0, 10), ggplot2_args = teal.widgets::ggplot2_args(labs = list(subtitle = "Plot generated by Regression Module")))`: formal argument "ggplot2_args" matched by multiple actual arguments
Backtrace:
    ▆
 1. └─teal.modules.general (local) app_driver_tm_a_regression() at test-shinytest2-tm_a_regression.R:72:3
 2.   └─teal.modules.general:::init_teal_app_driver(...) at test-shinytest2-tm_a_regression.R:8:3
 3.     ├─testthat::with_mocked_bindings(...) at tests/testthat/helper-TealAppDriver.R:7:3
 4.     └─TealAppDriver$new(...) at tests/testthat/helper-TealAppDriver.R:10:7
 5.       └─teal (local) initialize(...)</error>
    </testcase>
    <testcase time="0.05" classname="shinytest2_tm_a_regression" name="e2e_tm_a_regerssion_plot_type_is_set_properly">
      <error type="error" message="Error in `tm_a_regression(label = &quot;Regression&quot;, default_plot_type = 3,  ('test-shinytest2-tm_a_regression.R:90:3')">Error in `tm_a_regression(label = "Regression", default_plot_type = 3, 
    response = teal.transform::data_extract_spec(dataname = "CO2", 
        select = teal.transform::select_spec(label = "Select variable:", 
            choices = "uptake", selected = "uptake", multiple = FALSE, 
            fixed = TRUE)), regressor = teal.transform::data_extract_spec(dataname = "CO2", 
        select = teal.transform::select_spec(label = "Select variables:", 
            choices = teal.transform::variable_choices(data[["CO2"]], 
                c("conc", "Treatment")), selected = "conc", multiple = TRUE, 
            fixed = FALSE)), plot_height = c(600, 200, 2000), 
    plot_width = NULL, alpha = c(1, 0, 1), size = c(2, 1, 8), 
    ggtheme = c("gray", "bw", "linedraw", "light", "dark", "minimal", 
        "classic", "void"), ggplot2_args = teal.widgets::ggplot2_args(), 
    pre_output = NULL, post_output = NULL, default_plot_type = 1, 
    default_outlier_label = "USUBJID", label_segment_threshold = c(0.5, 
        0, 10), ggplot2_args = teal.widgets::ggplot2_args(labs = list(subtitle = "Plot generated by Regression Module")))`: formal argument "ggplot2_args" matched by multiple actual arguments
Backtrace:
    ▆
 1. └─teal.modules.general (local) app_driver_tm_a_regression() at test-shinytest2-tm_a_regression.R:90:3
 2.   └─teal.modules.general:::init_teal_app_driver(...) at test-shinytest2-tm_a_regression.R:8:3
 3.     ├─testthat::with_mocked_bindings(...) at tests/testthat/helper-TealAppDriver.R:7:3
 4.     └─TealAppDriver$new(...) at tests/testthat/helper-TealAppDriver.R:10:7
 5.       └─teal (local) initialize(...)</error>
    </testcase>
    <testcase time="0.0249999999999999" classname="shinytest2_tm_a_regression" name="e2e_tm_a_regerssion_plot_type_has_7_specific_choices_changing_choices_does_not_throw_errors">
      <error type="error" message="Error in `tm_a_regression(label = &quot;Regression&quot;, default_plot_type = 3,  ('test-shinytest2-tm_a_regression.R:103:3')">Error in `tm_a_regression(label = "Regression", default_plot_type = 3, 
    response = teal.transform::data_extract_spec(dataname = "CO2", 
        select = teal.transform::select_spec(label = "Select variable:", 
            choices = "uptake", selected = "uptake", multiple = FALSE, 
            fixed = TRUE)), regressor = teal.transform::data_extract_spec(dataname = "CO2", 
        select = teal.transform::select_spec(label = "Select variables:", 
            choices = teal.transform::variable_choices(data[["CO2"]], 
                c("conc", "Treatment")), selected = "conc", multiple = TRUE, 
            fixed = FALSE)), plot_height = c(600, 200, 2000), 
    plot_width = NULL, alpha = c(1, 0, 1), size = c(2, 1, 8), 
    ggtheme = c("gray", "bw", "linedraw", "light", "dark", "minimal", 
        "classic", "void"), ggplot2_args = teal.widgets::ggplot2_args(), 
    pre_output = NULL, post_output = NULL, default_plot_type = 1, 
    default_outlier_label = "USUBJID", label_segment_threshold = c(0.5, 
        0, 10), ggplot2_args = teal.widgets::ggplot2_args(labs = list(subtitle = "Plot generated by Regression Module")))`: formal argument "ggplot2_args" matched by multiple actual arguments
Backtrace:
    ▆
 1. └─teal.modules.general (local) app_driver_tm_a_regression() at test-shinytest2-tm_a_regression.R:103:3
 2.   └─teal.modules.general:::init_teal_app_driver(...) at test-shinytest2-tm_a_regression.R:8:3
 3.     ├─testthat::with_mocked_bindings(...) at tests/testthat/helper-TealAppDriver.R:7:3
 4.     └─TealAppDriver$new(...) at tests/testthat/helper-TealAppDriver.R:10:7
 5.       └─teal (local) initialize(...)</error>
    </testcase>
    <testcase time="0.0230000000000001" classname="shinytest2_tm_a_regression" name="e2e_tm_a_regerssion_outlier_definition_and_label_are_visible_by_default">
      <error type="error" message="Error in `tm_a_regression(label = &quot;Regression&quot;, default_plot_type = 3,  ('test-shinytest2-tm_a_regression.R:130:3')">Error in `tm_a_regression(label = "Regression", default_plot_type = 3, 
    response = teal.transform::data_extract_spec(dataname = "CO2", 
        select = teal.transform::select_spec(label = "Select variable:", 
            choices = "uptake", selected = "uptake", multiple = FALSE, 
            fixed = TRUE)), regressor = teal.transform::data_extract_spec(dataname = "CO2", 
        select = teal.transform::select_spec(label = "Select variables:", 
            choices = teal.transform::variable_choices(data[["CO2"]], 
                c("conc", "Treatment")), selected = "conc", multiple = TRUE, 
            fixed = FALSE)), plot_height = c(600, 200, 2000), 
    plot_width = NULL, alpha = c(1, 0, 1), size = c(2, 1, 8), 
    ggtheme = c("gray", "bw", "linedraw", "light", "dark", "minimal", 
        "classic", "void"), ggplot2_args = teal.widgets::ggplot2_args(), 
    pre_output = NULL, post_output = NULL, default_plot_type = 1, 
    default_outlier_label = "USUBJID", label_segment_threshold = c(0.5, 
        0, 10), ggplot2_args = teal.widgets::ggplot2_args(labs = list(subtitle = "Plot generated by Regression Module")))`: formal argument "ggplot2_args" matched by multiple actual arguments
Backtrace:
    ▆
 1. └─teal.modules.general (local) app_driver_tm_a_regression() at test-shinytest2-tm_a_regression.R:130:3
 2.   └─teal.modules.general:::init_teal_app_driver(...) at test-shinytest2-tm_a_regression.R:8:3
 3.     ├─testthat::with_mocked_bindings(...) at tests/testthat/helper-TealAppDriver.R:7:3
 4.     └─TealAppDriver$new(...) at tests/testthat/helper-TealAppDriver.R:10:7
 5.       └─teal (local) initialize(...)</error>
    </testcase>
    <testcase time="0.0229999999999999" classname="shinytest2_tm_a_regression" name="e2e_tm_a_regerssion_outlier_definition_and_label_have_default_values_and_label_text">
      <error type="error" message="Error in `tm_a_regression(label = &quot;Regression&quot;, default_plot_type = 3,  ('test-shinytest2-tm_a_regression.R:142:3')">Error in `tm_a_regression(label = "Regression", default_plot_type = 3, 
    response = teal.transform::data_extract_spec(dataname = "CO2", 
        select = teal.transform::select_spec(label = "Select variable:", 
            choices = "uptake", selected = "uptake", multiple = FALSE, 
            fixed = TRUE)), regressor = teal.transform::data_extract_spec(dataname = "CO2", 
        select = teal.transform::select_spec(label = "Select variables:", 
            choices = teal.transform::variable_choices(data[["CO2"]], 
                c("conc", "Treatment")), selected = "conc", multiple = TRUE, 
            fixed = FALSE)), plot_height = c(600, 200, 2000), 
    plot_width = NULL, alpha = c(1, 0, 1), size = c(2, 1, 8), 
    ggtheme = c("gray", "bw", "linedraw", "light", "dark", "minimal", 
        "classic", "void"), ggplot2_args = teal.widgets::ggplot2_args(), 
    pre_output = NULL, post_output = NULL, default_plot_type = 1, 
    default_outlier_label = "USUBJID", label_segment_threshold = c(0.5, 
        0, 10), ggplot2_args = teal.widgets::ggplot2_args(labs = list(subtitle = "Plot generated by Regression Module")))`: formal argument "ggplot2_args" matched by multiple actual arguments
Backtrace:
    ▆
 1. └─teal.modules.general (local) app_driver_tm_a_regression() at test-shinytest2-tm_a_regression.R:142:3
 2.   └─teal.modules.general:::init_teal_app_driver(...) at test-shinytest2-tm_a_regression.R:8:3
 3.     ├─testthat::with_mocked_bindings(...) at tests/testthat/helper-TealAppDriver.R:7:3
 4.     └─TealAppDriver$new(...) at tests/testthat/helper-TealAppDriver.R:10:7
 5.       └─teal (local) initialize(...)</error>
    </testcase>
    <testcase time="0.026" classname="shinytest2_tm_a_regression" name="e2e_tm_a_regerssion_unchecking_display_outlier_hides_outlier_label_and_definition">
      <error type="error" message="Error in `tm_a_regression(label = &quot;Regression&quot;, default_plot_type = 3,  ('test-shinytest2-tm_a_regression.R:170:3')">Error in `tm_a_regression(label = "Regression", default_plot_type = 3, 
    response = teal.transform::data_extract_spec(dataname = "CO2", 
        select = teal.transform::select_spec(label = "Select variable:", 
            choices = "uptake", selected = "uptake", multiple = FALSE, 
            fixed = TRUE)), regressor = teal.transform::data_extract_spec(dataname = "CO2", 
        select = teal.transform::select_spec(label = "Select variables:", 
            choices = teal.transform::variable_choices(data[["CO2"]], 
                c("conc", "Treatment")), selected = "conc", multiple = TRUE, 
            fixed = FALSE)), plot_height = c(600, 200, 2000), 
    plot_width = NULL, alpha = c(1, 0, 1), size = c(2, 1, 8), 
    ggtheme = c("gray", "bw", "linedraw", "light", "dark", "minimal", 
        "classic", "void"), ggplot2_args = teal.widgets::ggplot2_args(), 
    pre_output = NULL, post_output = NULL, default_plot_type = 1, 
    default_outlier_label = "USUBJID", label_segment_threshold = c(0.5, 
        0, 10), ggplot2_args = teal.widgets::ggplot2_args(labs = list(subtitle = "Plot generated by Regression Module")))`: formal argument "ggplot2_args" matched by multiple actual arguments
Backtrace:
    ▆
 1. └─teal.modules.general (local) app_driver_tm_a_regression() at test-shinytest2-tm_a_regression.R:170:3
 2.   └─teal.modules.general:::init_teal_app_driver(...) at test-shinytest2-tm_a_regression.R:8:3
 3.     ├─testthat::with_mocked_bindings(...) at tests/testthat/helper-TealAppDriver.R:7:3
 4.     └─TealAppDriver$new(...) at tests/testthat/helper-TealAppDriver.R:10:7
 5.       └─teal (local) initialize(...)</error>
    </testcase>
  </testsuite>
  <testsuite name="tm_g_bivariate" timestamp="2024-04-18T10:48:02Z" hostname="e6226003196b" tests="18" skipped="0" failures="0" errors="0" time="0.162">
    <testcase time="0.0369999999999999" classname="tm_g_bivariate" name="tm_g_bivariate_creates_a_teal_module_object"/>
    <testcase time="0.004" classname="tm_g_bivariate" name="tm_g_bivariate_creates_a_teal_module_object_with_default_options"/>
    <testcase time="0.00500000000000012" classname="tm_g_bivariate" name="tm_g_bivariate_creates_a_teal_module_object_with_multiple_data_extract_specs"/>
    <testcase time="0.00499999999999989" classname="tm_g_bivariate" name="tm_g_bivariate_creates_a_module_with_datanames_taken_from_data_extracts"/>
    <testcase time="0.00800000000000001" classname="tm_g_bivariate" name="tm_g_bivariate_fails_when_x_contains_a_spec_with_multiple_selection"/>
    <testcase time="0.00700000000000012" classname="tm_g_bivariate" name="tm_g_bivariate_fails_when_x_contains_multiple_spec_with_at_least_one_multiple_selection"/>
    <testcase time="0.0069999999999999" classname="tm_g_bivariate" name="tm_g_bivariate_fails_when_x_contains_multiple_spec_with_at_least_one_multiple_selection"/>
    <testcase time="0.00700000000000012" classname="tm_g_bivariate" name="tm_g_bivariate_fails_when_y_contains_multiple_spec_with_at_least_one_multiple_selection"/>
    <testcase time="0.00800000000000001" classname="tm_g_bivariate" name="tm_g_bivariate_fails_when_plot_height_is_not_valid"/>
    <testcase time="0.0069999999999999" classname="tm_g_bivariate" name="tm_g_bivariate_fails_when_plot_height_is_not_valid"/>
    <testcase time="0.00700000000000012" classname="tm_g_bivariate" name="tm_g_bivariate_fails_when_plot_height_is_not_valid"/>
    <testcase time="0.00800000000000001" classname="tm_g_bivariate" name="tm_g_bivariate_fails_when_plot_width_is_not_valid"/>
    <testcase time="0.0129999999999999" classname="tm_g_bivariate" name="tm_g_bivariate_fails_when_plot_width_is_not_valid"/>
    <testcase time="0.00800000000000001" classname="tm_g_bivariate" name="tm_g_bivariate_fails_when_plot_width_is_not_valid"/>
    <testcase time="0.00800000000000001" classname="tm_g_bivariate" name="tm_g_bivariate_fails_when_color_setting_is_FALSE_and_color_is_supplied"/>
    <testcase time="0.0089999999999999" classname="tm_g_bivariate" name="tm_g_bivariate_fails_when_color_setting_is_FALSE_and_size_is_supplied"/>
    <testcase time="0.00800000000000001" classname="tm_g_bivariate" name="tm_g_bivariate_fails_when_color_setting_is_FALSE_and_fill_is_supplied"/>
    <testcase time="0.00600000000000001" classname="tm_g_bivariate" name="tm_g_bivariate_determines_color_size_and_fill_when_color_setting_is_TRUE"/>
  </testsuite>
  <testsuite name="bivariate_ggplot_call" timestamp="2024-04-18T10:48:03Z" hostname="e6226003196b" tests="21" skipped="0" failures="0" errors="0" time="0.082">
    <testcase time="0.0190000000000001" classname="bivariate_ggplot_call" name="bivariate_ggplot_call_with_numerics"/>
    <testcase time="0.00299999999999989" classname="bivariate_ggplot_call" name="bivariate_ggplot_call_with_numerics"/>
    <testcase time="0.002" classname="bivariate_ggplot_call" name="bivariate_ggplot_call_with_numerics"/>
    <testcase time="0.00300000000000011" classname="bivariate_ggplot_call" name="bivariate_ggplot_call_with_numerics"/>
    <testcase time="0.00499999999999989" classname="bivariate_ggplot_call" name="bivariate_ggplot_call_with_factor_char_logical"/>
    <testcase time="0.00300000000000011" classname="bivariate_ggplot_call" name="bivariate_ggplot_call_with_factor_char_logical"/>
    <testcase time="0.002" classname="bivariate_ggplot_call" name="bivariate_ggplot_call_with_factor_char_logical"/>
    <testcase time="0.00299999999999989" classname="bivariate_ggplot_call" name="bivariate_ggplot_call_with_factor_char_logical"/>
    <testcase time="0.002" classname="bivariate_ggplot_call" name="bivariate_ggplot_call_with_factor_char_logical"/>
    <testcase time="0.00300000000000011" classname="bivariate_ggplot_call" name="bivariate_ggplot_call_with_factor_char_logical"/>
    <testcase time="0.002" classname="bivariate_ggplot_call" name="bivariate_ggplot_call_with_factor_char_logical"/>
    <testcase time="0.00600000000000001" classname="bivariate_ggplot_call" name="bivariate_ggplot_call_with_single_data_numeric"/>
    <testcase time="0.00299999999999989" classname="bivariate_ggplot_call" name="bivariate_ggplot_call_with_single_data_numeric"/>
    <testcase time="0.002" classname="bivariate_ggplot_call" name="bivariate_ggplot_call_with_single_data_numeric"/>
    <testcase time="0.00300000000000011" classname="bivariate_ggplot_call" name="bivariate_ggplot_call_with_single_data_numeric"/>
    <testcase time="0.002" classname="bivariate_ggplot_call" name="bivariate_ggplot_call_with_single_data_numeric"/>
    <testcase time="0.00299999999999989" classname="bivariate_ggplot_call" name="bivariate_ggplot_call_with_single_data_numeric"/>
    <testcase time="0.00500000000000012" classname="bivariate_ggplot_call" name="bivariate_ggplot_call_with_single_data_factor"/>
    <testcase time="0.002" classname="bivariate_ggplot_call" name="bivariate_ggplot_call_with_single_data_factor"/>
    <testcase time="0.002" classname="bivariate_ggplot_call" name="bivariate_ggplot_call_with_single_data_factor"/>
    <testcase time="0.0069999999999999" classname="bivariate_ggplot_call" name="bivariate_ggplot_call_with_single_data_factor"/>
  </testsuite>
  <testsuite name="front_page" timestamp="2024-04-18T10:48:03Z" hostname="e6226003196b" tests="4" skipped="0" failures="0" errors="0" time="0.02">
    <testcase time="0.0069999999999999" classname="front_page" name="convert_metadata_to_dataframe_returns_a_data_frame_with_no_rows_if_no_metadata"/>
    <testcase time="0.004" classname="front_page" name="convert_metadata_to_dataframe_returns_a_data_frame_with_metadata_if_more_than_one_dataset"/>
    <testcase time="0.004" classname="front_page" name="convert_metadata_to_dataframe_returns_a_data_frame_with_metadata_if_one_dataset"/>
    <testcase time="0.00500000000000012" classname="front_page" name="convert_metadata_to_dataframe_converts_metadata_values_to_characters"/>
  </testsuite>
  <testsuite name="g_expert_cl" timestamp="2024-04-18T10:48:03Z" hostname="e6226003196b" tests="15" skipped="0" failures="0" errors="0" time="0.027">
    <testcase time="0.00499999999999989" classname="g_expert_cl" name="coloring_ggplot_call_can_work_with_all_combinations"/>
    <testcase time="0.002" classname="g_expert_cl" name="coloring_ggplot_call_can_work_with_all_combinations"/>
    <testcase time="0.00100000000000011" classname="g_expert_cl" name="coloring_ggplot_call_can_work_with_all_combinations"/>
    <testcase time="0.00099999999999989" classname="g_expert_cl" name="coloring_ggplot_call_can_work_with_all_combinations"/>
    <testcase time="0.00100000000000011" classname="g_expert_cl" name="coloring_ggplot_call_can_work_with_all_combinations"/>
    <testcase time="0.002" classname="g_expert_cl" name="coloring_ggplot_call_can_work_with_all_combinations"/>
    <testcase time="0.00099999999999989" classname="g_expert_cl" name="coloring_ggplot_call_can_work_with_all_combinations"/>
    <testcase time="0.00300000000000011" classname="g_expert_cl" name="coloring_ggplot_call_can_work_with_all_combinations_without_colour_var"/>
    <testcase time="0.00099999999999989" classname="g_expert_cl" name="coloring_ggplot_call_can_work_with_all_combinations_without_colour_var"/>
    <testcase time="0.002" classname="g_expert_cl" name="coloring_ggplot_call_can_work_with_all_combinations_without_colour_var"/>
    <testcase time="0.00100000000000011" classname="g_expert_cl" name="coloring_ggplot_call_can_work_with_all_combinations_without_colour_var"/>
    <testcase time="0.00099999999999989" classname="g_expert_cl" name="coloring_ggplot_call_can_work_with_all_combinations_without_colour_var"/>
    <testcase time="0.00300000000000011" classname="g_expert_cl" name="coloring_ggplot_call_can_work_size_var"/>
    <testcase time="0.002" classname="g_expert_cl" name="coloring_ggplot_call_can_work_size_var"/>
    <testcase time="0.00099999999999989" classname="g_expert_cl" name="coloring_ggplot_call_can_work_size_var"/>
  </testsuite>
  <testsuite name="scatterplotmatrix_get_stats" timestamp="2024-04-18T10:48:03Z" hostname="e6226003196b" tests="6" skipped="0" failures="0" errors="0" time="0.024">
    <testcase time="0.00900000000000012" classname="scatterplotmatrix_get_stats" name="get_scatterplotmatrix_stats_x_y_numeric"/>
    <testcase time="0.00299999999999989" classname="scatterplotmatrix_get_stats" name="get_scatterplotmatrix_stats_x_y_numeric"/>
    <testcase time="0.00300000000000011" classname="scatterplotmatrix_get_stats" name="get_scatterplotmatrix_stats_x_y_numeric"/>
    <testcase time="0.004" classname="scatterplotmatrix_get_stats" name="get_scatterplotmatrix_stats_x_y_character"/>
    <testcase time="0.002" classname="scatterplotmatrix_get_stats" name="get_scatterplotmatrix_stats_x_y_character"/>
    <testcase time="0.00299999999999989" classname="scatterplotmatrix_get_stats" name="get_scatterplotmatrix_stats_x_y_character"/>
  </testsuite>
  <testsuite name="variable_browser" timestamp="2024-04-18T10:48:03Z" hostname="e6226003196b" tests="3" skipped="0" failures="0" errors="0" time="0.013">
    <testcase time="0.00500000000000012" classname="variable_browser" name="remove_outliers_from_does_not_remove_outliers_when_outlier_definition_is_zero"/>
    <testcase time="0.00499999999999989" classname="variable_browser" name="remove_outliers_from_removes_outliers_when_outlier_definition_is_non_zero"/>
    <testcase time="0.00300000000000011" classname="variable_browser" name="remove_outliers_from_keeps_missing_values_unchanged"/>
  </testsuite>
</testsuites>
