<?xml version="1.0" encoding="UTF-8"?>
<testsuites>
  <testsuite name="shinytest2-tm_a_regression" timestamp="2024-04-18T14:22:03Z" hostname="21d53a8546f4" tests="7" skipped="0" failures="0" errors="7" time="0.282">
    <testcase time="0.0620000000000001" classname="shinytest2_tm_a_regression" name="e2e_tm_a_regression_data_parameter_and_module_label_is_passed_properly">
      <error type="error" message="Error in `tm_a_regression(label = &quot;Regression&quot;, default_plot_type = 3,  ('test-shinytest2-tm_a_regression.R:53:3')">Error in `tm_a_regression(label = "Regression", default_plot_type = 3, 
    response = teal.transform::data_extract_spec(dataname = "CO2", 
        select = teal.transform::select_spec(label = "Select variable:", 
            choices = "uptake", selected = "uptake", multiple = FALSE, 
            fixed = TRUE)), regressor = teal.transform::data_extract_spec(dataname = "CO2", 
        select = teal.transform::select_spec(label = "Select variables:", 
            choices = teal.transform::variable_choices(data[["CO2"]], 
                c("conc", "Treatment")), selected = "conc", multiple = TRUE, 
            fixed = FALSE)), plot_height = c(600, 200, 2000), 
    plot_width = NULL, alpha = c(1, 0, 1), size = c(2, 1, 8), 
    ggtheme = c("gray", "bw", "linedraw", "light", "dark", "minimal", 
        "classic", "void"), pre_output = NULL, post_output = NULL, 
    default_plot_type = 1, default_outlier_label = "USUBJID", 
    label_segment_threshold = c(0.5, 0, 10), ggplot2_args = teal.widgets::ggplot2_args(labs = list(subtitle = "Plot generated by Regression Module")))`: formal argument "default_plot_type" matched by multiple actual arguments
Backtrace:
    ▆
 1. └─teal.modules.general (local) app_driver_tm_a_regression() at test-shinytest2-tm_a_regression.R:53:3
 2.   └─teal.modules.general:::init_teal_app_driver(...) at test-shinytest2-tm_a_regression.R:8:3
 3.     ├─testthat::with_mocked_bindings(...) at tests/testthat/helper-TealAppDriver.R:7:3
 4.     └─TealAppDriver$new(...) at tests/testthat/helper-TealAppDriver.R:10:7
 5.       └─teal (local) initialize(...)</error>
    </testcase>
    <testcase time="0.083" classname="shinytest2_tm_a_regression" name="e2e_tm_a_regression_data_extract_spec_elements_are_initialized_with_the_default_values_specified_by_response_and_regressor_arg">
      <error type="error" message="Error in `tm_a_regression(label = &quot;Regression&quot;, default_plot_type = 3,  ('test-shinytest2-tm_a_regression.R:71:3')">Error in `tm_a_regression(label = "Regression", default_plot_type = 3, 
    response = teal.transform::data_extract_spec(dataname = "CO2", 
        select = teal.transform::select_spec(label = "Select variable:", 
            choices = "uptake", selected = "uptake", multiple = FALSE, 
            fixed = TRUE)), regressor = teal.transform::data_extract_spec(dataname = "CO2", 
        select = teal.transform::select_spec(label = "Select variables:", 
            choices = teal.transform::variable_choices(data[["CO2"]], 
                c("conc", "Treatment")), selected = "conc", multiple = TRUE, 
            fixed = FALSE)), plot_height = c(600, 200, 2000), 
    plot_width = NULL, alpha = c(1, 0, 1), size = c(2, 1, 8), 
    ggtheme = c("gray", "bw", "linedraw", "light", "dark", "minimal", 
        "classic", "void"), pre_output = NULL, post_output = NULL, 
    default_plot_type = 1, default_outlier_label = "USUBJID", 
    label_segment_threshold = c(0.5, 0, 10), ggplot2_args = teal.widgets::ggplot2_args(labs = list(subtitle = "Plot generated by Regression Module")))`: formal argument "default_plot_type" matched by multiple actual arguments
Backtrace:
    ▆
 1. └─teal.modules.general (local) app_driver_tm_a_regression() at test-shinytest2-tm_a_regression.R:71:3
 2.   └─teal.modules.general:::init_teal_app_driver(...) at test-shinytest2-tm_a_regression.R:8:3
 3.     ├─testthat::with_mocked_bindings(...) at tests/testthat/helper-TealAppDriver.R:7:3
 4.     └─TealAppDriver$new(...) at tests/testthat/helper-TealAppDriver.R:10:7
 5.       └─teal (local) initialize(...)</error>
    </testcase>
    <testcase time="0.0470000000000002" classname="shinytest2_tm_a_regression" name="e2e_tm_a_regression_plot_type_is_set_properly">
      <error type="error" message="Error in `tm_a_regression(label = &quot;Regression&quot;, default_plot_type = 3,  ('test-shinytest2-tm_a_regression.R:89:3')">Error in `tm_a_regression(label = "Regression", default_plot_type = 3, 
    response = teal.transform::data_extract_spec(dataname = "CO2", 
        select = teal.transform::select_spec(label = "Select variable:", 
            choices = "uptake", selected = "uptake", multiple = FALSE, 
            fixed = TRUE)), regressor = teal.transform::data_extract_spec(dataname = "CO2", 
        select = teal.transform::select_spec(label = "Select variables:", 
            choices = teal.transform::variable_choices(data[["CO2"]], 
                c("conc", "Treatment")), selected = "conc", multiple = TRUE, 
            fixed = FALSE)), plot_height = c(600, 200, 2000), 
    plot_width = NULL, alpha = c(1, 0, 1), size = c(2, 1, 8), 
    ggtheme = c("gray", "bw", "linedraw", "light", "dark", "minimal", 
        "classic", "void"), pre_output = NULL, post_output = NULL, 
    default_plot_type = 1, default_outlier_label = "USUBJID", 
    label_segment_threshold = c(0.5, 0, 10), ggplot2_args = teal.widgets::ggplot2_args(labs = list(subtitle = "Plot generated by Regression Module")))`: formal argument "default_plot_type" matched by multiple actual arguments
Backtrace:
    ▆
 1. └─teal.modules.general (local) app_driver_tm_a_regression() at test-shinytest2-tm_a_regression.R:89:3
 2.   └─teal.modules.general:::init_teal_app_driver(...) at test-shinytest2-tm_a_regression.R:8:3
 3.     ├─testthat::with_mocked_bindings(...) at tests/testthat/helper-TealAppDriver.R:7:3
 4.     └─TealAppDriver$new(...) at tests/testthat/helper-TealAppDriver.R:10:7
 5.       └─teal (local) initialize(...)</error>
    </testcase>
    <testcase time="0.022" classname="shinytest2_tm_a_regression" name="e2e_tm_a_regression_plot_type_has_7_specific_choices_changing_choices_does_not_throw_errors">
      <error type="error" message="Error in `tm_a_regression(label = &quot;Regression&quot;, default_plot_type = 3,  ('test-shinytest2-tm_a_regression.R:102:3')">Error in `tm_a_regression(label = "Regression", default_plot_type = 3, 
    response = teal.transform::data_extract_spec(dataname = "CO2", 
        select = teal.transform::select_spec(label = "Select variable:", 
            choices = "uptake", selected = "uptake", multiple = FALSE, 
            fixed = TRUE)), regressor = teal.transform::data_extract_spec(dataname = "CO2", 
        select = teal.transform::select_spec(label = "Select variables:", 
            choices = teal.transform::variable_choices(data[["CO2"]], 
                c("conc", "Treatment")), selected = "conc", multiple = TRUE, 
            fixed = FALSE)), plot_height = c(600, 200, 2000), 
    plot_width = NULL, alpha = c(1, 0, 1), size = c(2, 1, 8), 
    ggtheme = c("gray", "bw", "linedraw", "light", "dark", "minimal", 
        "classic", "void"), pre_output = NULL, post_output = NULL, 
    default_plot_type = 1, default_outlier_label = "USUBJID", 
    label_segment_threshold = c(0.5, 0, 10), ggplot2_args = teal.widgets::ggplot2_args(labs = list(subtitle = "Plot generated by Regression Module")))`: formal argument "default_plot_type" matched by multiple actual arguments
Backtrace:
    ▆
 1. └─teal.modules.general (local) app_driver_tm_a_regression() at test-shinytest2-tm_a_regression.R:102:3
 2.   └─teal.modules.general:::init_teal_app_driver(...) at test-shinytest2-tm_a_regression.R:8:3
 3.     ├─testthat::with_mocked_bindings(...) at tests/testthat/helper-TealAppDriver.R:7:3
 4.     └─TealAppDriver$new(...) at tests/testthat/helper-TealAppDriver.R:10:7
 5.       └─teal (local) initialize(...)</error>
    </testcase>
    <testcase time="0.022" classname="shinytest2_tm_a_regression" name="e2e_tm_a_regression_outlier_definition_and_label_are_visible_by_default">
      <error type="error" message="Error in `tm_a_regression(label = &quot;Regression&quot;, default_plot_type = 3,  ('test-shinytest2-tm_a_regression.R:129:3')">Error in `tm_a_regression(label = "Regression", default_plot_type = 3, 
    response = teal.transform::data_extract_spec(dataname = "CO2", 
        select = teal.transform::select_spec(label = "Select variable:", 
            choices = "uptake", selected = "uptake", multiple = FALSE, 
            fixed = TRUE)), regressor = teal.transform::data_extract_spec(dataname = "CO2", 
        select = teal.transform::select_spec(label = "Select variables:", 
            choices = teal.transform::variable_choices(data[["CO2"]], 
                c("conc", "Treatment")), selected = "conc", multiple = TRUE, 
            fixed = FALSE)), plot_height = c(600, 200, 2000), 
    plot_width = NULL, alpha = c(1, 0, 1), size = c(2, 1, 8), 
    ggtheme = c("gray", "bw", "linedraw", "light", "dark", "minimal", 
        "classic", "void"), pre_output = NULL, post_output = NULL, 
    default_plot_type = 1, default_outlier_label = "USUBJID", 
    label_segment_threshold = c(0.5, 0, 10), ggplot2_args = teal.widgets::ggplot2_args(labs = list(subtitle = "Plot generated by Regression Module")))`: formal argument "default_plot_type" matched by multiple actual arguments
Backtrace:
    ▆
 1. └─teal.modules.general (local) app_driver_tm_a_regression() at test-shinytest2-tm_a_regression.R:129:3
 2.   └─teal.modules.general:::init_teal_app_driver(...) at test-shinytest2-tm_a_regression.R:8:3
 3.     ├─testthat::with_mocked_bindings(...) at tests/testthat/helper-TealAppDriver.R:7:3
 4.     └─TealAppDriver$new(...) at tests/testthat/helper-TealAppDriver.R:10:7
 5.       └─teal (local) initialize(...)</error>
    </testcase>
    <testcase time="0.0209999999999999" classname="shinytest2_tm_a_regression" name="e2e_tm_a_regression_outlier_definition_and_label_have_default_values_and_label_text">
      <error type="error" message="Error in `tm_a_regression(label = &quot;Regression&quot;, default_plot_type = 3,  ('test-shinytest2-tm_a_regression.R:141:3')">Error in `tm_a_regression(label = "Regression", default_plot_type = 3, 
    response = teal.transform::data_extract_spec(dataname = "CO2", 
        select = teal.transform::select_spec(label = "Select variable:", 
            choices = "uptake", selected = "uptake", multiple = FALSE, 
            fixed = TRUE)), regressor = teal.transform::data_extract_spec(dataname = "CO2", 
        select = teal.transform::select_spec(label = "Select variables:", 
            choices = teal.transform::variable_choices(data[["CO2"]], 
                c("conc", "Treatment")), selected = "conc", multiple = TRUE, 
            fixed = FALSE)), plot_height = c(600, 200, 2000), 
    plot_width = NULL, alpha = c(1, 0, 1), size = c(2, 1, 8), 
    ggtheme = c("gray", "bw", "linedraw", "light", "dark", "minimal", 
        "classic", "void"), pre_output = NULL, post_output = NULL, 
    default_plot_type = 1, default_outlier_label = "USUBJID", 
    label_segment_threshold = c(0.5, 0, 10), ggplot2_args = teal.widgets::ggplot2_args(labs = list(subtitle = "Plot generated by Regression Module")))`: formal argument "default_plot_type" matched by multiple actual arguments
Backtrace:
    ▆
 1. └─teal.modules.general (local) app_driver_tm_a_regression() at test-shinytest2-tm_a_regression.R:141:3
 2.   └─teal.modules.general:::init_teal_app_driver(...) at test-shinytest2-tm_a_regression.R:8:3
 3.     ├─testthat::with_mocked_bindings(...) at tests/testthat/helper-TealAppDriver.R:7:3
 4.     └─TealAppDriver$new(...) at tests/testthat/helper-TealAppDriver.R:10:7
 5.       └─teal (local) initialize(...)</error>
    </testcase>
    <testcase time="0.0249999999999999" classname="shinytest2_tm_a_regression" name="e2e_tm_a_regression_unchecking_display_outlier_hides_outlier_label_and_definition">
      <error type="error" message="Error in `tm_a_regression(label = &quot;Regression&quot;, default_plot_type = 3,  ('test-shinytest2-tm_a_regression.R:169:3')">Error in `tm_a_regression(label = "Regression", default_plot_type = 3, 
    response = teal.transform::data_extract_spec(dataname = "CO2", 
        select = teal.transform::select_spec(label = "Select variable:", 
            choices = "uptake", selected = "uptake", multiple = FALSE, 
            fixed = TRUE)), regressor = teal.transform::data_extract_spec(dataname = "CO2", 
        select = teal.transform::select_spec(label = "Select variables:", 
            choices = teal.transform::variable_choices(data[["CO2"]], 
                c("conc", "Treatment")), selected = "conc", multiple = TRUE, 
            fixed = FALSE)), plot_height = c(600, 200, 2000), 
    plot_width = NULL, alpha = c(1, 0, 1), size = c(2, 1, 8), 
    ggtheme = c("gray", "bw", "linedraw", "light", "dark", "minimal", 
        "classic", "void"), pre_output = NULL, post_output = NULL, 
    default_plot_type = 1, default_outlier_label = "USUBJID", 
    label_segment_threshold = c(0.5, 0, 10), ggplot2_args = teal.widgets::ggplot2_args(labs = list(subtitle = "Plot generated by Regression Module")))`: formal argument "default_plot_type" matched by multiple actual arguments
Backtrace:
    ▆
 1. └─teal.modules.general (local) app_driver_tm_a_regression() at test-shinytest2-tm_a_regression.R:169:3
 2.   └─teal.modules.general:::init_teal_app_driver(...) at test-shinytest2-tm_a_regression.R:8:3
 3.     ├─testthat::with_mocked_bindings(...) at tests/testthat/helper-TealAppDriver.R:7:3
 4.     └─TealAppDriver$new(...) at tests/testthat/helper-TealAppDriver.R:10:7
 5.       └─teal (local) initialize(...)</error>
    </testcase>
  </testsuite>
  <testsuite name="shinytest2-tm_variable_browser" timestamp="2024-04-18T14:22:03Z" hostname="21d53a8546f4" tests="24" skipped="0" failures="0" errors="0" time="46.617">
    <testcase time="6.185" classname="shinytest2_tm_variable_browser" name="e2e_tm_variable_browser_content_is_displayed_correctly"/>
    <testcase time="0.00499999999999989" classname="shinytest2_tm_variable_browser" name="e2e_tm_variable_browser_content_is_displayed_correctly"/>
    <testcase time="0.00900000000000034" classname="shinytest2_tm_variable_browser" name="e2e_tm_variable_browser_content_is_displayed_correctly"/>
    <testcase time="0.00399999999999956" classname="shinytest2_tm_variable_browser" name="e2e_tm_variable_browser_content_is_displayed_correctly"/>
    <testcase time="0.00400000000000045" classname="shinytest2_tm_variable_browser" name="e2e_tm_variable_browser_content_is_displayed_correctly"/>
    <testcase time="7.613" classname="shinytest2_tm_variable_browser" name="e2e_tm_variable_browser_Selecting_treat_variable_as_factor_changes_the_table_headers"/>
    <testcase time="6.679" classname="shinytest2_tm_variable_browser" name="e2e_tm_variable_browser_selection_of_categorical_variable_has_a_table_with_level_header"/>
    <testcase time="5.982" classname="shinytest2_tm_variable_browser" name="e2e_tm_variable_browser_changing_display_density_encoding_doesn_t_show_errors"/>
    <testcase time="0.756" classname="shinytest2_tm_variable_browser" name="e2e_tm_variable_browser_changing_display_density_encoding_doesn_t_show_errors"/>
    <testcase time="5.23" classname="shinytest2_tm_variable_browser" name="e2e_tm_variable_browser_changing_outlier_definition_encoding_doesn_t_show_errors"/>
    <testcase time="0.841000000000001" classname="shinytest2_tm_variable_browser" name="e2e_tm_variable_browser_changing_outlier_definition_encoding_doesn_t_show_errors"/>
    <testcase time="0.00399999999999778" classname="shinytest2_tm_variable_browser" name="e2e_tm_variable_browser_changing_outlier_definition_encoding_doesn_t_show_errors"/>
    <testcase time="0.750999999999998" classname="shinytest2_tm_variable_browser" name="e2e_tm_variable_browser_changing_outlier_definition_encoding_doesn_t_show_errors"/>
    <testcase time="0.731000000000002" classname="shinytest2_tm_variable_browser" name="e2e_tm_variable_browser_changing_outlier_definition_encoding_doesn_t_show_errors"/>
    <testcase time="5.398" classname="shinytest2_tm_variable_browser" name="e2e_tm_variable_browser_changing_plot_setting_encodings_doesn_t_show_errors"/>
    <testcase time="0.742999999999995" classname="shinytest2_tm_variable_browser" name="e2e_tm_variable_browser_changing_plot_setting_encodings_doesn_t_show_errors"/>
    <testcase time="0.704000000000001" classname="shinytest2_tm_variable_browser" name="e2e_tm_variable_browser_changing_plot_setting_encodings_doesn_t_show_errors"/>
    <testcase time="0.700000000000003" classname="shinytest2_tm_variable_browser" name="e2e_tm_variable_browser_changing_plot_setting_encodings_doesn_t_show_errors"/>
    <testcase time="0.704000000000001" classname="shinytest2_tm_variable_browser" name="e2e_tm_variable_browser_changing_plot_setting_encodings_doesn_t_show_errors"/>
    <testcase time="0.713999999999999" classname="shinytest2_tm_variable_browser" name="e2e_tm_variable_browser_changing_plot_setting_encodings_doesn_t_show_errors"/>
    <testcase time="0.707000000000001" classname="shinytest2_tm_variable_browser" name="e2e_tm_variable_browser_changing_plot_setting_encodings_doesn_t_show_errors"/>
    <testcase time="0.704999999999998" classname="shinytest2_tm_variable_browser" name="e2e_tm_variable_browser_changing_plot_setting_encodings_doesn_t_show_errors"/>
    <testcase time="0.745000000000005" classname="shinytest2_tm_variable_browser" name="e2e_tm_variable_browser_changing_plot_setting_encodings_doesn_t_show_errors"/>
    <testcase time="0.702999999999996" classname="shinytest2_tm_variable_browser" name="e2e_tm_variable_browser_changing_plot_setting_encodings_doesn_t_show_errors"/>
  </testsuite>
  <testsuite name="tm_g_bivariate" timestamp="2024-04-18T14:22:50Z" hostname="21d53a8546f4" tests="18" skipped="0" failures="0" errors="0" time="0.201">
    <testcase time="0.0859999999999985" classname="tm_g_bivariate" name="tm_g_bivariate_creates_a_teal_module_object"/>
    <testcase time="0.00500000000000256" classname="tm_g_bivariate" name="tm_g_bivariate_creates_a_teal_module_object_with_default_options"/>
    <testcase time="0.00399999999999778" classname="tm_g_bivariate" name="tm_g_bivariate_creates_a_teal_module_object_with_multiple_data_extract_specs"/>
    <testcase time="0.0100000000000051" classname="tm_g_bivariate" name="tm_g_bivariate_creates_a_module_with_datanames_taken_from_data_extracts"/>
    <testcase time="0.0069999999999979" classname="tm_g_bivariate" name="tm_g_bivariate_fails_when_x_contains_a_spec_with_multiple_selection"/>
    <testcase time="0.0069999999999979" classname="tm_g_bivariate" name="tm_g_bivariate_fails_when_x_contains_multiple_spec_with_at_least_one_multiple_selection"/>
    <testcase time="0.007000000000005" classname="tm_g_bivariate" name="tm_g_bivariate_fails_when_x_contains_multiple_spec_with_at_least_one_multiple_selection"/>
    <testcase time="0.0069999999999979" classname="tm_g_bivariate" name="tm_g_bivariate_fails_when_y_contains_multiple_spec_with_at_least_one_multiple_selection"/>
    <testcase time="0.0069999999999979" classname="tm_g_bivariate" name="tm_g_bivariate_fails_when_plot_height_is_not_valid"/>
    <testcase time="0.0069999999999979" classname="tm_g_bivariate" name="tm_g_bivariate_fails_when_plot_height_is_not_valid"/>
    <testcase time="0.007000000000005" classname="tm_g_bivariate" name="tm_g_bivariate_fails_when_plot_height_is_not_valid"/>
    <testcase time="0.0069999999999979" classname="tm_g_bivariate" name="tm_g_bivariate_fails_when_plot_width_is_not_valid"/>
    <testcase time="0.0069999999999979" classname="tm_g_bivariate" name="tm_g_bivariate_fails_when_plot_width_is_not_valid"/>
    <testcase time="0.007000000000005" classname="tm_g_bivariate" name="tm_g_bivariate_fails_when_plot_width_is_not_valid"/>
    <testcase time="0.0069999999999979" classname="tm_g_bivariate" name="tm_g_bivariate_fails_when_color_setting_is_FALSE_and_color_is_supplied"/>
    <testcase time="0.0069999999999979" classname="tm_g_bivariate" name="tm_g_bivariate_fails_when_color_setting_is_FALSE_and_size_is_supplied"/>
    <testcase time="0.00800000000000267" classname="tm_g_bivariate" name="tm_g_bivariate_fails_when_color_setting_is_FALSE_and_fill_is_supplied"/>
    <testcase time="0.00399999999999778" classname="tm_g_bivariate" name="tm_g_bivariate_determines_color_size_and_fill_when_color_setting_is_TRUE"/>
  </testsuite>
  <testsuite name="bivariate_ggplot_call" timestamp="2024-04-18T14:22:50Z" hostname="21d53a8546f4" tests="21" skipped="0" failures="0" errors="0" time="0.066">
    <testcase time="0.00800000000000267" classname="bivariate_ggplot_call" name="bivariate_ggplot_call_with_numerics"/>
    <testcase time="0.00199999999999534" classname="bivariate_ggplot_call" name="bivariate_ggplot_call_with_numerics"/>
    <testcase time="0.00300000000000011" classname="bivariate_ggplot_call" name="bivariate_ggplot_call_with_numerics"/>
    <testcase time="0.00200000000000244" classname="bivariate_ggplot_call" name="bivariate_ggplot_call_with_numerics"/>
    <testcase time="0.00399999999999778" classname="bivariate_ggplot_call" name="bivariate_ggplot_call_with_factor_char_logical"/>
    <testcase time="0.00300000000000011" classname="bivariate_ggplot_call" name="bivariate_ggplot_call_with_factor_char_logical"/>
    <testcase time="0.00200000000000244" classname="bivariate_ggplot_call" name="bivariate_ggplot_call_with_factor_char_logical"/>
    <testcase time="0.00200000000000244" classname="bivariate_ggplot_call" name="bivariate_ggplot_call_with_factor_char_logical"/>
    <testcase time="0.00300000000000011" classname="bivariate_ggplot_call" name="bivariate_ggplot_call_with_factor_char_logical"/>
    <testcase time="0.00199999999999534" classname="bivariate_ggplot_call" name="bivariate_ggplot_call_with_factor_char_logical"/>
    <testcase time="0.00300000000000011" classname="bivariate_ggplot_call" name="bivariate_ggplot_call_with_factor_char_logical"/>
    <testcase time="0.00400000000000489" classname="bivariate_ggplot_call" name="bivariate_ggplot_call_with_single_data_numeric"/>
    <testcase time="0.00600000000000023" classname="bivariate_ggplot_call" name="bivariate_ggplot_call_with_single_data_numeric"/>
    <testcase time="0.00300000000000011" classname="bivariate_ggplot_call" name="bivariate_ggplot_call_with_single_data_numeric"/>
    <testcase time="0.00199999999999534" classname="bivariate_ggplot_call" name="bivariate_ggplot_call_with_single_data_numeric"/>
    <testcase time="0.00300000000000011" classname="bivariate_ggplot_call" name="bivariate_ggplot_call_with_single_data_numeric"/>
    <testcase time="0.00200000000000244" classname="bivariate_ggplot_call" name="bivariate_ggplot_call_with_single_data_numeric"/>
    <testcase time="0.00399999999999778" classname="bivariate_ggplot_call" name="bivariate_ggplot_call_with_single_data_factor"/>
    <testcase time="0.00300000000000011" classname="bivariate_ggplot_call" name="bivariate_ggplot_call_with_single_data_factor"/>
    <testcase time="0.00200000000000244" classname="bivariate_ggplot_call" name="bivariate_ggplot_call_with_single_data_factor"/>
    <testcase time="0.00300000000000011" classname="bivariate_ggplot_call" name="bivariate_ggplot_call_with_single_data_factor"/>
  </testsuite>
  <testsuite name="front_page" timestamp="2024-04-18T14:22:50Z" hostname="21d53a8546f4" tests="4" skipped="0" failures="0" errors="0" time="0.018">
    <testcase time="0.00600000000000023" classname="front_page" name="convert_metadata_to_dataframe_returns_a_data_frame_with_no_rows_if_no_metadata"/>
    <testcase time="0.00399999999999778" classname="front_page" name="convert_metadata_to_dataframe_returns_a_data_frame_with_metadata_if_more_than_one_dataset"/>
    <testcase time="0.00399999999999778" classname="front_page" name="convert_metadata_to_dataframe_returns_a_data_frame_with_metadata_if_one_dataset"/>
    <testcase time="0.00400000000000489" classname="front_page" name="convert_metadata_to_dataframe_converts_metadata_values_to_characters"/>
  </testsuite>
  <testsuite name="g_expert_cl" timestamp="2024-04-18T14:22:50Z" hostname="21d53a8546f4" tests="15" skipped="0" failures="0" errors="0" time="0.026">
    <testcase time="0.00499999999999545" classname="g_expert_cl" name="coloring_ggplot_call_can_work_with_all_combinations"/>
    <testcase time="0.00100000000000477" classname="g_expert_cl" name="coloring_ggplot_call_can_work_with_all_combinations"/>
    <testcase time="0.00199999999999534" classname="g_expert_cl" name="coloring_ggplot_call_can_work_with_all_combinations"/>
    <testcase time="0.00100000000000477" classname="g_expert_cl" name="coloring_ggplot_call_can_work_with_all_combinations"/>
    <testcase time="0.000999999999997669" classname="g_expert_cl" name="coloring_ggplot_call_can_work_with_all_combinations"/>
    <testcase time="0.000999999999997669" classname="g_expert_cl" name="coloring_ggplot_call_can_work_with_all_combinations"/>
    <testcase time="0.00100000000000477" classname="g_expert_cl" name="coloring_ggplot_call_can_work_with_all_combinations"/>
    <testcase time="0.00300000000000011" classname="g_expert_cl" name="coloring_ggplot_call_can_work_with_all_combinations_without_colour_var"/>
    <testcase time="0.00199999999999534" classname="g_expert_cl" name="coloring_ggplot_call_can_work_with_all_combinations_without_colour_var"/>
    <testcase time="0.00100000000000477" classname="g_expert_cl" name="coloring_ggplot_call_can_work_with_all_combinations_without_colour_var"/>
    <testcase time="0.000999999999997669" classname="g_expert_cl" name="coloring_ggplot_call_can_work_with_all_combinations_without_colour_var"/>
    <testcase time="0.000999999999997669" classname="g_expert_cl" name="coloring_ggplot_call_can_work_with_all_combinations_without_colour_var"/>
    <testcase time="0.00300000000000011" classname="g_expert_cl" name="coloring_ggplot_call_can_work_size_var"/>
    <testcase time="0.00200000000000244" classname="g_expert_cl" name="coloring_ggplot_call_can_work_size_var"/>
    <testcase time="0.000999999999997669" classname="g_expert_cl" name="coloring_ggplot_call_can_work_size_var"/>
  </testsuite>
  <testsuite name="scatterplotmatrix_get_stats" timestamp="2024-04-18T14:22:50Z" hostname="21d53a8546f4" tests="6" skipped="0" failures="0" errors="0" time="0.023">
    <testcase time="0.00900000000000034" classname="scatterplotmatrix_get_stats" name="get_scatterplotmatrix_stats_x_y_numeric"/>
    <testcase time="0.00200000000000244" classname="scatterplotmatrix_get_stats" name="get_scatterplotmatrix_stats_x_y_numeric"/>
    <testcase time="0.00300000000000011" classname="scatterplotmatrix_get_stats" name="get_scatterplotmatrix_stats_x_y_numeric"/>
    <testcase time="0.00399999999999778" classname="scatterplotmatrix_get_stats" name="get_scatterplotmatrix_stats_x_y_character"/>
    <testcase time="0.00300000000000011" classname="scatterplotmatrix_get_stats" name="get_scatterplotmatrix_stats_x_y_character"/>
    <testcase time="0.00200000000000244" classname="scatterplotmatrix_get_stats" name="get_scatterplotmatrix_stats_x_y_character"/>
  </testsuite>
  <testsuite name="variable_browser" timestamp="2024-04-18T14:22:50Z" hostname="21d53a8546f4" tests="3" skipped="0" failures="0" errors="0" time="0.013">
    <testcase time="0.00499999999999545" classname="variable_browser" name="remove_outliers_from_does_not_remove_outliers_when_outlier_definition_is_zero"/>
    <testcase time="0.00500000000000256" classname="variable_browser" name="remove_outliers_from_removes_outliers_when_outlier_definition_is_non_zero"/>
    <testcase time="0.00300000000000011" classname="variable_browser" name="remove_outliers_from_keeps_missing_values_unchanged"/>
  </testsuite>
</testsuites>
