<?xml version="1.0" encoding="UTF-8"?>
<testsuites>
  <testsuite name="shinytest2-tm_a_regression" timestamp="2024-04-19T11:14:26Z" hostname="562e6c176bed" tests="31" skipped="0" failures="0" errors="0" time="41.325">
    <testcase time="5.334" classname="shinytest2_tm_a_regression" name="e2e_tm_a_regression_data_parameter_and_module_label_is_passed_properly"/>
    <testcase time="0.0179999999999998" classname="shinytest2_tm_a_regression" name="e2e_tm_a_regression_data_parameter_and_module_label_is_passed_properly"/>
    <testcase time="0.00999999999999979" classname="shinytest2_tm_a_regression" name="e2e_tm_a_regression_data_parameter_and_module_label_is_passed_properly"/>
    <testcase time="4.381" classname="shinytest2_tm_a_regression" name="e2e_tm_a_regression_data_extract_spec_elements_are_initialized_with_the_default_values_specified_by_response_and_regressor_arg"/>
    <testcase time="0.0980000000000008" classname="shinytest2_tm_a_regression" name="e2e_tm_a_regression_data_extract_spec_elements_are_initialized_with_the_default_values_specified_by_response_and_regressor_arg"/>
    <testcase time="5.585" classname="shinytest2_tm_a_regression" name="e2e_tm_a_regression_plot_type_is_set_properly"/>
    <testcase time="4.45" classname="shinytest2_tm_a_regression" name="e2e_tm_a_regression_plot_type_has_7_specific_choices_changing_choices_does_not_throw_errors"/>
    <testcase time="1.648" classname="shinytest2_tm_a_regression" name="e2e_tm_a_regression_plot_type_has_7_specific_choices_changing_choices_does_not_throw_errors"/>
    <testcase time="0.00100000000000122" classname="shinytest2_tm_a_regression" name="e2e_tm_a_regression_plot_type_has_7_specific_choices_changing_choices_does_not_throw_errors"/>
    <testcase time="0.806999999999999" classname="shinytest2_tm_a_regression" name="e2e_tm_a_regression_plot_type_has_7_specific_choices_changing_choices_does_not_throw_errors"/>
    <testcase time="0.00199999999999889" classname="shinytest2_tm_a_regression" name="e2e_tm_a_regression_plot_type_has_7_specific_choices_changing_choices_does_not_throw_errors"/>
    <testcase time="0.831000000000003" classname="shinytest2_tm_a_regression" name="e2e_tm_a_regression_plot_type_has_7_specific_choices_changing_choices_does_not_throw_errors"/>
    <testcase time="0.00199999999999889" classname="shinytest2_tm_a_regression" name="e2e_tm_a_regression_plot_type_has_7_specific_choices_changing_choices_does_not_throw_errors"/>
    <testcase time="0.818000000000001" classname="shinytest2_tm_a_regression" name="e2e_tm_a_regression_plot_type_has_7_specific_choices_changing_choices_does_not_throw_errors"/>
    <testcase time="0.000999999999997669" classname="shinytest2_tm_a_regression" name="e2e_tm_a_regression_plot_type_has_7_specific_choices_changing_choices_does_not_throw_errors"/>
    <testcase time="0.805" classname="shinytest2_tm_a_regression" name="e2e_tm_a_regression_plot_type_has_7_specific_choices_changing_choices_does_not_throw_errors"/>
    <testcase time="0.00100000000000122" classname="shinytest2_tm_a_regression" name="e2e_tm_a_regression_plot_type_has_7_specific_choices_changing_choices_does_not_throw_errors"/>
    <testcase time="0.957000000000001" classname="shinytest2_tm_a_regression" name="e2e_tm_a_regression_plot_type_has_7_specific_choices_changing_choices_does_not_throw_errors"/>
    <testcase time="0.000999999999997669" classname="shinytest2_tm_a_regression" name="e2e_tm_a_regression_plot_type_has_7_specific_choices_changing_choices_does_not_throw_errors"/>
    <testcase time="0.837" classname="shinytest2_tm_a_regression" name="e2e_tm_a_regression_plot_type_has_7_specific_choices_changing_choices_does_not_throw_errors"/>
    <testcase time="4.587" classname="shinytest2_tm_a_regression" name="e2e_tm_a_regression_outlier_definition_and_label_are_visible_by_default"/>
    <testcase time="0.00600000000000023" classname="shinytest2_tm_a_regression" name="e2e_tm_a_regression_outlier_definition_and_label_are_visible_by_default"/>
    <testcase time="0.00600000000000023" classname="shinytest2_tm_a_regression" name="e2e_tm_a_regression_outlier_definition_and_label_are_visible_by_default"/>
    <testcase time="4.488" classname="shinytest2_tm_a_regression" name="e2e_tm_a_regression_outlier_definition_and_label_have_default_values_and_label_text"/>
    <testcase time="0.00499999999999545" classname="shinytest2_tm_a_regression" name="e2e_tm_a_regression_outlier_definition_and_label_have_default_values_and_label_text"/>
    <testcase time="0.00100000000000477" classname="shinytest2_tm_a_regression" name="e2e_tm_a_regression_outlier_definition_and_label_have_default_values_and_label_text"/>
    <testcase time="0.097999999999999" classname="shinytest2_tm_a_regression" name="e2e_tm_a_regression_outlier_definition_and_label_have_default_values_and_label_text"/>
    <testcase time="0.0529999999999973" classname="shinytest2_tm_a_regression" name="e2e_tm_a_regression_outlier_definition_and_label_have_default_values_and_label_text"/>
    <testcase time="5.482" classname="shinytest2_tm_a_regression" name="e2e_tm_a_regression_unchecking_display_outlier_hides_outlier_label_and_definition"/>
    <testcase time="0.00600000000000023" classname="shinytest2_tm_a_regression" name="e2e_tm_a_regression_unchecking_display_outlier_hides_outlier_label_and_definition"/>
    <testcase time="0.00600000000000023" classname="shinytest2_tm_a_regression" name="e2e_tm_a_regression_unchecking_display_outlier_hides_outlier_label_and_definition"/>
  </testsuite>
  <testsuite name="shinytest2-tm_data_table" timestamp="2024-04-19T11:15:07Z" hostname="562e6c176bed" tests="10" skipped="0" failures="0" errors="1" time="16.627">
    <testcase time="3.737" classname="shinytest2_tm_data_table" name="e2e_tm_data_table_Initializes_without_errors"/>
    <testcase time="0.00399999999999778" classname="shinytest2_tm_data_table" name="e2e_tm_data_table_Initializes_without_errors"/>
    <testcase time="3.753" classname="shinytest2_tm_data_table" name="e2e_tm_data_table_Verify_checkbox_displayed_over_data_table"/>
    <testcase time="3.881" classname="shinytest2_tm_data_table" name="e2e_tm_data_table_Verify_module_displays_data_table"/>
    <testcase time="0.007000000000005" classname="shinytest2_tm_data_table" name="e2e_tm_data_table_Verify_module_displays_data_table"/>
    <testcase time="0.0389999999999944" classname="shinytest2_tm_data_table" name="e2e_tm_data_table_Verify_module_displays_data_table"/>
    <testcase time="0.68" classname="shinytest2_tm_data_table" name="e2e_tm_data_table_Verify_module_displays_data_table">
      <error type="error" message="Error in `mutate(., n = 1)`: could not find function &quot;mutate&quot; ('test-shinytest2-tm_data_table.R:72:3')">Error in `mutate(., n = 1)`: could not find function "mutate"
Backtrace:
    ▆
 1. └─iris_subset %&gt;% mutate(n = 1) at test-shinytest2-tm_data_table.R:72:3</error>
    </testcase>
    <testcase time="3.829" classname="shinytest2_tm_data_table" name="e2e_tm_data_table_Verify_default_variable_selection_and_set_new_selection"/>
    <testcase time="0.637" classname="shinytest2_tm_data_table" name="e2e_tm_data_table_Verify_default_variable_selection_and_set_new_selection"/>
    <testcase time="0.0600000000000023" classname="shinytest2_tm_data_table" name="e2e_tm_data_table_Verify_default_variable_selection_and_set_new_selection"/>
  </testsuite>
  <testsuite name="shinytest2-tm_file_viewer" timestamp="2024-04-19T11:15:24Z" hostname="562e6c176bed" tests="13" skipped="0" failures="0" errors="0" time="16.814">
    <testcase time="3.984" classname="shinytest2_tm_file_viewer" name="e2e_tm_file_viewer_Initializes_without_errors_and_shows_files_tree_specified_in_input_path_argument"/>
    <testcase time="0.00600000000000023" classname="shinytest2_tm_file_viewer" name="e2e_tm_file_viewer_Initializes_without_errors_and_shows_files_tree_specified_in_input_path_argument"/>
    <testcase time="0.00499999999999545" classname="shinytest2_tm_file_viewer" name="e2e_tm_file_viewer_Initializes_without_errors_and_shows_files_tree_specified_in_input_path_argument"/>
    <testcase time="0.0330000000000013" classname="shinytest2_tm_file_viewer" name="e2e_tm_file_viewer_Initializes_without_errors_and_shows_files_tree_specified_in_input_path_argument"/>
    <testcase time="0.00400000000000489" classname="shinytest2_tm_file_viewer" name="e2e_tm_file_viewer_Initializes_without_errors_and_shows_files_tree_specified_in_input_path_argument"/>
    <testcase time="3.99299999999999" classname="shinytest2_tm_file_viewer" name="e2e_tm_file_viewer_Shows_selected_image_file"/>
    <testcase time="0.00600000000000023" classname="shinytest2_tm_file_viewer" name="e2e_tm_file_viewer_Shows_selected_image_file"/>
    <testcase time="4.246" classname="shinytest2_tm_file_viewer" name="e2e_tm_file_viewer_Shows_selected_text_file"/>
    <testcase time="0.007000000000005" classname="shinytest2_tm_file_viewer" name="e2e_tm_file_viewer_Shows_selected_text_file"/>
    <testcase time="0.00300000000000011" classname="shinytest2_tm_file_viewer" name="e2e_tm_file_viewer_Shows_selected_text_file"/>
    <testcase time="0.147999999999996" classname="shinytest2_tm_file_viewer" name="e2e_tm_file_viewer_Shows_selected_text_file"/>
    <testcase time="4.23" classname="shinytest2_tm_file_viewer" name="e2e_tm_file_viewer_Shows_selected_url"/>
    <testcase time="0.149000000000001" classname="shinytest2_tm_file_viewer" name="e2e_tm_file_viewer_Shows_selected_url"/>
  </testsuite>
  <testsuite name="shinytest2-tm_front_page" timestamp="2024-04-19T11:15:41Z" hostname="562e6c176bed" tests="9" skipped="0" failures="0" errors="0" time="12.488">
    <testcase time="3.72799999999999" classname="shinytest2_tm_front_page" name="e2e_tm_front_page_Initializes_without_errors_and_check_html_elements"/>
    <testcase time="0.00400000000000489" classname="shinytest2_tm_front_page" name="e2e_tm_front_page_Initializes_without_errors_and_check_html_elements"/>
    <testcase time="0.007000000000005" classname="shinytest2_tm_front_page" name="e2e_tm_front_page_Initializes_without_errors_and_check_html_elements"/>
    <testcase time="0.00600000000000023" classname="shinytest2_tm_front_page" name="e2e_tm_front_page_Initializes_without_errors_and_check_html_elements"/>
    <testcase time="3.818" classname="shinytest2_tm_front_page" name="e2e_tm_front_page_Verify_the_module_displays_tables"/>
    <testcase time="0.007000000000005" classname="shinytest2_tm_front_page" name="e2e_tm_front_page_Verify_the_module_displays_tables"/>
    <testcase time="0.10799999999999" classname="shinytest2_tm_front_page" name="e2e_tm_front_page_Verify_the_module_displays_tables"/>
    <testcase time="0.00500000000000966" classname="shinytest2_tm_front_page" name="e2e_tm_front_page_Verify_the_module_displays_tables"/>
    <testcase time="4.80499999999999" classname="shinytest2_tm_front_page" name="e2e_tm_front_page_Verify_the_module_displays_metadata"/>
  </testsuite>
  <testsuite name="shinytest2-tm_g_association" timestamp="2024-04-19T11:15:53Z" hostname="562e6c176bed" tests="13" skipped="0" failures="0" errors="0" time="27.415">
    <testcase time="5.62" classname="shinytest2_tm_g_association" name="e2e_tm_g_association_data_parameter_and_module_label_is_passed_properly"/>
    <testcase time="0.00499999999999545" classname="shinytest2_tm_g_association" name="e2e_tm_g_association_data_parameter_and_module_label_is_passed_properly"/>
    <testcase time="0.00400000000000489" classname="shinytest2_tm_g_association" name="e2e_tm_g_association_data_parameter_and_module_label_is_passed_properly"/>
    <testcase time="5.904" classname="shinytest2_tm_g_association" name="e2e_tm_g_association_data_extract_spec_elements_are_initialized_with_the_default_values_specified_by_ref_and_vars_arguments"/>
    <testcase time="1.051" classname="shinytest2_tm_g_association" name="e2e_tm_g_association_data_extract_spec_elements_are_initialized_with_the_default_values_specified_by_ref_and_vars_arguments"/>
    <testcase time="0.0130000000000052" classname="shinytest2_tm_g_association" name="e2e_tm_g_association_data_extract_spec_elements_are_initialized_with_the_default_values_specified_by_ref_and_vars_arguments"/>
    <testcase time="0.901999999999987" classname="shinytest2_tm_g_association" name="e2e_tm_g_association_data_extract_spec_elements_are_initialized_with_the_default_values_specified_by_ref_and_vars_arguments"/>
    <testcase time="5.60300000000001" classname="shinytest2_tm_g_association" name="e2e_tm_g_association_module_plot_is_visible"/>
    <testcase time="5.7" classname="shinytest2_tm_g_association" name="e2e_tm_g_association_test_if_default_radio_buttons_are_checked"/>
    <testcase time="0.0570000000000022" classname="shinytest2_tm_g_association" name="e2e_tm_g_association_test_if_default_radio_buttons_are_checked"/>
    <testcase time="0.0559999999999974" classname="shinytest2_tm_g_association" name="e2e_tm_g_association_test_if_default_radio_buttons_are_checked"/>
    <testcase time="2.494" classname="shinytest2_tm_g_association" name="e2e_tm_g_association_test_if_default_radio_buttons_are_checked"/>
    <testcase time="0.00600000000000023" classname="shinytest2_tm_g_association" name="e2e_tm_g_association_test_if_default_radio_buttons_are_checked"/>
  </testsuite>
  <testsuite name="shinytest2-tm_g_scatterplotmatrix" timestamp="2024-04-19T11:16:21Z" hostname="562e6c176bed" tests="9" skipped="0" failures="0" errors="0" time="21.661">
    <testcase time="4.53099999999999" classname="shinytest2_tm_g_scatterplotmatrix" name="e2e_tm_g_scatterplotmatrix_Initializes_without_errors"/>
    <testcase time="0.00500000000000966" classname="shinytest2_tm_g_scatterplotmatrix" name="e2e_tm_g_scatterplotmatrix_Initializes_without_errors"/>
    <testcase time="0.00399999999999068" classname="shinytest2_tm_g_scatterplotmatrix" name="e2e_tm_g_scatterplotmatrix_Initializes_without_errors"/>
    <testcase time="4.57600000000001" classname="shinytest2_tm_g_scatterplotmatrix" name="e2e_tm_g_scatterplotmatrix_Verify_module_displays_data_table"/>
    <testcase time="4.70299999999999" classname="shinytest2_tm_g_scatterplotmatrix" name="e2e_tm_g_scatterplotmatrix_Verify_default_values_and_settings_data_extracts_for_data_selection"/>
    <testcase time="0.00100000000000477" classname="shinytest2_tm_g_scatterplotmatrix" name="e2e_tm_g_scatterplotmatrix_Verify_default_values_and_settings_data_extracts_for_data_selection"/>
    <testcase time="1.25900000000001" classname="shinytest2_tm_g_scatterplotmatrix" name="e2e_tm_g_scatterplotmatrix_Verify_default_values_and_settings_data_extracts_for_data_selection"/>
    <testcase time="5.892" classname="shinytest2_tm_g_scatterplotmatrix" name="e2e_tm_g_scatterplotmatrix_Change_plot_settings"/>
    <testcase time="0.689999999999998" classname="shinytest2_tm_g_scatterplotmatrix" name="e2e_tm_g_scatterplotmatrix_Change_plot_settings"/>
  </testsuite>
  <testsuite name="shinytest2-tm_outliers" timestamp="2024-04-19T11:16:42Z" hostname="562e6c176bed" tests="61" skipped="0" failures="0" errors="0" time="80.489">
    <testcase time="5.565" classname="shinytest2_tm_outliers" name="e2e_tm_outliers_data_parameter_and_module_label_is_passed_properly"/>
    <testcase time="0.00399999999999068" classname="shinytest2_tm_outliers" name="e2e_tm_outliers_data_parameter_and_module_label_is_passed_properly"/>
    <testcase time="0.00499999999999545" classname="shinytest2_tm_outliers" name="e2e_tm_outliers_data_parameter_and_module_label_is_passed_properly"/>
    <testcase time="0.00100000000000477" classname="shinytest2_tm_outliers" name="e2e_tm_outliers_data_parameter_and_module_label_is_passed_properly"/>
    <testcase time="5.64400000000001" classname="shinytest2_tm_outliers" name="e2e_tm_outliers_data_extract_spec_elements_are_initialized_with_the_default_values_specified_by_outlier_var_and_categorical_var_argument"/>
    <testcase time="0.0600000000000023" classname="shinytest2_tm_outliers" name="e2e_tm_outliers_data_extract_spec_elements_are_initialized_with_the_default_values_specified_by_outlier_var_and_categorical_var_argument"/>
    <testcase time="1.36099999999999" classname="shinytest2_tm_outliers" name="e2e_tm_outliers_data_extract_spec_elements_are_initialized_with_the_default_values_specified_by_outlier_var_and_categorical_var_argument"/>
    <testcase time="0.021000000000015" classname="shinytest2_tm_outliers" name="e2e_tm_outliers_data_extract_spec_elements_are_initialized_with_the_default_values_specified_by_outlier_var_and_categorical_var_argument"/>
    <testcase time="0.0519999999999925" classname="shinytest2_tm_outliers" name="e2e_tm_outliers_data_extract_spec_elements_are_initialized_with_the_default_values_specified_by_outlier_var_and_categorical_var_argument"/>
    <testcase time="0.918000000000006" classname="shinytest2_tm_outliers" name="e2e_tm_outliers_data_extract_spec_elements_are_initialized_with_the_default_values_specified_by_outlier_var_and_categorical_var_argument"/>
    <testcase time="0.698999999999984" classname="shinytest2_tm_outliers" name="e2e_tm_outliers_data_extract_spec_elements_are_initialized_with_the_default_values_specified_by_outlier_var_and_categorical_var_argument"/>
    <testcase time="5.67000000000002" classname="shinytest2_tm_outliers" name="e2e_tm_outliers_default_plot_type_is_set_properly_and_has_proper_possible_choices"/>
    <testcase time="0.0600000000000023" classname="shinytest2_tm_outliers" name="e2e_tm_outliers_default_plot_type_is_set_properly_and_has_proper_possible_choices"/>
    <testcase time="0.00399999999999068" classname="shinytest2_tm_outliers" name="e2e_tm_outliers_default_plot_type_is_set_properly_and_has_proper_possible_choices"/>
    <testcase time="1.46000000000001" classname="shinytest2_tm_outliers" name="e2e_tm_outliers_default_plot_type_is_set_properly_and_has_proper_possible_choices"/>
    <testcase time="5.52699999999999" classname="shinytest2_tm_outliers" name="e2e_tm_outliers_module_is_divided_into_3_tabs"/>
    <testcase time="0.0620000000000118" classname="shinytest2_tm_outliers" name="e2e_tm_outliers_module_is_divided_into_3_tabs"/>
    <testcase time="0.00800000000000978" classname="shinytest2_tm_outliers" name="e2e_tm_outliers_module_is_divided_into_3_tabs"/>
    <testcase time="5.696" classname="shinytest2_tm_outliers" name="e2e_tm_outliers_plot_type_is_hidden_when_Boxplot_tab_is_not_selected"/>
    <testcase time="0.00600000000000023" classname="shinytest2_tm_outliers" name="e2e_tm_outliers_plot_type_is_hidden_when_Boxplot_tab_is_not_selected"/>
    <testcase time="1.71199999999999" classname="shinytest2_tm_outliers" name="e2e_tm_outliers_plot_type_is_hidden_when_Boxplot_tab_is_not_selected"/>
    <testcase time="1.99000000000001" classname="shinytest2_tm_outliers" name="e2e_tm_outliers_plot_type_is_hidden_when_Boxplot_tab_is_not_selected"/>
    <testcase time="5.547" classname="shinytest2_tm_outliers" name="e2e_tm_outliers_default_radio_buttons_are_set_properly"/>
    <testcase time="0.138000000000005" classname="shinytest2_tm_outliers" name="e2e_tm_outliers_default_radio_buttons_are_set_properly"/>
    <testcase time="0.0769999999999982" classname="shinytest2_tm_outliers" name="e2e_tm_outliers_default_radio_buttons_are_set_properly"/>
    <testcase time="2.785" classname="shinytest2_tm_outliers" name="e2e_tm_outliers_default_radio_buttons_are_set_properly"/>
    <testcase time="5.68000000000001" classname="shinytest2_tm_outliers" name="e2e_tm_outliers_method_parameters_are_set_properly"/>
    <testcase time="0.0699999999999932" classname="shinytest2_tm_outliers" name="e2e_tm_outliers_method_parameters_are_set_properly"/>
    <testcase time="0.00499999999999545" classname="shinytest2_tm_outliers" name="e2e_tm_outliers_method_parameters_are_set_properly"/>
    <testcase time="0.00100000000000477" classname="shinytest2_tm_outliers" name="e2e_tm_outliers_method_parameters_are_set_properly"/>
    <testcase time="5.37199999999999" classname="shinytest2_tm_outliers" name="e2e_tm_outliers_outlier_definition_text_and_range_are_displayed_properly_depending_on_method"/>
    <testcase time="0.00600000000000023" classname="shinytest2_tm_outliers" name="e2e_tm_outliers_outlier_definition_text_and_range_are_displayed_properly_depending_on_method"/>
    <testcase time="0.00600000000000023" classname="shinytest2_tm_outliers" name="e2e_tm_outliers_outlier_definition_text_and_range_are_displayed_properly_depending_on_method"/>
    <testcase time="0.00499999999999545" classname="shinytest2_tm_outliers" name="e2e_tm_outliers_outlier_definition_text_and_range_are_displayed_properly_depending_on_method"/>
    <testcase time="0.0720000000000027" classname="shinytest2_tm_outliers" name="e2e_tm_outliers_outlier_definition_text_and_range_are_displayed_properly_depending_on_method"/>
    <testcase time="0.00800000000000978" classname="shinytest2_tm_outliers" name="e2e_tm_outliers_outlier_definition_text_and_range_are_displayed_properly_depending_on_method"/>
    <testcase time="0.0560000000000116" classname="shinytest2_tm_outliers" name="e2e_tm_outliers_outlier_definition_text_and_range_are_displayed_properly_depending_on_method"/>
    <testcase time="1.345" classname="shinytest2_tm_outliers" name="e2e_tm_outliers_outlier_definition_text_and_range_are_displayed_properly_depending_on_method"/>
    <testcase time="1.21099999999998" classname="shinytest2_tm_outliers" name="e2e_tm_outliers_outlier_definition_text_and_range_are_displayed_properly_depending_on_method"/>
    <testcase time="0.00600000000000023" classname="shinytest2_tm_outliers" name="e2e_tm_outliers_outlier_definition_text_and_range_are_displayed_properly_depending_on_method"/>
    <testcase time="0.00800000000000978" classname="shinytest2_tm_outliers" name="e2e_tm_outliers_outlier_definition_text_and_range_are_displayed_properly_depending_on_method"/>
    <testcase time="0.046999999999997" classname="shinytest2_tm_outliers" name="e2e_tm_outliers_outlier_definition_text_and_range_are_displayed_properly_depending_on_method"/>
    <testcase time="1.161" classname="shinytest2_tm_outliers" name="e2e_tm_outliers_outlier_definition_text_and_range_are_displayed_properly_depending_on_method"/>
    <testcase time="1.36599999999999" classname="shinytest2_tm_outliers" name="e2e_tm_outliers_outlier_definition_text_and_range_are_displayed_properly_depending_on_method"/>
    <testcase time="0.00600000000000023" classname="shinytest2_tm_outliers" name="e2e_tm_outliers_outlier_definition_text_and_range_are_displayed_properly_depending_on_method"/>
    <testcase time="0.007000000000005" classname="shinytest2_tm_outliers" name="e2e_tm_outliers_outlier_definition_text_and_range_are_displayed_properly_depending_on_method"/>
    <testcase time="0.0190000000000055" classname="shinytest2_tm_outliers" name="e2e_tm_outliers_outlier_definition_text_and_range_are_displayed_properly_depending_on_method"/>
    <testcase time="1.21899999999999" classname="shinytest2_tm_outliers" name="e2e_tm_outliers_outlier_definition_text_and_range_are_displayed_properly_depending_on_method"/>
    <testcase time="5.398" classname="shinytest2_tm_outliers" name="e2e_tm_outliers_outliers_summary_table_is_displayed_with_proper_content"/>
    <testcase time="0.00499999999999545" classname="shinytest2_tm_outliers" name="e2e_tm_outliers_outliers_summary_table_is_displayed_with_proper_content"/>
    <testcase time="0.0040000000000191" classname="shinytest2_tm_outliers" name="e2e_tm_outliers_outliers_summary_table_is_displayed_with_proper_content"/>
    <testcase time="0.0619999999999834" classname="shinytest2_tm_outliers" name="e2e_tm_outliers_outliers_summary_table_is_displayed_with_proper_content"/>
    <testcase time="2.70100000000002" classname="shinytest2_tm_outliers" name="e2e_tm_outliers_outliers_summary_table_is_displayed_with_proper_content"/>
    <testcase time="0.00499999999999545" classname="shinytest2_tm_outliers" name="e2e_tm_outliers_outliers_summary_table_is_displayed_with_proper_content"/>
    <testcase time="1.24199999999999" classname="shinytest2_tm_outliers" name="e2e_tm_outliers_outliers_summary_table_is_displayed_with_proper_content"/>
    <testcase time="0.00499999999999545" classname="shinytest2_tm_outliers" name="e2e_tm_outliers_outliers_summary_table_is_displayed_with_proper_content"/>
    <testcase time="5.59800000000001" classname="shinytest2_tm_outliers" name="e2e_tm_outliers_outlier_table_is_displayed_with_proper_content"/>
    <testcase time="2.715" classname="shinytest2_tm_outliers" name="e2e_tm_outliers_outlier_table_is_displayed_with_proper_content"/>
    <testcase time="0.0029999999999859" classname="shinytest2_tm_outliers" name="e2e_tm_outliers_outlier_table_is_displayed_with_proper_content"/>
    <testcase time="0.00200000000000955" classname="shinytest2_tm_outliers" name="e2e_tm_outliers_outlier_table_is_displayed_with_proper_content"/>
    <testcase time="0.00100000000000477" classname="shinytest2_tm_outliers" name="e2e_tm_outliers_outlier_table_is_displayed_with_proper_content"/>
  </testsuite>
  <testsuite name="shinytest2-tm_variable_browser" timestamp="2024-04-19T11:18:03Z" hostname="562e6c176bed" tests="24" skipped="0" failures="0" errors="0" time="46.905">
    <testcase time="5.435" classname="shinytest2_tm_variable_browser" name="e2e_tm_variable_browser_content_is_displayed_correctly"/>
    <testcase time="0.00399999999999068" classname="shinytest2_tm_variable_browser" name="e2e_tm_variable_browser_content_is_displayed_correctly"/>
    <testcase time="0.00600000000000023" classname="shinytest2_tm_variable_browser" name="e2e_tm_variable_browser_content_is_displayed_correctly"/>
    <testcase time="0.00399999999999068" classname="shinytest2_tm_variable_browser" name="e2e_tm_variable_browser_content_is_displayed_correctly"/>
    <testcase time="0.0040000000000191" classname="shinytest2_tm_variable_browser" name="e2e_tm_variable_browser_content_is_displayed_correctly"/>
    <testcase time="8.28699999999998" classname="shinytest2_tm_variable_browser" name="e2e_tm_variable_browser_Selecting_treat_variable_as_factor_changes_the_table_headers"/>
    <testcase time="6.89100000000002" classname="shinytest2_tm_variable_browser" name="e2e_tm_variable_browser_selection_of_categorical_variable_has_a_table_with_level_header"/>
    <testcase time="6.09299999999999" classname="shinytest2_tm_variable_browser" name="e2e_tm_variable_browser_changing_display_density_encoding_doesn_t_show_errors"/>
    <testcase time="0.769000000000005" classname="shinytest2_tm_variable_browser" name="e2e_tm_variable_browser_changing_display_density_encoding_doesn_t_show_errors"/>
    <testcase time="5.19999999999999" classname="shinytest2_tm_variable_browser" name="e2e_tm_variable_browser_changing_outlier_definition_encoding_doesn_t_show_errors"/>
    <testcase time="0.814999999999998" classname="shinytest2_tm_variable_browser" name="e2e_tm_variable_browser_changing_outlier_definition_encoding_doesn_t_show_errors"/>
    <testcase time="0.0040000000000191" classname="shinytest2_tm_variable_browser" name="e2e_tm_variable_browser_changing_outlier_definition_encoding_doesn_t_show_errors"/>
    <testcase time="0.768999999999977" classname="shinytest2_tm_variable_browser" name="e2e_tm_variable_browser_changing_outlier_definition_encoding_doesn_t_show_errors"/>
    <testcase time="0.734000000000009" classname="shinytest2_tm_variable_browser" name="e2e_tm_variable_browser_changing_outlier_definition_encoding_doesn_t_show_errors"/>
    <testcase time="5.44799999999998" classname="shinytest2_tm_variable_browser" name="e2e_tm_variable_browser_changing_plot_setting_encodings_doesn_t_show_errors"/>
    <testcase time="0.729000000000042" classname="shinytest2_tm_variable_browser" name="e2e_tm_variable_browser_changing_plot_setting_encodings_doesn_t_show_errors"/>
    <testcase time="0.722999999999956" classname="shinytest2_tm_variable_browser" name="e2e_tm_variable_browser_changing_plot_setting_encodings_doesn_t_show_errors"/>
    <testcase time="0.701000000000022" classname="shinytest2_tm_variable_browser" name="e2e_tm_variable_browser_changing_plot_setting_encodings_doesn_t_show_errors"/>
    <testcase time="0.704000000000008" classname="shinytest2_tm_variable_browser" name="e2e_tm_variable_browser_changing_plot_setting_encodings_doesn_t_show_errors"/>
    <testcase time="0.706000000000017" classname="shinytest2_tm_variable_browser" name="e2e_tm_variable_browser_changing_plot_setting_encodings_doesn_t_show_errors"/>
    <testcase time="0.702999999999975" classname="shinytest2_tm_variable_browser" name="e2e_tm_variable_browser_changing_plot_setting_encodings_doesn_t_show_errors"/>
    <testcase time="0.735000000000014" classname="shinytest2_tm_variable_browser" name="e2e_tm_variable_browser_changing_plot_setting_encodings_doesn_t_show_errors"/>
    <testcase time="0.735000000000014" classname="shinytest2_tm_variable_browser" name="e2e_tm_variable_browser_changing_plot_setting_encodings_doesn_t_show_errors"/>
    <testcase time="0.70599999999996" classname="shinytest2_tm_variable_browser" name="e2e_tm_variable_browser_changing_plot_setting_encodings_doesn_t_show_errors"/>
  </testsuite>
  <testsuite name="tm_g_bivariate" timestamp="2024-04-19T11:18:50Z" hostname="562e6c176bed" tests="18" skipped="0" failures="0" errors="0" time="0.19">
    <testcase time="0.0740000000000123" classname="tm_g_bivariate" name="tm_g_bivariate_creates_a_teal_module_object"/>
    <testcase time="0.0040000000000191" classname="tm_g_bivariate" name="tm_g_bivariate_creates_a_teal_module_object_with_default_options"/>
    <testcase time="0.00499999999999545" classname="tm_g_bivariate" name="tm_g_bivariate_creates_a_teal_module_object_with_multiple_data_extract_specs"/>
    <testcase time="0.00399999999996226" classname="tm_g_bivariate" name="tm_g_bivariate_creates_a_module_with_datanames_taken_from_data_extracts"/>
    <testcase time="0.0080000000000382" classname="tm_g_bivariate" name="tm_g_bivariate_fails_when_x_contains_a_spec_with_multiple_selection"/>
    <testcase time="0.007000000000005" classname="tm_g_bivariate" name="tm_g_bivariate_fails_when_x_contains_multiple_spec_with_at_least_one_multiple_selection"/>
    <testcase time="0.00799999999998136" classname="tm_g_bivariate" name="tm_g_bivariate_fails_when_x_contains_multiple_spec_with_at_least_one_multiple_selection"/>
    <testcase time="0.007000000000005" classname="tm_g_bivariate" name="tm_g_bivariate_fails_when_y_contains_multiple_spec_with_at_least_one_multiple_selection"/>
    <testcase time="0.007000000000005" classname="tm_g_bivariate" name="tm_g_bivariate_fails_when_plot_height_is_not_valid"/>
    <testcase time="0.0129999999999768" classname="tm_g_bivariate" name="tm_g_bivariate_fails_when_plot_height_is_not_valid"/>
    <testcase time="0.00600000000002865" classname="tm_g_bivariate" name="tm_g_bivariate_fails_when_plot_height_is_not_valid"/>
    <testcase time="0.00600000000002865" classname="tm_g_bivariate" name="tm_g_bivariate_fails_when_plot_width_is_not_valid"/>
    <testcase time="0.007000000000005" classname="tm_g_bivariate" name="tm_g_bivariate_fails_when_plot_width_is_not_valid"/>
    <testcase time="0.00699999999994816" classname="tm_g_bivariate" name="tm_g_bivariate_fails_when_plot_width_is_not_valid"/>
    <testcase time="0.0080000000000382" classname="tm_g_bivariate" name="tm_g_bivariate_fails_when_color_setting_is_FALSE_and_color_is_supplied"/>
    <testcase time="0.007000000000005" classname="tm_g_bivariate" name="tm_g_bivariate_fails_when_color_setting_is_FALSE_and_size_is_supplied"/>
    <testcase time="0.007000000000005" classname="tm_g_bivariate" name="tm_g_bivariate_fails_when_color_setting_is_FALSE_and_fill_is_supplied"/>
    <testcase time="0.00499999999999545" classname="tm_g_bivariate" name="tm_g_bivariate_determines_color_size_and_fill_when_color_setting_is_TRUE"/>
  </testsuite>
  <testsuite name="bivariate_ggplot_call" timestamp="2024-04-19T11:18:50Z" hostname="562e6c176bed" tests="21" skipped="0" failures="0" errors="0" time="0.067">
    <testcase time="0.00799999999998136" classname="bivariate_ggplot_call" name="bivariate_ggplot_call_with_numerics"/>
    <testcase time="0.00200000000000955" classname="bivariate_ggplot_call" name="bivariate_ggplot_call_with_numerics"/>
    <testcase time="0.0029999999999859" classname="bivariate_ggplot_call" name="bivariate_ggplot_call_with_numerics"/>
    <testcase time="0.00200000000000955" classname="bivariate_ggplot_call" name="bivariate_ggplot_call_with_numerics"/>
    <testcase time="0.0040000000000191" classname="bivariate_ggplot_call" name="bivariate_ggplot_call_with_factor_char_logical"/>
    <testcase time="0.0029999999999859" classname="bivariate_ggplot_call" name="bivariate_ggplot_call_with_factor_char_logical"/>
    <testcase time="0.00200000000000955" classname="bivariate_ggplot_call" name="bivariate_ggplot_call_with_factor_char_logical"/>
    <testcase time="0.0029999999999859" classname="bivariate_ggplot_call" name="bivariate_ggplot_call_with_factor_char_logical"/>
    <testcase time="0.00200000000000955" classname="bivariate_ggplot_call" name="bivariate_ggplot_call_with_factor_char_logical"/>
    <testcase time="0.0029999999999859" classname="bivariate_ggplot_call" name="bivariate_ggplot_call_with_factor_char_logical"/>
    <testcase time="0.00200000000000955" classname="bivariate_ggplot_call" name="bivariate_ggplot_call_with_factor_char_logical"/>
    <testcase time="0.00499999999999545" classname="bivariate_ggplot_call" name="bivariate_ggplot_call_with_single_data_numeric"/>
    <testcase time="0.00200000000000955" classname="bivariate_ggplot_call" name="bivariate_ggplot_call_with_single_data_numeric"/>
    <testcase time="0.0029999999999859" classname="bivariate_ggplot_call" name="bivariate_ggplot_call_with_single_data_numeric"/>
    <testcase time="0.00200000000000955" classname="bivariate_ggplot_call" name="bivariate_ggplot_call_with_single_data_numeric"/>
    <testcase time="0.00200000000000955" classname="bivariate_ggplot_call" name="bivariate_ggplot_call_with_single_data_numeric"/>
    <testcase time="0.007000000000005" classname="bivariate_ggplot_call" name="bivariate_ggplot_call_with_single_data_numeric"/>
    <testcase time="0.00499999999999545" classname="bivariate_ggplot_call" name="bivariate_ggplot_call_with_single_data_factor"/>
    <testcase time="0.00200000000000955" classname="bivariate_ggplot_call" name="bivariate_ggplot_call_with_single_data_factor"/>
    <testcase time="0.0029999999999859" classname="bivariate_ggplot_call" name="bivariate_ggplot_call_with_single_data_factor"/>
    <testcase time="0.00200000000000955" classname="bivariate_ggplot_call" name="bivariate_ggplot_call_with_single_data_factor"/>
  </testsuite>
  <testsuite name="front_page" timestamp="2024-04-19T11:18:50Z" hostname="562e6c176bed" tests="4" skipped="0" failures="0" errors="0" time="0.018">
    <testcase time="0.00599999999997181" classname="front_page" name="convert_metadata_to_dataframe_returns_a_data_frame_with_no_rows_if_no_metadata"/>
    <testcase time="0.0040000000000191" classname="front_page" name="convert_metadata_to_dataframe_returns_a_data_frame_with_metadata_if_more_than_one_dataset"/>
    <testcase time="0.00399999999996226" classname="front_page" name="convert_metadata_to_dataframe_returns_a_data_frame_with_metadata_if_one_dataset"/>
    <testcase time="0.0040000000000191" classname="front_page" name="convert_metadata_to_dataframe_converts_metadata_values_to_characters"/>
  </testsuite>
  <testsuite name="g_expert_cl" timestamp="2024-04-19T11:18:50Z" hostname="562e6c176bed" tests="15" skipped="0" failures="0" errors="0" time="0.026">
    <testcase time="0.00499999999999545" classname="g_expert_cl" name="coloring_ggplot_call_can_work_with_all_combinations"/>
    <testcase time="0.0010000000000332" classname="g_expert_cl" name="coloring_ggplot_call_can_work_with_all_combinations"/>
    <testcase time="0.00199999999995271" classname="g_expert_cl" name="coloring_ggplot_call_can_work_with_all_combinations"/>
    <testcase time="0.0010000000000332" classname="g_expert_cl" name="coloring_ggplot_call_can_work_with_all_combinations"/>
    <testcase time="0.000999999999976353" classname="g_expert_cl" name="coloring_ggplot_call_can_work_with_all_combinations"/>
    <testcase time="0.0010000000000332" classname="g_expert_cl" name="coloring_ggplot_call_can_work_with_all_combinations"/>
    <testcase time="0.000999999999976353" classname="g_expert_cl" name="coloring_ggplot_call_can_work_with_all_combinations"/>
    <testcase time="0.0029999999999859" classname="g_expert_cl" name="coloring_ggplot_call_can_work_with_all_combinations_without_colour_var"/>
    <testcase time="0.00200000000000955" classname="g_expert_cl" name="coloring_ggplot_call_can_work_with_all_combinations_without_colour_var"/>
    <testcase time="0.0010000000000332" classname="g_expert_cl" name="coloring_ggplot_call_can_work_with_all_combinations_without_colour_var"/>
    <testcase time="0.000999999999976353" classname="g_expert_cl" name="coloring_ggplot_call_can_work_with_all_combinations_without_colour_var"/>
    <testcase time="0.000999999999976353" classname="g_expert_cl" name="coloring_ggplot_call_can_work_with_all_combinations_without_colour_var"/>
    <testcase time="0.0040000000000191" classname="g_expert_cl" name="coloring_ggplot_call_can_work_size_var"/>
    <testcase time="0.000999999999976353" classname="g_expert_cl" name="coloring_ggplot_call_can_work_size_var"/>
    <testcase time="0.0010000000000332" classname="g_expert_cl" name="coloring_ggplot_call_can_work_size_var"/>
  </testsuite>
  <testsuite name="scatterplotmatrix_get_stats" timestamp="2024-04-19T11:18:50Z" hostname="562e6c176bed" tests="6" skipped="0" failures="0" errors="0" time="0.023">
    <testcase time="0.00900000000001455" classname="scatterplotmatrix_get_stats" name="get_scatterplotmatrix_stats_x_y_numeric"/>
    <testcase time="0.0029999999999859" classname="scatterplotmatrix_get_stats" name="get_scatterplotmatrix_stats_x_y_numeric"/>
    <testcase time="0.00200000000000955" classname="scatterplotmatrix_get_stats" name="get_scatterplotmatrix_stats_x_y_numeric"/>
    <testcase time="0.0040000000000191" classname="scatterplotmatrix_get_stats" name="get_scatterplotmatrix_stats_x_y_character"/>
    <testcase time="0.00200000000000955" classname="scatterplotmatrix_get_stats" name="get_scatterplotmatrix_stats_x_y_character"/>
    <testcase time="0.0029999999999859" classname="scatterplotmatrix_get_stats" name="get_scatterplotmatrix_stats_x_y_character"/>
  </testsuite>
  <testsuite name="variable_browser" timestamp="2024-04-19T11:18:50Z" hostname="562e6c176bed" tests="3" skipped="0" failures="0" errors="0" time="0.013">
    <testcase time="0.00499999999999545" classname="variable_browser" name="remove_outliers_from_does_not_remove_outliers_when_outlier_definition_is_zero"/>
    <testcase time="0.00499999999999545" classname="variable_browser" name="remove_outliers_from_removes_outliers_when_outlier_definition_is_non_zero"/>
    <testcase time="0.0029999999999859" classname="variable_browser" name="remove_outliers_from_keeps_missing_values_unchanged"/>
  </testsuite>
</testsuites>
