<?xml version="1.0" encoding="UTF-8"?>
<testsuites>
  <testsuite name="shinytest2-tm_a_regression" timestamp="2024-04-19T11:28:03Z" hostname="a319c06cdf34" tests="31" skipped="0" failures="0" errors="0" time="43.118">
    <testcase time="5.967" classname="shinytest2_tm_a_regression" name="e2e_tm_a_regression_data_parameter_and_module_label_is_passed_properly"/>
    <testcase time="0.0190000000000001" classname="shinytest2_tm_a_regression" name="e2e_tm_a_regression_data_parameter_and_module_label_is_passed_properly"/>
    <testcase time="0.0100000000000007" classname="shinytest2_tm_a_regression" name="e2e_tm_a_regression_data_parameter_and_module_label_is_passed_properly"/>
    <testcase time="4.552" classname="shinytest2_tm_a_regression" name="e2e_tm_a_regression_data_extract_spec_elements_are_initialized_with_the_default_values_specified_by_response_and_regressor_arg"/>
    <testcase time="0.103999999999999" classname="shinytest2_tm_a_regression" name="e2e_tm_a_regression_data_extract_spec_elements_are_initialized_with_the_default_values_specified_by_response_and_regressor_arg"/>
    <testcase time="5.74" classname="shinytest2_tm_a_regression" name="e2e_tm_a_regression_plot_type_is_set_properly"/>
    <testcase time="4.68" classname="shinytest2_tm_a_regression" name="e2e_tm_a_regression_plot_type_has_7_specific_choices_changing_choices_does_not_throw_errors"/>
    <testcase time="1.714" classname="shinytest2_tm_a_regression" name="e2e_tm_a_regression_plot_type_has_7_specific_choices_changing_choices_does_not_throw_errors"/>
    <testcase time="0.00100000000000122" classname="shinytest2_tm_a_regression" name="e2e_tm_a_regression_plot_type_has_7_specific_choices_changing_choices_does_not_throw_errors"/>
    <testcase time="0.821999999999999" classname="shinytest2_tm_a_regression" name="e2e_tm_a_regression_plot_type_has_7_specific_choices_changing_choices_does_not_throw_errors"/>
    <testcase time="0.00199999999999889" classname="shinytest2_tm_a_regression" name="e2e_tm_a_regression_plot_type_has_7_specific_choices_changing_choices_does_not_throw_errors"/>
    <testcase time="0.824999999999999" classname="shinytest2_tm_a_regression" name="e2e_tm_a_regression_plot_type_has_7_specific_choices_changing_choices_does_not_throw_errors"/>
    <testcase time="0.00100000000000122" classname="shinytest2_tm_a_regression" name="e2e_tm_a_regression_plot_type_has_7_specific_choices_changing_choices_does_not_throw_errors"/>
    <testcase time="0.831" classname="shinytest2_tm_a_regression" name="e2e_tm_a_regression_plot_type_has_7_specific_choices_changing_choices_does_not_throw_errors"/>
    <testcase time="0.00199999999999889" classname="shinytest2_tm_a_regression" name="e2e_tm_a_regression_plot_type_has_7_specific_choices_changing_choices_does_not_throw_errors"/>
    <testcase time="0.813000000000002" classname="shinytest2_tm_a_regression" name="e2e_tm_a_regression_plot_type_has_7_specific_choices_changing_choices_does_not_throw_errors"/>
    <testcase time="0.000999999999997669" classname="shinytest2_tm_a_regression" name="e2e_tm_a_regression_plot_type_has_7_specific_choices_changing_choices_does_not_throw_errors"/>
    <testcase time="1.026" classname="shinytest2_tm_a_regression" name="e2e_tm_a_regression_plot_type_has_7_specific_choices_changing_choices_does_not_throw_errors"/>
    <testcase time="0.000999999999997669" classname="shinytest2_tm_a_regression" name="e2e_tm_a_regression_plot_type_has_7_specific_choices_changing_choices_does_not_throw_errors"/>
    <testcase time="0.841000000000001" classname="shinytest2_tm_a_regression" name="e2e_tm_a_regression_plot_type_has_7_specific_choices_changing_choices_does_not_throw_errors"/>
    <testcase time="4.659" classname="shinytest2_tm_a_regression" name="e2e_tm_a_regression_outlier_definition_and_label_are_visible_by_default"/>
    <testcase time="0.0069999999999979" classname="shinytest2_tm_a_regression" name="e2e_tm_a_regression_outlier_definition_and_label_are_visible_by_default"/>
    <testcase time="0.00600000000000023" classname="shinytest2_tm_a_regression" name="e2e_tm_a_regression_outlier_definition_and_label_are_visible_by_default"/>
    <testcase time="4.735" classname="shinytest2_tm_a_regression" name="e2e_tm_a_regression_outlier_definition_and_label_have_default_values_and_label_text"/>
    <testcase time="0.00399999999999778" classname="shinytest2_tm_a_regression" name="e2e_tm_a_regression_outlier_definition_and_label_have_default_values_and_label_text"/>
    <testcase time="0.00200000000000244" classname="shinytest2_tm_a_regression" name="e2e_tm_a_regression_outlier_definition_and_label_have_default_values_and_label_text"/>
    <testcase time="0.101999999999997" classname="shinytest2_tm_a_regression" name="e2e_tm_a_regression_outlier_definition_and_label_have_default_values_and_label_text"/>
    <testcase time="0.0579999999999998" classname="shinytest2_tm_a_regression" name="e2e_tm_a_regression_outlier_definition_and_label_have_default_values_and_label_text"/>
    <testcase time="5.581" classname="shinytest2_tm_a_regression" name="e2e_tm_a_regression_unchecking_display_outlier_hides_outlier_label_and_definition"/>
    <testcase time="0.00600000000000023" classname="shinytest2_tm_a_regression" name="e2e_tm_a_regression_unchecking_display_outlier_hides_outlier_label_and_definition"/>
    <testcase time="0.00600000000000023" classname="shinytest2_tm_a_regression" name="e2e_tm_a_regression_unchecking_display_outlier_hides_outlier_label_and_definition"/>
  </testsuite>
  <testsuite name="shinytest2-tm_data_table" timestamp="2024-04-19T11:28:46Z" hostname="a319c06cdf34" tests="10" skipped="0" failures="1" errors="0" time="17.257">
    <testcase time="3.873" classname="shinytest2_tm_data_table" name="e2e_tm_data_table_Initializes_without_errors"/>
    <testcase time="0.00400000000000489" classname="shinytest2_tm_data_table" name="e2e_tm_data_table_Initializes_without_errors"/>
    <testcase time="4.049" classname="shinytest2_tm_data_table" name="e2e_tm_data_table_Verify_checkbox_displayed_over_data_table"/>
    <testcase time="4.005" classname="shinytest2_tm_data_table" name="e2e_tm_data_table_Verify_module_displays_data_table"/>
    <testcase time="0.007000000000005" classname="shinytest2_tm_data_table" name="e2e_tm_data_table_Verify_module_displays_data_table"/>
    <testcase time="0.0379999999999967" classname="shinytest2_tm_data_table" name="e2e_tm_data_table_Verify_module_displays_data_table"/>
    <testcase time="0.683999999999997" classname="shinytest2_tm_data_table" name="e2e_tm_data_table_Verify_module_displays_data_table">
      <failure type="failure" message="`iris_extracted_distinct` not equal to `iris_subset_distinct`. ('test-shinytest2-tm_data_table.R:73:3')">`iris_extracted_distinct` not equal to `iris_subset_distinct`.
Component "Sepal.Length": Mean relative difference: 0.0907563
Component "Sepal.Width": Mean relative difference: 0.1792683
Component "Petal.Length": Mean relative difference: 0.3325581
Component "Petal.Width": Mean relative difference: 0.7037037
Component "Species": 4 string mismatches</failure>
    </testcase>
    <testcase time="3.92700000000001" classname="shinytest2_tm_data_table" name="e2e_tm_data_table_Verify_default_variable_selection_and_set_new_selection"/>
    <testcase time="0.652999999999999" classname="shinytest2_tm_data_table" name="e2e_tm_data_table_Verify_default_variable_selection_and_set_new_selection"/>
    <testcase time="0.0169999999999959" classname="shinytest2_tm_data_table" name="e2e_tm_data_table_Verify_default_variable_selection_and_set_new_selection"/>
  </testsuite>
  <testsuite name="shinytest2-tm_file_viewer" timestamp="2024-04-19T11:29:03Z" hostname="a319c06cdf34" tests="13" skipped="0" failures="0" errors="0" time="16.87">
    <testcase time="3.843" classname="shinytest2_tm_file_viewer" name="e2e_tm_file_viewer_Initializes_without_errors_and_shows_files_tree_specified_in_input_path_argument"/>
    <testcase time="0.00600000000000023" classname="shinytest2_tm_file_viewer" name="e2e_tm_file_viewer_Initializes_without_errors_and_shows_files_tree_specified_in_input_path_argument"/>
    <testcase time="0.00600000000000023" classname="shinytest2_tm_file_viewer" name="e2e_tm_file_viewer_Initializes_without_errors_and_shows_files_tree_specified_in_input_path_argument"/>
    <testcase time="0.0330000000000013" classname="shinytest2_tm_file_viewer" name="e2e_tm_file_viewer_Initializes_without_errors_and_shows_files_tree_specified_in_input_path_argument"/>
    <testcase time="0.00499999999999545" classname="shinytest2_tm_file_viewer" name="e2e_tm_file_viewer_Initializes_without_errors_and_shows_files_tree_specified_in_input_path_argument"/>
    <testcase time="4.21900000000001" classname="shinytest2_tm_file_viewer" name="e2e_tm_file_viewer_Shows_selected_image_file"/>
    <testcase time="0.00699999999999079" classname="shinytest2_tm_file_viewer" name="e2e_tm_file_viewer_Shows_selected_image_file"/>
    <testcase time="4.08500000000001" classname="shinytest2_tm_file_viewer" name="e2e_tm_file_viewer_Shows_selected_text_file"/>
    <testcase time="0.00799999999999557" classname="shinytest2_tm_file_viewer" name="e2e_tm_file_viewer_Shows_selected_text_file"/>
    <testcase time="0.00300000000000011" classname="shinytest2_tm_file_viewer" name="e2e_tm_file_viewer_Shows_selected_text_file"/>
    <testcase time="0.159000000000006" classname="shinytest2_tm_file_viewer" name="e2e_tm_file_viewer_Shows_selected_text_file"/>
    <testcase time="4.32899999999999" classname="shinytest2_tm_file_viewer" name="e2e_tm_file_viewer_Shows_selected_url"/>
    <testcase time="0.167000000000002" classname="shinytest2_tm_file_viewer" name="e2e_tm_file_viewer_Shows_selected_url"/>
  </testsuite>
  <testsuite name="shinytest2-tm_front_page" timestamp="2024-04-19T11:29:20Z" hostname="a319c06cdf34" tests="9" skipped="0" failures="0" errors="0" time="13.023">
    <testcase time="3.87" classname="shinytest2_tm_front_page" name="e2e_tm_front_page_Initializes_without_errors_and_check_html_elements"/>
    <testcase time="0.00399999999999068" classname="shinytest2_tm_front_page" name="e2e_tm_front_page_Initializes_without_errors_and_check_html_elements"/>
    <testcase time="0.00800000000000978" classname="shinytest2_tm_front_page" name="e2e_tm_front_page_Initializes_without_errors_and_check_html_elements"/>
    <testcase time="0.00699999999999079" classname="shinytest2_tm_front_page" name="e2e_tm_front_page_Initializes_without_errors_and_check_html_elements"/>
    <testcase time="4.051" classname="shinytest2_tm_front_page" name="e2e_tm_front_page_Verify_the_module_displays_tables"/>
    <testcase time="0.007000000000005" classname="shinytest2_tm_front_page" name="e2e_tm_front_page_Verify_the_module_displays_tables"/>
    <testcase time="0.128999999999991" classname="shinytest2_tm_front_page" name="e2e_tm_front_page_Verify_the_module_displays_tables"/>
    <testcase time="0.007000000000005" classname="shinytest2_tm_front_page" name="e2e_tm_front_page_Verify_the_module_displays_tables"/>
    <testcase time="4.94" classname="shinytest2_tm_front_page" name="e2e_tm_front_page_Verify_the_module_displays_metadata"/>
  </testsuite>
  <testsuite name="shinytest2-tm_g_association" timestamp="2024-04-19T11:29:33Z" hostname="a319c06cdf34" tests="13" skipped="0" failures="0" errors="0" time="27.985">
    <testcase time="5.80800000000001" classname="shinytest2_tm_g_association" name="e2e_tm_g_association_data_parameter_and_module_label_is_passed_properly"/>
    <testcase time="0.00499999999999545" classname="shinytest2_tm_g_association" name="e2e_tm_g_association_data_parameter_and_module_label_is_passed_properly"/>
    <testcase time="0.00499999999999545" classname="shinytest2_tm_g_association" name="e2e_tm_g_association_data_parameter_and_module_label_is_passed_properly"/>
    <testcase time="5.88200000000001" classname="shinytest2_tm_g_association" name="e2e_tm_g_association_data_extract_spec_elements_are_initialized_with_the_default_values_specified_by_ref_and_vars_arguments"/>
    <testcase time="1.068" classname="shinytest2_tm_g_association" name="e2e_tm_g_association_data_extract_spec_elements_are_initialized_with_the_default_values_specified_by_ref_and_vars_arguments"/>
    <testcase time="0.0150000000000006" classname="shinytest2_tm_g_association" name="e2e_tm_g_association_data_extract_spec_elements_are_initialized_with_the_default_values_specified_by_ref_and_vars_arguments"/>
    <testcase time="0.912000000000006" classname="shinytest2_tm_g_association" name="e2e_tm_g_association_data_extract_spec_elements_are_initialized_with_the_default_values_specified_by_ref_and_vars_arguments"/>
    <testcase time="5.73699999999999" classname="shinytest2_tm_g_association" name="e2e_tm_g_association_module_plot_is_visible"/>
    <testcase time="5.90900000000001" classname="shinytest2_tm_g_association" name="e2e_tm_g_association_test_if_default_radio_buttons_are_checked"/>
    <testcase time="0.0619999999999976" classname="shinytest2_tm_g_association" name="e2e_tm_g_association_test_if_default_radio_buttons_are_checked"/>
    <testcase time="0.0589999999999975" classname="shinytest2_tm_g_association" name="e2e_tm_g_association_test_if_default_radio_buttons_are_checked"/>
    <testcase time="2.517" classname="shinytest2_tm_g_association" name="e2e_tm_g_association_test_if_default_radio_buttons_are_checked"/>
    <testcase time="0.00600000000000023" classname="shinytest2_tm_g_association" name="e2e_tm_g_association_test_if_default_radio_buttons_are_checked"/>
  </testsuite>
  <testsuite name="shinytest2-tm_g_scatterplotmatrix" timestamp="2024-04-19T11:30:01Z" hostname="a319c06cdf34" tests="9" skipped="0" failures="0" errors="0" time="22.289">
    <testcase time="4.637" classname="shinytest2_tm_g_scatterplotmatrix" name="e2e_tm_g_scatterplotmatrix_Initializes_without_errors"/>
    <testcase time="0.00500000000000966" classname="shinytest2_tm_g_scatterplotmatrix" name="e2e_tm_g_scatterplotmatrix_Initializes_without_errors"/>
    <testcase time="0.00399999999999068" classname="shinytest2_tm_g_scatterplotmatrix" name="e2e_tm_g_scatterplotmatrix_Initializes_without_errors"/>
    <testcase time="4.69000000000001" classname="shinytest2_tm_g_scatterplotmatrix" name="e2e_tm_g_scatterplotmatrix_Verify_module_displays_data_table"/>
    <testcase time="4.988" classname="shinytest2_tm_g_scatterplotmatrix" name="e2e_tm_g_scatterplotmatrix_Verify_default_values_and_settings_data_extracts_for_data_selection"/>
    <testcase time="0.00100000000000477" classname="shinytest2_tm_g_scatterplotmatrix" name="e2e_tm_g_scatterplotmatrix_Verify_default_values_and_settings_data_extracts_for_data_selection"/>
    <testcase time="1.28299999999999" classname="shinytest2_tm_g_scatterplotmatrix" name="e2e_tm_g_scatterplotmatrix_Verify_default_values_and_settings_data_extracts_for_data_selection"/>
    <testcase time="5.97200000000001" classname="shinytest2_tm_g_scatterplotmatrix" name="e2e_tm_g_scatterplotmatrix_Change_plot_settings"/>
    <testcase time="0.709000000000003" classname="shinytest2_tm_g_scatterplotmatrix" name="e2e_tm_g_scatterplotmatrix_Change_plot_settings"/>
  </testsuite>
  <testsuite name="shinytest2-tm_outliers" timestamp="2024-04-19T11:30:23Z" hostname="a319c06cdf34" tests="61" skipped="0" failures="0" errors="0" time="82.953">
    <testcase time="5.74699999999999" classname="shinytest2_tm_outliers" name="e2e_tm_outliers_data_parameter_and_module_label_is_passed_properly"/>
    <testcase time="0.00499999999999545" classname="shinytest2_tm_outliers" name="e2e_tm_outliers_data_parameter_and_module_label_is_passed_properly"/>
    <testcase time="0.0040000000000191" classname="shinytest2_tm_outliers" name="e2e_tm_outliers_data_parameter_and_module_label_is_passed_properly"/>
    <testcase time="0.000999999999976353" classname="shinytest2_tm_outliers" name="e2e_tm_outliers_data_parameter_and_module_label_is_passed_properly"/>
    <testcase time="5.988" classname="shinytest2_tm_outliers" name="e2e_tm_outliers_data_extract_spec_elements_are_initialized_with_the_default_values_specified_by_outlier_var_and_categorical_var_argument"/>
    <testcase time="0.0630000000000166" classname="shinytest2_tm_outliers" name="e2e_tm_outliers_data_extract_spec_elements_are_initialized_with_the_default_values_specified_by_outlier_var_and_categorical_var_argument"/>
    <testcase time="1.41200000000001" classname="shinytest2_tm_outliers" name="e2e_tm_outliers_data_extract_spec_elements_are_initialized_with_the_default_values_specified_by_outlier_var_and_categorical_var_argument"/>
    <testcase time="0.0209999999999866" classname="shinytest2_tm_outliers" name="e2e_tm_outliers_data_extract_spec_elements_are_initialized_with_the_default_values_specified_by_outlier_var_and_categorical_var_argument"/>
    <testcase time="0.0620000000000118" classname="shinytest2_tm_outliers" name="e2e_tm_outliers_data_extract_spec_elements_are_initialized_with_the_default_values_specified_by_outlier_var_and_categorical_var_argument"/>
    <testcase time="0.950999999999993" classname="shinytest2_tm_outliers" name="e2e_tm_outliers_data_extract_spec_elements_are_initialized_with_the_default_values_specified_by_outlier_var_and_categorical_var_argument"/>
    <testcase time="0.711999999999989" classname="shinytest2_tm_outliers" name="e2e_tm_outliers_data_extract_spec_elements_are_initialized_with_the_default_values_specified_by_outlier_var_and_categorical_var_argument"/>
    <testcase time="5.70400000000001" classname="shinytest2_tm_outliers" name="e2e_tm_outliers_default_plot_type_is_set_properly_and_has_proper_possible_choices"/>
    <testcase time="0.0629999999999882" classname="shinytest2_tm_outliers" name="e2e_tm_outliers_default_plot_type_is_set_properly_and_has_proper_possible_choices"/>
    <testcase time="0.00500000000002387" classname="shinytest2_tm_outliers" name="e2e_tm_outliers_default_plot_type_is_set_properly_and_has_proper_possible_choices"/>
    <testcase time="1.47299999999998" classname="shinytest2_tm_outliers" name="e2e_tm_outliers_default_plot_type_is_set_properly_and_has_proper_possible_choices"/>
    <testcase time="5.84" classname="shinytest2_tm_outliers" name="e2e_tm_outliers_module_is_divided_into_3_tabs"/>
    <testcase time="0.0660000000000025" classname="shinytest2_tm_outliers" name="e2e_tm_outliers_module_is_divided_into_3_tabs"/>
    <testcase time="0.00800000000000978" classname="shinytest2_tm_outliers" name="e2e_tm_outliers_module_is_divided_into_3_tabs"/>
    <testcase time="5.71699999999998" classname="shinytest2_tm_outliers" name="e2e_tm_outliers_plot_type_is_hidden_when_Boxplot_tab_is_not_selected"/>
    <testcase time="0.00600000000000023" classname="shinytest2_tm_outliers" name="e2e_tm_outliers_plot_type_is_hidden_when_Boxplot_tab_is_not_selected"/>
    <testcase time="1.71100000000001" classname="shinytest2_tm_outliers" name="e2e_tm_outliers_plot_type_is_hidden_when_Boxplot_tab_is_not_selected"/>
    <testcase time="2.04499999999999" classname="shinytest2_tm_outliers" name="e2e_tm_outliers_plot_type_is_hidden_when_Boxplot_tab_is_not_selected"/>
    <testcase time="5.73699999999999" classname="shinytest2_tm_outliers" name="e2e_tm_outliers_default_radio_buttons_are_set_properly"/>
    <testcase time="0.0640000000000214" classname="shinytest2_tm_outliers" name="e2e_tm_outliers_default_radio_buttons_are_set_properly"/>
    <testcase time="0.0589999999999975" classname="shinytest2_tm_outliers" name="e2e_tm_outliers_default_radio_buttons_are_set_properly"/>
    <testcase time="2.82399999999998" classname="shinytest2_tm_outliers" name="e2e_tm_outliers_default_radio_buttons_are_set_properly"/>
    <testcase time="5.88" classname="shinytest2_tm_outliers" name="e2e_tm_outliers_method_parameters_are_set_properly"/>
    <testcase time="0.0620000000000118" classname="shinytest2_tm_outliers" name="e2e_tm_outliers_method_parameters_are_set_properly"/>
    <testcase time="0.00499999999999545" classname="shinytest2_tm_outliers" name="e2e_tm_outliers_method_parameters_are_set_properly"/>
    <testcase time="0.00100000000000477" classname="shinytest2_tm_outliers" name="e2e_tm_outliers_method_parameters_are_set_properly"/>
    <testcase time="5.648" classname="shinytest2_tm_outliers" name="e2e_tm_outliers_outlier_definition_text_and_range_are_displayed_properly_depending_on_method"/>
    <testcase time="0.00499999999999545" classname="shinytest2_tm_outliers" name="e2e_tm_outliers_outlier_definition_text_and_range_are_displayed_properly_depending_on_method"/>
    <testcase time="0.00600000000000023" classname="shinytest2_tm_outliers" name="e2e_tm_outliers_outlier_definition_text_and_range_are_displayed_properly_depending_on_method"/>
    <testcase time="0.00499999999999545" classname="shinytest2_tm_outliers" name="e2e_tm_outliers_outlier_definition_text_and_range_are_displayed_properly_depending_on_method"/>
    <testcase time="0.164000000000016" classname="shinytest2_tm_outliers" name="e2e_tm_outliers_outlier_definition_text_and_range_are_displayed_properly_depending_on_method"/>
    <testcase time="0.00799999999998136" classname="shinytest2_tm_outliers" name="e2e_tm_outliers_outlier_definition_text_and_range_are_displayed_properly_depending_on_method"/>
    <testcase time="0.0580000000000211" classname="shinytest2_tm_outliers" name="e2e_tm_outliers_outlier_definition_text_and_range_are_displayed_properly_depending_on_method"/>
    <testcase time="1.36999999999998" classname="shinytest2_tm_outliers" name="e2e_tm_outliers_outlier_definition_text_and_range_are_displayed_properly_depending_on_method"/>
    <testcase time="1.21900000000002" classname="shinytest2_tm_outliers" name="e2e_tm_outliers_outlier_definition_text_and_range_are_displayed_properly_depending_on_method"/>
    <testcase time="0.00600000000000023" classname="shinytest2_tm_outliers" name="e2e_tm_outliers_outlier_definition_text_and_range_are_displayed_properly_depending_on_method"/>
    <testcase time="0.00799999999998136" classname="shinytest2_tm_outliers" name="e2e_tm_outliers_outlier_definition_text_and_range_are_displayed_properly_depending_on_method"/>
    <testcase time="0.0160000000000196" classname="shinytest2_tm_outliers" name="e2e_tm_outliers_outlier_definition_text_and_range_are_displayed_properly_depending_on_method"/>
    <testcase time="1.191" classname="shinytest2_tm_outliers" name="e2e_tm_outliers_outlier_definition_text_and_range_are_displayed_properly_depending_on_method"/>
    <testcase time="1.38" classname="shinytest2_tm_outliers" name="e2e_tm_outliers_outlier_definition_text_and_range_are_displayed_properly_depending_on_method"/>
    <testcase time="0.00600000000000023" classname="shinytest2_tm_outliers" name="e2e_tm_outliers_outlier_definition_text_and_range_are_displayed_properly_depending_on_method"/>
    <testcase time="0.00799999999998136" classname="shinytest2_tm_outliers" name="e2e_tm_outliers_outlier_definition_text_and_range_are_displayed_properly_depending_on_method"/>
    <testcase time="0.0160000000000196" classname="shinytest2_tm_outliers" name="e2e_tm_outliers_outlier_definition_text_and_range_are_displayed_properly_depending_on_method"/>
    <testcase time="1.22299999999998" classname="shinytest2_tm_outliers" name="e2e_tm_outliers_outlier_definition_text_and_range_are_displayed_properly_depending_on_method"/>
    <testcase time="5.524" classname="shinytest2_tm_outliers" name="e2e_tm_outliers_outliers_summary_table_is_displayed_with_proper_content"/>
    <testcase time="0.00499999999999545" classname="shinytest2_tm_outliers" name="e2e_tm_outliers_outliers_summary_table_is_displayed_with_proper_content"/>
    <testcase time="0.0040000000000191" classname="shinytest2_tm_outliers" name="e2e_tm_outliers_outliers_summary_table_is_displayed_with_proper_content"/>
    <testcase time="0.0629999999999882" classname="shinytest2_tm_outliers" name="e2e_tm_outliers_outliers_summary_table_is_displayed_with_proper_content"/>
    <testcase time="2.79400000000001" classname="shinytest2_tm_outliers" name="e2e_tm_outliers_outliers_summary_table_is_displayed_with_proper_content"/>
    <testcase time="0.00600000000000023" classname="shinytest2_tm_outliers" name="e2e_tm_outliers_outliers_summary_table_is_displayed_with_proper_content"/>
    <testcase time="1.273" classname="shinytest2_tm_outliers" name="e2e_tm_outliers_outliers_summary_table_is_displayed_with_proper_content"/>
    <testcase time="0.00399999999999068" classname="shinytest2_tm_outliers" name="e2e_tm_outliers_outliers_summary_table_is_displayed_with_proper_content"/>
    <testcase time="5.90700000000001" classname="shinytest2_tm_outliers" name="e2e_tm_outliers_outlier_table_is_displayed_with_proper_content"/>
    <testcase time="2.79599999999999" classname="shinytest2_tm_outliers" name="e2e_tm_outliers_outlier_table_is_displayed_with_proper_content"/>
    <testcase time="0.00200000000000955" classname="shinytest2_tm_outliers" name="e2e_tm_outliers_outlier_table_is_displayed_with_proper_content"/>
    <testcase time="0.00100000000000477" classname="shinytest2_tm_outliers" name="e2e_tm_outliers_outlier_table_is_displayed_with_proper_content"/>
    <testcase time="0.000999999999976353" classname="shinytest2_tm_outliers" name="e2e_tm_outliers_outlier_table_is_displayed_with_proper_content"/>
  </testsuite>
  <testsuite name="shinytest2-tm_variable_browser" timestamp="2024-04-19T11:31:46Z" hostname="a319c06cdf34" tests="24" skipped="0" failures="0" errors="0" time="48.07">
    <testcase time="5.53" classname="shinytest2_tm_variable_browser" name="e2e_tm_variable_browser_content_is_displayed_correctly"/>
    <testcase time="0.00499999999999545" classname="shinytest2_tm_variable_browser" name="e2e_tm_variable_browser_content_is_displayed_correctly"/>
    <testcase time="0.00499999999999545" classname="shinytest2_tm_variable_browser" name="e2e_tm_variable_browser_content_is_displayed_correctly"/>
    <testcase time="0.0040000000000191" classname="shinytest2_tm_variable_browser" name="e2e_tm_variable_browser_content_is_displayed_correctly"/>
    <testcase time="0.00399999999999068" classname="shinytest2_tm_variable_browser" name="e2e_tm_variable_browser_content_is_displayed_correctly"/>
    <testcase time="8.59999999999999" classname="shinytest2_tm_variable_browser" name="e2e_tm_variable_browser_Selecting_treat_variable_as_factor_changes_the_table_headers"/>
    <testcase time="6.858" classname="shinytest2_tm_variable_browser" name="e2e_tm_variable_browser_selection_of_categorical_variable_has_a_table_with_level_header"/>
    <testcase time="6.291" classname="shinytest2_tm_variable_browser" name="e2e_tm_variable_browser_changing_display_density_encoding_doesn_t_show_errors"/>
    <testcase time="0.766999999999996" classname="shinytest2_tm_variable_browser" name="e2e_tm_variable_browser_changing_display_density_encoding_doesn_t_show_errors"/>
    <testcase time="5.41" classname="shinytest2_tm_variable_browser" name="e2e_tm_variable_browser_changing_outlier_definition_encoding_doesn_t_show_errors"/>
    <testcase time="0.829000000000008" classname="shinytest2_tm_variable_browser" name="e2e_tm_variable_browser_changing_outlier_definition_encoding_doesn_t_show_errors"/>
    <testcase time="0.00499999999999545" classname="shinytest2_tm_variable_browser" name="e2e_tm_variable_browser_changing_outlier_definition_encoding_doesn_t_show_errors"/>
    <testcase time="0.774000000000001" classname="shinytest2_tm_variable_browser" name="e2e_tm_variable_browser_changing_outlier_definition_encoding_doesn_t_show_errors"/>
    <testcase time="0.730000000000018" classname="shinytest2_tm_variable_browser" name="e2e_tm_variable_browser_changing_outlier_definition_encoding_doesn_t_show_errors"/>
    <testcase time="5.74099999999999" classname="shinytest2_tm_variable_browser" name="e2e_tm_variable_browser_changing_plot_setting_encodings_doesn_t_show_errors"/>
    <testcase time="0.747000000000014" classname="shinytest2_tm_variable_browser" name="e2e_tm_variable_browser_changing_plot_setting_encodings_doesn_t_show_errors"/>
    <testcase time="0.70999999999998" classname="shinytest2_tm_variable_browser" name="e2e_tm_variable_browser_changing_plot_setting_encodings_doesn_t_show_errors"/>
    <testcase time="0.733000000000004" classname="shinytest2_tm_variable_browser" name="e2e_tm_variable_browser_changing_plot_setting_encodings_doesn_t_show_errors"/>
    <testcase time="0.716000000000008" classname="shinytest2_tm_variable_browser" name="e2e_tm_variable_browser_changing_plot_setting_encodings_doesn_t_show_errors"/>
    <testcase time="0.723000000000013" classname="shinytest2_tm_variable_browser" name="e2e_tm_variable_browser_changing_plot_setting_encodings_doesn_t_show_errors"/>
    <testcase time="0.70999999999998" classname="shinytest2_tm_variable_browser" name="e2e_tm_variable_browser_changing_plot_setting_encodings_doesn_t_show_errors"/>
    <testcase time="0.718000000000018" classname="shinytest2_tm_variable_browser" name="e2e_tm_variable_browser_changing_plot_setting_encodings_doesn_t_show_errors"/>
    <testcase time="0.745999999999981" classname="shinytest2_tm_variable_browser" name="e2e_tm_variable_browser_changing_plot_setting_encodings_doesn_t_show_errors"/>
    <testcase time="0.713999999999999" classname="shinytest2_tm_variable_browser" name="e2e_tm_variable_browser_changing_plot_setting_encodings_doesn_t_show_errors"/>
  </testsuite>
  <testsuite name="tm_g_bivariate" timestamp="2024-04-19T11:32:34Z" hostname="a319c06cdf34" tests="18" skipped="0" failures="0" errors="0" time="0.2">
    <testcase time="0.0740000000000123" classname="tm_g_bivariate" name="tm_g_bivariate_creates_a_teal_module_object"/>
    <testcase time="0.0040000000000191" classname="tm_g_bivariate" name="tm_g_bivariate_creates_a_teal_module_object_with_default_options"/>
    <testcase time="0.00499999999999545" classname="tm_g_bivariate" name="tm_g_bivariate_creates_a_teal_module_object_with_multiple_data_extract_specs"/>
    <testcase time="0.00499999999999545" classname="tm_g_bivariate" name="tm_g_bivariate_creates_a_module_with_datanames_taken_from_data_extracts"/>
    <testcase time="0.0080000000000382" classname="tm_g_bivariate" name="tm_g_bivariate_fails_when_x_contains_a_spec_with_multiple_selection"/>
    <testcase time="0.00799999999998136" classname="tm_g_bivariate" name="tm_g_bivariate_fails_when_x_contains_multiple_spec_with_at_least_one_multiple_selection"/>
    <testcase time="0.007000000000005" classname="tm_g_bivariate" name="tm_g_bivariate_fails_when_x_contains_multiple_spec_with_at_least_one_multiple_selection"/>
    <testcase time="0.00799999999998136" classname="tm_g_bivariate" name="tm_g_bivariate_fails_when_y_contains_multiple_spec_with_at_least_one_multiple_selection"/>
    <testcase time="0.00799999999998136" classname="tm_g_bivariate" name="tm_g_bivariate_fails_when_plot_height_is_not_valid"/>
    <testcase time="0.01400000000001" classname="tm_g_bivariate" name="tm_g_bivariate_fails_when_plot_height_is_not_valid"/>
    <testcase time="0.0080000000000382" classname="tm_g_bivariate" name="tm_g_bivariate_fails_when_plot_height_is_not_valid"/>
    <testcase time="0.00799999999998136" classname="tm_g_bivariate" name="tm_g_bivariate_fails_when_plot_width_is_not_valid"/>
    <testcase time="0.00799999999998136" classname="tm_g_bivariate" name="tm_g_bivariate_fails_when_plot_width_is_not_valid"/>
    <testcase time="0.007000000000005" classname="tm_g_bivariate" name="tm_g_bivariate_fails_when_plot_width_is_not_valid"/>
    <testcase time="0.0080000000000382" classname="tm_g_bivariate" name="tm_g_bivariate_fails_when_color_setting_is_FALSE_and_color_is_supplied"/>
    <testcase time="0.00799999999998136" classname="tm_g_bivariate" name="tm_g_bivariate_fails_when_color_setting_is_FALSE_and_size_is_supplied"/>
    <testcase time="0.007000000000005" classname="tm_g_bivariate" name="tm_g_bivariate_fails_when_color_setting_is_FALSE_and_fill_is_supplied"/>
    <testcase time="0.00499999999999545" classname="tm_g_bivariate" name="tm_g_bivariate_determines_color_size_and_fill_when_color_setting_is_TRUE"/>
  </testsuite>
  <testsuite name="bivariate_ggplot_call" timestamp="2024-04-19T11:32:34Z" hostname="a319c06cdf34" tests="21" skipped="0" failures="0" errors="0" time="0.069">
    <testcase time="0.00799999999998136" classname="bivariate_ggplot_call" name="bivariate_ggplot_call_with_numerics"/>
    <testcase time="0.00200000000000955" classname="bivariate_ggplot_call" name="bivariate_ggplot_call_with_numerics"/>
    <testcase time="0.0029999999999859" classname="bivariate_ggplot_call" name="bivariate_ggplot_call_with_numerics"/>
    <testcase time="0.00200000000000955" classname="bivariate_ggplot_call" name="bivariate_ggplot_call_with_numerics"/>
    <testcase time="0.00499999999999545" classname="bivariate_ggplot_call" name="bivariate_ggplot_call_with_factor_char_logical"/>
    <testcase time="0.00200000000000955" classname="bivariate_ggplot_call" name="bivariate_ggplot_call_with_factor_char_logical"/>
    <testcase time="0.0029999999999859" classname="bivariate_ggplot_call" name="bivariate_ggplot_call_with_factor_char_logical"/>
    <testcase time="0.00200000000000955" classname="bivariate_ggplot_call" name="bivariate_ggplot_call_with_factor_char_logical"/>
    <testcase time="0.0029999999999859" classname="bivariate_ggplot_call" name="bivariate_ggplot_call_with_factor_char_logical"/>
    <testcase time="0.00200000000000955" classname="bivariate_ggplot_call" name="bivariate_ggplot_call_with_factor_char_logical"/>
    <testcase time="0.0029999999999859" classname="bivariate_ggplot_call" name="bivariate_ggplot_call_with_factor_char_logical"/>
    <testcase time="0.0040000000000191" classname="bivariate_ggplot_call" name="bivariate_ggplot_call_with_single_data_numeric"/>
    <testcase time="0.0029999999999859" classname="bivariate_ggplot_call" name="bivariate_ggplot_call_with_single_data_numeric"/>
    <testcase time="0.00200000000000955" classname="bivariate_ggplot_call" name="bivariate_ggplot_call_with_single_data_numeric"/>
    <testcase time="0.0029999999999859" classname="bivariate_ggplot_call" name="bivariate_ggplot_call_with_single_data_numeric"/>
    <testcase time="0.00200000000000955" classname="bivariate_ggplot_call" name="bivariate_ggplot_call_with_single_data_numeric"/>
    <testcase time="0.0029999999999859" classname="bivariate_ggplot_call" name="bivariate_ggplot_call_with_single_data_numeric"/>
    <testcase time="0.0100000000000477" classname="bivariate_ggplot_call" name="bivariate_ggplot_call_with_single_data_factor"/>
    <testcase time="0.00199999999995271" classname="bivariate_ggplot_call" name="bivariate_ggplot_call_with_single_data_factor"/>
    <testcase time="0.00300000000004275" classname="bivariate_ggplot_call" name="bivariate_ggplot_call_with_single_data_factor"/>
    <testcase time="0.00200000000000955" classname="bivariate_ggplot_call" name="bivariate_ggplot_call_with_single_data_factor"/>
  </testsuite>
  <testsuite name="front_page" timestamp="2024-04-19T11:32:35Z" hostname="a319c06cdf34" tests="4" skipped="0" failures="0" errors="0" time="0.019">
    <testcase time="0.00699999999994816" classname="front_page" name="convert_metadata_to_dataframe_returns_a_data_frame_with_no_rows_if_no_metadata"/>
    <testcase time="0.0040000000000191" classname="front_page" name="convert_metadata_to_dataframe_returns_a_data_frame_with_metadata_if_more_than_one_dataset"/>
    <testcase time="0.0040000000000191" classname="front_page" name="convert_metadata_to_dataframe_returns_a_data_frame_with_metadata_if_one_dataset"/>
    <testcase time="0.00399999999996226" classname="front_page" name="convert_metadata_to_dataframe_converts_metadata_values_to_characters"/>
  </testsuite>
  <testsuite name="g_expert_cl" timestamp="2024-04-19T11:32:35Z" hostname="a319c06cdf34" tests="15" skipped="0" failures="0" errors="0" time="0.028">
    <testcase time="0.00600000000002865" classname="g_expert_cl" name="coloring_ggplot_call_can_work_with_all_combinations"/>
    <testcase time="0.000999999999976353" classname="g_expert_cl" name="coloring_ggplot_call_can_work_with_all_combinations"/>
    <testcase time="0.00200000000000955" classname="g_expert_cl" name="coloring_ggplot_call_can_work_with_all_combinations"/>
    <testcase time="0.0010000000000332" classname="g_expert_cl" name="coloring_ggplot_call_can_work_with_all_combinations"/>
    <testcase time="0.000999999999976353" classname="g_expert_cl" name="coloring_ggplot_call_can_work_with_all_combinations"/>
    <testcase time="0.000999999999976353" classname="g_expert_cl" name="coloring_ggplot_call_can_work_with_all_combinations"/>
    <testcase time="0.0010000000000332" classname="g_expert_cl" name="coloring_ggplot_call_can_work_with_all_combinations"/>
    <testcase time="0.0040000000000191" classname="g_expert_cl" name="coloring_ggplot_call_can_work_with_all_combinations_without_colour_var"/>
    <testcase time="0.000999999999976353" classname="g_expert_cl" name="coloring_ggplot_call_can_work_with_all_combinations_without_colour_var"/>
    <testcase time="0.000999999999976353" classname="g_expert_cl" name="coloring_ggplot_call_can_work_with_all_combinations_without_colour_var"/>
    <testcase time="0.00200000000000955" classname="g_expert_cl" name="coloring_ggplot_call_can_work_with_all_combinations_without_colour_var"/>
    <testcase time="0.0010000000000332" classname="g_expert_cl" name="coloring_ggplot_call_can_work_with_all_combinations_without_colour_var"/>
    <testcase time="0.0029999999999859" classname="g_expert_cl" name="coloring_ggplot_call_can_work_size_var"/>
    <testcase time="0.000999999999976353" classname="g_expert_cl" name="coloring_ggplot_call_can_work_size_var"/>
    <testcase time="0.00200000000000955" classname="g_expert_cl" name="coloring_ggplot_call_can_work_size_var"/>
  </testsuite>
  <testsuite name="scatterplotmatrix_get_stats" timestamp="2024-04-19T11:32:35Z" hostname="a319c06cdf34" tests="6" skipped="0" failures="0" errors="0" time="0.027">
    <testcase time="0.00900000000001455" classname="scatterplotmatrix_get_stats" name="get_scatterplotmatrix_stats_x_y_numeric"/>
    <testcase time="0.0029999999999859" classname="scatterplotmatrix_get_stats" name="get_scatterplotmatrix_stats_x_y_numeric"/>
    <testcase time="0.0029999999999859" classname="scatterplotmatrix_get_stats" name="get_scatterplotmatrix_stats_x_y_numeric"/>
    <testcase time="0.00600000000002865" classname="scatterplotmatrix_get_stats" name="get_scatterplotmatrix_stats_x_y_character"/>
    <testcase time="0.0029999999999859" classname="scatterplotmatrix_get_stats" name="get_scatterplotmatrix_stats_x_y_character"/>
    <testcase time="0.0029999999999859" classname="scatterplotmatrix_get_stats" name="get_scatterplotmatrix_stats_x_y_character"/>
  </testsuite>
  <testsuite name="variable_browser" timestamp="2024-04-19T11:32:35Z" hostname="a319c06cdf34" tests="3" skipped="0" failures="0" errors="0" time="0.014">
    <testcase time="0.00499999999999545" classname="variable_browser" name="remove_outliers_from_does_not_remove_outliers_when_outlier_definition_is_zero"/>
    <testcase time="0.0050000000000523" classname="variable_browser" name="remove_outliers_from_removes_outliers_when_outlier_definition_is_non_zero"/>
    <testcase time="0.00399999999996226" classname="variable_browser" name="remove_outliers_from_keeps_missing_values_unchanged"/>
  </testsuite>
</testsuites>
