<?xml version="1.0" encoding="UTF-8"?>
<testsuites>
  <testsuite name="shinytest2-tm_data_table" timestamp="2024-04-19T10:48:53Z" hostname="7102f5d464f7" tests="8" skipped="0" failures="0" errors="0" time="12.964">
    <testcase time="4.607" classname="shinytest2_tm_data_table" name="e2e_tm_data_table_Initializes_without_errors"/>
    <testcase time="0.0179999999999998" classname="shinytest2_tm_data_table" name="e2e_tm_data_table_Initializes_without_errors"/>
    <testcase time="3.825" classname="shinytest2_tm_data_table" name="e2e_tm_data_table_Verify_module_displays_data_table"/>
    <testcase time="0.00799999999999912" classname="shinytest2_tm_data_table" name="e2e_tm_data_table_Verify_module_displays_data_table"/>
    <testcase time="0.0310000000000006" classname="shinytest2_tm_data_table" name="e2e_tm_data_table_Verify_module_displays_data_table"/>
    <testcase time="3.831" classname="shinytest2_tm_data_table" name="e2e_tm_data_table_Verify_default_variable_selection_and_set_new_selection"/>
    <testcase time="0.629" classname="shinytest2_tm_data_table" name="e2e_tm_data_table_Verify_default_variable_selection_and_set_new_selection"/>
    <testcase time="0.0150000000000006" classname="shinytest2_tm_data_table" name="e2e_tm_data_table_Verify_default_variable_selection_and_set_new_selection"/>
  </testsuite>
  <testsuite name="shinytest2-tm_file_viewer" timestamp="2024-04-19T10:49:06Z" hostname="7102f5d464f7" tests="13" skipped="0" failures="0" errors="0" time="16.39">
    <testcase time="3.421" classname="shinytest2_tm_file_viewer" name="e2e_tm_file_viewer_Initializes_without_errors_and_shows_files_tree_specified_in_input_path_argument"/>
    <testcase time="0.00600000000000023" classname="shinytest2_tm_file_viewer" name="e2e_tm_file_viewer_Initializes_without_errors_and_shows_files_tree_specified_in_input_path_argument"/>
    <testcase time="0.00499999999999901" classname="shinytest2_tm_file_viewer" name="e2e_tm_file_viewer_Initializes_without_errors_and_shows_files_tree_specified_in_input_path_argument"/>
    <testcase time="0.0330000000000013" classname="shinytest2_tm_file_viewer" name="e2e_tm_file_viewer_Initializes_without_errors_and_shows_files_tree_specified_in_input_path_argument"/>
    <testcase time="0.00400000000000134" classname="shinytest2_tm_file_viewer" name="e2e_tm_file_viewer_Initializes_without_errors_and_shows_files_tree_specified_in_input_path_argument"/>
    <testcase time="4.39" classname="shinytest2_tm_file_viewer" name="e2e_tm_file_viewer_Shows_selected_image_file"/>
    <testcase time="0.00600000000000023" classname="shinytest2_tm_file_viewer" name="e2e_tm_file_viewer_Shows_selected_image_file"/>
    <testcase time="3.996" classname="shinytest2_tm_file_viewer" name="e2e_tm_file_viewer_Shows_selected_text_file"/>
    <testcase time="0.00700000000000145" classname="shinytest2_tm_file_viewer" name="e2e_tm_file_viewer_Shows_selected_text_file"/>
    <testcase time="0.00299999999999656" classname="shinytest2_tm_file_viewer" name="e2e_tm_file_viewer_Shows_selected_text_file"/>
    <testcase time="0.151000000000003" classname="shinytest2_tm_file_viewer" name="e2e_tm_file_viewer_Shows_selected_text_file"/>
    <testcase time="4.216" classname="shinytest2_tm_file_viewer" name="e2e_tm_file_viewer_Shows_selected_url"/>
    <testcase time="0.152000000000001" classname="shinytest2_tm_file_viewer" name="e2e_tm_file_viewer_Shows_selected_url"/>
  </testsuite>
  <testsuite name="shinytest2-tm_front_page" timestamp="2024-04-19T10:49:22Z" hostname="7102f5d464f7" tests="9" skipped="0" failures="0" errors="0" time="12.813">
    <testcase time="3.726" classname="shinytest2_tm_front_page" name="e2e_tm_front_page_Initializes_without_errors_and_check_html_elements"/>
    <testcase time="0.00500000000000256" classname="shinytest2_tm_front_page" name="e2e_tm_front_page_Initializes_without_errors_and_check_html_elements"/>
    <testcase time="0.00600000000000023" classname="shinytest2_tm_front_page" name="e2e_tm_front_page_Initializes_without_errors_and_check_html_elements"/>
    <testcase time="0.0069999999999979" classname="shinytest2_tm_front_page" name="e2e_tm_front_page_Initializes_without_errors_and_check_html_elements"/>
    <testcase time="4.068" classname="shinytest2_tm_front_page" name="e2e_tm_front_page_Verify_the_module_displays_tables"/>
    <testcase time="0.007000000000005" classname="shinytest2_tm_front_page" name="e2e_tm_front_page_Verify_the_module_displays_tables"/>
    <testcase time="0.104999999999997" classname="shinytest2_tm_front_page" name="e2e_tm_front_page_Verify_the_module_displays_tables"/>
    <testcase time="0.00600000000000023" classname="shinytest2_tm_front_page" name="e2e_tm_front_page_Verify_the_module_displays_tables"/>
    <testcase time="4.883" classname="shinytest2_tm_front_page" name="e2e_tm_front_page_Verify_the_module_displays_metadata"/>
  </testsuite>
  <testsuite name="shinytest2-tm_g_association" timestamp="2024-04-19T10:49:35Z" hostname="7102f5d464f7" tests="13" skipped="0" failures="0" errors="0" time="27.246">
    <testcase time="5.58" classname="shinytest2_tm_g_association" name="e2e_tm_g_association_data_parameter_and_module_label_is_passed_properly"/>
    <testcase time="0.00500000000000256" classname="shinytest2_tm_g_association" name="e2e_tm_g_association_data_parameter_and_module_label_is_passed_properly"/>
    <testcase time="0.00399999999999778" classname="shinytest2_tm_g_association" name="e2e_tm_g_association_data_parameter_and_module_label_is_passed_properly"/>
    <testcase time="5.718" classname="shinytest2_tm_g_association" name="e2e_tm_g_association_data_extract_spec_elements_are_initialized_with_the_default_values_specified_by_ref_and_vars_arguments"/>
    <testcase time="1.033" classname="shinytest2_tm_g_association" name="e2e_tm_g_association_data_extract_spec_elements_are_initialized_with_the_default_values_specified_by_ref_and_vars_arguments"/>
    <testcase time="0.0140000000000029" classname="shinytest2_tm_g_association" name="e2e_tm_g_association_data_extract_spec_elements_are_initialized_with_the_default_values_specified_by_ref_and_vars_arguments"/>
    <testcase time="0.899999999999999" classname="shinytest2_tm_g_association" name="e2e_tm_g_association_data_extract_spec_elements_are_initialized_with_the_default_values_specified_by_ref_and_vars_arguments"/>
    <testcase time="5.621" classname="shinytest2_tm_g_association" name="e2e_tm_g_association_module_plot_is_visible"/>
    <testcase time="5.759" classname="shinytest2_tm_g_association" name="e2e_tm_g_association_test_if_default_radio_buttons_are_checked"/>
    <testcase time="0.117000000000004" classname="shinytest2_tm_g_association" name="e2e_tm_g_association_test_if_default_radio_buttons_are_checked"/>
    <testcase time="0.0569999999999879" classname="shinytest2_tm_g_association" name="e2e_tm_g_association_test_if_default_radio_buttons_are_checked"/>
    <testcase time="2.432" classname="shinytest2_tm_g_association" name="e2e_tm_g_association_test_if_default_radio_buttons_are_checked"/>
    <testcase time="0.00600000000000023" classname="shinytest2_tm_g_association" name="e2e_tm_g_association_test_if_default_radio_buttons_are_checked"/>
  </testsuite>
  <testsuite name="shinytest2-tm_g_scatterplotmatrix" timestamp="2024-04-19T10:50:02Z" hostname="7102f5d464f7" tests="9" skipped="0" failures="0" errors="0" time="21.662">
    <testcase time="4.59" classname="shinytest2_tm_g_scatterplotmatrix" name="e2e_tm_g_scatterplotmatrix_Initializes_without_errors"/>
    <testcase time="0.00499999999999545" classname="shinytest2_tm_g_scatterplotmatrix" name="e2e_tm_g_scatterplotmatrix_Initializes_without_errors"/>
    <testcase time="0.00400000000000489" classname="shinytest2_tm_g_scatterplotmatrix" name="e2e_tm_g_scatterplotmatrix_Initializes_without_errors"/>
    <testcase time="4.56" classname="shinytest2_tm_g_scatterplotmatrix" name="e2e_tm_g_scatterplotmatrix_Verify_module_displays_data_table"/>
    <testcase time="4.658" classname="shinytest2_tm_g_scatterplotmatrix" name="e2e_tm_g_scatterplotmatrix_Verify_default_values_and_settings_data_extracts_for_data_selection"/>
    <testcase time="0.00199999999999534" classname="shinytest2_tm_g_scatterplotmatrix" name="e2e_tm_g_scatterplotmatrix_Verify_default_values_and_settings_data_extracts_for_data_selection"/>
    <testcase time="1.271" classname="shinytest2_tm_g_scatterplotmatrix" name="e2e_tm_g_scatterplotmatrix_Verify_default_values_and_settings_data_extracts_for_data_selection"/>
    <testcase time="5.889" classname="shinytest2_tm_g_scatterplotmatrix" name="e2e_tm_g_scatterplotmatrix_Change_plot_settings"/>
    <testcase time="0.683000000000007" classname="shinytest2_tm_g_scatterplotmatrix" name="e2e_tm_g_scatterplotmatrix_Change_plot_settings"/>
  </testsuite>
  <testsuite name="shinytest2-tm_outliers" timestamp="2024-04-19T10:50:24Z" hostname="7102f5d464f7" tests="61" skipped="0" failures="0" errors="0" time="80.722">
    <testcase time="5.617" classname="shinytest2_tm_outliers" name="e2e_tm_outliers_data_parameter_and_module_label_is_passed_properly"/>
    <testcase time="0.00399999999999068" classname="shinytest2_tm_outliers" name="e2e_tm_outliers_data_parameter_and_module_label_is_passed_properly"/>
    <testcase time="0.00400000000000489" classname="shinytest2_tm_outliers" name="e2e_tm_outliers_data_parameter_and_module_label_is_passed_properly"/>
    <testcase time="0.00199999999999534" classname="shinytest2_tm_outliers" name="e2e_tm_outliers_data_parameter_and_module_label_is_passed_properly"/>
    <testcase time="5.786" classname="shinytest2_tm_outliers" name="e2e_tm_outliers_data_extract_spec_elements_are_initialized_with_the_default_values_specified_by_outlier_var_and_categorical_var_argument"/>
    <testcase time="0.061000000000007" classname="shinytest2_tm_outliers" name="e2e_tm_outliers_data_extract_spec_elements_are_initialized_with_the_default_values_specified_by_outlier_var_and_categorical_var_argument"/>
    <testcase time="1.41499999999999" classname="shinytest2_tm_outliers" name="e2e_tm_outliers_data_extract_spec_elements_are_initialized_with_the_default_values_specified_by_outlier_var_and_categorical_var_argument"/>
    <testcase time="0.019999999999996" classname="shinytest2_tm_outliers" name="e2e_tm_outliers_data_extract_spec_elements_are_initialized_with_the_default_values_specified_by_outlier_var_and_categorical_var_argument"/>
    <testcase time="0.054000000000002" classname="shinytest2_tm_outliers" name="e2e_tm_outliers_data_extract_spec_elements_are_initialized_with_the_default_values_specified_by_outlier_var_and_categorical_var_argument"/>
    <testcase time="0.918000000000006" classname="shinytest2_tm_outliers" name="e2e_tm_outliers_data_extract_spec_elements_are_initialized_with_the_default_values_specified_by_outlier_var_and_categorical_var_argument"/>
    <testcase time="0.698999999999998" classname="shinytest2_tm_outliers" name="e2e_tm_outliers_data_extract_spec_elements_are_initialized_with_the_default_values_specified_by_outlier_var_and_categorical_var_argument"/>
    <testcase time="5.604" classname="shinytest2_tm_outliers" name="e2e_tm_outliers_default_plot_type_is_set_properly_and_has_proper_possible_choices"/>
    <testcase time="0.061000000000007" classname="shinytest2_tm_outliers" name="e2e_tm_outliers_default_plot_type_is_set_properly_and_has_proper_possible_choices"/>
    <testcase time="0.00499999999999545" classname="shinytest2_tm_outliers" name="e2e_tm_outliers_default_plot_type_is_set_properly_and_has_proper_possible_choices"/>
    <testcase time="1.438" classname="shinytest2_tm_outliers" name="e2e_tm_outliers_default_plot_type_is_set_properly_and_has_proper_possible_choices"/>
    <testcase time="5.639" classname="shinytest2_tm_outliers" name="e2e_tm_outliers_module_is_divided_into_3_tabs"/>
    <testcase time="0.061000000000007" classname="shinytest2_tm_outliers" name="e2e_tm_outliers_module_is_divided_into_3_tabs"/>
    <testcase time="0.00799999999999557" classname="shinytest2_tm_outliers" name="e2e_tm_outliers_module_is_divided_into_3_tabs"/>
    <testcase time="5.718" classname="shinytest2_tm_outliers" name="e2e_tm_outliers_plot_type_is_hidden_when_Boxplot_tab_is_not_selected"/>
    <testcase time="0.00600000000000023" classname="shinytest2_tm_outliers" name="e2e_tm_outliers_plot_type_is_hidden_when_Boxplot_tab_is_not_selected"/>
    <testcase time="1.70299999999999" classname="shinytest2_tm_outliers" name="e2e_tm_outliers_plot_type_is_hidden_when_Boxplot_tab_is_not_selected"/>
    <testcase time="2.026" classname="shinytest2_tm_outliers" name="e2e_tm_outliers_plot_type_is_hidden_when_Boxplot_tab_is_not_selected"/>
    <testcase time="5.345" classname="shinytest2_tm_outliers" name="e2e_tm_outliers_default_radio_buttons_are_set_properly"/>
    <testcase time="0.0620000000000118" classname="shinytest2_tm_outliers" name="e2e_tm_outliers_default_radio_buttons_are_set_properly"/>
    <testcase time="0.0560000000000116" classname="shinytest2_tm_outliers" name="e2e_tm_outliers_default_radio_buttons_are_set_properly"/>
    <testcase time="2.75999999999999" classname="shinytest2_tm_outliers" name="e2e_tm_outliers_default_radio_buttons_are_set_properly"/>
    <testcase time="5.554" classname="shinytest2_tm_outliers" name="e2e_tm_outliers_method_parameters_are_set_properly"/>
    <testcase time="0.0629999999999882" classname="shinytest2_tm_outliers" name="e2e_tm_outliers_method_parameters_are_set_properly"/>
    <testcase time="0.00600000000000023" classname="shinytest2_tm_outliers" name="e2e_tm_outliers_method_parameters_are_set_properly"/>
    <testcase time="0.00100000000000477" classname="shinytest2_tm_outliers" name="e2e_tm_outliers_method_parameters_are_set_properly"/>
    <testcase time="5.637" classname="shinytest2_tm_outliers" name="e2e_tm_outliers_outlier_definition_text_and_range_are_displayed_properly_depending_on_method"/>
    <testcase time="0.00499999999999545" classname="shinytest2_tm_outliers" name="e2e_tm_outliers_outlier_definition_text_and_range_are_displayed_properly_depending_on_method"/>
    <testcase time="0.00600000000000023" classname="shinytest2_tm_outliers" name="e2e_tm_outliers_outlier_definition_text_and_range_are_displayed_properly_depending_on_method"/>
    <testcase time="0.00600000000000023" classname="shinytest2_tm_outliers" name="e2e_tm_outliers_outlier_definition_text_and_range_are_displayed_properly_depending_on_method"/>
    <testcase time="0.0600000000000023" classname="shinytest2_tm_outliers" name="e2e_tm_outliers_outlier_definition_text_and_range_are_displayed_properly_depending_on_method"/>
    <testcase time="0.007000000000005" classname="shinytest2_tm_outliers" name="e2e_tm_outliers_outlier_definition_text_and_range_are_displayed_properly_depending_on_method"/>
    <testcase time="0.0579999999999927" classname="shinytest2_tm_outliers" name="e2e_tm_outliers_outlier_definition_text_and_range_are_displayed_properly_depending_on_method"/>
    <testcase time="1.33100000000002" classname="shinytest2_tm_outliers" name="e2e_tm_outliers_outlier_definition_text_and_range_are_displayed_properly_depending_on_method"/>
    <testcase time="1.20499999999998" classname="shinytest2_tm_outliers" name="e2e_tm_outliers_outlier_definition_text_and_range_are_displayed_properly_depending_on_method"/>
    <testcase time="0.007000000000005" classname="shinytest2_tm_outliers" name="e2e_tm_outliers_outlier_definition_text_and_range_are_displayed_properly_depending_on_method"/>
    <testcase time="0.007000000000005" classname="shinytest2_tm_outliers" name="e2e_tm_outliers_outlier_definition_text_and_range_are_displayed_properly_depending_on_method"/>
    <testcase time="0.0169999999999959" classname="shinytest2_tm_outliers" name="e2e_tm_outliers_outlier_definition_text_and_range_are_displayed_properly_depending_on_method"/>
    <testcase time="1.19399999999999" classname="shinytest2_tm_outliers" name="e2e_tm_outliers_outlier_definition_text_and_range_are_displayed_properly_depending_on_method"/>
    <testcase time="1.39500000000001" classname="shinytest2_tm_outliers" name="e2e_tm_outliers_outlier_definition_text_and_range_are_displayed_properly_depending_on_method"/>
    <testcase time="0.00600000000000023" classname="shinytest2_tm_outliers" name="e2e_tm_outliers_outlier_definition_text_and_range_are_displayed_properly_depending_on_method"/>
    <testcase time="0.007000000000005" classname="shinytest2_tm_outliers" name="e2e_tm_outliers_outlier_definition_text_and_range_are_displayed_properly_depending_on_method"/>
    <testcase time="0.0139999999999816" classname="shinytest2_tm_outliers" name="e2e_tm_outliers_outlier_definition_text_and_range_are_displayed_properly_depending_on_method"/>
    <testcase time="1.23100000000002" classname="shinytest2_tm_outliers" name="e2e_tm_outliers_outlier_definition_text_and_range_are_displayed_properly_depending_on_method"/>
    <testcase time="5.62899999999999" classname="shinytest2_tm_outliers" name="e2e_tm_outliers_outliers_summary_table_is_displayed_with_proper_content"/>
    <testcase time="0.00399999999999068" classname="shinytest2_tm_outliers" name="e2e_tm_outliers_outliers_summary_table_is_displayed_with_proper_content"/>
    <testcase time="0.00499999999999545" classname="shinytest2_tm_outliers" name="e2e_tm_outliers_outliers_summary_table_is_displayed_with_proper_content"/>
    <testcase time="0.061000000000007" classname="shinytest2_tm_outliers" name="e2e_tm_outliers_outliers_summary_table_is_displayed_with_proper_content"/>
    <testcase time="2.72499999999999" classname="shinytest2_tm_outliers" name="e2e_tm_outliers_outliers_summary_table_is_displayed_with_proper_content"/>
    <testcase time="0.00500000000002387" classname="shinytest2_tm_outliers" name="e2e_tm_outliers_outliers_summary_table_is_displayed_with_proper_content"/>
    <testcase time="1.256" classname="shinytest2_tm_outliers" name="e2e_tm_outliers_outliers_summary_table_is_displayed_with_proper_content"/>
    <testcase time="0.00399999999999068" classname="shinytest2_tm_outliers" name="e2e_tm_outliers_outliers_summary_table_is_displayed_with_proper_content"/>
    <testcase time="5.41200000000001" classname="shinytest2_tm_outliers" name="e2e_tm_outliers_outlier_table_is_displayed_with_proper_content"/>
    <testcase time="2.727" classname="shinytest2_tm_outliers" name="e2e_tm_outliers_outlier_table_is_displayed_with_proper_content"/>
    <testcase time="0.00199999999998113" classname="shinytest2_tm_outliers" name="e2e_tm_outliers_outlier_table_is_displayed_with_proper_content"/>
    <testcase time="0.00100000000000477" classname="shinytest2_tm_outliers" name="e2e_tm_outliers_outlier_table_is_displayed_with_proper_content"/>
    <testcase time="0.00200000000000955" classname="shinytest2_tm_outliers" name="e2e_tm_outliers_outlier_table_is_displayed_with_proper_content"/>
  </testsuite>
  <testsuite name="shinytest2-tm_variable_browser" timestamp="2024-04-19T10:51:44Z" hostname="7102f5d464f7" tests="24" skipped="0" failures="0" errors="0" time="46.735">
    <testcase time="5.25999999999999" classname="shinytest2_tm_variable_browser" name="e2e_tm_variable_browser_content_is_displayed_correctly"/>
    <testcase time="0.00399999999999068" classname="shinytest2_tm_variable_browser" name="e2e_tm_variable_browser_content_is_displayed_correctly"/>
    <testcase time="0.00600000000000023" classname="shinytest2_tm_variable_browser" name="e2e_tm_variable_browser_content_is_displayed_correctly"/>
    <testcase time="0.0040000000000191" classname="shinytest2_tm_variable_browser" name="e2e_tm_variable_browser_content_is_displayed_correctly"/>
    <testcase time="0.00399999999999068" classname="shinytest2_tm_variable_browser" name="e2e_tm_variable_browser_content_is_displayed_correctly"/>
    <testcase time="7.60499999999999" classname="shinytest2_tm_variable_browser" name="e2e_tm_variable_browser_Selecting_treat_variable_as_factor_changes_the_table_headers"/>
    <testcase time="6.81400000000002" classname="shinytest2_tm_variable_browser" name="e2e_tm_variable_browser_selection_of_categorical_variable_has_a_table_with_level_header"/>
    <testcase time="6.13299999999998" classname="shinytest2_tm_variable_browser" name="e2e_tm_variable_browser_changing_display_density_encoding_doesn_t_show_errors"/>
    <testcase time="0.765000000000015" classname="shinytest2_tm_variable_browser" name="e2e_tm_variable_browser_changing_display_density_encoding_doesn_t_show_errors"/>
    <testcase time="5.435" classname="shinytest2_tm_variable_browser" name="e2e_tm_variable_browser_changing_outlier_definition_encoding_doesn_t_show_errors"/>
    <testcase time="0.812999999999988" classname="shinytest2_tm_variable_browser" name="e2e_tm_variable_browser_changing_outlier_definition_encoding_doesn_t_show_errors"/>
    <testcase time="0.00499999999999545" classname="shinytest2_tm_variable_browser" name="e2e_tm_variable_browser_changing_outlier_definition_encoding_doesn_t_show_errors"/>
    <testcase time="0.756" classname="shinytest2_tm_variable_browser" name="e2e_tm_variable_browser_changing_outlier_definition_encoding_doesn_t_show_errors"/>
    <testcase time="1.37" classname="shinytest2_tm_variable_browser" name="e2e_tm_variable_browser_changing_outlier_definition_encoding_doesn_t_show_errors"/>
    <testcase time="5.303" classname="shinytest2_tm_variable_browser" name="e2e_tm_variable_browser_changing_plot_setting_encodings_doesn_t_show_errors"/>
    <testcase time="0.731999999999999" classname="shinytest2_tm_variable_browser" name="e2e_tm_variable_browser_changing_plot_setting_encodings_doesn_t_show_errors"/>
    <testcase time="0.699000000000012" classname="shinytest2_tm_variable_browser" name="e2e_tm_variable_browser_changing_plot_setting_encodings_doesn_t_show_errors"/>
    <testcase time="0.702999999999975" classname="shinytest2_tm_variable_browser" name="e2e_tm_variable_browser_changing_plot_setting_encodings_doesn_t_show_errors"/>
    <testcase time="0.715000000000003" classname="shinytest2_tm_variable_browser" name="e2e_tm_variable_browser_changing_plot_setting_encodings_doesn_t_show_errors"/>
    <testcase time="0.709000000000003" classname="shinytest2_tm_variable_browser" name="e2e_tm_variable_browser_changing_plot_setting_encodings_doesn_t_show_errors"/>
    <testcase time="0.701999999999998" classname="shinytest2_tm_variable_browser" name="e2e_tm_variable_browser_changing_plot_setting_encodings_doesn_t_show_errors"/>
    <testcase time="0.730000000000018" classname="shinytest2_tm_variable_browser" name="e2e_tm_variable_browser_changing_plot_setting_encodings_doesn_t_show_errors"/>
    <testcase time="0.751000000000005" classname="shinytest2_tm_variable_browser" name="e2e_tm_variable_browser_changing_plot_setting_encodings_doesn_t_show_errors"/>
    <testcase time="0.716999999999985" classname="shinytest2_tm_variable_browser" name="e2e_tm_variable_browser_changing_plot_setting_encodings_doesn_t_show_errors"/>
  </testsuite>
  <testsuite name="tm_g_bivariate" timestamp="2024-04-19T10:52:31Z" hostname="7102f5d464f7" tests="18" skipped="0" failures="0" errors="0" time="0.194">
    <testcase time="0.0749999999999886" classname="tm_g_bivariate" name="tm_g_bivariate_creates_a_teal_module_object"/>
    <testcase time="0.0040000000000191" classname="tm_g_bivariate" name="tm_g_bivariate_creates_a_teal_module_object_with_default_options"/>
    <testcase time="0.00499999999999545" classname="tm_g_bivariate" name="tm_g_bivariate_creates_a_teal_module_object_with_multiple_data_extract_specs"/>
    <testcase time="0.00499999999999545" classname="tm_g_bivariate" name="tm_g_bivariate_creates_a_module_with_datanames_taken_from_data_extracts"/>
    <testcase time="0.007000000000005" classname="tm_g_bivariate" name="tm_g_bivariate_fails_when_x_contains_a_spec_with_multiple_selection"/>
    <testcase time="0.00800000000000978" classname="tm_g_bivariate" name="tm_g_bivariate_fails_when_x_contains_multiple_spec_with_at_least_one_multiple_selection"/>
    <testcase time="0.00699999999997658" classname="tm_g_bivariate" name="tm_g_bivariate_fails_when_x_contains_multiple_spec_with_at_least_one_multiple_selection"/>
    <testcase time="0.007000000000005" classname="tm_g_bivariate" name="tm_g_bivariate_fails_when_y_contains_multiple_spec_with_at_least_one_multiple_selection"/>
    <testcase time="0.00800000000000978" classname="tm_g_bivariate" name="tm_g_bivariate_fails_when_plot_height_is_not_valid"/>
    <testcase time="0.007000000000005" classname="tm_g_bivariate" name="tm_g_bivariate_fails_when_plot_height_is_not_valid"/>
    <testcase time="0.007000000000005" classname="tm_g_bivariate" name="tm_g_bivariate_fails_when_plot_height_is_not_valid"/>
    <testcase time="0.00699999999997658" classname="tm_g_bivariate" name="tm_g_bivariate_fails_when_plot_width_is_not_valid"/>
    <testcase time="0.00800000000000978" classname="tm_g_bivariate" name="tm_g_bivariate_fails_when_plot_width_is_not_valid"/>
    <testcase time="0.0120000000000005" classname="tm_g_bivariate" name="tm_g_bivariate_fails_when_plot_width_is_not_valid"/>
    <testcase time="0.007000000000005" classname="tm_g_bivariate" name="tm_g_bivariate_fails_when_color_setting_is_FALSE_and_color_is_supplied"/>
    <testcase time="0.007000000000005" classname="tm_g_bivariate" name="tm_g_bivariate_fails_when_color_setting_is_FALSE_and_size_is_supplied"/>
    <testcase time="0.00799999999998136" classname="tm_g_bivariate" name="tm_g_bivariate_fails_when_color_setting_is_FALSE_and_fill_is_supplied"/>
    <testcase time="0.00499999999999545" classname="tm_g_bivariate" name="tm_g_bivariate_determines_color_size_and_fill_when_color_setting_is_TRUE"/>
  </testsuite>
  <testsuite name="bivariate_ggplot_call" timestamp="2024-04-19T10:52:31Z" hostname="7102f5d464f7" tests="21" skipped="0" failures="0" errors="0" time="0.062">
    <testcase time="0.007000000000005" classname="bivariate_ggplot_call" name="bivariate_ggplot_call_with_numerics"/>
    <testcase time="0.00200000000000955" classname="bivariate_ggplot_call" name="bivariate_ggplot_call_with_numerics"/>
    <testcase time="0.0029999999999859" classname="bivariate_ggplot_call" name="bivariate_ggplot_call_with_numerics"/>
    <testcase time="0.00200000000000955" classname="bivariate_ggplot_call" name="bivariate_ggplot_call_with_numerics"/>
    <testcase time="0.00399999999999068" classname="bivariate_ggplot_call" name="bivariate_ggplot_call_with_factor_char_logical"/>
    <testcase time="0.00300000000001432" classname="bivariate_ggplot_call" name="bivariate_ggplot_call_with_factor_char_logical"/>
    <testcase time="0.00200000000000955" classname="bivariate_ggplot_call" name="bivariate_ggplot_call_with_factor_char_logical"/>
    <testcase time="0.0029999999999859" classname="bivariate_ggplot_call" name="bivariate_ggplot_call_with_factor_char_logical"/>
    <testcase time="0.00200000000000955" classname="bivariate_ggplot_call" name="bivariate_ggplot_call_with_factor_char_logical"/>
    <testcase time="0.0029999999999859" classname="bivariate_ggplot_call" name="bivariate_ggplot_call_with_factor_char_logical"/>
    <testcase time="0.00200000000000955" classname="bivariate_ggplot_call" name="bivariate_ggplot_call_with_factor_char_logical"/>
    <testcase time="0.00499999999999545" classname="bivariate_ggplot_call" name="bivariate_ggplot_call_with_single_data_numeric"/>
    <testcase time="0.00200000000000955" classname="bivariate_ggplot_call" name="bivariate_ggplot_call_with_single_data_numeric"/>
    <testcase time="0.0029999999999859" classname="bivariate_ggplot_call" name="bivariate_ggplot_call_with_single_data_numeric"/>
    <testcase time="0.00200000000000955" classname="bivariate_ggplot_call" name="bivariate_ggplot_call_with_single_data_numeric"/>
    <testcase time="0.0029999999999859" classname="bivariate_ggplot_call" name="bivariate_ggplot_call_with_single_data_numeric"/>
    <testcase time="0.00200000000000955" classname="bivariate_ggplot_call" name="bivariate_ggplot_call_with_single_data_numeric"/>
    <testcase time="0.00499999999999545" classname="bivariate_ggplot_call" name="bivariate_ggplot_call_with_single_data_factor"/>
    <testcase time="0.00200000000000955" classname="bivariate_ggplot_call" name="bivariate_ggplot_call_with_single_data_factor"/>
    <testcase time="0.0029999999999859" classname="bivariate_ggplot_call" name="bivariate_ggplot_call_with_single_data_factor"/>
    <testcase time="0.00200000000000955" classname="bivariate_ggplot_call" name="bivariate_ggplot_call_with_single_data_factor"/>
  </testsuite>
  <testsuite name="front_page" timestamp="2024-04-19T10:52:31Z" hostname="7102f5d464f7" tests="4" skipped="0" failures="0" errors="0" time="0.018">
    <testcase time="0.00600000000000023" classname="front_page" name="convert_metadata_to_dataframe_returns_a_data_frame_with_no_rows_if_no_metadata"/>
    <testcase time="0.00399999999999068" classname="front_page" name="convert_metadata_to_dataframe_returns_a_data_frame_with_metadata_if_more_than_one_dataset"/>
    <testcase time="0.0040000000000191" classname="front_page" name="convert_metadata_to_dataframe_returns_a_data_frame_with_metadata_if_one_dataset"/>
    <testcase time="0.00399999999999068" classname="front_page" name="convert_metadata_to_dataframe_converts_metadata_values_to_characters"/>
  </testsuite>
  <testsuite name="g_expert_cl" timestamp="2024-04-19T10:52:31Z" hostname="7102f5d464f7" tests="15" skipped="0" failures="0" errors="0" time="0.033">
    <testcase time="0.00499999999999545" classname="g_expert_cl" name="coloring_ggplot_call_can_work_with_all_combinations"/>
    <testcase time="0.00200000000000955" classname="g_expert_cl" name="coloring_ggplot_call_can_work_with_all_combinations"/>
    <testcase time="0.00100000000000477" classname="g_expert_cl" name="coloring_ggplot_call_can_work_with_all_combinations"/>
    <testcase time="0.0029999999999859" classname="g_expert_cl" name="coloring_ggplot_call_can_work_with_all_combinations"/>
    <testcase time="0.00300000000001432" classname="g_expert_cl" name="coloring_ggplot_call_can_work_with_all_combinations"/>
    <testcase time="0.00200000000000955" classname="g_expert_cl" name="coloring_ggplot_call_can_work_with_all_combinations"/>
    <testcase time="0.00199999999998113" classname="g_expert_cl" name="coloring_ggplot_call_can_work_with_all_combinations"/>
    <testcase time="0.00399999999999068" classname="g_expert_cl" name="coloring_ggplot_call_can_work_with_all_combinations_without_colour_var"/>
    <testcase time="0.00100000000000477" classname="g_expert_cl" name="coloring_ggplot_call_can_work_with_all_combinations_without_colour_var"/>
    <testcase time="0.00200000000000955" classname="g_expert_cl" name="coloring_ggplot_call_can_work_with_all_combinations_without_colour_var"/>
    <testcase time="0.00100000000000477" classname="g_expert_cl" name="coloring_ggplot_call_can_work_with_all_combinations_without_colour_var"/>
    <testcase time="0.00100000000000477" classname="g_expert_cl" name="coloring_ggplot_call_can_work_with_all_combinations_without_colour_var"/>
    <testcase time="0.0029999999999859" classname="g_expert_cl" name="coloring_ggplot_call_can_work_size_var"/>
    <testcase time="0.00200000000000955" classname="g_expert_cl" name="coloring_ggplot_call_can_work_size_var"/>
    <testcase time="0.00100000000000477" classname="g_expert_cl" name="coloring_ggplot_call_can_work_size_var"/>
  </testsuite>
  <testsuite name="scatterplotmatrix_get_stats" timestamp="2024-04-19T10:52:31Z" hostname="7102f5d464f7" tests="6" skipped="0" failures="0" errors="0" time="0.023">
    <testcase time="0.00899999999998613" classname="scatterplotmatrix_get_stats" name="get_scatterplotmatrix_stats_x_y_numeric"/>
    <testcase time="0.00200000000000955" classname="scatterplotmatrix_get_stats" name="get_scatterplotmatrix_stats_x_y_numeric"/>
    <testcase time="0.00199999999998113" classname="scatterplotmatrix_get_stats" name="get_scatterplotmatrix_stats_x_y_numeric"/>
    <testcase time="0.00499999999999545" classname="scatterplotmatrix_get_stats" name="get_scatterplotmatrix_stats_x_y_character"/>
    <testcase time="0.00200000000000955" classname="scatterplotmatrix_get_stats" name="get_scatterplotmatrix_stats_x_y_character"/>
    <testcase time="0.00300000000001432" classname="scatterplotmatrix_get_stats" name="get_scatterplotmatrix_stats_x_y_character"/>
  </testsuite>
  <testsuite name="variable_browser" timestamp="2024-04-19T10:52:31Z" hostname="7102f5d464f7" tests="3" skipped="0" failures="0" errors="0" time="0.012">
    <testcase time="0.00499999999999545" classname="variable_browser" name="remove_outliers_from_does_not_remove_outliers_when_outlier_definition_is_zero"/>
    <testcase time="0.00399999999999068" classname="variable_browser" name="remove_outliers_from_removes_outliers_when_outlier_definition_is_non_zero"/>
    <testcase time="0.00300000000001432" classname="variable_browser" name="remove_outliers_from_keeps_missing_values_unchanged"/>
  </testsuite>
</testsuites>
