<?xml version="1.0" encoding="UTF-8"?>
<testsuites>
  <testsuite name="shinytest2-tm_a_regression" timestamp="2024-04-19T11:32:16Z" hostname="8170258aee1a" tests="31" skipped="0" failures="0" errors="0" time="41.928">
    <testcase time="5.395" classname="shinytest2_tm_a_regression" name="e2e_tm_a_regression_data_parameter_and_module_label_is_passed_properly"/>
    <testcase time="0.0179999999999998" classname="shinytest2_tm_a_regression" name="e2e_tm_a_regression_data_parameter_and_module_label_is_passed_properly"/>
    <testcase time="0.0100000000000007" classname="shinytest2_tm_a_regression" name="e2e_tm_a_regression_data_parameter_and_module_label_is_passed_properly"/>
    <testcase time="4.468" classname="shinytest2_tm_a_regression" name="e2e_tm_a_regression_data_extract_spec_elements_are_initialized_with_the_default_values_specified_by_response_and_regressor_arg"/>
    <testcase time="0.101000000000001" classname="shinytest2_tm_a_regression" name="e2e_tm_a_regression_data_extract_spec_elements_are_initialized_with_the_default_values_specified_by_response_and_regressor_arg"/>
    <testcase time="5.655" classname="shinytest2_tm_a_regression" name="e2e_tm_a_regression_plot_type_is_set_properly"/>
    <testcase time="4.713" classname="shinytest2_tm_a_regression" name="e2e_tm_a_regression_plot_type_has_7_specific_choices_changing_choices_does_not_throw_errors"/>
    <testcase time="1.682" classname="shinytest2_tm_a_regression" name="e2e_tm_a_regression_plot_type_has_7_specific_choices_changing_choices_does_not_throw_errors"/>
    <testcase time="0.00199999999999889" classname="shinytest2_tm_a_regression" name="e2e_tm_a_regression_plot_type_has_7_specific_choices_changing_choices_does_not_throw_errors"/>
    <testcase time="0.808" classname="shinytest2_tm_a_regression" name="e2e_tm_a_regression_plot_type_has_7_specific_choices_changing_choices_does_not_throw_errors"/>
    <testcase time="0.00100000000000122" classname="shinytest2_tm_a_regression" name="e2e_tm_a_regression_plot_type_has_7_specific_choices_changing_choices_does_not_throw_errors"/>
    <testcase time="0.823999999999998" classname="shinytest2_tm_a_regression" name="e2e_tm_a_regression_plot_type_has_7_specific_choices_changing_choices_does_not_throw_errors"/>
    <testcase time="0.00100000000000122" classname="shinytest2_tm_a_regression" name="e2e_tm_a_regression_plot_type_has_7_specific_choices_changing_choices_does_not_throw_errors"/>
    <testcase time="0.818999999999999" classname="shinytest2_tm_a_regression" name="e2e_tm_a_regression_plot_type_has_7_specific_choices_changing_choices_does_not_throw_errors"/>
    <testcase time="0.00200000000000244" classname="shinytest2_tm_a_regression" name="e2e_tm_a_regression_plot_type_has_7_specific_choices_changing_choices_does_not_throw_errors"/>
    <testcase time="0.796999999999997" classname="shinytest2_tm_a_regression" name="e2e_tm_a_regression_plot_type_has_7_specific_choices_changing_choices_does_not_throw_errors"/>
    <testcase time="0.00100000000000122" classname="shinytest2_tm_a_regression" name="e2e_tm_a_regression_plot_type_has_7_specific_choices_changing_choices_does_not_throw_errors"/>
    <testcase time="0.972000000000001" classname="shinytest2_tm_a_regression" name="e2e_tm_a_regression_plot_type_has_7_specific_choices_changing_choices_does_not_throw_errors"/>
    <testcase time="0.000999999999997669" classname="shinytest2_tm_a_regression" name="e2e_tm_a_regression_plot_type_has_7_specific_choices_changing_choices_does_not_throw_errors"/>
    <testcase time="0.828000000000003" classname="shinytest2_tm_a_regression" name="e2e_tm_a_regression_plot_type_has_7_specific_choices_changing_choices_does_not_throw_errors"/>
    <testcase time="4.576" classname="shinytest2_tm_a_regression" name="e2e_tm_a_regression_outlier_definition_and_label_are_visible_by_default"/>
    <testcase time="0.00600000000000023" classname="shinytest2_tm_a_regression" name="e2e_tm_a_regression_outlier_definition_and_label_are_visible_by_default"/>
    <testcase time="0.00500000000000256" classname="shinytest2_tm_a_regression" name="e2e_tm_a_regression_outlier_definition_and_label_are_visible_by_default"/>
    <testcase time="4.601" classname="shinytest2_tm_a_regression" name="e2e_tm_a_regression_outlier_definition_and_label_have_default_values_and_label_text"/>
    <testcase time="0.00399999999999778" classname="shinytest2_tm_a_regression" name="e2e_tm_a_regression_outlier_definition_and_label_have_default_values_and_label_text"/>
    <testcase time="0.00200000000000244" classname="shinytest2_tm_a_regression" name="e2e_tm_a_regression_outlier_definition_and_label_have_default_values_and_label_text"/>
    <testcase time="0.101999999999997" classname="shinytest2_tm_a_regression" name="e2e_tm_a_regression_outlier_definition_and_label_have_default_values_and_label_text"/>
    <testcase time="0.0620000000000047" classname="shinytest2_tm_a_regression" name="e2e_tm_a_regression_outlier_definition_and_label_have_default_values_and_label_text"/>
    <testcase time="5.461" classname="shinytest2_tm_a_regression" name="e2e_tm_a_regression_unchecking_display_outlier_hides_outlier_label_and_definition"/>
    <testcase time="0.00600000000000023" classname="shinytest2_tm_a_regression" name="e2e_tm_a_regression_unchecking_display_outlier_hides_outlier_label_and_definition"/>
    <testcase time="0.00500000000000256" classname="shinytest2_tm_a_regression" name="e2e_tm_a_regression_unchecking_display_outlier_hides_outlier_label_and_definition"/>
  </testsuite>
  <testsuite name="shinytest2-tm_file_viewer" timestamp="2024-04-19T11:32:58Z" hostname="8170258aee1a" tests="13" skipped="0" failures="0" errors="0" time="17.64">
    <testcase time="4.10299999999999" classname="shinytest2_tm_file_viewer" name="e2e_tm_file_viewer_Initializes_without_errors_and_shows_files_tree_specified_in_input_path_argument"/>
    <testcase time="0.00600000000000023" classname="shinytest2_tm_file_viewer" name="e2e_tm_file_viewer_Initializes_without_errors_and_shows_files_tree_specified_in_input_path_argument"/>
    <testcase time="0.00500000000000256" classname="shinytest2_tm_file_viewer" name="e2e_tm_file_viewer_Initializes_without_errors_and_shows_files_tree_specified_in_input_path_argument"/>
    <testcase time="0.0409999999999968" classname="shinytest2_tm_file_viewer" name="e2e_tm_file_viewer_Initializes_without_errors_and_shows_files_tree_specified_in_input_path_argument"/>
    <testcase time="0.00400000000000489" classname="shinytest2_tm_file_viewer" name="e2e_tm_file_viewer_Initializes_without_errors_and_shows_files_tree_specified_in_input_path_argument"/>
    <testcase time="4.056" classname="shinytest2_tm_file_viewer" name="e2e_tm_file_viewer_Shows_selected_image_file"/>
    <testcase time="0.00600000000000023" classname="shinytest2_tm_file_viewer" name="e2e_tm_file_viewer_Shows_selected_image_file"/>
    <testcase time="4.209" classname="shinytest2_tm_file_viewer" name="e2e_tm_file_viewer_Shows_selected_text_file"/>
    <testcase time="0.0069999999999979" classname="shinytest2_tm_file_viewer" name="e2e_tm_file_viewer_Shows_selected_text_file"/>
    <testcase time="0.00200000000000244" classname="shinytest2_tm_file_viewer" name="e2e_tm_file_viewer_Shows_selected_text_file"/>
    <testcase time="0.156999999999996" classname="shinytest2_tm_file_viewer" name="e2e_tm_file_viewer_Shows_selected_text_file"/>
    <testcase time="4.877" classname="shinytest2_tm_file_viewer" name="e2e_tm_file_viewer_Shows_selected_url"/>
    <testcase time="0.167000000000002" classname="shinytest2_tm_file_viewer" name="e2e_tm_file_viewer_Shows_selected_url"/>
  </testsuite>
  <testsuite name="shinytest2-tm_front_page" timestamp="2024-04-19T11:33:16Z" hostname="8170258aee1a" tests="9" skipped="0" failures="0" errors="0" time="13.081">
    <testcase time="3.795" classname="shinytest2_tm_front_page" name="e2e_tm_front_page_Initializes_without_errors_and_check_html_elements"/>
    <testcase time="0.00399999999999068" classname="shinytest2_tm_front_page" name="e2e_tm_front_page_Initializes_without_errors_and_check_html_elements"/>
    <testcase time="0.007000000000005" classname="shinytest2_tm_front_page" name="e2e_tm_front_page_Initializes_without_errors_and_check_html_elements"/>
    <testcase time="0.007000000000005" classname="shinytest2_tm_front_page" name="e2e_tm_front_page_Initializes_without_errors_and_check_html_elements"/>
    <testcase time="4.131" classname="shinytest2_tm_front_page" name="e2e_tm_front_page_Verify_the_module_displays_tables"/>
    <testcase time="0.00600000000000023" classname="shinytest2_tm_front_page" name="e2e_tm_front_page_Verify_the_module_displays_tables"/>
    <testcase time="0.10199999999999" classname="shinytest2_tm_front_page" name="e2e_tm_front_page_Verify_the_module_displays_tables"/>
    <testcase time="0.00600000000000023" classname="shinytest2_tm_front_page" name="e2e_tm_front_page_Verify_the_module_displays_tables"/>
    <testcase time="5.02300000000001" classname="shinytest2_tm_front_page" name="e2e_tm_front_page_Verify_the_module_displays_metadata"/>
  </testsuite>
  <testsuite name="shinytest2-tm_g_association" timestamp="2024-04-19T11:33:29Z" hostname="8170258aee1a" tests="13" skipped="0" failures="0" errors="0" time="27.685">
    <testcase time="5.705" classname="shinytest2_tm_g_association" name="e2e_tm_g_association_data_parameter_and_module_label_is_passed_properly"/>
    <testcase time="0.00399999999999068" classname="shinytest2_tm_g_association" name="e2e_tm_g_association_data_parameter_and_module_label_is_passed_properly"/>
    <testcase time="0.00400000000000489" classname="shinytest2_tm_g_association" name="e2e_tm_g_association_data_parameter_and_module_label_is_passed_properly"/>
    <testcase time="5.791" classname="shinytest2_tm_g_association" name="e2e_tm_g_association_data_extract_spec_elements_are_initialized_with_the_default_values_specified_by_ref_and_vars_arguments"/>
    <testcase time="1.042" classname="shinytest2_tm_g_association" name="e2e_tm_g_association_data_extract_spec_elements_are_initialized_with_the_default_values_specified_by_ref_and_vars_arguments"/>
    <testcase time="0.0169999999999959" classname="shinytest2_tm_g_association" name="e2e_tm_g_association_data_extract_spec_elements_are_initialized_with_the_default_values_specified_by_ref_and_vars_arguments"/>
    <testcase time="0.914000000000001" classname="shinytest2_tm_g_association" name="e2e_tm_g_association_data_extract_spec_elements_are_initialized_with_the_default_values_specified_by_ref_and_vars_arguments"/>
    <testcase time="5.68900000000001" classname="shinytest2_tm_g_association" name="e2e_tm_g_association_module_plot_is_visible"/>
    <testcase time="5.935" classname="shinytest2_tm_g_association" name="e2e_tm_g_association_test_if_default_radio_buttons_are_checked"/>
    <testcase time="0.0589999999999975" classname="shinytest2_tm_g_association" name="e2e_tm_g_association_test_if_default_radio_buttons_are_checked"/>
    <testcase time="0.0600000000000023" classname="shinytest2_tm_g_association" name="e2e_tm_g_association_test_if_default_radio_buttons_are_checked"/>
    <testcase time="2.45899999999999" classname="shinytest2_tm_g_association" name="e2e_tm_g_association_test_if_default_radio_buttons_are_checked"/>
    <testcase time="0.00600000000000023" classname="shinytest2_tm_g_association" name="e2e_tm_g_association_test_if_default_radio_buttons_are_checked"/>
  </testsuite>
  <testsuite name="shinytest2-tm_g_scatterplot" timestamp="2024-04-19T11:33:56Z" hostname="8170258aee1a" tests="26" skipped="0" failures="0" errors="0" time="63.962">
    <testcase time="6.22200000000001" classname="shinytest2_tm_g_scatterplot" name="e2e_tm_g_scatterplot_module_is_initialised_with_the_specified_defaults"/>
    <testcase time="0.0729999999999933" classname="shinytest2_tm_g_scatterplot" name="e2e_tm_g_scatterplot_module_is_initialised_with_the_specified_defaults"/>
    <testcase time="0.115000000000009" classname="shinytest2_tm_g_scatterplot" name="e2e_tm_g_scatterplot_module_is_initialised_with_the_specified_defaults"/>
    <testcase time="0.0619999999999976" classname="shinytest2_tm_g_scatterplot" name="e2e_tm_g_scatterplot_module_is_initialised_with_the_specified_defaults"/>
    <testcase time="0.0600000000000023" classname="shinytest2_tm_g_scatterplot" name="e2e_tm_g_scatterplot_module_is_initialised_with_the_specified_defaults"/>
    <testcase time="0.0600000000000023" classname="shinytest2_tm_g_scatterplot" name="e2e_tm_g_scatterplot_module_is_initialised_with_the_specified_defaults"/>
    <testcase time="0.0579999999999927" classname="shinytest2_tm_g_scatterplot" name="e2e_tm_g_scatterplot_module_is_initialised_with_the_specified_defaults"/>
    <testcase time="0.0619999999999976" classname="shinytest2_tm_g_scatterplot" name="e2e_tm_g_scatterplot_module_is_initialised_with_the_specified_defaults"/>
    <testcase time="0.0640000000000072" classname="shinytest2_tm_g_scatterplot" name="e2e_tm_g_scatterplot_module_is_initialised_with_the_specified_defaults"/>
    <testcase time="0.0589999999999975" classname="shinytest2_tm_g_scatterplot" name="e2e_tm_g_scatterplot_module_is_initialised_with_the_specified_defaults"/>
    <testcase time="0.0600000000000023" classname="shinytest2_tm_g_scatterplot" name="e2e_tm_g_scatterplot_module_is_initialised_with_the_specified_defaults"/>
    <testcase time="0.0589999999999975" classname="shinytest2_tm_g_scatterplot" name="e2e_tm_g_scatterplot_module_is_initialised_with_the_specified_defaults"/>
    <testcase time="0.0600000000000023" classname="shinytest2_tm_g_scatterplot" name="e2e_tm_g_scatterplot_module_is_initialised_with_the_specified_defaults"/>
    <testcase time="0.0619999999999976" classname="shinytest2_tm_g_scatterplot" name="e2e_tm_g_scatterplot_module_is_initialised_with_the_specified_defaults"/>
    <testcase time="0.063999999999993" classname="shinytest2_tm_g_scatterplot" name="e2e_tm_g_scatterplot_module_is_initialised_with_the_specified_defaults"/>
    <testcase time="0.0600000000000023" classname="shinytest2_tm_g_scatterplot" name="e2e_tm_g_scatterplot_module_is_initialised_with_the_specified_defaults"/>
    <testcase time="0.0600000000000023" classname="shinytest2_tm_g_scatterplot" name="e2e_tm_g_scatterplot_module_is_initialised_with_the_specified_defaults"/>
    <testcase time="0.0679999999999978" classname="shinytest2_tm_g_scatterplot" name="e2e_tm_g_scatterplot_module_is_initialised_with_the_specified_defaults"/>
    <testcase time="0.0580000000000069" classname="shinytest2_tm_g_scatterplot" name="e2e_tm_g_scatterplot_module_is_initialised_with_the_specified_defaults"/>
    <testcase time="8.721" classname="shinytest2_tm_g_scatterplot" name="e2e_tm_g_scatterplot_base_for_the_log_transformation_can_be_applied"/>
    <testcase time="8.19999999999999" classname="shinytest2_tm_g_scatterplot" name="e2e_tm_g_scatterplot_base_for_the_log_transformation_can_be_applied"/>
    <testcase time="6.754" classname="shinytest2_tm_g_scatterplot" name="e2e_tm_g_scatterplot_log_transform_is_only_possible_for_positive_numeric_vars"/>
    <testcase time="0.792000000000002" classname="shinytest2_tm_g_scatterplot" name="e2e_tm_g_scatterplot_log_transform_is_only_possible_for_positive_numeric_vars"/>
    <testcase time="1.38200000000001" classname="shinytest2_tm_g_scatterplot" name="e2e_tm_g_scatterplot_log_transform_is_only_possible_for_positive_numeric_vars"/>
    <testcase time="7.11499999999998" classname="shinytest2_tm_g_scatterplot" name="e2e_tm_g_scatterplot_get_validation_error_when_facetting_with_the_same_row_col_variable"/>
    <testcase time="23.612" classname="shinytest2_tm_g_scatterplot" name="e2e_tm_g_scatterplot_encoding_inputs_produce_output_without_validation_errors"/>
  </testsuite>
  <testsuite name="shinytest2-tm_g_scatterplotmatrix" timestamp="2024-04-19T11:35:00Z" hostname="8170258aee1a" tests="9" skipped="0" failures="0" errors="0" time="22.982">
    <testcase time="5.13299999999998" classname="shinytest2_tm_g_scatterplotmatrix" name="e2e_tm_g_scatterplotmatrix_Initializes_without_errors"/>
    <testcase time="0.00499999999999545" classname="shinytest2_tm_g_scatterplotmatrix" name="e2e_tm_g_scatterplotmatrix_Initializes_without_errors"/>
    <testcase time="0.0040000000000191" classname="shinytest2_tm_g_scatterplotmatrix" name="e2e_tm_g_scatterplotmatrix_Initializes_without_errors"/>
    <testcase time="4.75399999999999" classname="shinytest2_tm_g_scatterplotmatrix" name="e2e_tm_g_scatterplotmatrix_Verify_module_displays_data_table"/>
    <testcase time="4.964" classname="shinytest2_tm_g_scatterplotmatrix" name="e2e_tm_g_scatterplotmatrix_Verify_default_values_and_settings_data_extracts_for_data_selection"/>
    <testcase time="0.00100000000000477" classname="shinytest2_tm_g_scatterplotmatrix" name="e2e_tm_g_scatterplotmatrix_Verify_default_values_and_settings_data_extracts_for_data_selection"/>
    <testcase time="1.297" classname="shinytest2_tm_g_scatterplotmatrix" name="e2e_tm_g_scatterplotmatrix_Verify_default_values_and_settings_data_extracts_for_data_selection"/>
    <testcase time="6.12200000000001" classname="shinytest2_tm_g_scatterplotmatrix" name="e2e_tm_g_scatterplotmatrix_Change_plot_settings"/>
    <testcase time="0.701999999999998" classname="shinytest2_tm_g_scatterplotmatrix" name="e2e_tm_g_scatterplotmatrix_Change_plot_settings"/>
  </testsuite>
  <testsuite name="shinytest2-tm_outliers" timestamp="2024-04-19T11:35:23Z" hostname="8170258aee1a" tests="61" skipped="0" failures="0" errors="0" time="83.915">
    <testcase time="5.78899999999999" classname="shinytest2_tm_outliers" name="e2e_tm_outliers_data_parameter_and_module_label_is_passed_properly"/>
    <testcase time="0.00399999999999068" classname="shinytest2_tm_outliers" name="e2e_tm_outliers_data_parameter_and_module_label_is_passed_properly"/>
    <testcase time="0.00500000000002387" classname="shinytest2_tm_outliers" name="e2e_tm_outliers_data_parameter_and_module_label_is_passed_properly"/>
    <testcase time="0.000999999999976353" classname="shinytest2_tm_outliers" name="e2e_tm_outliers_data_parameter_and_module_label_is_passed_properly"/>
    <testcase time="5.77200000000002" classname="shinytest2_tm_outliers" name="e2e_tm_outliers_data_extract_spec_elements_are_initialized_with_the_default_values_specified_by_outlier_var_and_categorical_var_argument"/>
    <testcase time="0.162999999999982" classname="shinytest2_tm_outliers" name="e2e_tm_outliers_data_extract_spec_elements_are_initialized_with_the_default_values_specified_by_outlier_var_and_categorical_var_argument"/>
    <testcase time="1.39200000000002" classname="shinytest2_tm_outliers" name="e2e_tm_outliers_data_extract_spec_elements_are_initialized_with_the_default_values_specified_by_outlier_var_and_categorical_var_argument"/>
    <testcase time="0.063999999999993" classname="shinytest2_tm_outliers" name="e2e_tm_outliers_data_extract_spec_elements_are_initialized_with_the_default_values_specified_by_outlier_var_and_categorical_var_argument"/>
    <testcase time="0.063999999999993" classname="shinytest2_tm_outliers" name="e2e_tm_outliers_data_extract_spec_elements_are_initialized_with_the_default_values_specified_by_outlier_var_and_categorical_var_argument"/>
    <testcase time="0.924000000000007" classname="shinytest2_tm_outliers" name="e2e_tm_outliers_data_extract_spec_elements_are_initialized_with_the_default_values_specified_by_outlier_var_and_categorical_var_argument"/>
    <testcase time="0.699999999999989" classname="shinytest2_tm_outliers" name="e2e_tm_outliers_data_extract_spec_elements_are_initialized_with_the_default_values_specified_by_outlier_var_and_categorical_var_argument"/>
    <testcase time="5.85400000000001" classname="shinytest2_tm_outliers" name="e2e_tm_outliers_default_plot_type_is_set_properly_and_has_proper_possible_choices"/>
    <testcase time="0.0609999999999786" classname="shinytest2_tm_outliers" name="e2e_tm_outliers_default_plot_type_is_set_properly_and_has_proper_possible_choices"/>
    <testcase time="0.00500000000002387" classname="shinytest2_tm_outliers" name="e2e_tm_outliers_default_plot_type_is_set_properly_and_has_proper_possible_choices"/>
    <testcase time="1.524" classname="shinytest2_tm_outliers" name="e2e_tm_outliers_default_plot_type_is_set_properly_and_has_proper_possible_choices"/>
    <testcase time="5.71099999999998" classname="shinytest2_tm_outliers" name="e2e_tm_outliers_module_is_divided_into_3_tabs"/>
    <testcase time="0.078000000000003" classname="shinytest2_tm_outliers" name="e2e_tm_outliers_module_is_divided_into_3_tabs"/>
    <testcase time="0.00800000000000978" classname="shinytest2_tm_outliers" name="e2e_tm_outliers_module_is_divided_into_3_tabs"/>
    <testcase time="5.92099999999999" classname="shinytest2_tm_outliers" name="e2e_tm_outliers_plot_type_is_hidden_when_Boxplot_tab_is_not_selected"/>
    <testcase time="0.00600000000000023" classname="shinytest2_tm_outliers" name="e2e_tm_outliers_plot_type_is_hidden_when_Boxplot_tab_is_not_selected"/>
    <testcase time="1.76300000000001" classname="shinytest2_tm_outliers" name="e2e_tm_outliers_plot_type_is_hidden_when_Boxplot_tab_is_not_selected"/>
    <testcase time="2.06799999999998" classname="shinytest2_tm_outliers" name="e2e_tm_outliers_plot_type_is_hidden_when_Boxplot_tab_is_not_selected"/>
    <testcase time="5.815" classname="shinytest2_tm_outliers" name="e2e_tm_outliers_default_radio_buttons_are_set_properly"/>
    <testcase time="0.0630000000000166" classname="shinytest2_tm_outliers" name="e2e_tm_outliers_default_radio_buttons_are_set_properly"/>
    <testcase time="0.120000000000005" classname="shinytest2_tm_outliers" name="e2e_tm_outliers_default_radio_buttons_are_set_properly"/>
    <testcase time="2.876" classname="shinytest2_tm_outliers" name="e2e_tm_outliers_default_radio_buttons_are_set_properly"/>
    <testcase time="5.69299999999998" classname="shinytest2_tm_outliers" name="e2e_tm_outliers_method_parameters_are_set_properly"/>
    <testcase time="0.0680000000000121" classname="shinytest2_tm_outliers" name="e2e_tm_outliers_method_parameters_are_set_properly"/>
    <testcase time="0.00499999999999545" classname="shinytest2_tm_outliers" name="e2e_tm_outliers_method_parameters_are_set_properly"/>
    <testcase time="0.00100000000000477" classname="shinytest2_tm_outliers" name="e2e_tm_outliers_method_parameters_are_set_properly"/>
    <testcase time="6.04599999999999" classname="shinytest2_tm_outliers" name="e2e_tm_outliers_outlier_definition_text_and_range_are_displayed_properly_depending_on_method"/>
    <testcase time="0.007000000000005" classname="shinytest2_tm_outliers" name="e2e_tm_outliers_outlier_definition_text_and_range_are_displayed_properly_depending_on_method"/>
    <testcase time="0.00799999999998136" classname="shinytest2_tm_outliers" name="e2e_tm_outliers_outlier_definition_text_and_range_are_displayed_properly_depending_on_method"/>
    <testcase time="0.007000000000005" classname="shinytest2_tm_outliers" name="e2e_tm_outliers_outlier_definition_text_and_range_are_displayed_properly_depending_on_method"/>
    <testcase time="0.070999999999998" classname="shinytest2_tm_outliers" name="e2e_tm_outliers_outlier_definition_text_and_range_are_displayed_properly_depending_on_method"/>
    <testcase time="0.00800000000000978" classname="shinytest2_tm_outliers" name="e2e_tm_outliers_outlier_definition_text_and_range_are_displayed_properly_depending_on_method"/>
    <testcase time="0.0569999999999879" classname="shinytest2_tm_outliers" name="e2e_tm_outliers_outlier_definition_text_and_range_are_displayed_properly_depending_on_method"/>
    <testcase time="1.476" classname="shinytest2_tm_outliers" name="e2e_tm_outliers_outlier_definition_text_and_range_are_displayed_properly_depending_on_method"/>
    <testcase time="1.25400000000002" classname="shinytest2_tm_outliers" name="e2e_tm_outliers_outlier_definition_text_and_range_are_displayed_properly_depending_on_method"/>
    <testcase time="0.00600000000000023" classname="shinytest2_tm_outliers" name="e2e_tm_outliers_outlier_definition_text_and_range_are_displayed_properly_depending_on_method"/>
    <testcase time="0.007000000000005" classname="shinytest2_tm_outliers" name="e2e_tm_outliers_outlier_definition_text_and_range_are_displayed_properly_depending_on_method"/>
    <testcase time="0.0149999999999864" classname="shinytest2_tm_outliers" name="e2e_tm_outliers_outlier_definition_text_and_range_are_displayed_properly_depending_on_method"/>
    <testcase time="1.23400000000001" classname="shinytest2_tm_outliers" name="e2e_tm_outliers_outlier_definition_text_and_range_are_displayed_properly_depending_on_method"/>
    <testcase time="1.44200000000001" classname="shinytest2_tm_outliers" name="e2e_tm_outliers_outlier_definition_text_and_range_are_displayed_properly_depending_on_method"/>
    <testcase time="0.00600000000000023" classname="shinytest2_tm_outliers" name="e2e_tm_outliers_outlier_definition_text_and_range_are_displayed_properly_depending_on_method"/>
    <testcase time="0.00699999999997658" classname="shinytest2_tm_outliers" name="e2e_tm_outliers_outlier_definition_text_and_range_are_displayed_properly_depending_on_method"/>
    <testcase time="0.0160000000000196" classname="shinytest2_tm_outliers" name="e2e_tm_outliers_outlier_definition_text_and_range_are_displayed_properly_depending_on_method"/>
    <testcase time="1.31099999999998" classname="shinytest2_tm_outliers" name="e2e_tm_outliers_outlier_definition_text_and_range_are_displayed_properly_depending_on_method"/>
    <testcase time="5.65299999999999" classname="shinytest2_tm_outliers" name="e2e_tm_outliers_outliers_summary_table_is_displayed_with_proper_content"/>
    <testcase time="0.00499999999999545" classname="shinytest2_tm_outliers" name="e2e_tm_outliers_outliers_summary_table_is_displayed_with_proper_content"/>
    <testcase time="0.0040000000000191" classname="shinytest2_tm_outliers" name="e2e_tm_outliers_outliers_summary_table_is_displayed_with_proper_content"/>
    <testcase time="0.0660000000000309" classname="shinytest2_tm_outliers" name="e2e_tm_outliers_outliers_summary_table_is_displayed_with_proper_content"/>
    <testcase time="2.75899999999996" classname="shinytest2_tm_outliers" name="e2e_tm_outliers_outliers_summary_table_is_displayed_with_proper_content"/>
    <testcase time="0.0040000000000191" classname="shinytest2_tm_outliers" name="e2e_tm_outliers_outliers_summary_table_is_displayed_with_proper_content"/>
    <testcase time="1.25900000000001" classname="shinytest2_tm_outliers" name="e2e_tm_outliers_outliers_summary_table_is_displayed_with_proper_content"/>
    <testcase time="0.00399999999996226" classname="shinytest2_tm_outliers" name="e2e_tm_outliers_outliers_summary_table_is_displayed_with_proper_content"/>
    <testcase time="5.84800000000001" classname="shinytest2_tm_outliers" name="e2e_tm_outliers_outlier_table_is_displayed_with_proper_content"/>
    <testcase time="2.81299999999999" classname="shinytest2_tm_outliers" name="e2e_tm_outliers_outlier_table_is_displayed_with_proper_content"/>
    <testcase time="0.000999999999976353" classname="shinytest2_tm_outliers" name="e2e_tm_outliers_outlier_table_is_displayed_with_proper_content"/>
    <testcase time="0.00200000000000955" classname="shinytest2_tm_outliers" name="e2e_tm_outliers_outlier_table_is_displayed_with_proper_content"/>
    <testcase time="0.000999999999976353" classname="shinytest2_tm_outliers" name="e2e_tm_outliers_outlier_table_is_displayed_with_proper_content"/>
  </testsuite>
  <testsuite name="shinytest2-tm_variable_browser" timestamp="2024-04-19T11:36:47Z" hostname="8170258aee1a" tests="24" skipped="0" failures="0" errors="0" time="48.891">
    <testcase time="5.62" classname="shinytest2_tm_variable_browser" name="e2e_tm_variable_browser_content_is_displayed_correctly"/>
    <testcase time="0.0040000000000191" classname="shinytest2_tm_variable_browser" name="e2e_tm_variable_browser_content_is_displayed_correctly"/>
    <testcase time="0.00600000000002865" classname="shinytest2_tm_variable_browser" name="e2e_tm_variable_browser_content_is_displayed_correctly"/>
    <testcase time="0.00399999999996226" classname="shinytest2_tm_variable_browser" name="e2e_tm_variable_browser_content_is_displayed_correctly"/>
    <testcase time="0.0040000000000191" classname="shinytest2_tm_variable_browser" name="e2e_tm_variable_browser_content_is_displayed_correctly"/>
    <testcase time="8.64499999999998" classname="shinytest2_tm_variable_browser" name="e2e_tm_variable_browser_Selecting_treat_variable_as_factor_changes_the_table_headers"/>
    <testcase time="7.161" classname="shinytest2_tm_variable_browser" name="e2e_tm_variable_browser_selection_of_categorical_variable_has_a_table_with_level_header"/>
    <testcase time="6.45499999999998" classname="shinytest2_tm_variable_browser" name="e2e_tm_variable_browser_changing_display_density_encoding_doesn_t_show_errors"/>
    <testcase time="0.765000000000043" classname="shinytest2_tm_variable_browser" name="e2e_tm_variable_browser_changing_display_density_encoding_doesn_t_show_errors"/>
    <testcase time="5.71499999999997" classname="shinytest2_tm_variable_browser" name="e2e_tm_variable_browser_changing_outlier_definition_encoding_doesn_t_show_errors"/>
    <testcase time="0.850999999999999" classname="shinytest2_tm_variable_browser" name="e2e_tm_variable_browser_changing_outlier_definition_encoding_doesn_t_show_errors"/>
    <testcase time="0.0040000000000191" classname="shinytest2_tm_variable_browser" name="e2e_tm_variable_browser_changing_outlier_definition_encoding_doesn_t_show_errors"/>
    <testcase time="0.774999999999977" classname="shinytest2_tm_variable_browser" name="e2e_tm_variable_browser_changing_outlier_definition_encoding_doesn_t_show_errors"/>
    <testcase time="0.740000000000009" classname="shinytest2_tm_variable_browser" name="e2e_tm_variable_browser_changing_outlier_definition_encoding_doesn_t_show_errors"/>
    <testcase time="5.63600000000002" classname="shinytest2_tm_variable_browser" name="e2e_tm_variable_browser_changing_plot_setting_encodings_doesn_t_show_errors"/>
    <testcase time="0.753999999999962" classname="shinytest2_tm_variable_browser" name="e2e_tm_variable_browser_changing_plot_setting_encodings_doesn_t_show_errors"/>
    <testcase time="0.705000000000041" classname="shinytest2_tm_variable_browser" name="e2e_tm_variable_browser_changing_plot_setting_encodings_doesn_t_show_errors"/>
    <testcase time="0.709000000000003" classname="shinytest2_tm_variable_browser" name="e2e_tm_variable_browser_changing_plot_setting_encodings_doesn_t_show_errors"/>
    <testcase time="0.73599999999999" classname="shinytest2_tm_variable_browser" name="e2e_tm_variable_browser_changing_plot_setting_encodings_doesn_t_show_errors"/>
    <testcase time="0.711999999999989" classname="shinytest2_tm_variable_browser" name="e2e_tm_variable_browser_changing_plot_setting_encodings_doesn_t_show_errors"/>
    <testcase time="0.71999999999997" classname="shinytest2_tm_variable_browser" name="e2e_tm_variable_browser_changing_plot_setting_encodings_doesn_t_show_errors"/>
    <testcase time="0.722000000000037" classname="shinytest2_tm_variable_browser" name="e2e_tm_variable_browser_changing_plot_setting_encodings_doesn_t_show_errors"/>
    <testcase time="0.740999999999985" classname="shinytest2_tm_variable_browser" name="e2e_tm_variable_browser_changing_plot_setting_encodings_doesn_t_show_errors"/>
    <testcase time="0.706999999999994" classname="shinytest2_tm_variable_browser" name="e2e_tm_variable_browser_changing_plot_setting_encodings_doesn_t_show_errors"/>
  </testsuite>
  <testsuite name="tm_g_bivariate" timestamp="2024-04-19T11:37:36Z" hostname="8170258aee1a" tests="18" skipped="0" failures="0" errors="0" time="0.192">
    <testcase time="0.0790000000000077" classname="tm_g_bivariate" name="tm_g_bivariate_creates_a_teal_module_object"/>
    <testcase time="0.00499999999999545" classname="tm_g_bivariate" name="tm_g_bivariate_creates_a_teal_module_object_with_default_options"/>
    <testcase time="0.00499999999999545" classname="tm_g_bivariate" name="tm_g_bivariate_creates_a_teal_module_object_with_multiple_data_extract_specs"/>
    <testcase time="0.0040000000000191" classname="tm_g_bivariate" name="tm_g_bivariate_creates_a_module_with_datanames_taken_from_data_extracts"/>
    <testcase time="0.00799999999998136" classname="tm_g_bivariate" name="tm_g_bivariate_fails_when_x_contains_a_spec_with_multiple_selection"/>
    <testcase time="0.007000000000005" classname="tm_g_bivariate" name="tm_g_bivariate_fails_when_x_contains_multiple_spec_with_at_least_one_multiple_selection"/>
    <testcase time="0.007000000000005" classname="tm_g_bivariate" name="tm_g_bivariate_fails_when_x_contains_multiple_spec_with_at_least_one_multiple_selection"/>
    <testcase time="0.007000000000005" classname="tm_g_bivariate" name="tm_g_bivariate_fails_when_y_contains_multiple_spec_with_at_least_one_multiple_selection"/>
    <testcase time="0.007000000000005" classname="tm_g_bivariate" name="tm_g_bivariate_fails_when_plot_height_is_not_valid"/>
    <testcase time="0.007000000000005" classname="tm_g_bivariate" name="tm_g_bivariate_fails_when_plot_height_is_not_valid"/>
    <testcase time="0.007000000000005" classname="tm_g_bivariate" name="tm_g_bivariate_fails_when_plot_height_is_not_valid"/>
    <testcase time="0.007000000000005" classname="tm_g_bivariate" name="tm_g_bivariate_fails_when_plot_width_is_not_valid"/>
    <testcase time="0.00699999999994816" classname="tm_g_bivariate" name="tm_g_bivariate_fails_when_plot_width_is_not_valid"/>
    <testcase time="0.007000000000005" classname="tm_g_bivariate" name="tm_g_bivariate_fails_when_plot_width_is_not_valid"/>
    <testcase time="0.0080000000000382" classname="tm_g_bivariate" name="tm_g_bivariate_fails_when_color_setting_is_FALSE_and_color_is_supplied"/>
    <testcase time="0.007000000000005" classname="tm_g_bivariate" name="tm_g_bivariate_fails_when_color_setting_is_FALSE_and_size_is_supplied"/>
    <testcase time="0.00799999999998136" classname="tm_g_bivariate" name="tm_g_bivariate_fails_when_color_setting_is_FALSE_and_fill_is_supplied"/>
    <testcase time="0.00499999999999545" classname="tm_g_bivariate" name="tm_g_bivariate_determines_color_size_and_fill_when_color_setting_is_TRUE"/>
  </testsuite>
  <testsuite name="bivariate_ggplot_call" timestamp="2024-04-19T11:37:36Z" hostname="8170258aee1a" tests="21" skipped="0" failures="0" errors="0" time="0.066">
    <testcase time="0.007000000000005" classname="bivariate_ggplot_call" name="bivariate_ggplot_call_with_numerics"/>
    <testcase time="0.0029999999999859" classname="bivariate_ggplot_call" name="bivariate_ggplot_call_with_numerics"/>
    <testcase time="0.00200000000000955" classname="bivariate_ggplot_call" name="bivariate_ggplot_call_with_numerics"/>
    <testcase time="0.0029999999999859" classname="bivariate_ggplot_call" name="bivariate_ggplot_call_with_numerics"/>
    <testcase time="0.0040000000000191" classname="bivariate_ggplot_call" name="bivariate_ggplot_call_with_factor_char_logical"/>
    <testcase time="0.0029999999999859" classname="bivariate_ggplot_call" name="bivariate_ggplot_call_with_factor_char_logical"/>
    <testcase time="0.00200000000000955" classname="bivariate_ggplot_call" name="bivariate_ggplot_call_with_factor_char_logical"/>
    <testcase time="0.0029999999999859" classname="bivariate_ggplot_call" name="bivariate_ggplot_call_with_factor_char_logical"/>
    <testcase time="0.00200000000000955" classname="bivariate_ggplot_call" name="bivariate_ggplot_call_with_factor_char_logical"/>
    <testcase time="0.0029999999999859" classname="bivariate_ggplot_call" name="bivariate_ggplot_call_with_factor_char_logical"/>
    <testcase time="0.00200000000000955" classname="bivariate_ggplot_call" name="bivariate_ggplot_call_with_factor_char_logical"/>
    <testcase time="0.00499999999999545" classname="bivariate_ggplot_call" name="bivariate_ggplot_call_with_single_data_numeric"/>
    <testcase time="0.00200000000000955" classname="bivariate_ggplot_call" name="bivariate_ggplot_call_with_single_data_numeric"/>
    <testcase time="0.0029999999999859" classname="bivariate_ggplot_call" name="bivariate_ggplot_call_with_single_data_numeric"/>
    <testcase time="0.00200000000000955" classname="bivariate_ggplot_call" name="bivariate_ggplot_call_with_single_data_numeric"/>
    <testcase time="0.0029999999999859" classname="bivariate_ggplot_call" name="bivariate_ggplot_call_with_single_data_numeric"/>
    <testcase time="0.00300000000004275" classname="bivariate_ggplot_call" name="bivariate_ggplot_call_with_single_data_numeric"/>
    <testcase time="0.00499999999999545" classname="bivariate_ggplot_call" name="bivariate_ggplot_call_with_single_data_factor"/>
    <testcase time="0.0029999999999859" classname="bivariate_ggplot_call" name="bivariate_ggplot_call_with_single_data_factor"/>
    <testcase time="0.0029999999999859" classname="bivariate_ggplot_call" name="bivariate_ggplot_call_with_single_data_factor"/>
    <testcase time="0.0029999999999859" classname="bivariate_ggplot_call" name="bivariate_ggplot_call_with_single_data_factor"/>
  </testsuite>
  <testsuite name="front_page" timestamp="2024-04-19T11:37:36Z" hostname="8170258aee1a" tests="4" skipped="0" failures="0" errors="0" time="0.022">
    <testcase time="0.007000000000005" classname="front_page" name="convert_metadata_to_dataframe_returns_a_data_frame_with_no_rows_if_no_metadata"/>
    <testcase time="0.00499999999999545" classname="front_page" name="convert_metadata_to_dataframe_returns_a_data_frame_with_metadata_if_more_than_one_dataset"/>
    <testcase time="0.0040000000000191" classname="front_page" name="convert_metadata_to_dataframe_returns_a_data_frame_with_metadata_if_one_dataset"/>
    <testcase time="0.00600000000002865" classname="front_page" name="convert_metadata_to_dataframe_converts_metadata_values_to_characters"/>
  </testsuite>
  <testsuite name="g_expert_cl" timestamp="2024-04-19T11:37:36Z" hostname="8170258aee1a" tests="15" skipped="0" failures="0" errors="0" time="0.035">
    <testcase time="0.00499999999999545" classname="g_expert_cl" name="coloring_ggplot_call_can_work_with_all_combinations"/>
    <testcase time="0.00200000000000955" classname="g_expert_cl" name="coloring_ggplot_call_can_work_with_all_combinations"/>
    <testcase time="0.000999999999976353" classname="g_expert_cl" name="coloring_ggplot_call_can_work_with_all_combinations"/>
    <testcase time="0.000999999999976353" classname="g_expert_cl" name="coloring_ggplot_call_can_work_with_all_combinations"/>
    <testcase time="0.00200000000000955" classname="g_expert_cl" name="coloring_ggplot_call_can_work_with_all_combinations"/>
    <testcase time="0.00799999999998136" classname="g_expert_cl" name="coloring_ggplot_call_can_work_with_all_combinations"/>
    <testcase time="0.00200000000000955" classname="g_expert_cl" name="coloring_ggplot_call_can_work_with_all_combinations"/>
    <testcase time="0.00300000000004275" classname="g_expert_cl" name="coloring_ggplot_call_can_work_with_all_combinations_without_colour_var"/>
    <testcase time="0.000999999999976353" classname="g_expert_cl" name="coloring_ggplot_call_can_work_with_all_combinations_without_colour_var"/>
    <testcase time="0.00200000000000955" classname="g_expert_cl" name="coloring_ggplot_call_can_work_with_all_combinations_without_colour_var"/>
    <testcase time="0.000999999999976353" classname="g_expert_cl" name="coloring_ggplot_call_can_work_with_all_combinations_without_colour_var"/>
    <testcase time="0.0010000000000332" classname="g_expert_cl" name="coloring_ggplot_call_can_work_with_all_combinations_without_colour_var"/>
    <testcase time="0.00399999999996226" classname="g_expert_cl" name="coloring_ggplot_call_can_work_size_var"/>
    <testcase time="0.0010000000000332" classname="g_expert_cl" name="coloring_ggplot_call_can_work_size_var"/>
    <testcase time="0.000999999999976353" classname="g_expert_cl" name="coloring_ggplot_call_can_work_size_var"/>
  </testsuite>
  <testsuite name="scatterplotmatrix_get_stats" timestamp="2024-04-19T11:37:36Z" hostname="8170258aee1a" tests="6" skipped="0" failures="0" errors="0" time="0.025">
    <testcase time="0.00999999999999091" classname="scatterplotmatrix_get_stats" name="get_scatterplotmatrix_stats_x_y_numeric"/>
    <testcase time="0.00300000000004275" classname="scatterplotmatrix_get_stats" name="get_scatterplotmatrix_stats_x_y_numeric"/>
    <testcase time="0.0029999999999859" classname="scatterplotmatrix_get_stats" name="get_scatterplotmatrix_stats_x_y_numeric"/>
    <testcase time="0.00399999999996226" classname="scatterplotmatrix_get_stats" name="get_scatterplotmatrix_stats_x_y_character"/>
    <testcase time="0.00300000000004275" classname="scatterplotmatrix_get_stats" name="get_scatterplotmatrix_stats_x_y_character"/>
    <testcase time="0.00200000000000955" classname="scatterplotmatrix_get_stats" name="get_scatterplotmatrix_stats_x_y_character"/>
  </testsuite>
  <testsuite name="variable_browser" timestamp="2024-04-19T11:37:36Z" hostname="8170258aee1a" tests="3" skipped="0" failures="0" errors="0" time="0.013">
    <testcase time="0.00599999999997181" classname="variable_browser" name="remove_outliers_from_does_not_remove_outliers_when_outlier_definition_is_zero"/>
    <testcase time="0.0040000000000191" classname="variable_browser" name="remove_outliers_from_removes_outliers_when_outlier_definition_is_non_zero"/>
    <testcase time="0.0029999999999859" classname="variable_browser" name="remove_outliers_from_keeps_missing_values_unchanged"/>
  </testsuite>
</testsuites>
