<?xml version="1.0" encoding="UTF-8"?>
<testsuites>
  <testsuite name="shinytest2-tm_g_bivariate" timestamp="2024-04-12T13:20:33Z" hostname="a85777478d19" tests="31" skipped="0" failures="9" errors="0" time="20.603">
    <testcase time="5.075" classname="shinytest2_tm_g_bivariate" name="e2e_tm_g_bivariate_module_is_initialised_with_the_specified_defaults"/>
    <testcase time="0.116" classname="shinytest2_tm_g_bivariate" name="e2e_tm_g_bivariate_module_is_initialised_with_the_specified_defaults"/>
    <testcase time="0.0670000000000002" classname="shinytest2_tm_g_bivariate" name="e2e_tm_g_bivariate_module_is_initialised_with_the_specified_defaults"/>
    <testcase time="0.0609999999999999" classname="shinytest2_tm_g_bivariate" name="e2e_tm_g_bivariate_module_is_initialised_with_the_specified_defaults"/>
    <testcase time="0.0750000000000002" classname="shinytest2_tm_g_bivariate" name="e2e_tm_g_bivariate_module_is_initialised_with_the_specified_defaults"/>
    <testcase time="0.0839999999999996" classname="shinytest2_tm_g_bivariate" name="e2e_tm_g_bivariate_module_is_initialised_with_the_specified_defaults"/>
    <testcase time="0.0609999999999999" classname="shinytest2_tm_g_bivariate" name="e2e_tm_g_bivariate_module_is_initialised_with_the_specified_defaults"/>
    <testcase time="0.0720000000000001" classname="shinytest2_tm_g_bivariate" name="e2e_tm_g_bivariate_module_is_initialised_with_the_specified_defaults"/>
    <testcase time="0.0680000000000005" classname="shinytest2_tm_g_bivariate" name="e2e_tm_g_bivariate_module_is_initialised_with_the_specified_defaults"/>
    <testcase time="0.0640000000000001" classname="shinytest2_tm_g_bivariate" name="e2e_tm_g_bivariate_module_is_initialised_with_the_specified_defaults"/>
    <testcase time="0.0579999999999998" classname="shinytest2_tm_g_bivariate" name="e2e_tm_g_bivariate_module_is_initialised_with_the_specified_defaults"/>
    <testcase time="0.048" classname="shinytest2_tm_g_bivariate" name="e2e_tm_g_bivariate_module_is_initialised_with_the_specified_defaults"/>
    <testcase time="0.0609999999999999" classname="shinytest2_tm_g_bivariate" name="e2e_tm_g_bivariate_module_is_initialised_with_the_specified_defaults"/>
    <testcase time="0.0609999999999999" classname="shinytest2_tm_g_bivariate" name="e2e_tm_g_bivariate_module_is_initialised_with_the_specified_defaults"/>
    <testcase time="4.056" classname="shinytest2_tm_g_bivariate" name="e2e_tm_g_bivariate_facetting_options_are_hidden_when_facet_is_toggled_off"/>
    <testcase time="0.00600000000000023" classname="shinytest2_tm_g_bivariate" name="e2e_tm_g_bivariate_facetting_options_are_hidden_when_facet_is_toggled_off"/>
    <testcase time="0.00500000000000078" classname="shinytest2_tm_g_bivariate" name="e2e_tm_g_bivariate_facetting_options_are_hidden_when_facet_is_toggled_off"/>
    <testcase time="0.00499999999999901" classname="shinytest2_tm_g_bivariate" name="e2e_tm_g_bivariate_facetting_options_are_hidden_when_facet_is_toggled_off"/>
    <testcase time="0.945" classname="shinytest2_tm_g_bivariate" name="e2e_tm_g_bivariate_facetting_options_are_hidden_when_facet_is_toggled_off"/>
    <testcase time="0.00700000000000145" classname="shinytest2_tm_g_bivariate" name="e2e_tm_g_bivariate_facetting_options_are_hidden_when_facet_is_toggled_off"/>
    <testcase time="0.00599999999999845" classname="shinytest2_tm_g_bivariate" name="e2e_tm_g_bivariate_facetting_options_are_hidden_when_facet_is_toggled_off"/>
    <testcase time="0.00600000000000023" classname="shinytest2_tm_g_bivariate" name="e2e_tm_g_bivariate_facetting_options_are_hidden_when_facet_is_toggled_off"/>
    <testcase time="4.61" classname="shinytest2_tm_g_bivariate" name="e2e_tm_g_bivariate_setting_encoding_inputs_produces_outputs_without_validation_errors">
      <failure type="failure" message="self$get_html(&quot;.shiny-output-error-validation&quot;) is not NULL ('test-shinytest2-tm_g_bivariate.R:111:3')">self$get_html(".shiny-output-error-validation") is not NULL

`actual` is a character vector ('&lt;div class="shiny-html-output plot_out_container shiny-bound-output shiny-output-error shiny-output-error-validation shiny-output-error-try-error" id="teal-main_ui-root-bivariate_plots-module-myplot-plot_out_main" width="100%" aria-live="polite"&gt;could not find function "facet_grid" \n when evaluating qenv code:\np &amp;lt;- ggplot2::ggplot(ANL) + ggplot2::aes(x = conc, y = uptake) + ggplot2::geom_point(alpha = 1, size = 2, pch = 21) + ggplot2::labs(subtitle = "Plot generated by Bivariate Module", x = "[conc]", y = "[uptake]") + ggplot2::theme_gray() + facet_grid(rows = vars(Type), cols = vars(Treatment), scales = "fixed")&lt;/div&gt;')
`expected` is NULL
No validation error is observed
Backtrace:
    ▆
 1. └─app$expect_no_validation_error() at test-shinytest2-tm_g_bivariate.R:111:3
 2.   └─testthat::expect_null(...)</failure>
    </testcase>
    <testcase time="0.596" classname="shinytest2_tm_g_bivariate" name="e2e_tm_g_bivariate_setting_encoding_inputs_produces_outputs_without_validation_errors">
      <failure type="failure" message="self$get_html(&quot;.shiny-output-error-validation&quot;) is not NULL ('test-shinytest2-tm_g_bivariate.R:114:3')">self$get_html(".shiny-output-error-validation") is not NULL

`actual` is a character vector ('&lt;div class="shiny-html-output plot_out_container shiny-bound-output shiny-output-error shiny-output-error-validation shiny-output-error-try-error" id="teal-main_ui-root-bivariate_plots-module-myplot-plot_out_main" width="100%" aria-live="polite"&gt;could not find function "facet_grid" \n when evaluating qenv code:\np &amp;lt;- ggplot2::ggplot(ANL) + ggplot2::aes(x = conc, y = uptake) + ggplot2::geom_point(alpha = 1, size = 6, pch = 21) + ggplot2::labs(subtitle = "Plot generated by Bivariate Module", x = "[conc]", y = "[uptake]") + ggplot2::theme_gray() + facet_grid(rows = vars(Type), cols = vars(Treatment), scales = "fixed")&lt;/div&gt;')
`expected` is NULL
No validation error is observed
Backtrace:
    ▆
 1. └─app$expect_no_validation_error() at test-shinytest2-tm_g_bivariate.R:114:3
 2.   └─testthat::expect_null(...)</failure>
    </testcase>
    <testcase time="0.622" classname="shinytest2_tm_g_bivariate" name="e2e_tm_g_bivariate_setting_encoding_inputs_produces_outputs_without_validation_errors">
      <failure type="failure" message="self$get_html(&quot;.shiny-output-error-validation&quot;) is not NULL ('test-shinytest2-tm_g_bivariate.R:117:3')">self$get_html(".shiny-output-error-validation") is not NULL

`actual` is a character vector ('&lt;div class="shiny-html-output plot_out_container shiny-bound-output shiny-output-error shiny-output-error-validation shiny-output-error-try-error" id="teal-main_ui-root-bivariate_plots-module-myplot-plot_out_main" width="100%" aria-live="polite"&gt;could not find function "facet_grid" \n when evaluating qenv code:\np &amp;lt;- ggplot2::ggplot(ANL) + ggplot2::aes(x = conc, y = uptake) + ggplot2::geom_point(alpha = 1, size = 6, pch = 21) + ggplot2::labs(subtitle = "Plot generated by Bivariate Module", x = "[conc]", y = "[uptake]") + ggplot2::theme_gray() + facet_grid(rows = vars(Type), cols = vars(Treatment), scales = "fixed") + geom_line(size = 1)&lt;/div&gt;')
`expected` is NULL
No validation error is observed
Backtrace:
    ▆
 1. └─app$expect_no_validation_error() at test-shinytest2-tm_g_bivariate.R:117:3
 2.   └─testthat::expect_null(...)</failure>
    </testcase>
    <testcase time="0.666999999999998" classname="shinytest2_tm_g_bivariate" name="e2e_tm_g_bivariate_setting_encoding_inputs_produces_outputs_without_validation_errors">
      <failure type="failure" message="self$get_html(&quot;.shiny-output-error-validation&quot;) is not NULL ('test-shinytest2-tm_g_bivariate.R:120:3')">self$get_html(".shiny-output-error-validation") is not NULL

`actual` is a character vector ('&lt;div class="shiny-html-output plot_out_container shiny-bound-output shiny-output-error shiny-output-error-validation shiny-output-error-try-error" id="teal-main_ui-root-bivariate_plots-module-myplot-plot_out_main" width="100%" aria-live="polite"&gt;could not find function "facet_grid" \n when evaluating qenv code:\np &amp;lt;- ggplot2::ggplot(ANL) + ggplot2::aes(x = Plant, y = uptake) + ggplot2::geom_boxplot() + ggplot2::labs(subtitle = "Plot generated by Bivariate Module", x = "[Plant]", y = "[uptake]") + ggplot2::theme_gray() + facet_grid(rows = vars(Type), cols = vars(Treatment), scales = "fixed")&lt;/div&gt;')
`expected` is NULL
No validation error is observed
Backtrace:
    ▆
 1. └─app$expect_no_validation_error() at test-shinytest2-tm_g_bivariate.R:120:3
 2.   └─testthat::expect_null(...)</failure>
    </testcase>
    <testcase time="0.622" classname="shinytest2_tm_g_bivariate" name="e2e_tm_g_bivariate_setting_encoding_inputs_produces_outputs_without_validation_errors">
      <failure type="failure" message="self$get_html(&quot;.shiny-output-error-validation&quot;) is not NULL ('test-shinytest2-tm_g_bivariate.R:123:3')">self$get_html(".shiny-output-error-validation") is not NULL

`actual` is a character vector ('&lt;div class="shiny-html-output plot_out_container shiny-bound-output shiny-output-error shiny-output-error-validation shiny-output-error-try-error" id="teal-main_ui-root-bivariate_plots-module-myplot-plot_out_main" width="100%" aria-live="polite"&gt;could not find function "facet_grid" \n when evaluating qenv code:\np &amp;lt;- ggplot2::ggplot(ANL) + ggplot2::aes(x = Plant, y = conc) + ggplot2::geom_boxplot() + ggplot2::labs(subtitle = "Plot generated by Bivariate Module", x = "[Plant]", y = "[conc]") + ggplot2::theme_gray() + facet_grid(rows = vars(Type), cols = vars(Treatment), scales = "fixed")&lt;/div&gt;')
`expected` is NULL
No validation error is observed
Backtrace:
    ▆
 1. └─app$expect_no_validation_error() at test-shinytest2-tm_g_bivariate.R:123:3
 2.   └─testthat::expect_null(...)</failure>
    </testcase>
    <testcase time="0.631" classname="shinytest2_tm_g_bivariate" name="e2e_tm_g_bivariate_setting_encoding_inputs_produces_outputs_without_validation_errors">
      <failure type="failure" message="self$get_html(&quot;.shiny-output-error-validation&quot;) is not NULL ('test-shinytest2-tm_g_bivariate.R:126:3')">self$get_html(".shiny-output-error-validation") is not NULL

`actual` is a character vector ('&lt;div class="shiny-html-output plot_out_container shiny-bound-output shiny-output-error shiny-output-error-validation shiny-output-error-try-error" id="teal-main_ui-root-bivariate_plots-module-myplot-plot_out_main" width="100%" aria-live="polite"&gt;could not find function "facet_grid" \n when evaluating qenv code:\np &amp;lt;- ggplot2::ggplot(ANL) + ggplot2::aes(x = Plant, y = conc) + ggplot2::geom_boxplot() + ggplot2::labs(subtitle = "Plot generated by Bivariate Module", x = "[Plant]", y = "[conc]") + ggplot2::theme_gray() + facet_grid(rows = vars(Plant), cols = vars(Treatment), scales = "fixed")&lt;/div&gt;')
`expected` is NULL
No validation error is observed
Backtrace:
    ▆
 1. └─app$expect_no_validation_error() at test-shinytest2-tm_g_bivariate.R:126:3
 2.   └─testthat::expect_null(...)</failure>
    </testcase>
    <testcase time="0.675000000000001" classname="shinytest2_tm_g_bivariate" name="e2e_tm_g_bivariate_setting_encoding_inputs_produces_outputs_without_validation_errors">
      <failure type="failure" message="self$get_html(&quot;.shiny-output-error-validation&quot;) is not NULL ('test-shinytest2-tm_g_bivariate.R:129:3')">self$get_html(".shiny-output-error-validation") is not NULL

`actual` is a character vector ('&lt;div class="shiny-html-output plot_out_container shiny-bound-output shiny-output-error shiny-output-error-validation shiny-output-error-try-error" id="teal-main_ui-root-bivariate_plots-module-myplot-plot_out_main" width="100%" aria-live="polite"&gt;could not find function "facet_grid" \n when evaluating qenv code:\np &amp;lt;- ggplot2::ggplot(ANL) + ggplot2::aes(x = Plant, y = conc) + ggplot2::geom_boxplot() + ggplot2::labs(subtitle = "Plot generated by Bivariate Module", x = "[Plant]", y = "[conc]") + ggplot2::theme_gray() + facet_grid(rows = vars(Plant), cols = vars(Type), scales = "fixed")&lt;/div&gt;')
`expected` is NULL
No validation error is observed
Backtrace:
    ▆
 1. └─app$expect_no_validation_error() at test-shinytest2-tm_g_bivariate.R:129:3
 2.   └─testthat::expect_null(...)</failure>
    </testcase>
    <testcase time="0.587" classname="shinytest2_tm_g_bivariate" name="e2e_tm_g_bivariate_setting_encoding_inputs_produces_outputs_without_validation_errors">
      <failure type="failure" message="self$get_html(&quot;.shiny-output-error-validation&quot;) is not NULL ('test-shinytest2-tm_g_bivariate.R:132:3')">self$get_html(".shiny-output-error-validation") is not NULL

`actual` is a character vector ('&lt;div class="shiny-html-output plot_out_container shiny-bound-output shiny-output-error shiny-output-error-validation shiny-output-error-try-error" id="teal-main_ui-root-bivariate_plots-module-myplot-plot_out_main" width="100%" aria-live="polite"&gt;could not find function "facet_grid" \n when evaluating qenv code:\np &amp;lt;- ggplot2::ggplot(ANL) + ggplot2::aes(x = Plant, y = conc) + ggplot2::geom_boxplot() + ggplot2::labs(subtitle = "Plot generated by Bivariate Module", x = "[Plant]", y = "[conc]") + ggplot2::theme_gray() + facet_grid(rows = vars(Plant), cols = vars(Type), scales = "free_x")&lt;/div&gt;')
`expected` is NULL
No validation error is observed
Backtrace:
    ▆
 1. └─app$expect_no_validation_error() at test-shinytest2-tm_g_bivariate.R:132:3
 2.   └─testthat::expect_null(...)</failure>
    </testcase>
    <testcase time="0.586000000000002" classname="shinytest2_tm_g_bivariate" name="e2e_tm_g_bivariate_setting_encoding_inputs_produces_outputs_without_validation_errors">
      <failure type="failure" message="self$get_html(&quot;.shiny-output-error-validation&quot;) is not NULL ('test-shinytest2-tm_g_bivariate.R:135:3')">self$get_html(".shiny-output-error-validation") is not NULL

`actual` is a character vector ('&lt;div class="shiny-html-output plot_out_container shiny-bound-output shiny-output-error shiny-output-error-validation shiny-output-error-try-error" id="teal-main_ui-root-bivariate_plots-module-myplot-plot_out_main" width="100%" aria-live="polite"&gt;could not find function "facet_grid" \n when evaluating qenv code:\np &amp;lt;- ggplot2::ggplot(ANL) + ggplot2::aes(x = Plant, y = conc) + ggplot2::geom_boxplot() + ggplot2::labs(subtitle = "Plot generated by Bivariate Module", x = "[Plant]", y = "[conc]") + ggplot2::theme_gray() + facet_grid(rows = vars(Plant), cols = vars(Type), scales = "free")&lt;/div&gt;')
`expected` is NULL
No validation error is observed
Backtrace:
    ▆
 1. └─app$expect_no_validation_error() at test-shinytest2-tm_g_bivariate.R:135:3
 2.   └─testthat::expect_null(...)</failure>
    </testcase>
  </testsuite>
  <testsuite name="tm_g_bivariate" timestamp="2024-04-12T13:20:56Z" hostname="a85777478d19" tests="18" skipped="0" failures="0" errors="0" time="1.863">
    <testcase time="1.737" classname="tm_g_bivariate" name="tm_g_bivariate_creates_a_teal_module_object"/>
    <testcase time="0.00400000000000134" classname="tm_g_bivariate" name="tm_g_bivariate_creates_a_teal_module_object_with_default_options"/>
    <testcase time="0.00499999999999901" classname="tm_g_bivariate" name="tm_g_bivariate_creates_a_teal_module_object_with_multiple_data_extract_specs"/>
    <testcase time="0.00499999999999901" classname="tm_g_bivariate" name="tm_g_bivariate_creates_a_module_with_datanames_taken_from_data_extracts"/>
    <testcase time="0.00800000000000267" classname="tm_g_bivariate" name="tm_g_bivariate_fails_when_x_contains_a_spec_with_multiple_selection"/>
    <testcase time="0.00799999999999912" classname="tm_g_bivariate" name="tm_g_bivariate_fails_when_x_contains_multiple_spec_with_at_least_one_multiple_selection"/>
    <testcase time="0.0069999999999979" classname="tm_g_bivariate" name="tm_g_bivariate_fails_when_x_contains_multiple_spec_with_at_least_one_multiple_selection"/>
    <testcase time="0.00800000000000267" classname="tm_g_bivariate" name="tm_g_bivariate_fails_when_y_contains_multiple_spec_with_at_least_one_multiple_selection"/>
    <testcase time="0.00799999999999912" classname="tm_g_bivariate" name="tm_g_bivariate_fails_when_plot_height_is_not_valid"/>
    <testcase time="0.00700000000000145" classname="tm_g_bivariate" name="tm_g_bivariate_fails_when_plot_height_is_not_valid"/>
    <testcase time="0.00799999999999912" classname="tm_g_bivariate" name="tm_g_bivariate_fails_when_plot_height_is_not_valid"/>
    <testcase time="0.0069999999999979" classname="tm_g_bivariate" name="tm_g_bivariate_fails_when_plot_width_is_not_valid"/>
    <testcase time="0.00700000000000145" classname="tm_g_bivariate" name="tm_g_bivariate_fails_when_plot_width_is_not_valid"/>
    <testcase time="0.00799999999999912" classname="tm_g_bivariate" name="tm_g_bivariate_fails_when_plot_width_is_not_valid"/>
    <testcase time="0.00799999999999912" classname="tm_g_bivariate" name="tm_g_bivariate_fails_when_color_setting_is_FALSE_and_color_is_supplied"/>
    <testcase time="0.0150000000000006" classname="tm_g_bivariate" name="tm_g_bivariate_fails_when_color_setting_is_FALSE_and_size_is_supplied"/>
    <testcase time="0.00800000000000267" classname="tm_g_bivariate" name="tm_g_bivariate_fails_when_color_setting_is_FALSE_and_fill_is_supplied"/>
    <testcase time="0.00499999999999901" classname="tm_g_bivariate" name="tm_g_bivariate_determines_color_size_and_fill_when_color_setting_is_TRUE"/>
  </testsuite>
  <testsuite name="bivariate_ggplot_call" timestamp="2024-04-12T13:20:56Z" hostname="a85777478d19" tests="21" skipped="0" failures="0" errors="0" time="0.076">
    <testcase time="0.0180000000000007" classname="bivariate_ggplot_call" name="bivariate_ggplot_call_with_numerics"/>
    <testcase time="0.00300000000000011" classname="bivariate_ggplot_call" name="bivariate_ggplot_call_with_numerics"/>
    <testcase time="0.00199999999999889" classname="bivariate_ggplot_call" name="bivariate_ggplot_call_with_numerics"/>
    <testcase time="0.00300000000000011" classname="bivariate_ggplot_call" name="bivariate_ggplot_call_with_numerics"/>
    <testcase time="0.00399999999999778" classname="bivariate_ggplot_call" name="bivariate_ggplot_call_with_factor_char_logical"/>
    <testcase time="0.00300000000000011" classname="bivariate_ggplot_call" name="bivariate_ggplot_call_with_factor_char_logical"/>
    <testcase time="0.00200000000000244" classname="bivariate_ggplot_call" name="bivariate_ggplot_call_with_factor_char_logical"/>
    <testcase time="0.00300000000000011" classname="bivariate_ggplot_call" name="bivariate_ggplot_call_with_factor_char_logical"/>
    <testcase time="0.00199999999999889" classname="bivariate_ggplot_call" name="bivariate_ggplot_call_with_factor_char_logical"/>
    <testcase time="0.00300000000000011" classname="bivariate_ggplot_call" name="bivariate_ggplot_call_with_factor_char_logical"/>
    <testcase time="0.00199999999999889" classname="bivariate_ggplot_call" name="bivariate_ggplot_call_with_factor_char_logical"/>
    <testcase time="0.00500000000000256" classname="bivariate_ggplot_call" name="bivariate_ggplot_call_with_single_data_numeric"/>
    <testcase time="0.00300000000000011" classname="bivariate_ggplot_call" name="bivariate_ggplot_call_with_single_data_numeric"/>
    <testcase time="0.00199999999999889" classname="bivariate_ggplot_call" name="bivariate_ggplot_call_with_single_data_numeric"/>
    <testcase time="0.00300000000000011" classname="bivariate_ggplot_call" name="bivariate_ggplot_call_with_single_data_numeric"/>
    <testcase time="0.00199999999999889" classname="bivariate_ggplot_call" name="bivariate_ggplot_call_with_single_data_numeric"/>
    <testcase time="0.00300000000000011" classname="bivariate_ggplot_call" name="bivariate_ggplot_call_with_single_data_numeric"/>
    <testcase time="0.00499999999999901" classname="bivariate_ggplot_call" name="bivariate_ggplot_call_with_single_data_factor"/>
    <testcase time="0.00200000000000244" classname="bivariate_ggplot_call" name="bivariate_ggplot_call_with_single_data_factor"/>
    <testcase time="0.00300000000000011" classname="bivariate_ggplot_call" name="bivariate_ggplot_call_with_single_data_factor"/>
    <testcase time="0.00300000000000011" classname="bivariate_ggplot_call" name="bivariate_ggplot_call_with_single_data_factor"/>
  </testsuite>
  <testsuite name="front_page" timestamp="2024-04-12T13:20:56Z" hostname="a85777478d19" tests="4" skipped="0" failures="0" errors="0" time="0.02">
    <testcase time="0.00600000000000023" classname="front_page" name="convert_metadata_to_dataframe_returns_a_data_frame_with_no_rows_if_no_metadata"/>
    <testcase time="0.00499999999999901" classname="front_page" name="convert_metadata_to_dataframe_returns_a_data_frame_with_metadata_if_more_than_one_dataset"/>
    <testcase time="0.00399999999999778" classname="front_page" name="convert_metadata_to_dataframe_returns_a_data_frame_with_metadata_if_one_dataset"/>
    <testcase time="0.00500000000000256" classname="front_page" name="convert_metadata_to_dataframe_converts_metadata_values_to_characters"/>
  </testsuite>
  <testsuite name="g_expert_cl" timestamp="2024-04-12T13:20:56Z" hostname="a85777478d19" tests="15" skipped="0" failures="11" errors="0" time="0.173">
    <testcase time="0.00600000000000023" classname="g_expert_cl" name="coloring_ggplot_call_can_work_with_all_combinations"/>
    <testcase time="0.00499999999999901" classname="g_expert_cl" name="coloring_ggplot_call_can_work_with_all_combinations">
      <failure type="failure" message="... %&gt;% deparse() not equal to &quot;aes(colour = ADSL)&quot;. ('test_g_expert_cl.R:7:3')">... %&gt;% deparse() not equal to "aes(colour = ADSL)".
1/1 mismatches
x[1]: "ggplot2::aes(colour = ADSL)"
y[1]: "aes(colour = ADSL)"</failure>
    </testcase>
    <testcase time="0.0150000000000006" classname="g_expert_cl" name="coloring_ggplot_call_can_work_with_all_combinations">
      <failure type="failure" message="... %&gt;% deparse() not equal to &quot;aes(colour = ADSL, fill = ADSL)&quot;. ('test_g_expert_cl.R:12:3')">... %&gt;% deparse() not equal to "aes(colour = ADSL, fill = ADSL)".
1/1 mismatches
x[1]: "ggplot2::aes(colour = ADSL, fill = ADSL)"
y[1]: "aes(colour = ADSL, fill = ADSL)"</failure>
    </testcase>
    <testcase time="0.0189999999999984" classname="g_expert_cl" name="coloring_ggplot_call_can_work_with_all_combinations">
      <failure type="failure" message="coloring_ggplot_call(&quot;ADSL&quot;, &quot;ADSL&quot;, &quot;ADSL&quot;, FALSE) %&gt;% deparse() not equal to &quot;aes(colour = ADSL, fill = ADSL)&quot;. ('test_g_expert_cl.R:16:3')">coloring_ggplot_call("ADSL", "ADSL", "ADSL", FALSE) %&gt;% deparse() not equal to "aes(colour = ADSL, fill = ADSL)".
1/1 mismatches
x[1]: "ggplot2::aes(colour = ADSL, fill = ADSL)"
y[1]: "aes(colour = ADSL, fill = ADSL)"</failure>
    </testcase>
    <testcase time="0.0139999999999993" classname="g_expert_cl" name="coloring_ggplot_call_can_work_with_all_combinations">
      <failure type="failure" message="... %&gt;% deparse() not equal to &quot;aes(colour = ADSL, fill = ADSL)&quot;. ('test_g_expert_cl.R:20:3')">... %&gt;% deparse() not equal to "aes(colour = ADSL, fill = ADSL)".
1/1 mismatches
x[1]: "ggplot2::aes(colour = ADSL, fill = ADSL)"
y[1]: "aes(colour = ADSL, fill = ADSL)"</failure>
    </testcase>
    <testcase time="0.0130000000000017" classname="g_expert_cl" name="coloring_ggplot_call_can_work_with_all_combinations">
      <failure type="failure" message="coloring_ggplot_call(&quot;ADSL&quot;, &quot;ADSL&quot;, &quot;ADSL&quot;, TRUE) %&gt;% deparse() not equal to &quot;aes(colour = ADSL, fill = ADSL, size = ADSL)&quot;. ('test_g_expert_cl.R:25:3')">coloring_ggplot_call("ADSL", "ADSL", "ADSL", TRUE) %&gt;% deparse() not equal to "aes(colour = ADSL, fill = ADSL, size = ADSL)".
1/1 mismatches
x[1]: "ggplot2::aes(colour = ADSL, fill = ADSL, size = ADSL)"
y[1]: "aes(colour = ADSL, fill = ADSL, size = ADSL)"</failure>
    </testcase>
    <testcase time="0.0139999999999993" classname="g_expert_cl" name="coloring_ggplot_call_can_work_with_all_combinations">
      <failure type="failure" message="... %&gt;% deparse() not equal to &quot;aes(colour = ADSL, size = ADSL)&quot;. ('test_g_expert_cl.R:29:3')">... %&gt;% deparse() not equal to "aes(colour = ADSL, size = ADSL)".
1/1 mismatches
x[1]: "ggplot2::aes(colour = ADSL, size = ADSL)"
y[1]: "aes(colour = ADSL, size = ADSL)"</failure>
    </testcase>
    <testcase time="0.0130000000000017" classname="g_expert_cl" name="coloring_ggplot_call_can_work_with_all_combinations_without_colour_var"/>
    <testcase time="0.00399999999999778" classname="g_expert_cl" name="coloring_ggplot_call_can_work_with_all_combinations_without_colour_var">
      <failure type="failure" message="... %&gt;% deparse() not equal to &quot;aes(fill = ADSL)&quot;. ('test_g_expert_cl.R:40:3')">... %&gt;% deparse() not equal to "aes(fill = ADSL)".
1/1 mismatches
x[1]: "ggplot2::aes(fill = ADSL)"
y[1]: "aes(fill = ADSL)"</failure>
    </testcase>
    <testcase time="0.0150000000000006" classname="g_expert_cl" name="coloring_ggplot_call_can_work_with_all_combinations_without_colour_var">
      <failure type="failure" message="... %&gt;% deparse() not equal to &quot;aes(fill = ADSL)&quot;. ('test_g_expert_cl.R:44:3')">... %&gt;% deparse() not equal to "aes(fill = ADSL)".
1/1 mismatches
x[1]: "ggplot2::aes(fill = ADSL)"
y[1]: "aes(fill = ADSL)"</failure>
    </testcase>
    <testcase time="0.0130000000000017" classname="g_expert_cl" name="coloring_ggplot_call_can_work_with_all_combinations_without_colour_var">
      <failure type="failure" message="... %&gt;% deparse() not equal to &quot;aes(fill = ADSL)&quot;. ('test_g_expert_cl.R:48:3')">... %&gt;% deparse() not equal to "aes(fill = ADSL)".
1/1 mismatches
x[1]: "ggplot2::aes(fill = ADSL)"
y[1]: "aes(fill = ADSL)"</failure>
    </testcase>
    <testcase time="0.0139999999999993" classname="g_expert_cl" name="coloring_ggplot_call_can_work_with_all_combinations_without_colour_var">
      <failure type="failure" message="... %&gt;% deparse() not equal to &quot;aes(colour = ADSL, fill = ADSL, size = ADSL)&quot;. ('test_g_expert_cl.R:52:3')">... %&gt;% deparse() not equal to "aes(colour = ADSL, fill = ADSL, size = ADSL)".
1/1 mismatches
x[1]: "ggplot2::aes(colour = ADSL, fill = ADSL, size = ADSL)"
y[1]: "aes(colour = ADSL, fill = ADSL, size = ADSL)"</failure>
    </testcase>
    <testcase time="0.0159999999999982" classname="g_expert_cl" name="coloring_ggplot_call_can_work_size_var">
      <failure type="failure" message="... %&gt;% deparse() not equal to &quot;aes(size = ADSL)&quot;. ('test_g_expert_cl.R:59:3')">... %&gt;% deparse() not equal to "aes(size = ADSL)".
1/1 mismatches
x[1]: "ggplot2::aes(size = ADSL)"
y[1]: "aes(size = ADSL)"</failure>
    </testcase>
    <testcase time="0.0110000000000028" classname="g_expert_cl" name="coloring_ggplot_call_can_work_size_var"/>
    <testcase time="0.000999999999997669" classname="g_expert_cl" name="coloring_ggplot_call_can_work_size_var"/>
  </testsuite>
  <testsuite name="scatterplotmatrix_get_stats" timestamp="2024-04-12T13:20:56Z" hostname="a85777478d19" tests="6" skipped="0" failures="0" errors="0" time="0.033">
    <testcase time="0.0109999999999992" classname="scatterplotmatrix_get_stats" name="get_scatterplotmatrix_stats_x_y_numeric"/>
    <testcase time="0.00300000000000011" classname="scatterplotmatrix_get_stats" name="get_scatterplotmatrix_stats_x_y_numeric"/>
    <testcase time="0.00300000000000011" classname="scatterplotmatrix_get_stats" name="get_scatterplotmatrix_stats_x_y_numeric"/>
    <testcase time="0.0100000000000016" classname="scatterplotmatrix_get_stats" name="get_scatterplotmatrix_stats_x_y_character"/>
    <testcase time="0.00300000000000011" classname="scatterplotmatrix_get_stats" name="get_scatterplotmatrix_stats_x_y_character"/>
    <testcase time="0.00300000000000011" classname="scatterplotmatrix_get_stats" name="get_scatterplotmatrix_stats_x_y_character"/>
  </testsuite>
  <testsuite name="variable_browser" timestamp="2024-04-12T13:20:56Z" hostname="a85777478d19" tests="3" skipped="0" failures="0" errors="0" time="0.014">
    <testcase time="0.00600000000000023" classname="variable_browser" name="remove_outliers_from_does_not_remove_outliers_when_outlier_definition_is_zero"/>
    <testcase time="0.00399999999999778" classname="variable_browser" name="remove_outliers_from_removes_outliers_when_outlier_definition_is_non_zero"/>
    <testcase time="0.00400000000000134" classname="variable_browser" name="remove_outliers_from_keeps_missing_values_unchanged"/>
  </testsuite>
</testsuites>
