<?xml version="1.0" encoding="UTF-8"?>
<testsuites>
  <testsuite name="examples" timestamp="2024-05-10T09:33:41Z" hostname="cf18c459ab33" tests="40" skipped="0" failures="0" errors="0" time="4.731">
    <testcase time="1.564" classname="examples" name="example_add_facet_labels.Rd"/>
    <testcase time="0.0529999999999999" classname="examples" name="example_call_fun_dots.Rd"/>
    <testcase time="0.012" classname="examples" name="example_create_sparklines.Rd"/>
    <testcase time="0.00599999999999978" classname="examples" name="example_establish_updating_selection.Rd"/>
    <testcase time="0.00900000000000034" classname="examples" name="example_get_scatterplotmatrix_stats.Rd"/>
    <testcase time="0.00599999999999978" classname="examples" name="example_include_css_files.Rd"/>
    <testcase time="0.00600000000000023" classname="examples" name="example_is_tab_active_js.Rd"/>
    <testcase time="0.00599999999999978" classname="examples" name="example_plot_var_summary.Rd"/>
    <testcase time="0.00600000000000023" classname="examples" name="example_rADAE.Rd"/>
    <testcase time="0.00599999999999978" classname="examples" name="example_rADLB.Rd"/>
    <testcase time="0.00600000000000023" classname="examples" name="example_rADRS.Rd"/>
    <testcase time="0.00599999999999978" classname="examples" name="example_rADSL.Rd"/>
    <testcase time="0.0100000000000002" classname="examples" name="example_rADTTE.Rd"/>
    <testcase time="0.00599999999999978" classname="examples" name="example_remove_outliers_from.Rd"/>
    <testcase time="0.00600000000000023" classname="examples" name="example_render_single_tab.Rd"/>
    <testcase time="0.00499999999999989" classname="examples" name="example_render_tab_header.Rd"/>
    <testcase time="0.00599999999999978" classname="examples" name="example_render_tab_table.Rd"/>
    <testcase time="0.00600000000000023" classname="examples" name="example_render_tabset_panel_content.Rd"/>
    <testcase time="0.00599999999999978" classname="examples" name="example_shared_params.Rd"/>
    <testcase time="0.00600000000000023" classname="examples" name="example_teal.modules.general.Rd"/>
    <testcase time="0.128" classname="examples" name="example_tm_a_pca.Rd"/>
    <testcase time="0.0890000000000004" classname="examples" name="example_tm_a_regression.Rd"/>
    <testcase time="0.0909999999999997" classname="examples" name="example_tm_data_table.Rd"/>
    <testcase time="0.155" classname="examples" name="example_tm_file_viewer.Rd"/>
    <testcase time="0.0529999999999999" classname="examples" name="example_tm_front_page.Rd"/>
    <testcase time="0.0899999999999999" classname="examples" name="example_tm_g_association.Rd"/>
    <testcase time="0.101" classname="examples" name="example_tm_g_bivariate.Rd"/>
    <testcase time="0.899" classname="examples" name="example_tm_g_distribution.Rd"/>
    <testcase time="0.108" classname="examples" name="example_tm_g_response.Rd"/>
    <testcase time="0.13" classname="examples" name="example_tm_g_scatterplot.Rd"/>
    <testcase time="0.156" classname="examples" name="example_tm_g_scatterplotmatrix.Rd"/>
    <testcase time="0.104" classname="examples" name="example_tm_missing_data.Rd"/>
    <testcase time="0.189" classname="examples" name="example_tm_outliers.Rd"/>
    <testcase time="0.543" classname="examples" name="example_tm_t_crosstable.Rd"/>
    <testcase time="0.121" classname="examples" name="example_tm_variable_browser.Rd"/>
    <testcase time="0.00800000000000001" classname="examples" name="example_validate_input.Rd"/>
    <testcase time="0.00699999999999967" classname="examples" name="example_var_missings_info.Rd"/>
    <testcase time="0.00800000000000001" classname="examples" name="example_var_summary_table.Rd"/>
    <testcase time="0.00699999999999967" classname="examples" name="example_variable_type_icons.Rd"/>
    <testcase time="0.00700000000000056" classname="examples" name="example_varname_w_label.Rd"/>
  </testsuite>
  <testsuite name="shinytest2-tm_a_pca" timestamp="2024-05-10T09:33:46Z" hostname="cf18c459ab33" tests="49" skipped="0" failures="0" errors="0" time="93.806">
    <testcase time="5.819" classname="shinytest2_tm_a_pca" name="e2e_tm_a_pca_Module_is_initialised_with_the_specified_defaults_in_function_call."/>
    <testcase time="0.0869999999999997" classname="shinytest2_tm_a_pca" name="e2e_tm_a_pca_Module_is_initialised_with_the_specified_defaults_in_function_call."/>
    <testcase time="0.00500000000000078" classname="shinytest2_tm_a_pca" name="e2e_tm_a_pca_Module_is_initialised_with_the_specified_defaults_in_function_call."/>
    <testcase time="0.00399999999999956" classname="shinytest2_tm_a_pca" name="e2e_tm_a_pca_Module_is_initialised_with_the_specified_defaults_in_function_call."/>
    <testcase time="0.052999999999999" classname="shinytest2_tm_a_pca" name="e2e_tm_a_pca_Module_is_initialised_with_the_specified_defaults_in_function_call."/>
    <testcase time="0.0510000000000002" classname="shinytest2_tm_a_pca" name="e2e_tm_a_pca_Module_is_initialised_with_the_specified_defaults_in_function_call."/>
    <testcase time="0.048" classname="shinytest2_tm_a_pca" name="e2e_tm_a_pca_Module_is_initialised_with_the_specified_defaults_in_function_call."/>
    <testcase time="5.069" classname="shinytest2_tm_a_pca" name="e2e_tm_a_pca_Eigenvector_table_should_have_data_extract_selection_Murder_Assault_on_header."/>
    <testcase time="0.135000000000002" classname="shinytest2_tm_a_pca" name="e2e_tm_a_pca_Eigenvector_table_should_have_data_extract_selection_Murder_Assault_on_header."/>
    <testcase time="0.0960000000000001" classname="shinytest2_tm_a_pca" name="e2e_tm_a_pca_Eigenvector_table_should_have_data_extract_selection_Murder_Assault_on_header."/>
    <testcase time="0.0960000000000001" classname="shinytest2_tm_a_pca" name="e2e_tm_a_pca_Eigenvector_table_should_have_data_extract_selection_Murder_Assault_on_header."/>
    <testcase time="6.808" classname="shinytest2_tm_a_pca" name="e2e_tm_a_pca_Eigenvector_table_should_have_data_extract_selection_Murder_UrbanPop_on_header."/>
    <testcase time="0.164000000000001" classname="shinytest2_tm_a_pca" name="e2e_tm_a_pca_Eigenvector_table_should_have_data_extract_selection_Murder_UrbanPop_on_header."/>
    <testcase time="0.0960000000000001" classname="shinytest2_tm_a_pca" name="e2e_tm_a_pca_Eigenvector_table_should_have_data_extract_selection_Murder_UrbanPop_on_header."/>
    <testcase time="0.0960000000000001" classname="shinytest2_tm_a_pca" name="e2e_tm_a_pca_Eigenvector_table_should_have_data_extract_selection_Murder_UrbanPop_on_header."/>
    <testcase time="6.967" classname="shinytest2_tm_a_pca" name="e2e_tm_a_pca_Color_by_columns_data_extract_must_be_from_non_selected_variable_set."/>
    <testcase time="0.648" classname="shinytest2_tm_a_pca" name="e2e_tm_a_pca_Color_by_columns_data_extract_must_be_from_non_selected_variable_set."/>
    <testcase time="4.819" classname="shinytest2_tm_a_pca" name="e2e_tm_a_pca_Changing_output_encodings_of_tables_display_does_not_generate_errors."/>
    <testcase time="0.543999999999997" classname="shinytest2_tm_a_pca" name="e2e_tm_a_pca_Changing_output_encodings_of_tables_display_does_not_generate_errors."/>
    <testcase time="0.0870000000000033" classname="shinytest2_tm_a_pca" name="e2e_tm_a_pca_Changing_output_encodings_of_tables_display_does_not_generate_errors."/>
    <testcase time="0.0519999999999996" classname="shinytest2_tm_a_pca" name="e2e_tm_a_pca_Changing_output_encodings_of_tables_display_does_not_generate_errors."/>
    <testcase time="0.0509999999999948" classname="shinytest2_tm_a_pca" name="e2e_tm_a_pca_Changing_output_encodings_of_tables_display_does_not_generate_errors."/>
    <testcase time="0.0480000000000018" classname="shinytest2_tm_a_pca" name="e2e_tm_a_pca_Changing_output_encodings_of_tables_display_does_not_generate_errors."/>
    <testcase time="5.635" classname="shinytest2_tm_a_pca" name="e2e_tm_a_pca_Changing_output_encodings_for_plot_type_does_not_generate_errors."/>
    <testcase time="0.863000000000007" classname="shinytest2_tm_a_pca" name="e2e_tm_a_pca_Changing_output_encodings_for_plot_type_does_not_generate_errors."/>
    <testcase time="0.817" classname="shinytest2_tm_a_pca" name="e2e_tm_a_pca_Changing_output_encodings_for_plot_type_does_not_generate_errors."/>
    <testcase time="0.914999999999999" classname="shinytest2_tm_a_pca" name="e2e_tm_a_pca_Changing_output_encodings_for_plot_type_does_not_generate_errors."/>
    <testcase time="4.91099999999999" classname="shinytest2_tm_a_pca" name="e2e_tm_a_pca_Changing_output_encodings_of_standardization_does_not_generate_errors."/>
    <testcase time="1.01600000000001" classname="shinytest2_tm_a_pca" name="e2e_tm_a_pca_Changing_output_encodings_of_standardization_does_not_generate_errors."/>
    <testcase time="0.960999999999999" classname="shinytest2_tm_a_pca" name="e2e_tm_a_pca_Changing_output_encodings_of_standardization_does_not_generate_errors."/>
    <testcase time="0.960000000000001" classname="shinytest2_tm_a_pca" name="e2e_tm_a_pca_Changing_output_encodings_of_standardization_does_not_generate_errors."/>
    <testcase time="4.746" classname="shinytest2_tm_a_pca" name="e2e_tm_a_pca_Changing_output_encodings_of_NA_action_does_not_generate_errors."/>
    <testcase time="7.01799999999999" classname="shinytest2_tm_a_pca" name="e2e_tm_a_pca_Changing_output_encodings_of_plot_type_hides_and_shows_options."/>
    <testcase time="0.0290000000000106" classname="shinytest2_tm_a_pca" name="e2e_tm_a_pca_Changing_output_encodings_of_plot_type_hides_and_shows_options."/>
    <testcase time="0.00799999999999557" classname="shinytest2_tm_a_pca" name="e2e_tm_a_pca_Changing_output_encodings_of_plot_type_hides_and_shows_options."/>
    <testcase time="0.007000000000005" classname="shinytest2_tm_a_pca" name="e2e_tm_a_pca_Changing_output_encodings_of_plot_type_hides_and_shows_options."/>
    <testcase time="0.0439999999999969" classname="shinytest2_tm_a_pca" name="e2e_tm_a_pca_Changing_output_encodings_of_plot_type_hides_and_shows_options."/>
    <testcase time="0.012999999999991" classname="shinytest2_tm_a_pca" name="e2e_tm_a_pca_Changing_output_encodings_of_plot_type_hides_and_shows_options."/>
    <testcase time="0.0470000000000113" classname="shinytest2_tm_a_pca" name="e2e_tm_a_pca_Changing_output_encodings_of_plot_type_hides_and_shows_options."/>
    <testcase time="0.0120000000000005" classname="shinytest2_tm_a_pca" name="e2e_tm_a_pca_Changing_output_encodings_of_plot_type_hides_and_shows_options."/>
    <testcase time="0.019999999999996" classname="shinytest2_tm_a_pca" name="e2e_tm_a_pca_Changing_output_encodings_of_plot_type_hides_and_shows_options."/>
    <testcase time="5.03999999999999" classname="shinytest2_tm_a_pca" name="e2e_tm_a_pca_Changing_output_encodings_of_theme_does_not_generate_errors."/>
    <testcase time="0.535000000000011" classname="shinytest2_tm_a_pca" name="e2e_tm_a_pca_Changing_output_encodings_of_theme_does_not_generate_errors."/>
    <testcase time="0.530000000000001" classname="shinytest2_tm_a_pca" name="e2e_tm_a_pca_Changing_output_encodings_of_theme_does_not_generate_errors."/>
    <testcase time="0.530000000000001" classname="shinytest2_tm_a_pca" name="e2e_tm_a_pca_Changing_output_encodings_of_theme_does_not_generate_errors."/>
    <testcase time="5.08099999999999" classname="shinytest2_tm_a_pca" name="e2e_tm_a_pca_Changing_output_encodings_of_font_size_does_not_generate_errors."/>
    <testcase time="0.844000000000008" classname="shinytest2_tm_a_pca" name="e2e_tm_a_pca_Changing_output_encodings_of_font_size_does_not_generate_errors."/>
    <testcase time="0.846999999999994" classname="shinytest2_tm_a_pca" name="e2e_tm_a_pca_Changing_output_encodings_of_font_size_does_not_generate_errors."/>
    <testcase time="20.534" classname="shinytest2_tm_a_pca" name="e2e_tm_a_pca_Changing_output_encodings_of_font_size_does_not_generate_errors."/>
  </testsuite>
  <testsuite name="shinytest2-tm_a_regression" timestamp="2024-05-10T09:35:20Z" hostname="cf18c459ab33" tests="31" skipped="0" failures="0" errors="0" time="39.999">
    <testcase time="4.348" classname="shinytest2_tm_a_regression" name="e2e_tm_a_regression_Data_parameter_and_module_label_is_passed_properly."/>
    <testcase time="0.00400000000000489" classname="shinytest2_tm_a_regression" name="e2e_tm_a_regression_Data_parameter_and_module_label_is_passed_properly."/>
    <testcase time="0.00399999999999068" classname="shinytest2_tm_a_regression" name="e2e_tm_a_regression_Data_parameter_and_module_label_is_passed_properly."/>
    <testcase time="4.584" classname="shinytest2_tm_a_regression" name="e2e_tm_a_regression_Data_extract_spec_elements_are_initialized_with_the_default_values_specified_by_response_and_regressor_arg."/>
    <testcase time="0.0879999999999939" classname="shinytest2_tm_a_regression" name="e2e_tm_a_regression_Data_extract_spec_elements_are_initialized_with_the_default_values_specified_by_response_and_regressor_arg."/>
    <testcase time="5.566" classname="shinytest2_tm_a_regression" name="e2e_tm_a_regression_Plot_type_is_set_properly."/>
    <testcase time="4.358" classname="shinytest2_tm_a_regression" name="e2e_tm_a_regression_Plot_type_has_7_specific_choices_changing_choices_does_not_throw_errors."/>
    <testcase time="1.586" classname="shinytest2_tm_a_regression" name="e2e_tm_a_regression_Plot_type_has_7_specific_choices_changing_choices_does_not_throw_errors."/>
    <testcase time="0.00100000000000477" classname="shinytest2_tm_a_regression" name="e2e_tm_a_regression_Plot_type_has_7_specific_choices_changing_choices_does_not_throw_errors."/>
    <testcase time="0.790999999999997" classname="shinytest2_tm_a_regression" name="e2e_tm_a_regression_Plot_type_has_7_specific_choices_changing_choices_does_not_throw_errors."/>
    <testcase time="0.00100000000000477" classname="shinytest2_tm_a_regression" name="e2e_tm_a_regression_Plot_type_has_7_specific_choices_changing_choices_does_not_throw_errors."/>
    <testcase time="0.799999999999997" classname="shinytest2_tm_a_regression" name="e2e_tm_a_regression_Plot_type_has_7_specific_choices_changing_choices_does_not_throw_errors."/>
    <testcase time="0.000999999999990564" classname="shinytest2_tm_a_regression" name="e2e_tm_a_regression_Plot_type_has_7_specific_choices_changing_choices_does_not_throw_errors."/>
    <testcase time="0.830000000000013" classname="shinytest2_tm_a_regression" name="e2e_tm_a_regression_Plot_type_has_7_specific_choices_changing_choices_does_not_throw_errors."/>
    <testcase time="0.000999999999990564" classname="shinytest2_tm_a_regression" name="e2e_tm_a_regression_Plot_type_has_7_specific_choices_changing_choices_does_not_throw_errors."/>
    <testcase time="0.793999999999997" classname="shinytest2_tm_a_regression" name="e2e_tm_a_regression_Plot_type_has_7_specific_choices_changing_choices_does_not_throw_errors."/>
    <testcase time="0.00100000000000477" classname="shinytest2_tm_a_regression" name="e2e_tm_a_regression_Plot_type_has_7_specific_choices_changing_choices_does_not_throw_errors."/>
    <testcase time="0.941000000000003" classname="shinytest2_tm_a_regression" name="e2e_tm_a_regression_Plot_type_has_7_specific_choices_changing_choices_does_not_throw_errors."/>
    <testcase time="0.00100000000000477" classname="shinytest2_tm_a_regression" name="e2e_tm_a_regression_Plot_type_has_7_specific_choices_changing_choices_does_not_throw_errors."/>
    <testcase time="0.836999999999989" classname="shinytest2_tm_a_regression" name="e2e_tm_a_regression_Plot_type_has_7_specific_choices_changing_choices_does_not_throw_errors."/>
    <testcase time="4.66700000000002" classname="shinytest2_tm_a_regression" name="e2e_tm_a_regression_Outlier_definition_and_label_are_visible_by_default."/>
    <testcase time="0.00999999999999091" classname="shinytest2_tm_a_regression" name="e2e_tm_a_regression_Outlier_definition_and_label_are_visible_by_default."/>
    <testcase time="0.00800000000000978" classname="shinytest2_tm_a_regression" name="e2e_tm_a_regression_Outlier_definition_and_label_are_visible_by_default."/>
    <testcase time="4.37899999999999" classname="shinytest2_tm_a_regression" name="e2e_tm_a_regression_Outlier_definition_and_label_have_default_values_and_label_text."/>
    <testcase time="0.00399999999999068" classname="shinytest2_tm_a_regression" name="e2e_tm_a_regression_Outlier_definition_and_label_have_default_values_and_label_text."/>
    <testcase time="0.00100000000000477" classname="shinytest2_tm_a_regression" name="e2e_tm_a_regression_Outlier_definition_and_label_have_default_values_and_label_text."/>
    <testcase time="0.0879999999999939" classname="shinytest2_tm_a_regression" name="e2e_tm_a_regression_Outlier_definition_and_label_have_default_values_and_label_text."/>
    <testcase time="0.0529999999999973" classname="shinytest2_tm_a_regression" name="e2e_tm_a_regression_Outlier_definition_and_label_have_default_values_and_label_text."/>
    <testcase time="5.23699999999999" classname="shinytest2_tm_a_regression" name="e2e_tm_a_regression_Unchecking_display_outlier_hides_outlier_label_and_definition."/>
    <testcase time="0.00900000000001455" classname="shinytest2_tm_a_regression" name="e2e_tm_a_regression_Unchecking_display_outlier_hides_outlier_label_and_definition."/>
    <testcase time="0.00600000000000023" classname="shinytest2_tm_a_regression" name="e2e_tm_a_regression_Unchecking_display_outlier_hides_outlier_label_and_definition."/>
  </testsuite>
  <testsuite name="shinytest2-tm_data_table" timestamp="2024-05-10T09:36:00Z" hostname="cf18c459ab33" tests="10" skipped="0" failures="0" errors="0" time="16.991">
    <testcase time="3.755" classname="shinytest2_tm_data_table" name="e2e_tm_data_table_Initializes_without_errors"/>
    <testcase time="0.00399999999999068" classname="shinytest2_tm_data_table" name="e2e_tm_data_table_Initializes_without_errors"/>
    <testcase time="4.09" classname="shinytest2_tm_data_table" name="e2e_tm_data_table_Verify_checkbox_displayed_over_data_table"/>
    <testcase time="3.887" classname="shinytest2_tm_data_table" name="e2e_tm_data_table_Verify_module_displays_data_table"/>
    <testcase time="0.00800000000000978" classname="shinytest2_tm_data_table" name="e2e_tm_data_table_Verify_module_displays_data_table"/>
    <testcase time="0.0269999999999868" classname="shinytest2_tm_data_table" name="e2e_tm_data_table_Verify_module_displays_data_table"/>
    <testcase time="0.695999999999998" classname="shinytest2_tm_data_table" name="e2e_tm_data_table_Verify_module_displays_data_table"/>
    <testcase time="3.83500000000001" classname="shinytest2_tm_data_table" name="e2e_tm_data_table_Verify_default_variable_selection_and_set_new_selection"/>
    <testcase time="0.680000000000007" classname="shinytest2_tm_data_table" name="e2e_tm_data_table_Verify_default_variable_selection_and_set_new_selection"/>
    <testcase time="0.00899999999998613" classname="shinytest2_tm_data_table" name="e2e_tm_data_table_Verify_default_variable_selection_and_set_new_selection"/>
  </testsuite>
  <testsuite name="shinytest2-tm_file_viewer" timestamp="2024-05-10T09:36:17Z" hostname="cf18c459ab33" tests="13" skipped="0" failures="0" errors="0" time="16.244">
    <testcase time="3.66200000000001" classname="shinytest2_tm_file_viewer" name="e2e_tm_file_viewer_Initializes_without_errors_and_shows_files_tree_specified_in_input_path_argument"/>
    <testcase time="0.00600000000000023" classname="shinytest2_tm_file_viewer" name="e2e_tm_file_viewer_Initializes_without_errors_and_shows_files_tree_specified_in_input_path_argument"/>
    <testcase time="0.00800000000000978" classname="shinytest2_tm_file_viewer" name="e2e_tm_file_viewer_Initializes_without_errors_and_shows_files_tree_specified_in_input_path_argument"/>
    <testcase time="0.032999999999987" classname="shinytest2_tm_file_viewer" name="e2e_tm_file_viewer_Initializes_without_errors_and_shows_files_tree_specified_in_input_path_argument"/>
    <testcase time="0.00499999999999545" classname="shinytest2_tm_file_viewer" name="e2e_tm_file_viewer_Initializes_without_errors_and_shows_files_tree_specified_in_input_path_argument"/>
    <testcase time="3.96100000000001" classname="shinytest2_tm_file_viewer" name="e2e_tm_file_viewer_Shows_selected_image_file"/>
    <testcase time="0.00499999999999545" classname="shinytest2_tm_file_viewer" name="e2e_tm_file_viewer_Shows_selected_image_file"/>
    <testcase time="4.14400000000001" classname="shinytest2_tm_file_viewer" name="e2e_tm_file_viewer_Shows_selected_text_file"/>
    <testcase time="0.007000000000005" classname="shinytest2_tm_file_viewer" name="e2e_tm_file_viewer_Shows_selected_text_file"/>
    <testcase time="0.0029999999999859" classname="shinytest2_tm_file_viewer" name="e2e_tm_file_viewer_Shows_selected_text_file"/>
    <testcase time="0.134000000000015" classname="shinytest2_tm_file_viewer" name="e2e_tm_file_viewer_Shows_selected_text_file"/>
    <testcase time="4.142" classname="shinytest2_tm_file_viewer" name="e2e_tm_file_viewer_Shows_selected_url"/>
    <testcase time="0.133999999999986" classname="shinytest2_tm_file_viewer" name="e2e_tm_file_viewer_Shows_selected_url"/>
  </testsuite>
  <testsuite name="shinytest2-tm_front_page" timestamp="2024-05-10T09:36:33Z" hostname="cf18c459ab33" tests="3" skipped="0" failures="0" errors="3" time="306.278">
    <testcase time="102.126" classname="shinytest2_tm_front_page" name="e2e_tm_front_page_Initializes_without_errors_and_check_html_elements">
      <error type="error" message="Error in `app_initialize(self, private, app_dir = app_dir, ..., load_timeout = load_timeout,  ('test-shinytest2-tm_front_page.R:26:3')">Error in `app_initialize(self, private, app_dir = app_dir, ..., load_timeout = load_timeout, 
    timeout = timeout, wait = wait, expect_values_screenshot_args = expect_values_screenshot_args, 
    screenshot_args = screenshot_args, check_names = check_names, 
    name = name, variant = variant, view = view, height = height, 
    width = width, seed = seed, clean_logs = clean_logs, shiny_args = shiny_args, 
    render_args = render_args, options = options)`: Shiny app did not become stable in 1e+05ms.
Message: An error occurred while waiting for Shiny to be stable
Caused by error in `app_wait_for_idle()`:
! An error occurred while waiting for Shiny to be stable


i You can inspect the failed AppDriver object via `rlang::last_error()$app`
i AppDriver logs:
{shinytest2} R  info   09:36:33.78 Start AppDriver initialization
{shinytest2} R  info   09:36:33.84 Starting Shiny app
{shinytest2} R  info   09:36:35.07 Creating new ChromoteSession
{shinytest2} R  info   09:36:35.10 Navigating to Shiny app
{shinytest2} R  info   09:36:35.17 Injecting shiny-tracer.js
{chromote}   JS info   09:36:35.18 shinytest2; jQuery not found
{chromote}   JS info   09:36:35.18 shinytest2; Loaded
{shinytest2} R  info   09:36:35.18 Waiting for Shiny to become ready
{chromote}   JS info   09:36:35.27 shinytest2; jQuery found
{chromote}   JS info   09:36:35.27 shinytest2; Waiting for shiny session to connect
{chromote}   JS info   09:36:35.33 shinytest2; Connected
{chromote}   JS info   09:36:35.37 shinytest2; shiny:busy
{shinytest2} R  info   09:36:35.40 Waiting for Shiny to become idle for 200ms within 1e+05ms
{chromote}   JS info   09:36:35.40 shinytest2; Waiting for Shiny to be stable
{shinytest2} R  info   09:38:15.43 Error while initializing AppDriver:
                                   Shiny app did not become stable in 1e+05ms.
                                   Message: An error occurred while waiting for Shiny to be stable
                                   Caused by error in `app_wait_for_idle()`:
                                   ! An error occurred while waiting for Shiny to be stable
{shiny}      R  stderr ----------- Loading required package: shiny
{shiny}      R  stderr ----------- Attempting to load the environment 'package:nestcolor'
{shiny}      R  stderr ----------- Loading required package: ggmosaic
{shiny}      R  stderr ----------- Loading required package: ggplot2
{shiny}      R  stderr ----------- Loading required package: teal
{shiny}      R  stderr ----------- Loading required package: teal.data
{shiny}      R  stderr ----------- Loading required package: teal.code
{shiny}      R  stderr ----------- Loading required package: teal.slice
{shiny}      R  stderr ----------- 
{shiny}      R  stderr ----------- You are using teal version 0.15.2.9036
{shiny}      R  stderr ----------- 
{shiny}      R  stderr ----------- Attaching package: 'teal'
{shiny}      R  stderr ----------- 
{shiny}      R  stderr ----------- The following objects are masked from 'package:teal.slice':
{shiny}      R  stderr ----------- 
{shiny}      R  stderr -----------     as.teal_slices, teal_slices
{shiny}      R  stderr ----------- 
{shiny}      R  stderr ----------- Loading required package: teal.transform
{shiny}      R  stderr ----------- Running application in test mode.
{shiny}      R  stderr ----------- 
{shiny}      R  stderr ----------- Listening on http://127.0.0.1:3712
{shiny}      R  stderr ----------- Warning: Error in if: the condition has length &gt; 1
{shiny}      R  stderr -----------   14: &lt;Anonymous&gt;
{shiny}      R  stderr -----------   12: &lt;Anonymous&gt;
{shiny}      R  stderr -----------   11: &lt;Anonymous&gt;
{shiny}      R  stderr -----------   10: base::do.call
{shiny}      R  stderr -----------    9: base::saveRDS
{shiny}      R  stderr -----------    8: base::withCallingHandlers
{shiny}      R  stderr -----------    7: doTryCatch
{shiny}      R  stderr -----------    6: tryCatchOne
{shiny}      R  stderr -----------    5: tryCatchList
{shiny}      R  stderr -----------    2: tryCatchList
{shiny}      R  stderr -----------    1: base::tryCatch


Caused by error in `app_initialize_()`:
! Shiny app did not become stable in 1e+05ms.
Message: An error occurred while waiting for Shiny to be stable
Caused by error in `app_wait_for_idle()`:
! An error occurred while waiting for Shiny to be stable
Backtrace:
     x
  1. +-teal.modules.general (local) app_driver_tm_front_page() at test-shinytest2-tm_front_page.R:26:3
  2. | \-teal.modules.general:::init_teal_app_driver(...) at test-shinytest2-tm_front_page.R:7:3
  3. |   +-testthat::with_mocked_bindings(...) at tests/testthat/helper-TealAppDriver.R:7:3
  4. |   \-TealAppDriver$new(...) at tests/testthat/helper-TealAppDriver.R:10:7
  5. |     \-teal (local) initialize(...)
  6. |       +-base::suppressWarnings(...)
  7. |       | \-base::withCallingHandlers(...)
  8. |       \-super$initialize(...)
  9. |         \-shinytest2:::app_initialize(...)
 10. |           +-base::withCallingHandlers(...)
 11. |           \-shinytest2:::app_initialize_(self, private, ..., view = view)
 12. |             +-base::withCallingHandlers(...)
 13. |             \-self$wait_for_idle(duration = 200, timeout = private$load_timeout)
 14. |               \-shinytest2:::app_wait_for_idle(...)
 15. |                 \-shinytest2:::app_abort(self, private, "An error occurred while waiting for Shiny to be stable")
 16. |                   \-rlang::abort(..., app = self, call = call)
 17. |                     \-rlang:::signal_abort(cnd, .file)
 18. |                       \-base::signalCondition(cnd)
 19. +-shinytest2 (local) `&lt;fn&gt;`(`&lt;rlng_rrr&gt;`)
 20. | \-shinytest2:::app_abort(...)
 21. |   \-rlang::abort(..., app = self, call = call)
 22. |     \-rlang:::signal_abort(cnd, .file)
 23. |       \-base::signalCondition(cnd)
 24. \-shinytest2 (local) `&lt;fn&gt;`(`&lt;rlng_rrr&gt;`)
 25.   \-shinytest2:::app_abort(...)
 26.     \-rlang::abort(..., app = self, call = call)</error>
    </testcase>
    <testcase time="102.07" classname="shinytest2_tm_front_page" name="e2e_tm_front_page_Verify_the_module_displays_tables">
      <error type="error" message="Error in `app_initialize(self, private, app_dir = app_dir, ..., load_timeout = load_timeout,  ('test-shinytest2-tm_front_page.R:50:3')">Error in `app_initialize(self, private, app_dir = app_dir, ..., load_timeout = load_timeout, 
    timeout = timeout, wait = wait, expect_values_screenshot_args = expect_values_screenshot_args, 
    screenshot_args = screenshot_args, check_names = check_names, 
    name = name, variant = variant, view = view, height = height, 
    width = width, seed = seed, clean_logs = clean_logs, shiny_args = shiny_args, 
    render_args = render_args, options = options)`: Shiny app did not become stable in 1e+05ms.
Message: An error occurred while waiting for Shiny to be stable
Caused by error in `app_wait_for_idle()`:
! An error occurred while waiting for Shiny to be stable


i You can inspect the failed AppDriver object via `rlang::last_error()$app`
i AppDriver logs:
{shinytest2} R  info   09:38:15.86 Start AppDriver initialization
{shinytest2} R  info   09:38:15.92 Starting Shiny app
{shinytest2} R  info   09:38:17.15 Creating new ChromoteSession
{shinytest2} R  info   09:38:17.18 Navigating to Shiny app
{shinytest2} R  info   09:38:17.25 Injecting shiny-tracer.js
{chromote}   JS info   09:38:17.26 shinytest2; jQuery not found
{chromote}   JS info   09:38:17.26 shinytest2; Loaded
{shinytest2} R  info   09:38:17.26 Waiting for Shiny to become ready
{chromote}   JS info   09:38:17.35 shinytest2; jQuery found
{chromote}   JS info   09:38:17.35 shinytest2; Waiting for shiny session to connect
{chromote}   JS info   09:38:17.42 shinytest2; Connected
{chromote}   JS info   09:38:17.46 shinytest2; shiny:busy
{shinytest2} R  info   09:38:17.49 Waiting for Shiny to become idle for 200ms within 1e+05ms
{chromote}   JS info   09:38:17.49 shinytest2; Waiting for Shiny to be stable
{shinytest2} R  info   09:39:57.50 Error while initializing AppDriver:
                                   Shiny app did not become stable in 1e+05ms.
                                   Message: An error occurred while waiting for Shiny to be stable
                                   Caused by error in `app_wait_for_idle()`:
                                   ! An error occurred while waiting for Shiny to be stable
{shiny}      R  stderr ----------- Loading required package: shiny
{shiny}      R  stderr ----------- Attempting to load the environment 'package:nestcolor'
{shiny}      R  stderr ----------- Loading required package: ggmosaic
{shiny}      R  stderr ----------- Loading required package: ggplot2
{shiny}      R  stderr ----------- Loading required package: teal
{shiny}      R  stderr ----------- Loading required package: teal.data
{shiny}      R  stderr ----------- Loading required package: teal.code
{shiny}      R  stderr ----------- Loading required package: teal.slice
{shiny}      R  stderr ----------- 
{shiny}      R  stderr ----------- You are using teal version 0.15.2.9036
{shiny}      R  stderr ----------- 
{shiny}      R  stderr ----------- Attaching package: 'teal'
{shiny}      R  stderr ----------- 
{shiny}      R  stderr ----------- The following objects are masked from 'package:teal.slice':
{shiny}      R  stderr ----------- 
{shiny}      R  stderr -----------     as.teal_slices, teal_slices
{shiny}      R  stderr ----------- 
{shiny}      R  stderr ----------- Loading required package: teal.transform
{shiny}      R  stderr ----------- Running application in test mode.
{shiny}      R  stderr ----------- 
{shiny}      R  stderr ----------- Listening on http://127.0.0.1:4378
{shiny}      R  stderr ----------- Warning: Error in if: the condition has length &gt; 1
{shiny}      R  stderr -----------   14: &lt;Anonymous&gt;
{shiny}      R  stderr -----------   12: &lt;Anonymous&gt;
{shiny}      R  stderr -----------   11: &lt;Anonymous&gt;
{shiny}      R  stderr -----------   10: base::do.call
{shiny}      R  stderr -----------    9: base::saveRDS
{shiny}      R  stderr -----------    8: base::withCallingHandlers
{shiny}      R  stderr -----------    7: doTryCatch
{shiny}      R  stderr -----------    6: tryCatchOne
{shiny}      R  stderr -----------    5: tryCatchList
{shiny}      R  stderr -----------    2: tryCatchList
{shiny}      R  stderr -----------    1: base::tryCatch


Caused by error in `app_initialize_()`:
! Shiny app did not become stable in 1e+05ms.
Message: An error occurred while waiting for Shiny to be stable
Caused by error in `app_wait_for_idle()`:
! An error occurred while waiting for Shiny to be stable
Backtrace:
     x
  1. +-teal.modules.general (local) app_driver_tm_front_page() at test-shinytest2-tm_front_page.R:50:3
  2. | \-teal.modules.general:::init_teal_app_driver(...) at test-shinytest2-tm_front_page.R:7:3
  3. |   +-testthat::with_mocked_bindings(...) at tests/testthat/helper-TealAppDriver.R:7:3
  4. |   \-TealAppDriver$new(...) at tests/testthat/helper-TealAppDriver.R:10:7
  5. |     \-teal (local) initialize(...)
  6. |       +-base::suppressWarnings(...)
  7. |       | \-base::withCallingHandlers(...)
  8. |       \-super$initialize(...)
  9. |         \-shinytest2:::app_initialize(...)
 10. |           +-base::withCallingHandlers(...)
 11. |           \-shinytest2:::app_initialize_(self, private, ..., view = view)
 12. |             +-base::withCallingHandlers(...)
 13. |             \-self$wait_for_idle(duration = 200, timeout = private$load_timeout)
 14. |               \-shinytest2:::app_wait_for_idle(...)
 15. |                 \-shinytest2:::app_abort(self, private, "An error occurred while waiting for Shiny to be stable")
 16. |                   \-rlang::abort(..., app = self, call = call)
 17. |                     \-rlang:::signal_abort(cnd, .file)
 18. |                       \-base::signalCondition(cnd)
 19. +-shinytest2 (local) `&lt;fn&gt;`(`&lt;rlng_rrr&gt;`)
 20. | \-shinytest2:::app_abort(...)
 21. |   \-rlang::abort(..., app = self, call = call)
 22. |     \-rlang:::signal_abort(cnd, .file)
 23. |       \-base::signalCondition(cnd)
 24. \-shinytest2 (local) `&lt;fn&gt;`(`&lt;rlng_rrr&gt;`)
 25.   \-shinytest2:::app_abort(...)
 26.     \-rlang::abort(..., app = self, call = call)</error>
    </testcase>
    <testcase time="102.082" classname="shinytest2_tm_front_page" name="e2e_tm_front_page_Verify_the_module_displays_metadata">
      <error type="error" message="Error in `app_initialize(self, private, app_dir = app_dir, ..., load_timeout = load_timeout,  ('test-shinytest2-tm_front_page.R:62:3')">Error in `app_initialize(self, private, app_dir = app_dir, ..., load_timeout = load_timeout, 
    timeout = timeout, wait = wait, expect_values_screenshot_args = expect_values_screenshot_args, 
    screenshot_args = screenshot_args, check_names = check_names, 
    name = name, variant = variant, view = view, height = height, 
    width = width, seed = seed, clean_logs = clean_logs, shiny_args = shiny_args, 
    render_args = render_args, options = options)`: Shiny app did not become stable in 1e+05ms.
Message: An error occurred while waiting for Shiny to be stable
Caused by error in `app_wait_for_idle()`:
! An error occurred while waiting for Shiny to be stable


i You can inspect the failed AppDriver object via `rlang::last_error()$app`
i AppDriver logs:
{shinytest2} R  info   09:39:57.94 Start AppDriver initialization
{shinytest2} R  info   09:39:58.00 Starting Shiny app
{shinytest2} R  info   09:39:59.23 Creating new ChromoteSession
{shinytest2} R  info   09:39:59.27 Navigating to Shiny app
{shinytest2} R  info   09:39:59.34 Injecting shiny-tracer.js
{chromote}   JS info   09:39:59.35 shinytest2; jQuery not found
{chromote}   JS info   09:39:59.35 shinytest2; Loaded
{shinytest2} R  info   09:39:59.35 Waiting for Shiny to become ready
{chromote}   JS info   09:39:59.46 shinytest2; jQuery found
{chromote}   JS info   09:39:59.46 shinytest2; Waiting for shiny session to connect
{chromote}   JS info   09:39:59.52 shinytest2; Connected
{chromote}   JS info   09:39:59.56 shinytest2; shiny:busy
{shinytest2} R  info   09:39:59.57 Waiting for Shiny to become idle for 200ms within 1e+05ms
{chromote}   JS info   09:39:59.57 shinytest2; Waiting for Shiny to be stable
{shinytest2} R  info   09:41:39.58 Error while initializing AppDriver:
                                   Shiny app did not become stable in 1e+05ms.
                                   Message: An error occurred while waiting for Shiny to be stable
                                   Caused by error in `app_wait_for_idle()`:
                                   ! An error occurred while waiting for Shiny to be stable
{shiny}      R  stderr ----------- Loading required package: shiny
{shiny}      R  stderr ----------- Attempting to load the environment 'package:nestcolor'
{shiny}      R  stderr ----------- Loading required package: ggmosaic
{shiny}      R  stderr ----------- Loading required package: ggplot2
{shiny}      R  stderr ----------- Loading required package: teal
{shiny}      R  stderr ----------- Loading required package: teal.data
{shiny}      R  stderr ----------- Loading required package: teal.code
{shiny}      R  stderr ----------- Loading required package: teal.slice
{shiny}      R  stderr ----------- 
{shiny}      R  stderr ----------- You are using teal version 0.15.2.9036
{shiny}      R  stderr ----------- 
{shiny}      R  stderr ----------- Attaching package: 'teal'
{shiny}      R  stderr ----------- 
{shiny}      R  stderr ----------- The following objects are masked from 'package:teal.slice':
{shiny}      R  stderr ----------- 
{shiny}      R  stderr -----------     as.teal_slices, teal_slices
{shiny}      R  stderr ----------- 
{shiny}      R  stderr ----------- Loading required package: teal.transform
{shiny}      R  stderr ----------- Running application in test mode.
{shiny}      R  stderr ----------- 
{shiny}      R  stderr ----------- Listening on http://127.0.0.1:5934
{shiny}      R  stderr ----------- Warning: Error in if: the condition has length &gt; 1
{shiny}      R  stderr -----------   14: &lt;Anonymous&gt;
{shiny}      R  stderr -----------   12: &lt;Anonymous&gt;
{shiny}      R  stderr -----------   11: &lt;Anonymous&gt;
{shiny}      R  stderr -----------   10: base::do.call
{shiny}      R  stderr -----------    9: base::saveRDS
{shiny}      R  stderr -----------    8: base::withCallingHandlers
{shiny}      R  stderr -----------    7: doTryCatch
{shiny}      R  stderr -----------    6: tryCatchOne
{shiny}      R  stderr -----------    5: tryCatchList
{shiny}      R  stderr -----------    2: tryCatchList
{shiny}      R  stderr -----------    1: base::tryCatch


Caused by error in `app_initialize_()`:
! Shiny app did not become stable in 1e+05ms.
Message: An error occurred while waiting for Shiny to be stable
Caused by error in `app_wait_for_idle()`:
! An error occurred while waiting for Shiny to be stable
Backtrace:
     x
  1. +-teal.modules.general (local) app_driver_tm_front_page() at test-shinytest2-tm_front_page.R:62:3
  2. | \-teal.modules.general:::init_teal_app_driver(...) at test-shinytest2-tm_front_page.R:7:3
  3. |   +-testthat::with_mocked_bindings(...) at tests/testthat/helper-TealAppDriver.R:7:3
  4. |   \-TealAppDriver$new(...) at tests/testthat/helper-TealAppDriver.R:10:7
  5. |     \-teal (local) initialize(...)
  6. |       +-base::suppressWarnings(...)
  7. |       | \-base::withCallingHandlers(...)
  8. |       \-super$initialize(...)
  9. |         \-shinytest2:::app_initialize(...)
 10. |           +-base::withCallingHandlers(...)
 11. |           \-shinytest2:::app_initialize_(self, private, ..., view = view)
 12. |             +-base::withCallingHandlers(...)
 13. |             \-self$wait_for_idle(duration = 200, timeout = private$load_timeout)
 14. |               \-shinytest2:::app_wait_for_idle(...)
 15. |                 \-shinytest2:::app_abort(self, private, "An error occurred while waiting for Shiny to be stable")
 16. |                   \-rlang::abort(..., app = self, call = call)
 17. |                     \-rlang:::signal_abort(cnd, .file)
 18. |                       \-base::signalCondition(cnd)
 19. +-shinytest2 (local) `&lt;fn&gt;`(`&lt;rlng_rrr&gt;`)
 20. | \-shinytest2:::app_abort(...)
 21. |   \-rlang::abort(..., app = self, call = call)
 22. |     \-rlang:::signal_abort(cnd, .file)
 23. |       \-base::signalCondition(cnd)
 24. \-shinytest2 (local) `&lt;fn&gt;`(`&lt;rlng_rrr&gt;`)
 25.   \-shinytest2:::app_abort(...)
 26.     \-rlang::abort(..., app = self, call = call)</error>
    </testcase>
  </testsuite>
  <testsuite name="shinytest2-tm_g_association" timestamp="2024-05-10T09:41:39Z" hostname="cf18c459ab33" tests="13" skipped="0" failures="0" errors="0" time="27.773">
    <testcase time="5.76900000000001" classname="shinytest2_tm_g_association" name="e2e_tm_g_association_Data_parameter_and_module_label_is_passed_properly."/>
    <testcase time="0.00499999999999545" classname="shinytest2_tm_g_association" name="e2e_tm_g_association_Data_parameter_and_module_label_is_passed_properly."/>
    <testcase time="0.0040000000000191" classname="shinytest2_tm_g_association" name="e2e_tm_g_association_Data_parameter_and_module_label_is_passed_properly."/>
    <testcase time="5.87599999999998" classname="shinytest2_tm_g_association" name="e2e_tm_g_association_Data_extract_spec_elements_are_initialized_with_the_default_values_specified_by_ref_and_vars_arguments."/>
    <testcase time="1.07600000000002" classname="shinytest2_tm_g_association" name="e2e_tm_g_association_Data_extract_spec_elements_are_initialized_with_the_default_values_specified_by_ref_and_vars_arguments."/>
    <testcase time="0.00900000000001455" classname="shinytest2_tm_g_association" name="e2e_tm_g_association_Data_extract_spec_elements_are_initialized_with_the_default_values_specified_by_ref_and_vars_arguments."/>
    <testcase time="0.90100000000001" classname="shinytest2_tm_g_association" name="e2e_tm_g_association_Data_extract_spec_elements_are_initialized_with_the_default_values_specified_by_ref_and_vars_arguments."/>
    <testcase time="5.767" classname="shinytest2_tm_g_association" name="e2e_tm_g_association_Module_plot_is_visible."/>
    <testcase time="5.83299999999997" classname="shinytest2_tm_g_association" name="e2e_tm_g_association_Check_and_set_default_values_for_radio_buttons."/>
    <testcase time="0.0509999999999877" classname="shinytest2_tm_g_association" name="e2e_tm_g_association_Check_and_set_default_values_for_radio_buttons."/>
    <testcase time="0.0520000000000209" classname="shinytest2_tm_g_association" name="e2e_tm_g_association_Check_and_set_default_values_for_radio_buttons."/>
    <testcase time="2.42500000000001" classname="shinytest2_tm_g_association" name="e2e_tm_g_association_Check_and_set_default_values_for_radio_buttons."/>
    <testcase time="0.00499999999999545" classname="shinytest2_tm_g_association" name="e2e_tm_g_association_Check_and_set_default_values_for_radio_buttons."/>
  </testsuite>
  <testsuite name="shinytest2-tm_g_bivariate" timestamp="2024-05-10T09:42:07Z" hostname="cf18c459ab33" tests="44" skipped="0" failures="0" errors="0" time="42.654">
    <testcase time="5.01800000000003" classname="shinytest2_tm_g_bivariate" name="e2e_tm_g_bivariate_Module_is_initialised_with_the_specified_defaults."/>
    <testcase time="0.0880000000000223" classname="shinytest2_tm_g_bivariate" name="e2e_tm_g_bivariate_Module_is_initialised_with_the_specified_defaults."/>
    <testcase time="0.0499999999999545" classname="shinytest2_tm_g_bivariate" name="e2e_tm_g_bivariate_Module_is_initialised_with_the_specified_defaults."/>
    <testcase time="0.0539999999999736" classname="shinytest2_tm_g_bivariate" name="e2e_tm_g_bivariate_Module_is_initialised_with_the_specified_defaults."/>
    <testcase time="0.0500000000000682" classname="shinytest2_tm_g_bivariate" name="e2e_tm_g_bivariate_Module_is_initialised_with_the_specified_defaults."/>
    <testcase time="0.0520000000000209" classname="shinytest2_tm_g_bivariate" name="e2e_tm_g_bivariate_Module_is_initialised_with_the_specified_defaults."/>
    <testcase time="0.0489999999999782" classname="shinytest2_tm_g_bivariate" name="e2e_tm_g_bivariate_Module_is_initialised_with_the_specified_defaults."/>
    <testcase time="0.0509999999999309" classname="shinytest2_tm_g_bivariate" name="e2e_tm_g_bivariate_Module_is_initialised_with_the_specified_defaults."/>
    <testcase time="0.0480000000000018" classname="shinytest2_tm_g_bivariate" name="e2e_tm_g_bivariate_Module_is_initialised_with_the_specified_defaults."/>
    <testcase time="0.0480000000000018" classname="shinytest2_tm_g_bivariate" name="e2e_tm_g_bivariate_Module_is_initialised_with_the_specified_defaults."/>
    <testcase time="0.0490000000000919" classname="shinytest2_tm_g_bivariate" name="e2e_tm_g_bivariate_Module_is_initialised_with_the_specified_defaults."/>
    <testcase time="0.0519999999999072" classname="shinytest2_tm_g_bivariate" name="e2e_tm_g_bivariate_Module_is_initialised_with_the_specified_defaults."/>
    <testcase time="0.0520000000000209" classname="shinytest2_tm_g_bivariate" name="e2e_tm_g_bivariate_Module_is_initialised_with_the_specified_defaults."/>
    <testcase time="0.0520000000000209" classname="shinytest2_tm_g_bivariate" name="e2e_tm_g_bivariate_Module_is_initialised_with_the_specified_defaults."/>
    <testcase time="0.0510000000000446" classname="shinytest2_tm_g_bivariate" name="e2e_tm_g_bivariate_Module_is_initialised_with_the_specified_defaults."/>
    <testcase time="0.0519999999999072" classname="shinytest2_tm_g_bivariate" name="e2e_tm_g_bivariate_Module_is_initialised_with_the_specified_defaults."/>
    <testcase time="0.0520000000000209" classname="shinytest2_tm_g_bivariate" name="e2e_tm_g_bivariate_Module_is_initialised_with_the_specified_defaults."/>
    <testcase time="0.0489999999999782" classname="shinytest2_tm_g_bivariate" name="e2e_tm_g_bivariate_Module_is_initialised_with_the_specified_defaults."/>
    <testcase time="4.98099999999999" classname="shinytest2_tm_g_bivariate" name="e2e_tm_g_bivariate_Coloring_options_are_hidden_when_coloring_is_toggled_off."/>
    <testcase time="0.0080000000000382" classname="shinytest2_tm_g_bivariate" name="e2e_tm_g_bivariate_Coloring_options_are_hidden_when_coloring_is_toggled_off."/>
    <testcase time="0.00900000000001455" classname="shinytest2_tm_g_bivariate" name="e2e_tm_g_bivariate_Coloring_options_are_hidden_when_coloring_is_toggled_off."/>
    <testcase time="1.149" classname="shinytest2_tm_g_bivariate" name="e2e_tm_g_bivariate_Coloring_options_are_hidden_when_coloring_is_toggled_off."/>
    <testcase time="0.0080000000000382" classname="shinytest2_tm_g_bivariate" name="e2e_tm_g_bivariate_Coloring_options_are_hidden_when_coloring_is_toggled_off."/>
    <testcase time="0.00799999999992451" classname="shinytest2_tm_g_bivariate" name="e2e_tm_g_bivariate_Coloring_options_are_hidden_when_coloring_is_toggled_off."/>
    <testcase time="5.06799999999998" classname="shinytest2_tm_g_bivariate" name="e2e_tm_g_bivariate_Facetting_options_are_hidden_when_facet_is_toggled_off."/>
    <testcase time="0.0080000000000382" classname="shinytest2_tm_g_bivariate" name="e2e_tm_g_bivariate_Facetting_options_are_hidden_when_facet_is_toggled_off."/>
    <testcase time="0.0080000000000382" classname="shinytest2_tm_g_bivariate" name="e2e_tm_g_bivariate_Facetting_options_are_hidden_when_facet_is_toggled_off."/>
    <testcase time="0.00799999999992451" classname="shinytest2_tm_g_bivariate" name="e2e_tm_g_bivariate_Facetting_options_are_hidden_when_facet_is_toggled_off."/>
    <testcase time="1.04700000000003" classname="shinytest2_tm_g_bivariate" name="e2e_tm_g_bivariate_Facetting_options_are_hidden_when_facet_is_toggled_off."/>
    <testcase time="0.00700000000006185" classname="shinytest2_tm_g_bivariate" name="e2e_tm_g_bivariate_Facetting_options_are_hidden_when_facet_is_toggled_off."/>
    <testcase time="0.00700000000006185" classname="shinytest2_tm_g_bivariate" name="e2e_tm_g_bivariate_Facetting_options_are_hidden_when_facet_is_toggled_off."/>
    <testcase time="0.00799999999992451" classname="shinytest2_tm_g_bivariate" name="e2e_tm_g_bivariate_Facetting_options_are_hidden_when_facet_is_toggled_off."/>
    <testcase time="6.32600000000002" classname="shinytest2_tm_g_bivariate" name="e2e_tm_g_bivariate_Setting_encoding_inputs_produces_outputs_without_validation_errors."/>
    <testcase time="0.52800000000002" classname="shinytest2_tm_g_bivariate" name="e2e_tm_g_bivariate_Setting_encoding_inputs_produces_outputs_without_validation_errors."/>
    <testcase time="1.01599999999996" classname="shinytest2_tm_g_bivariate" name="e2e_tm_g_bivariate_Setting_encoding_inputs_produces_outputs_without_validation_errors."/>
    <testcase time="1.82600000000002" classname="shinytest2_tm_g_bivariate" name="e2e_tm_g_bivariate_Setting_encoding_inputs_produces_outputs_without_validation_errors."/>
    <testcase time="1.15999999999997" classname="shinytest2_tm_g_bivariate" name="e2e_tm_g_bivariate_Setting_encoding_inputs_produces_outputs_without_validation_errors."/>
    <testcase time="1.96900000000005" classname="shinytest2_tm_g_bivariate" name="e2e_tm_g_bivariate_Setting_encoding_inputs_produces_outputs_without_validation_errors."/>
    <testcase time="1.98199999999997" classname="shinytest2_tm_g_bivariate" name="e2e_tm_g_bivariate_Setting_encoding_inputs_produces_outputs_without_validation_errors."/>
    <testcase time="1.76099999999997" classname="shinytest2_tm_g_bivariate" name="e2e_tm_g_bivariate_Setting_encoding_inputs_produces_outputs_without_validation_errors."/>
    <testcase time="1.79500000000007" classname="shinytest2_tm_g_bivariate" name="e2e_tm_g_bivariate_Setting_encoding_inputs_produces_outputs_without_validation_errors."/>
    <testcase time="2.02499999999998" classname="shinytest2_tm_g_bivariate" name="e2e_tm_g_bivariate_Setting_encoding_inputs_produces_outputs_without_validation_errors."/>
    <testcase time="2.00999999999999" classname="shinytest2_tm_g_bivariate" name="e2e_tm_g_bivariate_Setting_encoding_inputs_produces_outputs_without_validation_errors."/>
    <testcase time="2.01499999999999" classname="shinytest2_tm_g_bivariate" name="e2e_tm_g_bivariate_Setting_encoding_inputs_produces_outputs_without_validation_errors."/>
  </testsuite>
  <testsuite name="shinytest2-tm_g_distribution" timestamp="2024-05-10T09:43:14Z" hostname="cf18c459ab33" tests="21" skipped="0" failures="0" errors="0" time="54.869">
    <testcase time="30.044" classname="shinytest2_tm_g_distribution" name="e2e_tm_g_distribution_Module_is_initialised_with_the_specified_defaults."/>
    <testcase time="0.0480000000000018" classname="shinytest2_tm_g_distribution" name="e2e_tm_g_distribution_Module_is_initialised_with_the_specified_defaults."/>
    <testcase time="0.0540000000000873" classname="shinytest2_tm_g_distribution" name="e2e_tm_g_distribution_Module_is_initialised_with_the_specified_defaults."/>
    <testcase time="0.0509999999999309" classname="shinytest2_tm_g_distribution" name="e2e_tm_g_distribution_Module_is_initialised_with_the_specified_defaults."/>
    <testcase time="0.0520000000000209" classname="shinytest2_tm_g_distribution" name="e2e_tm_g_distribution_Module_is_initialised_with_the_specified_defaults."/>
    <testcase time="0.0510000000000446" classname="shinytest2_tm_g_distribution" name="e2e_tm_g_distribution_Module_is_initialised_with_the_specified_defaults."/>
    <testcase time="0.0519999999999072" classname="shinytest2_tm_g_distribution" name="e2e_tm_g_distribution_Module_is_initialised_with_the_specified_defaults."/>
    <testcase time="0.0480000000000018" classname="shinytest2_tm_g_distribution" name="e2e_tm_g_distribution_Module_is_initialised_with_the_specified_defaults."/>
    <testcase time="0.0520000000000209" classname="shinytest2_tm_g_distribution" name="e2e_tm_g_distribution_Module_is_initialised_with_the_specified_defaults."/>
    <testcase time="0.59800000000007" classname="shinytest2_tm_g_distribution" name="e2e_tm_g_distribution_Module_is_initialised_with_the_specified_defaults."/>
    <testcase time="5.94799999999998" classname="shinytest2_tm_g_distribution" name="e2e_tm_g_distribution_Histogram_encoding_inputs_produce_output_without_validation_errors."/>
    <testcase time="2.03899999999999" classname="shinytest2_tm_g_distribution" name="e2e_tm_g_distribution_Histogram_encoding_inputs_produce_output_without_validation_errors."/>
    <testcase time="1.11799999999994" classname="shinytest2_tm_g_distribution" name="e2e_tm_g_distribution_Histogram_encoding_inputs_produce_output_without_validation_errors."/>
    <testcase time="0.897000000000048" classname="shinytest2_tm_g_distribution" name="e2e_tm_g_distribution_Histogram_encoding_inputs_produce_output_without_validation_errors."/>
    <testcase time="1.43399999999997" classname="shinytest2_tm_g_distribution" name="e2e_tm_g_distribution_Histogram_encoding_inputs_produce_output_without_validation_errors."/>
    <testcase time="1.26999999999998" classname="shinytest2_tm_g_distribution" name="e2e_tm_g_distribution_Histogram_encoding_inputs_produce_output_without_validation_errors."/>
    <testcase time="0.993000000000052" classname="shinytest2_tm_g_distribution" name="e2e_tm_g_distribution_Histogram_encoding_inputs_produce_output_without_validation_errors."/>
    <testcase time="0.942000000000007" classname="shinytest2_tm_g_distribution" name="e2e_tm_g_distribution_Histogram_encoding_inputs_produce_output_without_validation_errors."/>
    <testcase time="6.06200000000001" classname="shinytest2_tm_g_distribution" name="e2e_tm_g_distribution_QQ_plot_encoding_inputs_produce_output_without_validation_errors."/>
    <testcase time="0.736999999999966" classname="shinytest2_tm_g_distribution" name="e2e_tm_g_distribution_QQ_plot_encoding_inputs_produce_output_without_validation_errors."/>
    <testcase time="2.37900000000002" classname="shinytest2_tm_g_distribution" name="e2e_tm_g_distribution_QQ_plot_encoding_inputs_produce_output_without_validation_errors."/>
  </testsuite>
  <testsuite name="shinytest2-tm_g_response" timestamp="2024-05-10T09:43:45Z" hostname="cf18c459ab33" tests="17" skipped="0" failures="0" errors="0" time="27.011">
    <testcase time="4.726" classname="shinytest2_tm_g_response" name="e2e_tm_g_response_module_is_initialised_with_the_specified_defaults."/>
    <testcase time="0.0879999999999654" classname="shinytest2_tm_g_response" name="e2e_tm_g_response_module_is_initialised_with_the_specified_defaults."/>
    <testcase time="0.0520000000000209" classname="shinytest2_tm_g_response" name="e2e_tm_g_response_module_is_initialised_with_the_specified_defaults."/>
    <testcase time="0.0520000000000209" classname="shinytest2_tm_g_response" name="e2e_tm_g_response_module_is_initialised_with_the_specified_defaults."/>
    <testcase time="0.0539999999999736" classname="shinytest2_tm_g_response" name="e2e_tm_g_response_module_is_initialised_with_the_specified_defaults."/>
    <testcase time="0.0510000000000446" classname="shinytest2_tm_g_response" name="e2e_tm_g_response_module_is_initialised_with_the_specified_defaults."/>
    <testcase time="0.0520000000000209" classname="shinytest2_tm_g_response" name="e2e_tm_g_response_module_is_initialised_with_the_specified_defaults."/>
    <testcase time="0.0509999999999309" classname="shinytest2_tm_g_response" name="e2e_tm_g_response_module_is_initialised_with_the_specified_defaults."/>
    <testcase time="5.69299999999998" classname="shinytest2_tm_g_response" name="e2e_tm_g_response_encoding_inputs_produce_output_without_validation_errors."/>
    <testcase time="0.933000000000106" classname="shinytest2_tm_g_response" name="e2e_tm_g_response_encoding_inputs_produce_output_without_validation_errors."/>
    <testcase time="0.960999999999899" classname="shinytest2_tm_g_response" name="e2e_tm_g_response_encoding_inputs_produce_output_without_validation_errors."/>
    <testcase time="0.836000000000013" classname="shinytest2_tm_g_response" name="e2e_tm_g_response_encoding_inputs_produce_output_without_validation_errors."/>
    <testcase time="0.870000000000005" classname="shinytest2_tm_g_response" name="e2e_tm_g_response_encoding_inputs_produce_output_without_validation_errors."/>
    <testcase time="0.869000000000028" classname="shinytest2_tm_g_response" name="e2e_tm_g_response_encoding_inputs_produce_output_without_validation_errors."/>
    <testcase time="0.875" classname="shinytest2_tm_g_response" name="e2e_tm_g_response_encoding_inputs_produce_output_without_validation_errors."/>
    <testcase time="5.30399999999997" classname="shinytest2_tm_g_response" name="e2e_tm_g_response_deselecting_response_produces_validation_error."/>
    <testcase time="5.54399999999998" classname="shinytest2_tm_g_response" name="e2e_tm_g_response_deselecting_x_produces_validation_error."/>
  </testsuite>
  <testsuite name="shinytest2-tm_g_scatterplot" timestamp="2024-05-10T09:44:12Z" hostname="cf18c459ab33" tests="35" skipped="0" failures="0" errors="0" time="72.623">
    <testcase time="5.3660000000001" classname="shinytest2_tm_g_scatterplot" name="e2e_tm_g_scatterplot_Module_is_initialised_with_the_specified_defaults."/>
    <testcase time="0.0539999999999736" classname="shinytest2_tm_g_scatterplot" name="e2e_tm_g_scatterplot_Module_is_initialised_with_the_specified_defaults."/>
    <testcase time="0.0509999999999309" classname="shinytest2_tm_g_scatterplot" name="e2e_tm_g_scatterplot_Module_is_initialised_with_the_specified_defaults."/>
    <testcase time="0.0529999999999973" classname="shinytest2_tm_g_scatterplot" name="e2e_tm_g_scatterplot_Module_is_initialised_with_the_specified_defaults."/>
    <testcase time="0.0520000000000209" classname="shinytest2_tm_g_scatterplot" name="e2e_tm_g_scatterplot_Module_is_initialised_with_the_specified_defaults."/>
    <testcase time="0.0520000000000209" classname="shinytest2_tm_g_scatterplot" name="e2e_tm_g_scatterplot_Module_is_initialised_with_the_specified_defaults."/>
    <testcase time="0.0510000000000446" classname="shinytest2_tm_g_scatterplot" name="e2e_tm_g_scatterplot_Module_is_initialised_with_the_specified_defaults."/>
    <testcase time="0.0489999999999782" classname="shinytest2_tm_g_scatterplot" name="e2e_tm_g_scatterplot_Module_is_initialised_with_the_specified_defaults."/>
    <testcase time="0.0570000000000164" classname="shinytest2_tm_g_scatterplot" name="e2e_tm_g_scatterplot_Module_is_initialised_with_the_specified_defaults."/>
    <testcase time="0.0499999999999545" classname="shinytest2_tm_g_scatterplot" name="e2e_tm_g_scatterplot_Module_is_initialised_with_the_specified_defaults."/>
    <testcase time="0.0480000000000018" classname="shinytest2_tm_g_scatterplot" name="e2e_tm_g_scatterplot_Module_is_initialised_with_the_specified_defaults."/>
    <testcase time="0.0520000000000209" classname="shinytest2_tm_g_scatterplot" name="e2e_tm_g_scatterplot_Module_is_initialised_with_the_specified_defaults."/>
    <testcase time="0.0480000000000018" classname="shinytest2_tm_g_scatterplot" name="e2e_tm_g_scatterplot_Module_is_initialised_with_the_specified_defaults."/>
    <testcase time="0.0529999999999973" classname="shinytest2_tm_g_scatterplot" name="e2e_tm_g_scatterplot_Module_is_initialised_with_the_specified_defaults."/>
    <testcase time="0.0520000000000209" classname="shinytest2_tm_g_scatterplot" name="e2e_tm_g_scatterplot_Module_is_initialised_with_the_specified_defaults."/>
    <testcase time="0.0509999999999309" classname="shinytest2_tm_g_scatterplot" name="e2e_tm_g_scatterplot_Module_is_initialised_with_the_specified_defaults."/>
    <testcase time="6.15700000000004" classname="shinytest2_tm_g_scatterplot" name="e2e_tm_g_scatterplot_Base_for_the_log_transformation_can_be_applied."/>
    <testcase time="0.735000000000014" classname="shinytest2_tm_g_scatterplot" name="e2e_tm_g_scatterplot_Base_for_the_log_transformation_can_be_applied."/>
    <testcase time="0.741999999999962" classname="shinytest2_tm_g_scatterplot" name="e2e_tm_g_scatterplot_Base_for_the_log_transformation_can_be_applied."/>
    <testcase time="0.793999999999983" classname="shinytest2_tm_g_scatterplot" name="e2e_tm_g_scatterplot_Base_for_the_log_transformation_can_be_applied."/>
    <testcase time="6.78399999999999" classname="shinytest2_tm_g_scatterplot" name="e2e_tm_g_scatterplot_The_log_transform_is_only_possible_for_positive_numeric_vars."/>
    <testcase time="0.833000000000084" classname="shinytest2_tm_g_scatterplot" name="e2e_tm_g_scatterplot_The_log_transform_is_only_possible_for_positive_numeric_vars."/>
    <testcase time="1.35399999999993" classname="shinytest2_tm_g_scatterplot" name="e2e_tm_g_scatterplot_The_log_transform_is_only_possible_for_positive_numeric_vars."/>
    <testcase time="7.04900000000009" classname="shinytest2_tm_g_scatterplot" name="e2e_tm_g_scatterplot_Get_validation_error_when_facetting_with_the_same_row_col_variable."/>
    <testcase time="6.28599999999994" classname="shinytest2_tm_g_scatterplot" name="e2e_tm_g_scatterplot_The_encoding_inputs_produce_output_without_validation_errors."/>
    <testcase time="0.879000000000019" classname="shinytest2_tm_g_scatterplot" name="e2e_tm_g_scatterplot_The_encoding_inputs_produce_output_without_validation_errors."/>
    <testcase time="1.16200000000003" classname="shinytest2_tm_g_scatterplot" name="e2e_tm_g_scatterplot_The_encoding_inputs_produce_output_without_validation_errors."/>
    <testcase time="1.62899999999991" classname="shinytest2_tm_g_scatterplot" name="e2e_tm_g_scatterplot_The_encoding_inputs_produce_output_without_validation_errors."/>
    <testcase time="1.56299999999999" classname="shinytest2_tm_g_scatterplot" name="e2e_tm_g_scatterplot_The_encoding_inputs_produce_output_without_validation_errors."/>
    <testcase time="1.61300000000006" classname="shinytest2_tm_g_scatterplot" name="e2e_tm_g_scatterplot_The_encoding_inputs_produce_output_without_validation_errors."/>
    <testcase time="1.71799999999996" classname="shinytest2_tm_g_scatterplot" name="e2e_tm_g_scatterplot_The_encoding_inputs_produce_output_without_validation_errors."/>
    <testcase time="20.5300000000001" classname="shinytest2_tm_g_scatterplot" name="e2e_tm_g_scatterplot_The_encoding_inputs_produce_output_without_validation_errors."/>
    <testcase time="1.51299999999992" classname="shinytest2_tm_g_scatterplot" name="e2e_tm_g_scatterplot_The_encoding_inputs_produce_output_without_validation_errors."/>
    <testcase time="3.029" classname="shinytest2_tm_g_scatterplot" name="e2e_tm_g_scatterplot_The_encoding_inputs_produce_output_without_validation_errors."/>
    <testcase time="2.11400000000003" classname="shinytest2_tm_g_scatterplot" name="e2e_tm_g_scatterplot_The_encoding_inputs_produce_output_without_validation_errors."/>
  </testsuite>
  <testsuite name="shinytest2-tm_g_scatterplotmatrix" timestamp="2024-05-10T09:45:24Z" hostname="cf18c459ab33" tests="9" skipped="0" failures="0" errors="0" time="22.278">
    <testcase time="4.66800000000001" classname="shinytest2_tm_g_scatterplotmatrix" name="e2e_tm_g_scatterplotmatrix_Initializes_without_errors"/>
    <testcase time="0.0040000000000191" classname="shinytest2_tm_g_scatterplotmatrix" name="e2e_tm_g_scatterplotmatrix_Initializes_without_errors"/>
    <testcase time="0.0040000000000191" classname="shinytest2_tm_g_scatterplotmatrix" name="e2e_tm_g_scatterplotmatrix_Initializes_without_errors"/>
    <testcase time="4.75999999999999" classname="shinytest2_tm_g_scatterplotmatrix" name="e2e_tm_g_scatterplotmatrix_Verify_module_displays_data_table"/>
    <testcase time="4.92099999999994" classname="shinytest2_tm_g_scatterplotmatrix" name="e2e_tm_g_scatterplotmatrix_Verify_default_values_and_settings_data_extracts_for_data_selection"/>
    <testcase time="0.000999999999976353" classname="shinytest2_tm_g_scatterplotmatrix" name="e2e_tm_g_scatterplotmatrix_Verify_default_values_and_settings_data_extracts_for_data_selection"/>
    <testcase time="1.27100000000007" classname="shinytest2_tm_g_scatterplotmatrix" name="e2e_tm_g_scatterplotmatrix_Verify_default_values_and_settings_data_extracts_for_data_selection"/>
    <testcase time="5.95799999999997" classname="shinytest2_tm_g_scatterplotmatrix" name="e2e_tm_g_scatterplotmatrix_Change_plot_settings"/>
    <testcase time="0.691000000000031" classname="shinytest2_tm_g_scatterplotmatrix" name="e2e_tm_g_scatterplotmatrix_Change_plot_settings"/>
  </testsuite>
  <testsuite name="shinytest2-tm_misssing_data" timestamp="2024-05-10T09:45:46Z" hostname="cf18c459ab33" tests="10" skipped="0" failures="0" errors="5" time="510.328">
    <testcase time="0.125999999999976" classname="shinytest2_tm_misssing_data" name="e2e_tm_missing_data_Initializes_without_errors"/>
    <testcase time="101.962" classname="shinytest2_tm_misssing_data" name="e2e_tm_missing_data_Initializes_without_errors">
      <error type="error" message="Error in `app_initialize(self, private, app_dir = app_dir, ..., load_timeout = load_timeout,  ('test-shinytest2-tm_misssing_data.R:41:3')">Error in `app_initialize(self, private, app_dir = app_dir, ..., load_timeout = load_timeout, 
    timeout = timeout, wait = wait, expect_values_screenshot_args = expect_values_screenshot_args, 
    screenshot_args = screenshot_args, check_names = check_names, 
    name = name, variant = variant, view = view, height = height, 
    width = width, seed = seed, clean_logs = clean_logs, shiny_args = shiny_args, 
    render_args = render_args, options = options)`: Shiny app did not become stable in 1e+05ms.
Message: An error occurred while waiting for Shiny to be stable
Caused by error in `app_wait_for_idle()`:
! An error occurred while waiting for Shiny to be stable


i You can inspect the failed AppDriver object via `rlang::last_error()$app`
i AppDriver logs:
{shinytest2} R  info   09:45:47.29 Start AppDriver initialization
{shinytest2} R  info   09:45:47.30 Starting Shiny app
{shinytest2} R  info   09:45:48.53 Creating new ChromoteSession
{shinytest2} R  info   09:45:48.57 Navigating to Shiny app
{shinytest2} R  info   09:45:48.64 Injecting shiny-tracer.js
{chromote}   JS info   09:45:48.65 shinytest2; jQuery not found
{chromote}   JS info   09:45:48.65 shinytest2; Loaded
{shinytest2} R  info   09:45:48.65 Waiting for Shiny to become ready
{chromote}   JS info   09:45:48.73 shinytest2; jQuery found
{chromote}   JS info   09:45:48.73 shinytest2; Waiting for shiny session to connect
{chromote}   JS info   09:45:48.79 shinytest2; Connected
{chromote}   JS info   09:45:48.83 shinytest2; shiny:busy
{shinytest2} R  info   09:45:48.86 Waiting for Shiny to become idle for 200ms within 1e+05ms
{chromote}   JS info   09:45:48.87 shinytest2; Waiting for Shiny to be stable
{shinytest2} R  info   09:47:28.88 Error while initializing AppDriver:
                                   Shiny app did not become stable in 1e+05ms.
                                   Message: An error occurred while waiting for Shiny to be stable
                                   Caused by error in `app_wait_for_idle()`:
                                   ! An error occurred while waiting for Shiny to be stable
{shiny}      R  stderr ----------- Loading required package: shiny
{shiny}      R  stderr ----------- Attempting to load the environment 'package:nestcolor'
{shiny}      R  stderr ----------- Loading required package: ggmosaic
{shiny}      R  stderr ----------- Loading required package: ggplot2
{shiny}      R  stderr ----------- Loading required package: teal
{shiny}      R  stderr ----------- Loading required package: teal.data
{shiny}      R  stderr ----------- Loading required package: teal.code
{shiny}      R  stderr ----------- Loading required package: teal.slice
{shiny}      R  stderr ----------- 
{shiny}      R  stderr ----------- You are using teal version 0.15.2.9036
{shiny}      R  stderr ----------- 
{shiny}      R  stderr ----------- Attaching package: 'teal'
{shiny}      R  stderr ----------- 
{shiny}      R  stderr ----------- The following objects are masked from 'package:teal.slice':
{shiny}      R  stderr ----------- 
{shiny}      R  stderr -----------     as.teal_slices, teal_slices
{shiny}      R  stderr ----------- 
{shiny}      R  stderr ----------- Loading required package: teal.transform
{shiny}      R  stderr ----------- Running application in test mode.
{shiny}      R  stderr ----------- 
{shiny}      R  stderr ----------- Listening on http://127.0.0.1:4499
{shiny}      R  stderr ----------- Initializing reporter_previewer_module
{shiny}      R  stderr ----------- Warning: Error in if: the condition has length &gt; 1
{shiny}      R  stderr -----------   14: &lt;Anonymous&gt;
{shiny}      R  stderr -----------   12: &lt;Anonymous&gt;
{shiny}      R  stderr -----------   11: &lt;Anonymous&gt;
{shiny}      R  stderr -----------   10: base::do.call
{shiny}      R  stderr -----------    9: base::saveRDS
{shiny}      R  stderr -----------    8: base::withCallingHandlers
{shiny}      R  stderr -----------    7: doTryCatch
{shiny}      R  stderr -----------    6: tryCatchOne
{shiny}      R  stderr -----------    5: tryCatchList
{shiny}      R  stderr -----------    2: tryCatchList
{shiny}      R  stderr -----------    1: base::tryCatch


Caused by error in `app_initialize_()`:
! Shiny app did not become stable in 1e+05ms.
Message: An error occurred while waiting for Shiny to be stable
Caused by error in `app_wait_for_idle()`:
! An error occurred while waiting for Shiny to be stable
Backtrace:
     x
  1. +-teal.modules.general (local) app_driver_tm_missing_data() at test-shinytest2-tm_misssing_data.R:41:3
  2. | \-teal.modules.general:::init_teal_app_driver(...) at test-shinytest2-tm_misssing_data.R:17:3
  3. |   +-testthat::with_mocked_bindings(...) at tests/testthat/helper-TealAppDriver.R:7:3
  4. |   \-TealAppDriver$new(...) at tests/testthat/helper-TealAppDriver.R:10:7
  5. |     \-teal (local) initialize(...)
  6. |       +-base::suppressWarnings(...)
  7. |       | \-base::withCallingHandlers(...)
  8. |       \-super$initialize(...)
  9. |         \-shinytest2:::app_initialize(...)
 10. |           +-base::withCallingHandlers(...)
 11. |           \-shinytest2:::app_initialize_(self, private, ..., view = view)
 12. |             +-base::withCallingHandlers(...)
 13. |             \-self$wait_for_idle(duration = 200, timeout = private$load_timeout)
 14. |               \-shinytest2:::app_wait_for_idle(...)
 15. |                 \-shinytest2:::app_abort(self, private, "An error occurred while waiting for Shiny to be stable")
 16. |                   \-rlang::abort(..., app = self, call = call)
 17. |                     \-rlang:::signal_abort(cnd, .file)
 18. |                       \-base::signalCondition(cnd)
 19. +-shinytest2 (local) `&lt;fn&gt;`(`&lt;rlng_rrr&gt;`)
 20. | \-shinytest2:::app_abort(...)
 21. |   \-rlang::abort(..., app = self, call = call)
 22. |     \-rlang:::signal_abort(cnd, .file)
 23. |       \-base::signalCondition(cnd)
 24. \-shinytest2 (local) `&lt;fn&gt;`(`&lt;rlng_rrr&gt;`)
 25.   \-shinytest2:::app_abort(...)
 26.     \-rlang::abort(..., app = self, call = call)</error>
    </testcase>
    <testcase time="0.113000000000056" classname="shinytest2_tm_misssing_data" name="e2e_tm_missing_data_Default_settings_and_visibility_of_the_summary_graph"/>
    <testcase time="101.919" classname="shinytest2_tm_misssing_data" name="e2e_tm_missing_data_Default_settings_and_visibility_of_the_summary_graph">
      <error type="error" message="Error in `app_initialize(self, private, app_dir = app_dir, ..., load_timeout = load_timeout,  ('test-shinytest2-tm_misssing_data.R:62:3')">Error in `app_initialize(self, private, app_dir = app_dir, ..., load_timeout = load_timeout, 
    timeout = timeout, wait = wait, expect_values_screenshot_args = expect_values_screenshot_args, 
    screenshot_args = screenshot_args, check_names = check_names, 
    name = name, variant = variant, view = view, height = height, 
    width = width, seed = seed, clean_logs = clean_logs, shiny_args = shiny_args, 
    render_args = render_args, options = options)`: Shiny app did not become stable in 1e+05ms.
Message: An error occurred while waiting for Shiny to be stable
Caused by error in `app_wait_for_idle()`:
! An error occurred while waiting for Shiny to be stable


i You can inspect the failed AppDriver object via `rlang::last_error()$app`
i AppDriver logs:
{shinytest2} R  info   09:47:29.32 Start AppDriver initialization
{shinytest2} R  info   09:47:29.34 Starting Shiny app
{shinytest2} R  info   09:47:30.57 Creating new ChromoteSession
{shinytest2} R  info   09:47:30.60 Navigating to Shiny app
{shinytest2} R  info   09:47:30.68 Injecting shiny-tracer.js
{chromote}   JS info   09:47:30.68 shinytest2; jQuery not found
{chromote}   JS info   09:47:30.68 shinytest2; Loaded
{shinytest2} R  info   09:47:30.69 Waiting for Shiny to become ready
{chromote}   JS info   09:47:30.80 shinytest2; jQuery found
{chromote}   JS info   09:47:30.80 shinytest2; Waiting for shiny session to connect
{chromote}   JS info   09:47:30.86 shinytest2; Connected
{shinytest2} R  info   09:47:30.90 Waiting for Shiny to become idle for 200ms within 1e+05ms
{chromote}   JS info   09:47:30.90 shinytest2; shiny:busy
{chromote}   JS info   09:47:30.90 shinytest2; Waiting for Shiny to be stable
{shinytest2} R  info   09:49:10.91 Error while initializing AppDriver:
                                   Shiny app did not become stable in 1e+05ms.
                                   Message: An error occurred while waiting for Shiny to be stable
                                   Caused by error in `app_wait_for_idle()`:
                                   ! An error occurred while waiting for Shiny to be stable
{shiny}      R  stderr ----------- Loading required package: shiny
{shiny}      R  stderr ----------- Attempting to load the environment 'package:nestcolor'
{shiny}      R  stderr ----------- Loading required package: ggmosaic
{shiny}      R  stderr ----------- Loading required package: ggplot2
{shiny}      R  stderr ----------- Loading required package: teal
{shiny}      R  stderr ----------- Loading required package: teal.data
{shiny}      R  stderr ----------- Loading required package: teal.code
{shiny}      R  stderr ----------- Loading required package: teal.slice
{shiny}      R  stderr ----------- 
{shiny}      R  stderr ----------- You are using teal version 0.15.2.9036
{shiny}      R  stderr ----------- 
{shiny}      R  stderr ----------- Attaching package: 'teal'
{shiny}      R  stderr ----------- 
{shiny}      R  stderr ----------- The following objects are masked from 'package:teal.slice':
{shiny}      R  stderr ----------- 
{shiny}      R  stderr -----------     as.teal_slices, teal_slices
{shiny}      R  stderr ----------- 
{shiny}      R  stderr ----------- Loading required package: teal.transform
{shiny}      R  stderr ----------- Running application in test mode.
{shiny}      R  stderr ----------- createTcpServer: address already in use
{shiny}      R  stderr ----------- 
{shiny}      R  stderr ----------- Listening on http://127.0.0.1:3545
{shiny}      R  stderr ----------- Initializing reporter_previewer_module
{shiny}      R  stderr ----------- Warning: Error in if: the condition has length &gt; 1
{shiny}      R  stderr -----------   14: &lt;Anonymous&gt;
{shiny}      R  stderr -----------   12: &lt;Anonymous&gt;
{shiny}      R  stderr -----------   11: &lt;Anonymous&gt;
{shiny}      R  stderr -----------   10: base::do.call
{shiny}      R  stderr -----------    9: base::saveRDS
{shiny}      R  stderr -----------    8: base::withCallingHandlers
{shiny}      R  stderr -----------    7: doTryCatch
{shiny}      R  stderr -----------    6: tryCatchOne
{shiny}      R  stderr -----------    5: tryCatchList
{shiny}      R  stderr -----------    2: tryCatchList
{shiny}      R  stderr -----------    1: base::tryCatch


Caused by error in `app_initialize_()`:
! Shiny app did not become stable in 1e+05ms.
Message: An error occurred while waiting for Shiny to be stable
Caused by error in `app_wait_for_idle()`:
! An error occurred while waiting for Shiny to be stable
Backtrace:
     x
  1. +-teal.modules.general (local) app_driver_tm_missing_data() at test-shinytest2-tm_misssing_data.R:62:3
  2. | \-teal.modules.general:::init_teal_app_driver(...) at test-shinytest2-tm_misssing_data.R:17:3
  3. |   +-testthat::with_mocked_bindings(...) at tests/testthat/helper-TealAppDriver.R:7:3
  4. |   \-TealAppDriver$new(...) at tests/testthat/helper-TealAppDriver.R:10:7
  5. |     \-teal (local) initialize(...)
  6. |       +-base::suppressWarnings(...)
  7. |       | \-base::withCallingHandlers(...)
  8. |       \-super$initialize(...)
  9. |         \-shinytest2:::app_initialize(...)
 10. |           +-base::withCallingHandlers(...)
 11. |           \-shinytest2:::app_initialize_(self, private, ..., view = view)
 12. |             +-base::withCallingHandlers(...)
 13. |             \-self$wait_for_idle(duration = 200, timeout = private$load_timeout)
 14. |               \-shinytest2:::app_wait_for_idle(...)
 15. |                 \-shinytest2:::app_abort(self, private, "An error occurred while waiting for Shiny to be stable")
 16. |                   \-rlang::abort(..., app = self, call = call)
 17. |                     \-rlang:::signal_abort(cnd, .file)
 18. |                       \-base::signalCondition(cnd)
 19. +-shinytest2 (local) `&lt;fn&gt;`(`&lt;rlng_rrr&gt;`)
 20. | \-shinytest2:::app_abort(...)
 21. |   \-rlang::abort(..., app = self, call = call)
 22. |     \-rlang:::signal_abort(cnd, .file)
 23. |       \-base::signalCondition(cnd)
 24. \-shinytest2 (local) `&lt;fn&gt;`(`&lt;rlng_rrr&gt;`)
 25.   \-shinytest2:::app_abort(...)
 26.     \-rlang::abort(..., app = self, call = call)</error>
    </testcase>
    <testcase time="0.106999999999971" classname="shinytest2_tm_misssing_data" name="e2e_tm_missing_data_Check_default_settings_and_visibility_of_the_combinations_graph_and_encodings"/>
    <testcase time="101.945" classname="shinytest2_tm_misssing_data" name="e2e_tm_missing_data_Check_default_settings_and_visibility_of_the_combinations_graph_and_encodings">
      <error type="error" message="Error in `app_initialize(self, private, app_dir = app_dir, ..., load_timeout = load_timeout,  ('test-shinytest2-tm_misssing_data.R:91:3')">Error in `app_initialize(self, private, app_dir = app_dir, ..., load_timeout = load_timeout, 
    timeout = timeout, wait = wait, expect_values_screenshot_args = expect_values_screenshot_args, 
    screenshot_args = screenshot_args, check_names = check_names, 
    name = name, variant = variant, view = view, height = height, 
    width = width, seed = seed, clean_logs = clean_logs, shiny_args = shiny_args, 
    render_args = render_args, options = options)`: Shiny app did not become stable in 1e+05ms.
Message: An error occurred while waiting for Shiny to be stable
Caused by error in `app_wait_for_idle()`:
! An error occurred while waiting for Shiny to be stable


i You can inspect the failed AppDriver object via `rlang::last_error()$app`
i AppDriver logs:
{shinytest2} R  info   09:49:11.36 Start AppDriver initialization
{shinytest2} R  info   09:49:11.37 Starting Shiny app
{shinytest2} R  info   09:49:12.60 Creating new ChromoteSession
{shinytest2} R  info   09:49:12.64 Navigating to Shiny app
{shinytest2} R  info   09:49:12.71 Injecting shiny-tracer.js
{chromote}   JS info   09:49:12.72 shinytest2; jQuery not found
{chromote}   JS info   09:49:12.72 shinytest2; Loaded
{shinytest2} R  info   09:49:12.73 Waiting for Shiny to become ready
{chromote}   JS info   09:49:12.81 shinytest2; jQuery found
{chromote}   JS info   09:49:12.81 shinytest2; Waiting for shiny session to connect
{chromote}   JS info   09:49:12.87 shinytest2; Connected
{chromote}   JS info   09:49:12.92 shinytest2; shiny:busy
{shinytest2} R  info   09:49:12.95 Waiting for Shiny to become idle for 200ms within 1e+05ms
{chromote}   JS info   09:49:12.95 shinytest2; Waiting for Shiny to be stable
{shinytest2} R  info   09:50:52.97 Error while initializing AppDriver:
                                   Shiny app did not become stable in 1e+05ms.
                                   Message: An error occurred while waiting for Shiny to be stable
                                   Caused by error in `app_wait_for_idle()`:
                                   ! An error occurred while waiting for Shiny to be stable
{shiny}      R  stderr ----------- Loading required package: shiny
{shiny}      R  stderr ----------- Attempting to load the environment 'package:nestcolor'
{shiny}      R  stderr ----------- Loading required package: ggmosaic
{shiny}      R  stderr ----------- Loading required package: ggplot2
{shiny}      R  stderr ----------- Loading required package: teal
{shiny}      R  stderr ----------- Loading required package: teal.data
{shiny}      R  stderr ----------- Loading required package: teal.code
{shiny}      R  stderr ----------- Loading required package: teal.slice
{shiny}      R  stderr ----------- 
{shiny}      R  stderr ----------- You are using teal version 0.15.2.9036
{shiny}      R  stderr ----------- 
{shiny}      R  stderr ----------- Attaching package: 'teal'
{shiny}      R  stderr ----------- 
{shiny}      R  stderr ----------- The following objects are masked from 'package:teal.slice':
{shiny}      R  stderr ----------- 
{shiny}      R  stderr -----------     as.teal_slices, teal_slices
{shiny}      R  stderr ----------- 
{shiny}      R  stderr ----------- Loading required package: teal.transform
{shiny}      R  stderr ----------- Running application in test mode.
{shiny}      R  stderr ----------- createTcpServer: address already in use
{shiny}      R  stderr ----------- createTcpServer: address already in use
{shiny}      R  stderr ----------- 
{shiny}      R  stderr ----------- Listening on http://127.0.0.1:4159
{shiny}      R  stderr ----------- Initializing reporter_previewer_module
{shiny}      R  stderr ----------- Warning: Error in if: the condition has length &gt; 1
{shiny}      R  stderr -----------   14: &lt;Anonymous&gt;
{shiny}      R  stderr -----------   12: &lt;Anonymous&gt;
{shiny}      R  stderr -----------   11: &lt;Anonymous&gt;
{shiny}      R  stderr -----------   10: base::do.call
{shiny}      R  stderr -----------    9: base::saveRDS
{shiny}      R  stderr -----------    8: base::withCallingHandlers
{shiny}      R  stderr -----------    7: doTryCatch
{shiny}      R  stderr -----------    6: tryCatchOne
{shiny}      R  stderr -----------    5: tryCatchList
{shiny}      R  stderr -----------    2: tryCatchList
{shiny}      R  stderr -----------    1: base::tryCatch


Caused by error in `app_initialize_()`:
! Shiny app did not become stable in 1e+05ms.
Message: An error occurred while waiting for Shiny to be stable
Caused by error in `app_wait_for_idle()`:
! An error occurred while waiting for Shiny to be stable
Backtrace:
     x
  1. +-teal.modules.general (local) app_driver_tm_missing_data() at test-shinytest2-tm_misssing_data.R:91:3
  2. | \-teal.modules.general:::init_teal_app_driver(...) at test-shinytest2-tm_misssing_data.R:17:3
  3. |   +-testthat::with_mocked_bindings(...) at tests/testthat/helper-TealAppDriver.R:7:3
  4. |   \-TealAppDriver$new(...) at tests/testthat/helper-TealAppDriver.R:10:7
  5. |     \-teal (local) initialize(...)
  6. |       +-base::suppressWarnings(...)
  7. |       | \-base::withCallingHandlers(...)
  8. |       \-super$initialize(...)
  9. |         \-shinytest2:::app_initialize(...)
 10. |           +-base::withCallingHandlers(...)
 11. |           \-shinytest2:::app_initialize_(self, private, ..., view = view)
 12. |             +-base::withCallingHandlers(...)
 13. |             \-self$wait_for_idle(duration = 200, timeout = private$load_timeout)
 14. |               \-shinytest2:::app_wait_for_idle(...)
 15. |                 \-shinytest2:::app_abort(self, private, "An error occurred while waiting for Shiny to be stable")
 16. |                   \-rlang::abort(..., app = self, call = call)
 17. |                     \-rlang:::signal_abort(cnd, .file)
 18. |                       \-base::signalCondition(cnd)
 19. +-shinytest2 (local) `&lt;fn&gt;`(`&lt;rlng_rrr&gt;`)
 20. | \-shinytest2:::app_abort(...)
 21. |   \-rlang::abort(..., app = self, call = call)
 22. |     \-rlang:::signal_abort(cnd, .file)
 23. |       \-base::signalCondition(cnd)
 24. \-shinytest2 (local) `&lt;fn&gt;`(`&lt;rlng_rrr&gt;`)
 25.   \-shinytest2:::app_abort(...)
 26.     \-rlang::abort(..., app = self, call = call)</error>
    </testcase>
    <testcase time="0.106999999999971" classname="shinytest2_tm_misssing_data" name="e2e_tm_missing_data_Validate_functionality_and_UI_response_for_By_Variable_Levels_"/>
    <testcase time="101.969" classname="shinytest2_tm_misssing_data" name="e2e_tm_missing_data_Validate_functionality_and_UI_response_for_By_Variable_Levels_">
      <error type="error" message="Error in `app_initialize(self, private, app_dir = app_dir, ..., load_timeout = load_timeout,  ('test-shinytest2-tm_misssing_data.R:122:3')">Error in `app_initialize(self, private, app_dir = app_dir, ..., load_timeout = load_timeout, 
    timeout = timeout, wait = wait, expect_values_screenshot_args = expect_values_screenshot_args, 
    screenshot_args = screenshot_args, check_names = check_names, 
    name = name, variant = variant, view = view, height = height, 
    width = width, seed = seed, clean_logs = clean_logs, shiny_args = shiny_args, 
    render_args = render_args, options = options)`: Shiny app did not become stable in 1e+05ms.
Message: An error occurred while waiting for Shiny to be stable
Caused by error in `app_wait_for_idle()`:
! An error occurred while waiting for Shiny to be stable


i You can inspect the failed AppDriver object via `rlang::last_error()$app`
i AppDriver logs:
{shinytest2} R  info   09:50:53.40 Start AppDriver initialization
{shinytest2} R  info   09:50:53.42 Starting Shiny app
{shinytest2} R  info   09:50:54.65 Creating new ChromoteSession
{shinytest2} R  info   09:50:54.69 Navigating to Shiny app
{shinytest2} R  info   09:50:54.79 Injecting shiny-tracer.js
{chromote}   JS info   09:50:54.80 shinytest2; jQuery not found
{chromote}   JS info   09:50:54.80 shinytest2; Loaded
{shinytest2} R  info   09:50:54.80 Waiting for Shiny to become ready
{chromote}   JS info   09:50:54.89 shinytest2; jQuery found
{chromote}   JS info   09:50:54.89 shinytest2; Waiting for shiny session to connect
{chromote}   JS info   09:50:54.95 shinytest2; Connected
{chromote}   JS info   09:50:54.99 shinytest2; shiny:busy
{shinytest2} R  info   09:50:55.02 Waiting for Shiny to become idle for 200ms within 1e+05ms
{chromote}   JS info   09:50:55.03 shinytest2; Waiting for Shiny to be stable
{shinytest2} R  info   09:52:35.04 Error while initializing AppDriver:
                                   Shiny app did not become stable in 1e+05ms.
                                   Message: An error occurred while waiting for Shiny to be stable
                                   Caused by error in `app_wait_for_idle()`:
                                   ! An error occurred while waiting for Shiny to be stable
{shiny}      R  stderr ----------- Loading required package: shiny
{shiny}      R  stderr ----------- Attempting to load the environment 'package:nestcolor'
{shiny}      R  stderr ----------- Loading required package: ggmosaic
{shiny}      R  stderr ----------- Loading required package: ggplot2
{shiny}      R  stderr ----------- Loading required package: teal
{shiny}      R  stderr ----------- Loading required package: teal.data
{shiny}      R  stderr ----------- Loading required package: teal.code
{shiny}      R  stderr ----------- Loading required package: teal.slice
{shiny}      R  stderr ----------- 
{shiny}      R  stderr ----------- You are using teal version 0.15.2.9036
{shiny}      R  stderr ----------- 
{shiny}      R  stderr ----------- Attaching package: 'teal'
{shiny}      R  stderr ----------- 
{shiny}      R  stderr ----------- The following objects are masked from 'package:teal.slice':
{shiny}      R  stderr ----------- 
{shiny}      R  stderr -----------     as.teal_slices, teal_slices
{shiny}      R  stderr ----------- 
{shiny}      R  stderr ----------- Loading required package: teal.transform
{shiny}      R  stderr ----------- Running application in test mode.
{shiny}      R  stderr ----------- createTcpServer: address already in use
{shiny}      R  stderr ----------- createTcpServer: address already in use
{shiny}      R  stderr ----------- createTcpServer: address already in use
{shiny}      R  stderr ----------- 
{shiny}      R  stderr ----------- Listening on http://127.0.0.1:7186
{shiny}      R  stderr ----------- Initializing reporter_previewer_module
{shiny}      R  stderr ----------- Warning: Error in if: the condition has length &gt; 1
{shiny}      R  stderr -----------   14: &lt;Anonymous&gt;
{shiny}      R  stderr -----------   12: &lt;Anonymous&gt;
{shiny}      R  stderr -----------   11: &lt;Anonymous&gt;
{shiny}      R  stderr -----------   10: base::do.call
{shiny}      R  stderr -----------    9: base::saveRDS
{shiny}      R  stderr -----------    8: base::withCallingHandlers
{shiny}      R  stderr -----------    7: doTryCatch
{shiny}      R  stderr -----------    6: tryCatchOne
{shiny}      R  stderr -----------    5: tryCatchList
{shiny}      R  stderr -----------    2: tryCatchList
{shiny}      R  stderr -----------    1: base::tryCatch


Caused by error in `app_initialize_()`:
! Shiny app did not become stable in 1e+05ms.
Message: An error occurred while waiting for Shiny to be stable
Caused by error in `app_wait_for_idle()`:
! An error occurred while waiting for Shiny to be stable
Backtrace:
     x
  1. +-teal.modules.general (local) app_driver_tm_missing_data() at test-shinytest2-tm_misssing_data.R:122:3
  2. | \-teal.modules.general:::init_teal_app_driver(...) at test-shinytest2-tm_misssing_data.R:17:3
  3. |   +-testthat::with_mocked_bindings(...) at tests/testthat/helper-TealAppDriver.R:7:3
  4. |   \-TealAppDriver$new(...) at tests/testthat/helper-TealAppDriver.R:10:7
  5. |     \-teal (local) initialize(...)
  6. |       +-base::suppressWarnings(...)
  7. |       | \-base::withCallingHandlers(...)
  8. |       \-super$initialize(...)
  9. |         \-shinytest2:::app_initialize(...)
 10. |           +-base::withCallingHandlers(...)
 11. |           \-shinytest2:::app_initialize_(self, private, ..., view = view)
 12. |             +-base::withCallingHandlers(...)
 13. |             \-self$wait_for_idle(duration = 200, timeout = private$load_timeout)
 14. |               \-shinytest2:::app_wait_for_idle(...)
 15. |                 \-shinytest2:::app_abort(self, private, "An error occurred while waiting for Shiny to be stable")
 16. |                   \-rlang::abort(..., app = self, call = call)
 17. |                     \-rlang:::signal_abort(cnd, .file)
 18. |                       \-base::signalCondition(cnd)
 19. +-shinytest2 (local) `&lt;fn&gt;`(`&lt;rlng_rrr&gt;`)
 20. | \-shinytest2:::app_abort(...)
 21. |   \-rlang::abort(..., app = self, call = call)
 22. |     \-rlang:::signal_abort(cnd, .file)
 23. |       \-base::signalCondition(cnd)
 24. \-shinytest2 (local) `&lt;fn&gt;`(`&lt;rlng_rrr&gt;`)
 25.   \-shinytest2:::app_abort(...)
 26.     \-rlang::abort(..., app = self, call = call)</error>
    </testcase>
    <testcase time="0.107999999999947" classname="shinytest2_tm_misssing_data" name="e2e_tm_missing_data_Validate_By_Variable_Levels_table_values"/>
    <testcase time="101.972" classname="shinytest2_tm_misssing_data" name="e2e_tm_missing_data_Validate_By_Variable_Levels_table_values">
      <error type="error" message="Error in `app_initialize(self, private, app_dir = app_dir, ..., load_timeout = load_timeout,  ('test-shinytest2-tm_misssing_data.R:152:3')">Error in `app_initialize(self, private, app_dir = app_dir, ..., load_timeout = load_timeout, 
    timeout = timeout, wait = wait, expect_values_screenshot_args = expect_values_screenshot_args, 
    screenshot_args = screenshot_args, check_names = check_names, 
    name = name, variant = variant, view = view, height = height, 
    width = width, seed = seed, clean_logs = clean_logs, shiny_args = shiny_args, 
    render_args = render_args, options = options)`: Shiny app did not become stable in 1e+05ms.
Message: An error occurred while waiting for Shiny to be stable
Caused by error in `app_wait_for_idle()`:
! An error occurred while waiting for Shiny to be stable


i You can inspect the failed AppDriver object via `rlang::last_error()$app`
i AppDriver logs:
{shinytest2} R  info   09:52:35.51 Start AppDriver initialization
{shinytest2} R  info   09:52:35.52 Starting Shiny app
{shinytest2} R  info   09:52:36.76 Creating new ChromoteSession
{shinytest2} R  info   09:52:36.79 Navigating to Shiny app
{shinytest2} R  info   09:52:36.87 Injecting shiny-tracer.js
{chromote}   JS info   09:52:36.88 shinytest2; jQuery not found
{chromote}   JS info   09:52:36.88 shinytest2; Loaded
{shinytest2} R  info   09:52:36.88 Waiting for Shiny to become ready
{chromote}   JS info   09:52:37.00 shinytest2; jQuery found
{chromote}   JS info   09:52:37.00 shinytest2; Waiting for shiny session to connect
{chromote}   JS info   09:52:37.06 shinytest2; Connected
{chromote}   JS info   09:52:37.10 shinytest2; shiny:busy
{shinytest2} R  info   09:52:37.10 Waiting for Shiny to become idle for 200ms within 1e+05ms
{chromote}   JS info   09:52:37.11 shinytest2; Waiting for Shiny to be stable
{shinytest2} R  info   09:54:17.12 Error while initializing AppDriver:
                                   Shiny app did not become stable in 1e+05ms.
                                   Message: An error occurred while waiting for Shiny to be stable
                                   Caused by error in `app_wait_for_idle()`:
                                   ! An error occurred while waiting for Shiny to be stable
{shiny}      R  stderr ----------- Loading required package: shiny
{shiny}      R  stderr ----------- Attempting to load the environment 'package:nestcolor'
{shiny}      R  stderr ----------- Loading required package: ggmosaic
{shiny}      R  stderr ----------- Loading required package: ggplot2
{shiny}      R  stderr ----------- Loading required package: teal
{shiny}      R  stderr ----------- Loading required package: teal.data
{shiny}      R  stderr ----------- Loading required package: teal.code
{shiny}      R  stderr ----------- Loading required package: teal.slice
{shiny}      R  stderr ----------- 
{shiny}      R  stderr ----------- You are using teal version 0.15.2.9036
{shiny}      R  stderr ----------- 
{shiny}      R  stderr ----------- Attaching package: 'teal'
{shiny}      R  stderr ----------- 
{shiny}      R  stderr ----------- The following objects are masked from 'package:teal.slice':
{shiny}      R  stderr ----------- 
{shiny}      R  stderr -----------     as.teal_slices, teal_slices
{shiny}      R  stderr ----------- 
{shiny}      R  stderr ----------- Loading required package: teal.transform
{shiny}      R  stderr ----------- Running application in test mode.
{shiny}      R  stderr ----------- createTcpServer: address already in use
{shiny}      R  stderr ----------- createTcpServer: address already in use
{shiny}      R  stderr ----------- createTcpServer: address already in use
{shiny}      R  stderr ----------- createTcpServer: address already in use
{shiny}      R  stderr ----------- 
{shiny}      R  stderr ----------- Listening on http://127.0.0.1:3081
{shiny}      R  stderr ----------- Initializing reporter_previewer_module
{shiny}      R  stderr ----------- Warning: Error in if: the condition has length &gt; 1
{shiny}      R  stderr -----------   14: &lt;Anonymous&gt;
{shiny}      R  stderr -----------   12: &lt;Anonymous&gt;
{shiny}      R  stderr -----------   11: &lt;Anonymous&gt;
{shiny}      R  stderr -----------   10: base::do.call
{shiny}      R  stderr -----------    9: base::saveRDS
{shiny}      R  stderr -----------    8: base::withCallingHandlers
{shiny}      R  stderr -----------    7: doTryCatch
{shiny}      R  stderr -----------    6: tryCatchOne
{shiny}      R  stderr -----------    5: tryCatchList
{shiny}      R  stderr -----------    2: tryCatchList
{shiny}      R  stderr -----------    1: base::tryCatch


Caused by error in `app_initialize_()`:
! Shiny app did not become stable in 1e+05ms.
Message: An error occurred while waiting for Shiny to be stable
Caused by error in `app_wait_for_idle()`:
! An error occurred while waiting for Shiny to be stable
Backtrace:
     x
  1. +-teal.modules.general (local) app_driver_tm_missing_data() at test-shinytest2-tm_misssing_data.R:152:3
  2. | \-teal.modules.general:::init_teal_app_driver(...) at test-shinytest2-tm_misssing_data.R:17:3
  3. |   +-testthat::with_mocked_bindings(...) at tests/testthat/helper-TealAppDriver.R:7:3
  4. |   \-TealAppDriver$new(...) at tests/testthat/helper-TealAppDriver.R:10:7
  5. |     \-teal (local) initialize(...)
  6. |       +-base::suppressWarnings(...)
  7. |       | \-base::withCallingHandlers(...)
  8. |       \-super$initialize(...)
  9. |         \-shinytest2:::app_initialize(...)
 10. |           +-base::withCallingHandlers(...)
 11. |           \-shinytest2:::app_initialize_(self, private, ..., view = view)
 12. |             +-base::withCallingHandlers(...)
 13. |             \-self$wait_for_idle(duration = 200, timeout = private$load_timeout)
 14. |               \-shinytest2:::app_wait_for_idle(...)
 15. |                 \-shinytest2:::app_abort(self, private, "An error occurred while waiting for Shiny to be stable")
 16. |                   \-rlang::abort(..., app = self, call = call)
 17. |                     \-rlang:::signal_abort(cnd, .file)
 18. |                       \-base::signalCondition(cnd)
 19. +-shinytest2 (local) `&lt;fn&gt;`(`&lt;rlng_rrr&gt;`)
 20. | \-shinytest2:::app_abort(...)
 21. |   \-rlang::abort(..., app = self, call = call)
 22. |     \-rlang:::signal_abort(cnd, .file)
 23. |       \-base::signalCondition(cnd)
 24. \-shinytest2 (local) `&lt;fn&gt;`(`&lt;rlng_rrr&gt;`)
 25.   \-shinytest2:::app_abort(...)
 26.     \-rlang::abort(..., app = self, call = call)</error>
    </testcase>
  </testsuite>
  <testsuite name="shinytest2-tm_outliers" timestamp="2024-05-10T09:54:17Z" hostname="cf18c459ab33" tests="61" skipped="0" failures="0" errors="0" time="84.924">
    <testcase time="5.74500000000012" classname="shinytest2_tm_outliers" name="e2e_tm_outliers_Data_parameter_and_module_label_is_passed_properly."/>
    <testcase time="0.00399999999990541" classname="shinytest2_tm_outliers" name="e2e_tm_outliers_Data_parameter_and_module_label_is_passed_properly."/>
    <testcase time="0.00499999999988177" classname="shinytest2_tm_outliers" name="e2e_tm_outliers_Data_parameter_and_module_label_is_passed_properly."/>
    <testcase time="0.00100000000020373" classname="shinytest2_tm_outliers" name="e2e_tm_outliers_Data_parameter_and_module_label_is_passed_properly."/>
    <testcase time="6.08799999999997" classname="shinytest2_tm_outliers" name="e2e_tm_outliers_Data_extract_spec_elements_are_initialized_with_the_default_values_specified_by_outlier_var_and_categorical_var_argument."/>
    <testcase time="0.0549999999998363" classname="shinytest2_tm_outliers" name="e2e_tm_outliers_Data_extract_spec_elements_are_initialized_with_the_default_values_specified_by_outlier_var_and_categorical_var_argument."/>
    <testcase time="1.4050000000002" classname="shinytest2_tm_outliers" name="e2e_tm_outliers_Data_extract_spec_elements_are_initialized_with_the_default_values_specified_by_outlier_var_and_categorical_var_argument."/>
    <testcase time="0.00999999999999091" classname="shinytest2_tm_outliers" name="e2e_tm_outliers_Data_extract_spec_elements_are_initialized_with_the_default_values_specified_by_outlier_var_and_categorical_var_argument."/>
    <testcase time="0.0489999999999782" classname="shinytest2_tm_outliers" name="e2e_tm_outliers_Data_extract_spec_elements_are_initialized_with_the_default_values_specified_by_outlier_var_and_categorical_var_argument."/>
    <testcase time="1.20899999999983" classname="shinytest2_tm_outliers" name="e2e_tm_outliers_Data_extract_spec_elements_are_initialized_with_the_default_values_specified_by_outlier_var_and_categorical_var_argument."/>
    <testcase time="0.700000000000045" classname="shinytest2_tm_outliers" name="e2e_tm_outliers_Data_extract_spec_elements_are_initialized_with_the_default_values_specified_by_outlier_var_and_categorical_var_argument."/>
    <testcase time="5.84699999999998" classname="shinytest2_tm_outliers" name="e2e_tm_outliers_Plot_type_is_correctly_set_by_default_and_has_appropriate_possible_options."/>
    <testcase time="0.0550000000000637" classname="shinytest2_tm_outliers" name="e2e_tm_outliers_Plot_type_is_correctly_set_by_default_and_has_appropriate_possible_options."/>
    <testcase time="0.00399999999990541" classname="shinytest2_tm_outliers" name="e2e_tm_outliers_Plot_type_is_correctly_set_by_default_and_has_appropriate_possible_options."/>
    <testcase time="1.46300000000019" classname="shinytest2_tm_outliers" name="e2e_tm_outliers_Plot_type_is_correctly_set_by_default_and_has_appropriate_possible_options."/>
    <testcase time="6.07600000000002" classname="shinytest2_tm_outliers" name="e2e_tm_outliers_Module_is_divided_into_3_tabs."/>
    <testcase time="0.0549999999998363" classname="shinytest2_tm_outliers" name="e2e_tm_outliers_Module_is_divided_into_3_tabs."/>
    <testcase time="0.0080000000000382" classname="shinytest2_tm_outliers" name="e2e_tm_outliers_Module_is_divided_into_3_tabs."/>
    <testcase time="6.06700000000001" classname="shinytest2_tm_outliers" name="e2e_tm_outliers_Plot_type_is_hidden_when_Boxplot_tab_is_not_selected."/>
    <testcase time="0.00900000000001455" classname="shinytest2_tm_outliers" name="e2e_tm_outliers_Plot_type_is_hidden_when_Boxplot_tab_is_not_selected."/>
    <testcase time="1.78600000000006" classname="shinytest2_tm_outliers" name="e2e_tm_outliers_Plot_type_is_hidden_when_Boxplot_tab_is_not_selected."/>
    <testcase time="1.89200000000005" classname="shinytest2_tm_outliers" name="e2e_tm_outliers_Plot_type_is_hidden_when_Boxplot_tab_is_not_selected."/>
    <testcase time="5.75" classname="shinytest2_tm_outliers" name="e2e_tm_outliers_Default_radio_buttons_are_set_properly."/>
    <testcase time="0.056999999999789" classname="shinytest2_tm_outliers" name="e2e_tm_outliers_Default_radio_buttons_are_set_properly."/>
    <testcase time="0.0510000000001583" classname="shinytest2_tm_outliers" name="e2e_tm_outliers_Default_radio_buttons_are_set_properly."/>
    <testcase time="2.84400000000005" classname="shinytest2_tm_outliers" name="e2e_tm_outliers_Default_radio_buttons_are_set_properly."/>
    <testcase time="5.99799999999982" classname="shinytest2_tm_outliers" name="e2e_tm_outliers_Method_parameters_are_set_properly."/>
    <testcase time="0.0550000000000637" classname="shinytest2_tm_outliers" name="e2e_tm_outliers_Method_parameters_are_set_properly."/>
    <testcase time="0.00500000000010914" classname="shinytest2_tm_outliers" name="e2e_tm_outliers_Method_parameters_are_set_properly."/>
    <testcase time="0.00199999999995271" classname="shinytest2_tm_outliers" name="e2e_tm_outliers_Method_parameters_are_set_properly."/>
    <testcase time="5.97900000000004" classname="shinytest2_tm_outliers" name="e2e_tm_outliers_Outlier_definition_text_and_range_are_displayed_properly_depending_on_method."/>
    <testcase time="0.00799999999981083" classname="shinytest2_tm_outliers" name="e2e_tm_outliers_Outlier_definition_text_and_range_are_displayed_properly_depending_on_method."/>
    <testcase time="0.0080000000000382" classname="shinytest2_tm_outliers" name="e2e_tm_outliers_Outlier_definition_text_and_range_are_displayed_properly_depending_on_method."/>
    <testcase time="0.00900000000001455" classname="shinytest2_tm_outliers" name="e2e_tm_outliers_Outlier_definition_text_and_range_are_displayed_properly_depending_on_method."/>
    <testcase time="0.0550000000000637" classname="shinytest2_tm_outliers" name="e2e_tm_outliers_Outlier_definition_text_and_range_are_displayed_properly_depending_on_method."/>
    <testcase time="0.00900000000001455" classname="shinytest2_tm_outliers" name="e2e_tm_outliers_Outlier_definition_text_and_range_are_displayed_properly_depending_on_method."/>
    <testcase time="0.0509999999999309" classname="shinytest2_tm_outliers" name="e2e_tm_outliers_Outlier_definition_text_and_range_are_displayed_properly_depending_on_method."/>
    <testcase time="1.38799999999992" classname="shinytest2_tm_outliers" name="e2e_tm_outliers_Outlier_definition_text_and_range_are_displayed_properly_depending_on_method."/>
    <testcase time="1.29900000000021" classname="shinytest2_tm_outliers" name="e2e_tm_outliers_Outlier_definition_text_and_range_are_displayed_properly_depending_on_method."/>
    <testcase time="0.00799999999981083" classname="shinytest2_tm_outliers" name="e2e_tm_outliers_Outlier_definition_text_and_range_are_displayed_properly_depending_on_method."/>
    <testcase time="0.0080000000000382" classname="shinytest2_tm_outliers" name="e2e_tm_outliers_Outlier_definition_text_and_range_are_displayed_properly_depending_on_method."/>
    <testcase time="0.00900000000001455" classname="shinytest2_tm_outliers" name="e2e_tm_outliers_Outlier_definition_text_and_range_are_displayed_properly_depending_on_method."/>
    <testcase time="1.23299999999995" classname="shinytest2_tm_outliers" name="e2e_tm_outliers_Outlier_definition_text_and_range_are_displayed_properly_depending_on_method."/>
    <testcase time="1.4380000000001" classname="shinytest2_tm_outliers" name="e2e_tm_outliers_Outlier_definition_text_and_range_are_displayed_properly_depending_on_method."/>
    <testcase time="0.0080000000000382" classname="shinytest2_tm_outliers" name="e2e_tm_outliers_Outlier_definition_text_and_range_are_displayed_properly_depending_on_method."/>
    <testcase time="0.0080000000000382" classname="shinytest2_tm_outliers" name="e2e_tm_outliers_Outlier_definition_text_and_range_are_displayed_properly_depending_on_method."/>
    <testcase time="0.00900000000001455" classname="shinytest2_tm_outliers" name="e2e_tm_outliers_Outlier_definition_text_and_range_are_displayed_properly_depending_on_method."/>
    <testcase time="1.31700000000001" classname="shinytest2_tm_outliers" name="e2e_tm_outliers_Outlier_definition_text_and_range_are_displayed_properly_depending_on_method."/>
    <testcase time="5.73799999999983" classname="shinytest2_tm_outliers" name="e2e_tm_outliers_Outliers_summary_table_is_displayed_with_proper_content."/>
    <testcase time="0.00500000000010914" classname="shinytest2_tm_outliers" name="e2e_tm_outliers_Outliers_summary_table_is_displayed_with_proper_content."/>
    <testcase time="0.00499999999988177" classname="shinytest2_tm_outliers" name="e2e_tm_outliers_Outliers_summary_table_is_displayed_with_proper_content."/>
    <testcase time="0.0779999999999745" classname="shinytest2_tm_outliers" name="e2e_tm_outliers_Outliers_summary_table_is_displayed_with_proper_content."/>
    <testcase time="2.85900000000015" classname="shinytest2_tm_outliers" name="e2e_tm_outliers_Outliers_summary_table_is_displayed_with_proper_content."/>
    <testcase time="0.00499999999988177" classname="shinytest2_tm_outliers" name="e2e_tm_outliers_Outliers_summary_table_is_displayed_with_proper_content."/>
    <testcase time="1.30000000000018" classname="shinytest2_tm_outliers" name="e2e_tm_outliers_Outliers_summary_table_is_displayed_with_proper_content."/>
    <testcase time="0.00499999999988177" classname="shinytest2_tm_outliers" name="e2e_tm_outliers_Outliers_summary_table_is_displayed_with_proper_content."/>
    <testcase time="5.97299999999996" classname="shinytest2_tm_outliers" name="e2e_tm_outliers_Outlier_table_is_displayed_with_proper_content."/>
    <testcase time="2.8130000000001" classname="shinytest2_tm_outliers" name="e2e_tm_outliers_Outlier_table_is_displayed_with_proper_content."/>
    <testcase time="0.000999999999976353" classname="shinytest2_tm_outliers" name="e2e_tm_outliers_Outlier_table_is_displayed_with_proper_content."/>
    <testcase time="0.00199999999995271" classname="shinytest2_tm_outliers" name="e2e_tm_outliers_Outlier_table_is_displayed_with_proper_content."/>
    <testcase time="0.000999999999976353" classname="shinytest2_tm_outliers" name="e2e_tm_outliers_Outlier_table_is_displayed_with_proper_content."/>
  </testsuite>
  <testsuite name="shinytest2-tm_t_crosstable" timestamp="2024-05-10T09:55:42Z" hostname="cf18c459ab33" tests="9" skipped="0" failures="0" errors="0" time="26.123">
    <testcase time="5.69399999999996" classname="shinytest2_tm_t_crosstable" name="e2e_tm_t_crosstable_Initializes_without_errors"/>
    <testcase time="0.00500000000010914" classname="shinytest2_tm_t_crosstable" name="e2e_tm_t_crosstable_Initializes_without_errors"/>
    <testcase time="0.00399999999990541" classname="shinytest2_tm_t_crosstable" name="e2e_tm_t_crosstable_Initializes_without_errors"/>
    <testcase time="5.66000000000008" classname="shinytest2_tm_t_crosstable" name="e2e_tm_t_crosstable_Verify_module_displays_data_table"/>
    <testcase time="5.74900000000002" classname="shinytest2_tm_t_crosstable" name="e2e_tm_t_crosstable_Verify_default_values_and_settings_data_extracts_for_data_selection"/>
    <testcase time="0.0499999999999545" classname="shinytest2_tm_t_crosstable" name="e2e_tm_t_crosstable_Verify_default_values_and_settings_data_extracts_for_data_selection"/>
    <testcase time="1.82300000000009" classname="shinytest2_tm_t_crosstable" name="e2e_tm_t_crosstable_Verify_default_values_and_settings_data_extracts_for_data_selection"/>
    <testcase time="6.45799999999986" classname="shinytest2_tm_t_crosstable" name="e2e_tm_t_crosstable_Change_plot_settings"/>
    <testcase time="0.680000000000064" classname="shinytest2_tm_t_crosstable" name="e2e_tm_t_crosstable_Change_plot_settings"/>
  </testsuite>
  <testsuite name="shinytest2-tm_variable_browser" timestamp="2024-05-10T09:56:08Z" hostname="cf18c459ab33" tests="24" skipped="0" failures="0" errors="0" time="50.343">
    <testcase time="5.72000000000003" classname="shinytest2_tm_variable_browser" name="e2e_tm_variable_browser_content_is_displayed_correctly."/>
    <testcase time="0.00499999999988177" classname="shinytest2_tm_variable_browser" name="e2e_tm_variable_browser_content_is_displayed_correctly."/>
    <testcase time="0.0080000000000382" classname="shinytest2_tm_variable_browser" name="e2e_tm_variable_browser_content_is_displayed_correctly."/>
    <testcase time="0.00400000000013279" classname="shinytest2_tm_variable_browser" name="e2e_tm_variable_browser_content_is_displayed_correctly."/>
    <testcase time="0.00399999999990541" classname="shinytest2_tm_variable_browser" name="e2e_tm_variable_browser_content_is_displayed_correctly."/>
    <testcase time="8.76400000000012" classname="shinytest2_tm_variable_browser" name="e2e_tm_variable_browser_Selecting_treat_variable_as_factor_changes_the_table_headers."/>
    <testcase time="7.26599999999985" classname="shinytest2_tm_variable_browser" name="e2e_tm_variable_browser_selection_of_categorical_variable_has_a_table_with_level_header."/>
    <testcase time="6.40599999999995" classname="shinytest2_tm_variable_browser" name="e2e_tm_variable_browser_changing_display_density_encoding_doesn_t_show_errors."/>
    <testcase time="0.897000000000162" classname="shinytest2_tm_variable_browser" name="e2e_tm_variable_browser_changing_display_density_encoding_doesn_t_show_errors."/>
    <testcase time="5.7059999999999" classname="shinytest2_tm_variable_browser" name="e2e_tm_variable_browser_changing_outlier_definition_encoding_doesn_t_show_errors."/>
    <testcase time="0.945999999999913" classname="shinytest2_tm_variable_browser" name="e2e_tm_variable_browser_changing_outlier_definition_encoding_doesn_t_show_errors."/>
    <testcase time="0.00400000000013279" classname="shinytest2_tm_variable_browser" name="e2e_tm_variable_browser_changing_outlier_definition_encoding_doesn_t_show_errors."/>
    <testcase time="0.817000000000007" classname="shinytest2_tm_variable_browser" name="e2e_tm_variable_browser_changing_outlier_definition_encoding_doesn_t_show_errors."/>
    <testcase time="1.37599999999998" classname="shinytest2_tm_variable_browser" name="e2e_tm_variable_browser_changing_outlier_definition_encoding_doesn_t_show_errors."/>
    <testcase time="5.84999999999991" classname="shinytest2_tm_variable_browser" name="e2e_tm_variable_browser_changing_plot_setting_encodings_doesn_t_show_errors."/>
    <testcase time="0.739000000000033" classname="shinytest2_tm_variable_browser" name="e2e_tm_variable_browser_changing_plot_setting_encodings_doesn_t_show_errors."/>
    <testcase time="0.721000000000004" classname="shinytest2_tm_variable_browser" name="e2e_tm_variable_browser_changing_plot_setting_encodings_doesn_t_show_errors."/>
    <testcase time="0.712999999999965" classname="shinytest2_tm_variable_browser" name="e2e_tm_variable_browser_changing_plot_setting_encodings_doesn_t_show_errors."/>
    <testcase time="0.718000000000075" classname="shinytest2_tm_variable_browser" name="e2e_tm_variable_browser_changing_plot_setting_encodings_doesn_t_show_errors."/>
    <testcase time="0.719000000000051" classname="shinytest2_tm_variable_browser" name="e2e_tm_variable_browser_changing_plot_setting_encodings_doesn_t_show_errors."/>
    <testcase time="0.754999999999882" classname="shinytest2_tm_variable_browser" name="e2e_tm_variable_browser_changing_plot_setting_encodings_doesn_t_show_errors."/>
    <testcase time="0.719000000000051" classname="shinytest2_tm_variable_browser" name="e2e_tm_variable_browser_changing_plot_setting_encodings_doesn_t_show_errors."/>
    <testcase time="0.76299999999992" classname="shinytest2_tm_variable_browser" name="e2e_tm_variable_browser_changing_plot_setting_encodings_doesn_t_show_errors."/>
    <testcase time="0.723000000000184" classname="shinytest2_tm_variable_browser" name="e2e_tm_variable_browser_changing_plot_setting_encodings_doesn_t_show_errors."/>
  </testsuite>
  <testsuite name="tm_g_bivariate" timestamp="2024-05-10T09:56:58Z" hostname="cf18c459ab33" tests="18" skipped="0" failures="0" errors="0" time="0.198">
    <testcase time="0.0779999999999745" classname="tm_g_bivariate" name="tm_g_bivariate_creates_a_teal_module_object"/>
    <testcase time="0.00399999999990541" classname="tm_g_bivariate" name="tm_g_bivariate_creates_a_teal_module_object_with_default_options"/>
    <testcase time="0.00500000000010914" classname="tm_g_bivariate" name="tm_g_bivariate_creates_a_teal_module_object_with_multiple_data_extract_specs"/>
    <testcase time="0.00499999999988177" classname="tm_g_bivariate" name="tm_g_bivariate_creates_a_module_with_datanames_taken_from_data_extracts"/>
    <testcase time="0.0130000000001473" classname="tm_g_bivariate" name="tm_g_bivariate_fails_when_x_contains_a_spec_with_multiple_selection"/>
    <testcase time="0.00799999999981083" classname="tm_g_bivariate" name="tm_g_bivariate_fails_when_x_contains_multiple_spec_with_at_least_one_multiple_selection"/>
    <testcase time="0.00700000000006185" classname="tm_g_bivariate" name="tm_g_bivariate_fails_when_x_contains_multiple_spec_with_at_least_one_multiple_selection"/>
    <testcase time="0.00700000000006185" classname="tm_g_bivariate" name="tm_g_bivariate_fails_when_y_contains_multiple_spec_with_at_least_one_multiple_selection"/>
    <testcase time="0.0080000000000382" classname="tm_g_bivariate" name="tm_g_bivariate_fails_when_plot_height_is_not_valid"/>
    <testcase time="0.00699999999983447" classname="tm_g_bivariate" name="tm_g_bivariate_fails_when_plot_height_is_not_valid"/>
    <testcase time="0.00700000000006185" classname="tm_g_bivariate" name="tm_g_bivariate_fails_when_plot_height_is_not_valid"/>
    <testcase time="0.0080000000000382" classname="tm_g_bivariate" name="tm_g_bivariate_fails_when_plot_width_is_not_valid"/>
    <testcase time="0.00700000000006185" classname="tm_g_bivariate" name="tm_g_bivariate_fails_when_plot_width_is_not_valid"/>
    <testcase time="0.00699999999983447" classname="tm_g_bivariate" name="tm_g_bivariate_fails_when_plot_width_is_not_valid"/>
    <testcase time="0.00700000000006185" classname="tm_g_bivariate" name="tm_g_bivariate_fails_when_color_setting_is_FALSE_and_color_is_supplied"/>
    <testcase time="0.00700000000006185" classname="tm_g_bivariate" name="tm_g_bivariate_fails_when_color_setting_is_FALSE_and_size_is_supplied"/>
    <testcase time="0.0080000000000382" classname="tm_g_bivariate" name="tm_g_bivariate_fails_when_color_setting_is_FALSE_and_fill_is_supplied"/>
    <testcase time="0.00499999999988177" classname="tm_g_bivariate" name="tm_g_bivariate_determines_color_size_and_fill_when_color_setting_is_TRUE"/>
  </testsuite>
  <testsuite name="bivariate_ggplot_call" timestamp="2024-05-10T09:56:58Z" hostname="cf18c459ab33" tests="21" skipped="0" failures="0" errors="0" time="0.063">
    <testcase time="0.00700000000006185" classname="bivariate_ggplot_call" name="bivariate_ggplot_call_with_numerics"/>
    <testcase time="0.00299999999992906" classname="bivariate_ggplot_call" name="bivariate_ggplot_call_with_numerics"/>
    <testcase time="0.00199999999995271" classname="bivariate_ggplot_call" name="bivariate_ggplot_call_with_numerics"/>
    <testcase time="0.00300000000015643" classname="bivariate_ggplot_call" name="bivariate_ggplot_call_with_numerics"/>
    <testcase time="0.00399999999990541" classname="bivariate_ggplot_call" name="bivariate_ggplot_call_with_factor_char_logical"/>
    <testcase time="0.00300000000015643" classname="bivariate_ggplot_call" name="bivariate_ggplot_call_with_factor_char_logical"/>
    <testcase time="0.00199999999995271" classname="bivariate_ggplot_call" name="bivariate_ggplot_call_with_factor_char_logical"/>
    <testcase time="0.00299999999992906" classname="bivariate_ggplot_call" name="bivariate_ggplot_call_with_factor_char_logical"/>
    <testcase time="0.00199999999995271" classname="bivariate_ggplot_call" name="bivariate_ggplot_call_with_factor_char_logical"/>
    <testcase time="0.00300000000015643" classname="bivariate_ggplot_call" name="bivariate_ggplot_call_with_factor_char_logical"/>
    <testcase time="0.00199999999995271" classname="bivariate_ggplot_call" name="bivariate_ggplot_call_with_factor_char_logical"/>
    <testcase time="0.00499999999988177" classname="bivariate_ggplot_call" name="bivariate_ggplot_call_with_single_data_numeric"/>
    <testcase time="0.00300000000015643" classname="bivariate_ggplot_call" name="bivariate_ggplot_call_with_single_data_numeric"/>
    <testcase time="0.00199999999995271" classname="bivariate_ggplot_call" name="bivariate_ggplot_call_with_single_data_numeric"/>
    <testcase time="0.00299999999992906" classname="bivariate_ggplot_call" name="bivariate_ggplot_call_with_single_data_numeric"/>
    <testcase time="0.00199999999995271" classname="bivariate_ggplot_call" name="bivariate_ggplot_call_with_single_data_numeric"/>
    <testcase time="0.00300000000015643" classname="bivariate_ggplot_call" name="bivariate_ggplot_call_with_single_data_numeric"/>
    <testcase time="0.00399999999990541" classname="bivariate_ggplot_call" name="bivariate_ggplot_call_with_single_data_factor"/>
    <testcase time="0.00199999999995271" classname="bivariate_ggplot_call" name="bivariate_ggplot_call_with_single_data_factor"/>
    <testcase time="0.00200000000018008" classname="bivariate_ggplot_call" name="bivariate_ggplot_call_with_single_data_factor"/>
    <testcase time="0.00299999999992906" classname="bivariate_ggplot_call" name="bivariate_ggplot_call_with_single_data_factor"/>
  </testsuite>
  <testsuite name="front_page" timestamp="2024-05-10T09:56:58Z" hostname="cf18c459ab33" tests="4" skipped="0" failures="0" errors="0" time="0.019">
    <testcase time="0.00600000000008549" classname="front_page" name="convert_metadata_to_dataframe_returns_a_data_frame_with_no_rows_if_no_metadata"/>
    <testcase time="0.00499999999988177" classname="front_page" name="convert_metadata_to_dataframe_returns_a_data_frame_with_metadata_if_more_than_one_dataset"/>
    <testcase time="0.00399999999990541" classname="front_page" name="convert_metadata_to_dataframe_returns_a_data_frame_with_metadata_if_one_dataset"/>
    <testcase time="0.00400000000013279" classname="front_page" name="convert_metadata_to_dataframe_converts_metadata_values_to_characters"/>
  </testsuite>
  <testsuite name="g_expert_cl" timestamp="2024-05-10T09:56:58Z" hostname="cf18c459ab33" tests="15" skipped="0" failures="0" errors="0" time="0.027">
    <testcase time="0.00600000000008549" classname="g_expert_cl" name="coloring_ggplot_call_can_work_with_all_combinations"/>
    <testcase time="0.000999999999976353" classname="g_expert_cl" name="coloring_ggplot_call_can_work_with_all_combinations"/>
    <testcase time="0.000999999999976353" classname="g_expert_cl" name="coloring_ggplot_call_can_work_with_all_combinations"/>
    <testcase time="0.00199999999995271" classname="g_expert_cl" name="coloring_ggplot_call_can_work_with_all_combinations"/>
    <testcase time="0.000999999999976353" classname="g_expert_cl" name="coloring_ggplot_call_can_work_with_all_combinations"/>
    <testcase time="0.000999999999976353" classname="g_expert_cl" name="coloring_ggplot_call_can_work_with_all_combinations"/>
    <testcase time="0.000999999999976353" classname="g_expert_cl" name="coloring_ggplot_call_can_work_with_all_combinations"/>
    <testcase time="0.00300000000015643" classname="g_expert_cl" name="coloring_ggplot_call_can_work_with_all_combinations_without_colour_var"/>
    <testcase time="0.000999999999976353" classname="g_expert_cl" name="coloring_ggplot_call_can_work_with_all_combinations_without_colour_var"/>
    <testcase time="0.00199999999995271" classname="g_expert_cl" name="coloring_ggplot_call_can_work_with_all_combinations_without_colour_var"/>
    <testcase time="0.000999999999976353" classname="g_expert_cl" name="coloring_ggplot_call_can_work_with_all_combinations_without_colour_var"/>
    <testcase time="0.00199999999995271" classname="g_expert_cl" name="coloring_ggplot_call_can_work_with_all_combinations_without_colour_var"/>
    <testcase time="0.00300000000015643" classname="g_expert_cl" name="coloring_ggplot_call_can_work_size_var"/>
    <testcase time="0.000999999999976353" classname="g_expert_cl" name="coloring_ggplot_call_can_work_size_var"/>
    <testcase time="0.000999999999976353" classname="g_expert_cl" name="coloring_ggplot_call_can_work_size_var"/>
  </testsuite>
  <testsuite name="scatterplotmatrix_get_stats" timestamp="2024-05-10T09:56:58Z" hostname="cf18c459ab33" tests="6" skipped="0" failures="0" errors="0" time="0.024">
    <testcase time="0.0080000000000382" classname="scatterplotmatrix_get_stats" name="get_scatterplotmatrix_stats_x_y_numeric"/>
    <testcase time="0.00299999999992906" classname="scatterplotmatrix_get_stats" name="get_scatterplotmatrix_stats_x_y_numeric"/>
    <testcase time="0.00299999999992906" classname="scatterplotmatrix_get_stats" name="get_scatterplotmatrix_stats_x_y_numeric"/>
    <testcase time="0.00500000000010914" classname="scatterplotmatrix_get_stats" name="get_scatterplotmatrix_stats_x_y_character"/>
    <testcase time="0.00199999999995271" classname="scatterplotmatrix_get_stats" name="get_scatterplotmatrix_stats_x_y_character"/>
    <testcase time="0.00299999999992906" classname="scatterplotmatrix_get_stats" name="get_scatterplotmatrix_stats_x_y_character"/>
  </testsuite>
  <testsuite name="variable_browser" timestamp="2024-05-10T09:56:58Z" hostname="cf18c459ab33" tests="3" skipped="0" failures="0" errors="0" time="0.012">
    <testcase time="0.00500000000010914" classname="variable_browser" name="remove_outliers_from_does_not_remove_outliers_when_outlier_definition_is_zero"/>
    <testcase time="0.00399999999990541" classname="variable_browser" name="remove_outliers_from_removes_outliers_when_outlier_definition_is_non_zero"/>
    <testcase time="0.00300000000015643" classname="variable_browser" name="remove_outliers_from_keeps_missing_values_unchanged"/>
  </testsuite>
</testsuites>
