<?xml version="1.0" encoding="UTF-8"?>
<testsuites>
  <testsuite name="examples" timestamp="2024-06-12T11:22:00Z" hostname="1b92bc783e96" tests="40" skipped="0" failures="0" errors="0" time="5.081">
    <testcase time="1.674" classname="examples" name="example_add_facet_labels.Rd"/>
    <testcase time="0.0579999999999998" classname="examples" name="example_call_fun_dots.Rd"/>
    <testcase time="0.0140000000000002" classname="examples" name="example_create_sparklines.Rd"/>
    <testcase time="0.00699999999999967" classname="examples" name="example_establish_updating_selection.Rd"/>
    <testcase time="0.0110000000000001" classname="examples" name="example_get_scatterplotmatrix_stats.Rd"/>
    <testcase time="0.00700000000000012" classname="examples" name="example_include_css_files.Rd"/>
    <testcase time="0.00700000000000012" classname="examples" name="example_is_tab_active_js.Rd"/>
    <testcase time="0.00599999999999978" classname="examples" name="example_plot_var_summary.Rd"/>
    <testcase time="0.00700000000000012" classname="examples" name="example_rADAE.Rd"/>
    <testcase time="0.00700000000000012" classname="examples" name="example_rADLB.Rd"/>
    <testcase time="0.00699999999999967" classname="examples" name="example_rADRS.Rd"/>
    <testcase time="0.00600000000000023" classname="examples" name="example_rADSL.Rd"/>
    <testcase time="0.012" classname="examples" name="example_rADTTE.Rd"/>
    <testcase time="0.00699999999999967" classname="examples" name="example_remove_outliers_from.Rd"/>
    <testcase time="0.00700000000000012" classname="examples" name="example_render_single_tab.Rd"/>
    <testcase time="0.00600000000000023" classname="examples" name="example_render_tab_header.Rd"/>
    <testcase time="0.00699999999999967" classname="examples" name="example_render_tab_table.Rd"/>
    <testcase time="0.00700000000000012" classname="examples" name="example_render_tabset_panel_content.Rd"/>
    <testcase time="0.00700000000000012" classname="examples" name="example_shared_params.Rd"/>
    <testcase time="0.00700000000000012" classname="examples" name="example_teal.modules.general.Rd"/>
    <testcase time="0.142" classname="examples" name="example_tm_a_pca.Rd"/>
    <testcase time="0.0979999999999999" classname="examples" name="example_tm_a_regression.Rd"/>
    <testcase time="0.1" classname="examples" name="example_tm_data_table.Rd"/>
    <testcase time="0.147" classname="examples" name="example_tm_file_viewer.Rd"/>
    <testcase time="0.056" classname="examples" name="example_tm_front_page.Rd"/>
    <testcase time="0.0980000000000003" classname="examples" name="example_tm_g_association.Rd"/>
    <testcase time="0.109" classname="examples" name="example_tm_g_bivariate.Rd"/>
    <testcase time="0.968" classname="examples" name="example_tm_g_distribution.Rd"/>
    <testcase time="0.118" classname="examples" name="example_tm_g_response.Rd"/>
    <testcase time="0.141" classname="examples" name="example_tm_g_scatterplot.Rd"/>
    <testcase time="0.164" classname="examples" name="example_tm_g_scatterplotmatrix.Rd"/>
    <testcase time="0.111" classname="examples" name="example_tm_missing_data.Rd"/>
    <testcase time="0.206" classname="examples" name="example_tm_outliers.Rd"/>
    <testcase time="0.584" classname="examples" name="example_tm_t_crosstable.Rd"/>
    <testcase time="0.125" classname="examples" name="example_tm_variable_browser.Rd"/>
    <testcase time="0.00900000000000034" classname="examples" name="example_validate_input.Rd"/>
    <testcase time="0.00800000000000001" classname="examples" name="example_var_missings_info.Rd"/>
    <testcase time="0.00899999999999945" classname="examples" name="example_var_summary_table.Rd"/>
    <testcase time="0.00800000000000001" classname="examples" name="example_variable_type_icons.Rd"/>
    <testcase time="0.00900000000000034" classname="examples" name="example_varname_w_label.Rd"/>
  </testsuite>
  <testsuite name="shinytest2-tm_a_pca" timestamp="2024-06-12T11:22:06Z" hostname="1b92bc783e96" tests="49" skipped="0" failures="0" errors="0" time="122.564">
    <testcase time="6.228" classname="shinytest2_tm_a_pca" name="e2e_tm_a_pca_Module_is_initialised_with_the_specified_defaults_in_function_call."/>
    <testcase time="0.0949999999999989" classname="shinytest2_tm_a_pca" name="e2e_tm_a_pca_Module_is_initialised_with_the_specified_defaults_in_function_call."/>
    <testcase time="0.00500000000000078" classname="shinytest2_tm_a_pca" name="e2e_tm_a_pca_Module_is_initialised_with_the_specified_defaults_in_function_call."/>
    <testcase time="0.00499999999999901" classname="shinytest2_tm_a_pca" name="e2e_tm_a_pca_Module_is_initialised_with_the_specified_defaults_in_function_call."/>
    <testcase time="0.0540000000000003" classname="shinytest2_tm_a_pca" name="e2e_tm_a_pca_Module_is_initialised_with_the_specified_defaults_in_function_call."/>
    <testcase time="0.0500000000000007" classname="shinytest2_tm_a_pca" name="e2e_tm_a_pca_Module_is_initialised_with_the_specified_defaults_in_function_call."/>
    <testcase time="0.0570000000000004" classname="shinytest2_tm_a_pca" name="e2e_tm_a_pca_Module_is_initialised_with_the_specified_defaults_in_function_call."/>
    <testcase time="5.718" classname="shinytest2_tm_a_pca" name="e2e_tm_a_pca_Eigenvector_table_should_have_data_extract_selection_Murder_Assault_on_header."/>
    <testcase time="0.145" classname="shinytest2_tm_a_pca" name="e2e_tm_a_pca_Eigenvector_table_should_have_data_extract_selection_Murder_Assault_on_header."/>
    <testcase time="0.103999999999999" classname="shinytest2_tm_a_pca" name="e2e_tm_a_pca_Eigenvector_table_should_have_data_extract_selection_Murder_Assault_on_header."/>
    <testcase time="0.100000000000001" classname="shinytest2_tm_a_pca" name="e2e_tm_a_pca_Eigenvector_table_should_have_data_extract_selection_Murder_Assault_on_header."/>
    <testcase time="8.004" classname="shinytest2_tm_a_pca" name="e2e_tm_a_pca_Eigenvector_table_should_have_data_extract_selection_Murder_UrbanPop_on_header."/>
    <testcase time="0.176000000000002" classname="shinytest2_tm_a_pca" name="e2e_tm_a_pca_Eigenvector_table_should_have_data_extract_selection_Murder_UrbanPop_on_header."/>
    <testcase time="0.103999999999999" classname="shinytest2_tm_a_pca" name="e2e_tm_a_pca_Eigenvector_table_should_have_data_extract_selection_Murder_UrbanPop_on_header."/>
    <testcase time="0.103999999999999" classname="shinytest2_tm_a_pca" name="e2e_tm_a_pca_Eigenvector_table_should_have_data_extract_selection_Murder_UrbanPop_on_header."/>
    <testcase time="7.835" classname="shinytest2_tm_a_pca" name="e2e_tm_a_pca_Color_by_columns_data_extract_must_be_from_non_selected_variable_set."/>
    <testcase time="0.758000000000003" classname="shinytest2_tm_a_pca" name="e2e_tm_a_pca_Color_by_columns_data_extract_must_be_from_non_selected_variable_set."/>
    <testcase time="5.486" classname="shinytest2_tm_a_pca" name="e2e_tm_a_pca_Changing_output_encodings_of_tables_display_does_not_generate_errors."/>
    <testcase time="0.662000000000006" classname="shinytest2_tm_a_pca" name="e2e_tm_a_pca_Changing_output_encodings_of_tables_display_does_not_generate_errors."/>
    <testcase time="0.0929999999999964" classname="shinytest2_tm_a_pca" name="e2e_tm_a_pca_Changing_output_encodings_of_tables_display_does_not_generate_errors."/>
    <testcase time="0.0530000000000044" classname="shinytest2_tm_a_pca" name="e2e_tm_a_pca_Changing_output_encodings_of_tables_display_does_not_generate_errors."/>
    <testcase time="0.0519999999999996" classname="shinytest2_tm_a_pca" name="e2e_tm_a_pca_Changing_output_encodings_of_tables_display_does_not_generate_errors."/>
    <testcase time="0.0519999999999996" classname="shinytest2_tm_a_pca" name="e2e_tm_a_pca_Changing_output_encodings_of_tables_display_does_not_generate_errors."/>
    <testcase time="6.583" classname="shinytest2_tm_a_pca" name="e2e_tm_a_pca_Changing_output_encodings_for_plot_type_does_not_generate_errors."/>
    <testcase time="1.107" classname="shinytest2_tm_a_pca" name="e2e_tm_a_pca_Changing_output_encodings_for_plot_type_does_not_generate_errors."/>
    <testcase time="1.099" classname="shinytest2_tm_a_pca" name="e2e_tm_a_pca_Changing_output_encodings_for_plot_type_does_not_generate_errors."/>
    <testcase time="1.185" classname="shinytest2_tm_a_pca" name="e2e_tm_a_pca_Changing_output_encodings_for_plot_type_does_not_generate_errors."/>
    <testcase time="5.432" classname="shinytest2_tm_a_pca" name="e2e_tm_a_pca_Changing_output_encodings_of_standardization_does_not_generate_errors."/>
    <testcase time="1.254" classname="shinytest2_tm_a_pca" name="e2e_tm_a_pca_Changing_output_encodings_of_standardization_does_not_generate_errors."/>
    <testcase time="1.254" classname="shinytest2_tm_a_pca" name="e2e_tm_a_pca_Changing_output_encodings_of_standardization_does_not_generate_errors."/>
    <testcase time="1.29900000000001" classname="shinytest2_tm_a_pca" name="e2e_tm_a_pca_Changing_output_encodings_of_standardization_does_not_generate_errors."/>
    <testcase time="5.43599999999999" classname="shinytest2_tm_a_pca" name="e2e_tm_a_pca_Changing_output_encodings_of_NA_action_does_not_generate_errors."/>
    <testcase time="7.90300000000001" classname="shinytest2_tm_a_pca" name="e2e_tm_a_pca_Changing_output_encodings_of_plot_type_hides_and_shows_options."/>
    <testcase time="2.13500000000001" classname="shinytest2_tm_a_pca" name="e2e_tm_a_pca_Changing_output_encodings_of_plot_type_hides_and_shows_options."/>
    <testcase time="2.94" classname="shinytest2_tm_a_pca" name="e2e_tm_a_pca_Changing_output_encodings_of_plot_type_hides_and_shows_options."/>
    <testcase time="2.09699999999999" classname="shinytest2_tm_a_pca" name="e2e_tm_a_pca_Changing_output_encodings_of_plot_type_hides_and_shows_options."/>
    <testcase time="2.57600000000001" classname="shinytest2_tm_a_pca" name="e2e_tm_a_pca_Changing_output_encodings_of_plot_type_hides_and_shows_options."/>
    <testcase time="2.101" classname="shinytest2_tm_a_pca" name="e2e_tm_a_pca_Changing_output_encodings_of_plot_type_hides_and_shows_options."/>
    <testcase time="2.78399999999999" classname="shinytest2_tm_a_pca" name="e2e_tm_a_pca_Changing_output_encodings_of_plot_type_hides_and_shows_options."/>
    <testcase time="2.107" classname="shinytest2_tm_a_pca" name="e2e_tm_a_pca_Changing_output_encodings_of_plot_type_hides_and_shows_options."/>
    <testcase time="2.11800000000001" classname="shinytest2_tm_a_pca" name="e2e_tm_a_pca_Changing_output_encodings_of_plot_type_hides_and_shows_options."/>
    <testcase time="5.58799999999999" classname="shinytest2_tm_a_pca" name="e2e_tm_a_pca_Changing_output_encodings_of_theme_does_not_generate_errors."/>
    <testcase time="0.534000000000006" classname="shinytest2_tm_a_pca" name="e2e_tm_a_pca_Changing_output_encodings_of_theme_does_not_generate_errors."/>
    <testcase time="0.533999999999992" classname="shinytest2_tm_a_pca" name="e2e_tm_a_pca_Changing_output_encodings_of_theme_does_not_generate_errors."/>
    <testcase time="0.533000000000001" classname="shinytest2_tm_a_pca" name="e2e_tm_a_pca_Changing_output_encodings_of_theme_does_not_generate_errors."/>
    <testcase time="5.527" classname="shinytest2_tm_a_pca" name="e2e_tm_a_pca_Changing_output_encodings_of_font_size_does_not_generate_errors."/>
    <testcase time="0.980000000000004" classname="shinytest2_tm_a_pca" name="e2e_tm_a_pca_Changing_output_encodings_of_font_size_does_not_generate_errors."/>
    <testcase time="0.983999999999995" classname="shinytest2_tm_a_pca" name="e2e_tm_a_pca_Changing_output_encodings_of_font_size_does_not_generate_errors."/>
    <testcase time="20.534" classname="shinytest2_tm_a_pca" name="e2e_tm_a_pca_Changing_output_encodings_of_font_size_does_not_generate_errors."/>
  </testsuite>
  <testsuite name="shinytest2-tm_a_regression" timestamp="2024-06-12T11:24:08Z" hostname="1b92bc783e96" tests="31" skipped="0" failures="0" errors="0" time="57.874">
    <testcase time="5.06899999999999" classname="shinytest2_tm_a_regression" name="e2e_tm_a_regression_Data_parameter_and_module_label_is_passed_properly."/>
    <testcase time="0.00499999999999545" classname="shinytest2_tm_a_regression" name="e2e_tm_a_regression_Data_parameter_and_module_label_is_passed_properly."/>
    <testcase time="0.00500000000002387" classname="shinytest2_tm_a_regression" name="e2e_tm_a_regression_Data_parameter_and_module_label_is_passed_properly."/>
    <testcase time="4.98499999999999" classname="shinytest2_tm_a_regression" name="e2e_tm_a_regression_Data_extract_spec_elements_are_initialized_with_the_default_values_specified_by_response_and_regressor_arg."/>
    <testcase time="0.0960000000000036" classname="shinytest2_tm_a_regression" name="e2e_tm_a_regression_Data_extract_spec_elements_are_initialized_with_the_default_values_specified_by_response_and_regressor_arg."/>
    <testcase time="6.459" classname="shinytest2_tm_a_regression" name="e2e_tm_a_regression_Plot_type_is_set_properly."/>
    <testcase time="5.02000000000001" classname="shinytest2_tm_a_regression" name="e2e_tm_a_regression_Plot_type_has_7_specific_choices_changing_choices_does_not_throw_errors."/>
    <testcase time="2.00099999999998" classname="shinytest2_tm_a_regression" name="e2e_tm_a_regression_Plot_type_has_7_specific_choices_changing_choices_does_not_throw_errors."/>
    <testcase time="0.00200000000000955" classname="shinytest2_tm_a_regression" name="e2e_tm_a_regression_Plot_type_has_7_specific_choices_changing_choices_does_not_throw_errors."/>
    <testcase time="0.951999999999998" classname="shinytest2_tm_a_regression" name="e2e_tm_a_regression_Plot_type_has_7_specific_choices_changing_choices_does_not_throw_errors."/>
    <testcase time="0.00100000000000477" classname="shinytest2_tm_a_regression" name="e2e_tm_a_regression_Plot_type_has_7_specific_choices_changing_choices_does_not_throw_errors."/>
    <testcase time="0.966999999999985" classname="shinytest2_tm_a_regression" name="e2e_tm_a_regression_Plot_type_has_7_specific_choices_changing_choices_does_not_throw_errors."/>
    <testcase time="0.00100000000000477" classname="shinytest2_tm_a_regression" name="e2e_tm_a_regression_Plot_type_has_7_specific_choices_changing_choices_does_not_throw_errors."/>
    <testcase time="0.926000000000016" classname="shinytest2_tm_a_regression" name="e2e_tm_a_regression_Plot_type_has_7_specific_choices_changing_choices_does_not_throw_errors."/>
    <testcase time="0.00199999999998113" classname="shinytest2_tm_a_regression" name="e2e_tm_a_regression_Plot_type_has_7_specific_choices_changing_choices_does_not_throw_errors."/>
    <testcase time="0.932000000000016" classname="shinytest2_tm_a_regression" name="e2e_tm_a_regression_Plot_type_has_7_specific_choices_changing_choices_does_not_throw_errors."/>
    <testcase time="0.00200000000000955" classname="shinytest2_tm_a_regression" name="e2e_tm_a_regression_Plot_type_has_7_specific_choices_changing_choices_does_not_throw_errors."/>
    <testcase time="1.11199999999999" classname="shinytest2_tm_a_regression" name="e2e_tm_a_regression_Plot_type_has_7_specific_choices_changing_choices_does_not_throw_errors."/>
    <testcase time="0.00199999999998113" classname="shinytest2_tm_a_regression" name="e2e_tm_a_regression_Plot_type_has_7_specific_choices_changing_choices_does_not_throw_errors."/>
    <testcase time="0.944000000000017" classname="shinytest2_tm_a_regression" name="e2e_tm_a_regression_Plot_type_has_7_specific_choices_changing_choices_does_not_throw_errors."/>
    <testcase time="5.101" classname="shinytest2_tm_a_regression" name="e2e_tm_a_regression_Outlier_definition_and_label_are_visible_by_default."/>
    <testcase time="2.101" classname="shinytest2_tm_a_regression" name="e2e_tm_a_regression_Outlier_definition_and_label_are_visible_by_default."/>
    <testcase time="3.34700000000001" classname="shinytest2_tm_a_regression" name="e2e_tm_a_regression_Outlier_definition_and_label_are_visible_by_default."/>
    <testcase time="5.06799999999998" classname="shinytest2_tm_a_regression" name="e2e_tm_a_regression_Outlier_definition_and_label_have_default_values_and_label_text."/>
    <testcase time="0.00499999999999545" classname="shinytest2_tm_a_regression" name="e2e_tm_a_regression_Outlier_definition_and_label_have_default_values_and_label_text."/>
    <testcase time="0.00200000000000955" classname="shinytest2_tm_a_regression" name="e2e_tm_a_regression_Outlier_definition_and_label_have_default_values_and_label_text."/>
    <testcase time="0.0929999999999893" classname="shinytest2_tm_a_regression" name="e2e_tm_a_regression_Outlier_definition_and_label_have_default_values_and_label_text."/>
    <testcase time="0.0520000000000209" classname="shinytest2_tm_a_regression" name="e2e_tm_a_regression_Outlier_definition_and_label_have_default_values_and_label_text."/>
    <testcase time="10.515" classname="shinytest2_tm_a_regression" name="e2e_tm_a_regression_Unchecking_display_outlier_hides_outlier_label_and_definition."/>
    <testcase time="2.101" classname="shinytest2_tm_a_regression" name="e2e_tm_a_regression_Unchecking_display_outlier_hides_outlier_label_and_definition."/>
    <testcase time="0.00600000000000023" classname="shinytest2_tm_a_regression" name="e2e_tm_a_regression_Unchecking_display_outlier_hides_outlier_label_and_definition."/>
  </testsuite>
  <testsuite name="shinytest2-tm_data_table" timestamp="2024-06-12T11:25:06Z" hostname="1b92bc783e96" tests="10" skipped="0" failures="0" errors="0" time="21.576">
    <testcase time="4.35300000000001" classname="shinytest2_tm_data_table" name="e2e_tm_data_table_Initializes_without_errors"/>
    <testcase time="0.00499999999999545" classname="shinytest2_tm_data_table" name="e2e_tm_data_table_Initializes_without_errors"/>
    <testcase time="4.41300000000001" classname="shinytest2_tm_data_table" name="e2e_tm_data_table_Verify_checkbox_displayed_over_data_table"/>
    <testcase time="4.49599999999998" classname="shinytest2_tm_data_table" name="e2e_tm_data_table_Verify_module_displays_data_table"/>
    <testcase time="2.08700000000002" classname="shinytest2_tm_data_table" name="e2e_tm_data_table_Verify_module_displays_data_table"/>
    <testcase time="0.0289999999999964" classname="shinytest2_tm_data_table" name="e2e_tm_data_table_Verify_module_displays_data_table"/>
    <testcase time="0.889999999999986" classname="shinytest2_tm_data_table" name="e2e_tm_data_table_Verify_module_displays_data_table"/>
    <testcase time="4.44800000000001" classname="shinytest2_tm_data_table" name="e2e_tm_data_table_Verify_default_variable_selection_and_set_new_selection"/>
    <testcase time="0.844999999999999" classname="shinytest2_tm_data_table" name="e2e_tm_data_table_Verify_default_variable_selection_and_set_new_selection"/>
    <testcase time="0.00999999999999091" classname="shinytest2_tm_data_table" name="e2e_tm_data_table_Verify_default_variable_selection_and_set_new_selection"/>
  </testsuite>
  <testsuite name="shinytest2-tm_file_viewer" timestamp="2024-06-12T11:25:28Z" hostname="1b92bc783e96" tests="13" skipped="0" failures="0" errors="0" time="37.471">
    <testcase time="4.291" classname="shinytest2_tm_file_viewer" name="e2e_tm_file_viewer_Initializes_without_errors_and_shows_files_tree_specified_in_input_path_argument"/>
    <testcase time="0.00600000000000023" classname="shinytest2_tm_file_viewer" name="e2e_tm_file_viewer_Initializes_without_errors_and_shows_files_tree_specified_in_input_path_argument"/>
    <testcase time="2.07300000000001" classname="shinytest2_tm_file_viewer" name="e2e_tm_file_viewer_Initializes_without_errors_and_shows_files_tree_specified_in_input_path_argument"/>
    <testcase time="0.0360000000000014" classname="shinytest2_tm_file_viewer" name="e2e_tm_file_viewer_Initializes_without_errors_and_shows_files_tree_specified_in_input_path_argument"/>
    <testcase time="0.00499999999999545" classname="shinytest2_tm_file_viewer" name="e2e_tm_file_viewer_Initializes_without_errors_and_shows_files_tree_specified_in_input_path_argument"/>
    <testcase time="10.231" classname="shinytest2_tm_file_viewer" name="e2e_tm_file_viewer_Shows_selected_image_file"/>
    <testcase time="0.00599999999997181" classname="shinytest2_tm_file_viewer" name="e2e_tm_file_viewer_Shows_selected_image_file"/>
    <testcase time="10.26" classname="shinytest2_tm_file_viewer" name="e2e_tm_file_viewer_Shows_selected_text_file"/>
    <testcase time="0.00799999999998136" classname="shinytest2_tm_file_viewer" name="e2e_tm_file_viewer_Shows_selected_text_file"/>
    <testcase time="0.00300000000001432" classname="shinytest2_tm_file_viewer" name="e2e_tm_file_viewer_Shows_selected_text_file"/>
    <testcase time="0.13900000000001" classname="shinytest2_tm_file_viewer" name="e2e_tm_file_viewer_Shows_selected_text_file"/>
    <testcase time="10.323" classname="shinytest2_tm_file_viewer" name="e2e_tm_file_viewer_Shows_selected_url"/>
    <testcase time="0.0900000000000034" classname="shinytest2_tm_file_viewer" name="e2e_tm_file_viewer_Shows_selected_url"/>
  </testsuite>
  <testsuite name="shinytest2-tm_front_page" timestamp="2024-06-12T11:26:05Z" hostname="1b92bc783e96" tests="3" skipped="0" failures="0" errors="3" time="306.528">
    <testcase time="102.193" classname="shinytest2_tm_front_page" name="e2e_tm_front_page_Initializes_without_errors_and_check_html_elements">
      <error type="error" message="Error in `app_initialize(self, private, app_dir = app_dir, ..., load_timeout = load_timeout,  ('test-shinytest2-tm_front_page.R:26:3')">Error in `app_initialize(self, private, app_dir = app_dir, ..., load_timeout = load_timeout, 
    timeout = timeout, wait = wait, expect_values_screenshot_args = expect_values_screenshot_args, 
    screenshot_args = screenshot_args, check_names = check_names, 
    name = name, variant = variant, view = view, height = height, 
    width = width, seed = seed, clean_logs = clean_logs, shiny_args = shiny_args, 
    render_args = render_args, options = options)`: Shiny app did not become stable in 1e+05ms.
Message: An error occurred while waiting for Shiny to be stable
Caused by error in `app_wait_for_idle()`:
! An error occurred while waiting for Shiny to be stable


ℹ You can inspect the failed AppDriver object via `rlang::last_error()$app`
ℹ AppDriver logs:
{shinytest2} R  info   11:26:05.97 Start AppDriver initialization
{shinytest2} R  info   11:26:06.03 Starting Shiny app
{shinytest2} R  info   11:26:07.26 Creating new ChromoteSession
{shinytest2} R  info   11:26:07.30 Navigating to Shiny app
{shinytest2} R  info   11:26:07.38 Injecting shiny-tracer.js
{chromote}   JS info   11:26:07.39 shinytest2; jQuery not found
{chromote}   JS info   11:26:07.39 shinytest2; Loaded
{shinytest2} R  info   11:26:07.39 Waiting for Shiny to become ready
{chromote}   JS info   11:26:07.48 shinytest2; jQuery found
{chromote}   JS info   11:26:07.48 shinytest2; Waiting for shiny session to connect
{chromote}   JS info   11:26:07.56 shinytest2; Connected
{chromote}   JS info   11:26:07.60 shinytest2; shiny:busy
{shinytest2} R  info   11:26:07.60 Waiting for Shiny to become idle for 200ms within 1e+05ms
{chromote}   JS info   11:26:07.60 shinytest2; Waiting for Shiny to be stable
{shinytest2} R  info   11:27:47.63 Error while initializing AppDriver:
                                   Shiny app did not become stable in 1e+05ms.
                                   Message: An error occurred while waiting for Shiny to be stable
                                   Caused by error in `app_wait_for_idle()`:
                                   ! An error occurred while waiting for Shiny to be stable
{shiny}      R  stderr ----------- Loading required package: shiny
{shiny}      R  stderr ----------- Attempting to load the environment ‘package:nestcolor’
{shiny}      R  stderr ----------- Loading required package: ggmosaic
{shiny}      R  stderr ----------- Loading required package: ggplot2
{shiny}      R  stderr ----------- Loading required package: teal
{shiny}      R  stderr ----------- Loading required package: teal.data
{shiny}      R  stderr ----------- Loading required package: teal.code
{shiny}      R  stderr ----------- Loading required package: teal.slice
{shiny}      R  stderr ----------- 
{shiny}      R  stderr ----------- You are using teal version 0.15.2.9040
{shiny}      R  stderr ----------- 
{shiny}      R  stderr ----------- Attaching package: ‘teal’
{shiny}      R  stderr ----------- 
{shiny}      R  stderr ----------- The following objects are masked from ‘package:teal.slice’:
{shiny}      R  stderr ----------- 
{shiny}      R  stderr -----------     as.teal_slices, teal_slices
{shiny}      R  stderr ----------- 
{shiny}      R  stderr ----------- Loading required package: teal.transform
{shiny}      R  stderr ----------- 
{shiny}      R  stderr ----------- Attaching package: ‘teal.modules.general’
{shiny}      R  stderr ----------- 
{shiny}      R  stderr ----------- The following objects are masked from ‘package:teal.transform’:
{shiny}      R  stderr ----------- 
{shiny}      R  stderr -----------     rADAE, rADLB, rADRS, rADSL, rADTTE
{shiny}      R  stderr ----------- 
{shiny}      R  stderr ----------- The following objects are masked from ‘package:teal.data’:
{shiny}      R  stderr ----------- 
{shiny}      R  stderr -----------     rADAE, rADLB, rADRS, rADSL, rADTTE
{shiny}      R  stderr ----------- 
{shiny}      R  stderr ----------- Running application in test mode.
{shiny}      R  stderr ----------- 
{shiny}      R  stderr ----------- Listening on http://127.0.0.1:6393
{shiny}      R  stderr ----------- Warning: Error in if: the condition has length &gt; 1
{shiny}      R  stderr -----------   14: &lt;Anonymous&gt;
{shiny}      R  stderr -----------   12: &lt;Anonymous&gt;
{shiny}      R  stderr -----------   11: &lt;Anonymous&gt;
{shiny}      R  stderr -----------   10: base::do.call
{shiny}      R  stderr -----------    9: base::saveRDS
{shiny}      R  stderr -----------    8: base::withCallingHandlers
{shiny}      R  stderr -----------    7: doTryCatch
{shiny}      R  stderr -----------    6: tryCatchOne
{shiny}      R  stderr -----------    5: tryCatchList
{shiny}      R  stderr -----------    2: tryCatchList
{shiny}      R  stderr -----------    1: base::tryCatch


Caused by error in `app_initialize_()`:
! Shiny app did not become stable in 1e+05ms.
Message: An error occurred while waiting for Shiny to be stable
Caused by error in `app_wait_for_idle()`:
! An error occurred while waiting for Shiny to be stable
Backtrace:
     ▆
  1. ├─teal.modules.general (local) app_driver_tm_front_page() at test-shinytest2-tm_front_page.R:26:3
  2. │ └─teal.modules.general:::init_teal_app_driver(...) at test-shinytest2-tm_front_page.R:7:3
  3. │   ├─testthat::with_mocked_bindings(...) at tests/testthat/helper-TealAppDriver.R:7:3
  4. │   └─TealAppDriver$new(...) at tests/testthat/helper-TealAppDriver.R:10:7
  5. │     └─teal (local) initialize(...)
  6. │       ├─base::suppressWarnings(...)
  7. │       │ └─base::withCallingHandlers(...)
  8. │       └─super$initialize(...)
  9. │         └─shinytest2:::app_initialize(...)
 10. │           ├─base::withCallingHandlers(...)
 11. │           └─shinytest2:::app_initialize_(self, private, ..., view = view)
 12. │             ├─base::withCallingHandlers(...)
 13. │             └─self$wait_for_idle(duration = 200, timeout = private$load_timeout)
 14. │               └─shinytest2:::app_wait_for_idle(...)
 15. │                 └─shinytest2:::app_abort(self, private, "An error occurred while waiting for Shiny to be stable")
 16. │                   └─rlang::abort(..., app = self, call = call)
 17. │                     └─rlang:::signal_abort(cnd, .file)
 18. │                       └─base::signalCondition(cnd)
 19. ├─shinytest2 (local) `&lt;fn&gt;`(`&lt;rlng_rrr&gt;`)
 20. │ └─shinytest2:::app_abort(...)
 21. │   └─rlang::abort(..., app = self, call = call)
 22. │     └─rlang:::signal_abort(cnd, .file)
 23. │       └─base::signalCondition(cnd)
 24. └─shinytest2 (local) `&lt;fn&gt;`(`&lt;rlng_rrr&gt;`)
 25.   └─shinytest2:::app_abort(...)
 26.     └─rlang::abort(..., app = self, call = call)</error>
    </testcase>
    <testcase time="102.154" classname="shinytest2_tm_front_page" name="e2e_tm_front_page_Verify_the_module_displays_tables">
      <error type="error" message="Error in `app_initialize(self, private, app_dir = app_dir, ..., load_timeout = load_timeout,  ('test-shinytest2-tm_front_page.R:50:3')">Error in `app_initialize(self, private, app_dir = app_dir, ..., load_timeout = load_timeout, 
    timeout = timeout, wait = wait, expect_values_screenshot_args = expect_values_screenshot_args, 
    screenshot_args = screenshot_args, check_names = check_names, 
    name = name, variant = variant, view = view, height = height, 
    width = width, seed = seed, clean_logs = clean_logs, shiny_args = shiny_args, 
    render_args = render_args, options = options)`: Shiny app did not become stable in 1e+05ms.
Message: An error occurred while waiting for Shiny to be stable
Caused by error in `app_wait_for_idle()`:
! An error occurred while waiting for Shiny to be stable


ℹ You can inspect the failed AppDriver object via `rlang::last_error()$app`
ℹ AppDriver logs:
{shinytest2} R  info   11:27:48.13 Start AppDriver initialization
{shinytest2} R  info   11:27:48.19 Starting Shiny app
{shinytest2} R  info   11:27:49.42 Creating new ChromoteSession
{shinytest2} R  info   11:27:49.46 Navigating to Shiny app
{shinytest2} R  info   11:27:49.54 Injecting shiny-tracer.js
{chromote}   JS info   11:27:49.54 shinytest2; jQuery not found
{chromote}   JS info   11:27:49.54 shinytest2; Loaded
{shinytest2} R  info   11:27:49.55 Waiting for Shiny to become ready
{chromote}   JS info   11:27:49.63 shinytest2; jQuery found
{chromote}   JS info   11:27:49.63 shinytest2; Waiting for shiny session to connect
{chromote}   JS info   11:27:49.71 shinytest2; Connected
{chromote}   JS info   11:27:49.75 shinytest2; shiny:busy
{shinytest2} R  info   11:27:49.77 Waiting for Shiny to become idle for 200ms within 1e+05ms
{chromote}   JS info   11:27:49.77 shinytest2; Waiting for Shiny to be stable
{shinytest2} R  info   11:29:29.79 Error while initializing AppDriver:
                                   Shiny app did not become stable in 1e+05ms.
                                   Message: An error occurred while waiting for Shiny to be stable
                                   Caused by error in `app_wait_for_idle()`:
                                   ! An error occurred while waiting for Shiny to be stable
{shiny}      R  stderr ----------- Loading required package: shiny
{shiny}      R  stderr ----------- Attempting to load the environment ‘package:nestcolor’
{shiny}      R  stderr ----------- Loading required package: ggmosaic
{shiny}      R  stderr ----------- Loading required package: ggplot2
{shiny}      R  stderr ----------- Loading required package: teal
{shiny}      R  stderr ----------- Loading required package: teal.data
{shiny}      R  stderr ----------- Loading required package: teal.code
{shiny}      R  stderr ----------- Loading required package: teal.slice
{shiny}      R  stderr ----------- 
{shiny}      R  stderr ----------- You are using teal version 0.15.2.9040
{shiny}      R  stderr ----------- 
{shiny}      R  stderr ----------- Attaching package: ‘teal’
{shiny}      R  stderr ----------- 
{shiny}      R  stderr ----------- The following objects are masked from ‘package:teal.slice’:
{shiny}      R  stderr ----------- 
{shiny}      R  stderr -----------     as.teal_slices, teal_slices
{shiny}      R  stderr ----------- 
{shiny}      R  stderr ----------- Loading required package: teal.transform
{shiny}      R  stderr ----------- 
{shiny}      R  stderr ----------- Attaching package: ‘teal.modules.general’
{shiny}      R  stderr ----------- 
{shiny}      R  stderr ----------- The following objects are masked from ‘package:teal.transform’:
{shiny}      R  stderr ----------- 
{shiny}      R  stderr -----------     rADAE, rADLB, rADRS, rADSL, rADTTE
{shiny}      R  stderr ----------- 
{shiny}      R  stderr ----------- The following objects are masked from ‘package:teal.data’:
{shiny}      R  stderr ----------- 
{shiny}      R  stderr -----------     rADAE, rADLB, rADRS, rADSL, rADTTE
{shiny}      R  stderr ----------- 
{shiny}      R  stderr ----------- Running application in test mode.
{shiny}      R  stderr ----------- 
{shiny}      R  stderr ----------- Listening on http://127.0.0.1:3848
{shiny}      R  stderr ----------- Warning: Error in if: the condition has length &gt; 1
{shiny}      R  stderr -----------   14: &lt;Anonymous&gt;
{shiny}      R  stderr -----------   12: &lt;Anonymous&gt;
{shiny}      R  stderr -----------   11: &lt;Anonymous&gt;
{shiny}      R  stderr -----------   10: base::do.call
{shiny}      R  stderr -----------    9: base::saveRDS
{shiny}      R  stderr -----------    8: base::withCallingHandlers
{shiny}      R  stderr -----------    7: doTryCatch
{shiny}      R  stderr -----------    6: tryCatchOne
{shiny}      R  stderr -----------    5: tryCatchList
{shiny}      R  stderr -----------    2: tryCatchList
{shiny}      R  stderr -----------    1: base::tryCatch


Caused by error in `app_initialize_()`:
! Shiny app did not become stable in 1e+05ms.
Message: An error occurred while waiting for Shiny to be stable
Caused by error in `app_wait_for_idle()`:
! An error occurred while waiting for Shiny to be stable
Backtrace:
     ▆
  1. ├─teal.modules.general (local) app_driver_tm_front_page() at test-shinytest2-tm_front_page.R:50:3
  2. │ └─teal.modules.general:::init_teal_app_driver(...) at test-shinytest2-tm_front_page.R:7:3
  3. │   ├─testthat::with_mocked_bindings(...) at tests/testthat/helper-TealAppDriver.R:7:3
  4. │   └─TealAppDriver$new(...) at tests/testthat/helper-TealAppDriver.R:10:7
  5. │     └─teal (local) initialize(...)
  6. │       ├─base::suppressWarnings(...)
  7. │       │ └─base::withCallingHandlers(...)
  8. │       └─super$initialize(...)
  9. │         └─shinytest2:::app_initialize(...)
 10. │           ├─base::withCallingHandlers(...)
 11. │           └─shinytest2:::app_initialize_(self, private, ..., view = view)
 12. │             ├─base::withCallingHandlers(...)
 13. │             └─self$wait_for_idle(duration = 200, timeout = private$load_timeout)
 14. │               └─shinytest2:::app_wait_for_idle(...)
 15. │                 └─shinytest2:::app_abort(self, private, "An error occurred while waiting for Shiny to be stable")
 16. │                   └─rlang::abort(..., app = self, call = call)
 17. │                     └─rlang:::signal_abort(cnd, .file)
 18. │                       └─base::signalCondition(cnd)
 19. ├─shinytest2 (local) `&lt;fn&gt;`(`&lt;rlng_rrr&gt;`)
 20. │ └─shinytest2:::app_abort(...)
 21. │   └─rlang::abort(..., app = self, call = call)
 22. │     └─rlang:::signal_abort(cnd, .file)
 23. │       └─base::signalCondition(cnd)
 24. └─shinytest2 (local) `&lt;fn&gt;`(`&lt;rlng_rrr&gt;`)
 25.   └─shinytest2:::app_abort(...)
 26.     └─rlang::abort(..., app = self, call = call)</error>
    </testcase>
    <testcase time="102.181" classname="shinytest2_tm_front_page" name="e2e_tm_front_page_Verify_the_module_displays_metadata">
      <error type="error" message="Error in `app_initialize(self, private, app_dir = app_dir, ..., load_timeout = load_timeout,  ('test-shinytest2-tm_front_page.R:62:3')">Error in `app_initialize(self, private, app_dir = app_dir, ..., load_timeout = load_timeout, 
    timeout = timeout, wait = wait, expect_values_screenshot_args = expect_values_screenshot_args, 
    screenshot_args = screenshot_args, check_names = check_names, 
    name = name, variant = variant, view = view, height = height, 
    width = width, seed = seed, clean_logs = clean_logs, shiny_args = shiny_args, 
    render_args = render_args, options = options)`: Shiny app did not become stable in 1e+05ms.
Message: An error occurred while waiting for Shiny to be stable
Caused by error in `app_wait_for_idle()`:
! An error occurred while waiting for Shiny to be stable


ℹ You can inspect the failed AppDriver object via `rlang::last_error()$app`
ℹ AppDriver logs:
{shinytest2} R  info   11:29:30.28 Start AppDriver initialization
{shinytest2} R  info   11:29:30.34 Starting Shiny app
{shinytest2} R  info   11:29:31.58 Creating new ChromoteSession
{shinytest2} R  info   11:29:31.62 Navigating to Shiny app
{shinytest2} R  info   11:29:31.70 Injecting shiny-tracer.js
{chromote}   JS info   11:29:31.72 shinytest2; jQuery not found
{chromote}   JS info   11:29:31.73 shinytest2; Loaded
{shinytest2} R  info   11:29:31.73 Waiting for Shiny to become ready
{chromote}   JS info   11:29:31.82 shinytest2; jQuery found
{chromote}   JS info   11:29:31.82 shinytest2; Waiting for shiny session to connect
{chromote}   JS info   11:29:31.89 shinytest2; Connected
{chromote}   JS info   11:29:31.93 shinytest2; shiny:busy
{shinytest2} R  info   11:29:31.95 Waiting for Shiny to become idle for 200ms within 1e+05ms
{chromote}   JS info   11:29:31.95 shinytest2; Waiting for Shiny to be stable
{shinytest2} R  info   11:31:11.96 Error while initializing AppDriver:
                                   Shiny app did not become stable in 1e+05ms.
                                   Message: An error occurred while waiting for Shiny to be stable
                                   Caused by error in `app_wait_for_idle()`:
                                   ! An error occurred while waiting for Shiny to be stable
{shiny}      R  stderr ----------- Loading required package: shiny
{shiny}      R  stderr ----------- Attempting to load the environment ‘package:nestcolor’
{shiny}      R  stderr ----------- Loading required package: ggmosaic
{shiny}      R  stderr ----------- Loading required package: ggplot2
{shiny}      R  stderr ----------- Loading required package: teal
{shiny}      R  stderr ----------- Loading required package: teal.data
{shiny}      R  stderr ----------- Loading required package: teal.code
{shiny}      R  stderr ----------- Loading required package: teal.slice
{shiny}      R  stderr ----------- 
{shiny}      R  stderr ----------- You are using teal version 0.15.2.9040
{shiny}      R  stderr ----------- 
{shiny}      R  stderr ----------- Attaching package: ‘teal’
{shiny}      R  stderr ----------- 
{shiny}      R  stderr ----------- The following objects are masked from ‘package:teal.slice’:
{shiny}      R  stderr ----------- 
{shiny}      R  stderr -----------     as.teal_slices, teal_slices
{shiny}      R  stderr ----------- 
{shiny}      R  stderr ----------- Loading required package: teal.transform
{shiny}      R  stderr ----------- 
{shiny}      R  stderr ----------- Attaching package: ‘teal.modules.general’
{shiny}      R  stderr ----------- 
{shiny}      R  stderr ----------- The following objects are masked from ‘package:teal.transform’:
{shiny}      R  stderr ----------- 
{shiny}      R  stderr -----------     rADAE, rADLB, rADRS, rADSL, rADTTE
{shiny}      R  stderr ----------- 
{shiny}      R  stderr ----------- The following objects are masked from ‘package:teal.data’:
{shiny}      R  stderr ----------- 
{shiny}      R  stderr -----------     rADAE, rADLB, rADRS, rADSL, rADTTE
{shiny}      R  stderr ----------- 
{shiny}      R  stderr ----------- Running application in test mode.
{shiny}      R  stderr ----------- 
{shiny}      R  stderr ----------- Listening on http://127.0.0.1:3532
{shiny}      R  stderr ----------- Warning: Error in if: the condition has length &gt; 1
{shiny}      R  stderr -----------   14: &lt;Anonymous&gt;
{shiny}      R  stderr -----------   12: &lt;Anonymous&gt;
{shiny}      R  stderr -----------   11: &lt;Anonymous&gt;
{shiny}      R  stderr -----------   10: base::do.call
{shiny}      R  stderr -----------    9: base::saveRDS
{shiny}      R  stderr -----------    8: base::withCallingHandlers
{shiny}      R  stderr -----------    7: doTryCatch
{shiny}      R  stderr -----------    6: tryCatchOne
{shiny}      R  stderr -----------    5: tryCatchList
{shiny}      R  stderr -----------    2: tryCatchList
{shiny}      R  stderr -----------    1: base::tryCatch


Caused by error in `app_initialize_()`:
! Shiny app did not become stable in 1e+05ms.
Message: An error occurred while waiting for Shiny to be stable
Caused by error in `app_wait_for_idle()`:
! An error occurred while waiting for Shiny to be stable
Backtrace:
     ▆
  1. ├─teal.modules.general (local) app_driver_tm_front_page() at test-shinytest2-tm_front_page.R:62:3
  2. │ └─teal.modules.general:::init_teal_app_driver(...) at test-shinytest2-tm_front_page.R:7:3
  3. │   ├─testthat::with_mocked_bindings(...) at tests/testthat/helper-TealAppDriver.R:7:3
  4. │   └─TealAppDriver$new(...) at tests/testthat/helper-TealAppDriver.R:10:7
  5. │     └─teal (local) initialize(...)
  6. │       ├─base::suppressWarnings(...)
  7. │       │ └─base::withCallingHandlers(...)
  8. │       └─super$initialize(...)
  9. │         └─shinytest2:::app_initialize(...)
 10. │           ├─base::withCallingHandlers(...)
 11. │           └─shinytest2:::app_initialize_(self, private, ..., view = view)
 12. │             ├─base::withCallingHandlers(...)
 13. │             └─self$wait_for_idle(duration = 200, timeout = private$load_timeout)
 14. │               └─shinytest2:::app_wait_for_idle(...)
 15. │                 └─shinytest2:::app_abort(self, private, "An error occurred while waiting for Shiny to be stable")
 16. │                   └─rlang::abort(..., app = self, call = call)
 17. │                     └─rlang:::signal_abort(cnd, .file)
 18. │                       └─base::signalCondition(cnd)
 19. ├─shinytest2 (local) `&lt;fn&gt;`(`&lt;rlng_rrr&gt;`)
 20. │ └─shinytest2:::app_abort(...)
 21. │   └─rlang::abort(..., app = self, call = call)
 22. │     └─rlang:::signal_abort(cnd, .file)
 23. │       └─base::signalCondition(cnd)
 24. └─shinytest2 (local) `&lt;fn&gt;`(`&lt;rlng_rrr&gt;`)
 25.   └─shinytest2:::app_abort(...)
 26.     └─rlang::abort(..., app = self, call = call)</error>
    </testcase>
  </testsuite>
  <testsuite name="shinytest2-tm_g_association" timestamp="2024-06-12T11:31:12Z" hostname="1b92bc783e96" tests="13" skipped="0" failures="0" errors="0" time="34.181">
    <testcase time="6.17399999999998" classname="shinytest2_tm_g_association" name="e2e_tm_g_association_Data_parameter_and_module_label_is_passed_properly."/>
    <testcase time="0.00499999999999545" classname="shinytest2_tm_g_association" name="e2e_tm_g_association_Data_parameter_and_module_label_is_passed_properly."/>
    <testcase time="0.0040000000000191" classname="shinytest2_tm_g_association" name="e2e_tm_g_association_Data_parameter_and_module_label_is_passed_properly."/>
    <testcase time="6.28700000000003" classname="shinytest2_tm_g_association" name="e2e_tm_g_association_Data_extract_spec_elements_are_initialized_with_the_default_values_specified_by_ref_and_vars_arguments."/>
    <testcase time="1.16699999999992" classname="shinytest2_tm_g_association" name="e2e_tm_g_association_Data_extract_spec_elements_are_initialized_with_the_default_values_specified_by_ref_and_vars_arguments."/>
    <testcase time="0.0100000000001046" classname="shinytest2_tm_g_association" name="e2e_tm_g_association_Data_extract_spec_elements_are_initialized_with_the_default_values_specified_by_ref_and_vars_arguments."/>
    <testcase time="1.03099999999995" classname="shinytest2_tm_g_association" name="e2e_tm_g_association_Data_extract_spec_elements_are_initialized_with_the_default_values_specified_by_ref_and_vars_arguments."/>
    <testcase time="10.4879999999999" classname="shinytest2_tm_g_association" name="e2e_tm_g_association_Module_plot_is_visible."/>
    <testcase time="6.15100000000007" classname="shinytest2_tm_g_association" name="e2e_tm_g_association_Check_and_set_default_values_for_radio_buttons."/>
    <testcase time="0.0589999999999691" classname="shinytest2_tm_g_association" name="e2e_tm_g_association_Check_and_set_default_values_for_radio_buttons."/>
    <testcase time="0.0520000000000209" classname="shinytest2_tm_g_association" name="e2e_tm_g_association_Check_and_set_default_values_for_radio_buttons."/>
    <testcase time="2.74700000000007" classname="shinytest2_tm_g_association" name="e2e_tm_g_association_Check_and_set_default_values_for_radio_buttons."/>
    <testcase time="0.00599999999997181" classname="shinytest2_tm_g_association" name="e2e_tm_g_association_Check_and_set_default_values_for_radio_buttons."/>
  </testsuite>
  <testsuite name="shinytest2-tm_g_bivariate" timestamp="2024-06-12T11:31:46Z" hostname="1b92bc783e96" tests="44" skipped="0" failures="0" errors="0" time="78.275">
    <testcase time="5.30499999999995" classname="shinytest2_tm_g_bivariate" name="e2e_tm_g_bivariate_Module_is_initialised_with_the_specified_defaults."/>
    <testcase time="0.0910000000000082" classname="shinytest2_tm_g_bivariate" name="e2e_tm_g_bivariate_Module_is_initialised_with_the_specified_defaults."/>
    <testcase time="0.0529999999999973" classname="shinytest2_tm_g_bivariate" name="e2e_tm_g_bivariate_Module_is_initialised_with_the_specified_defaults."/>
    <testcase time="0.0529999999999973" classname="shinytest2_tm_g_bivariate" name="e2e_tm_g_bivariate_Module_is_initialised_with_the_specified_defaults."/>
    <testcase time="0.0510000000000446" classname="shinytest2_tm_g_bivariate" name="e2e_tm_g_bivariate_Module_is_initialised_with_the_specified_defaults."/>
    <testcase time="0.0520000000000209" classname="shinytest2_tm_g_bivariate" name="e2e_tm_g_bivariate_Module_is_initialised_with_the_specified_defaults."/>
    <testcase time="0.0529999999999973" classname="shinytest2_tm_g_bivariate" name="e2e_tm_g_bivariate_Module_is_initialised_with_the_specified_defaults."/>
    <testcase time="0.0509999999999309" classname="shinytest2_tm_g_bivariate" name="e2e_tm_g_bivariate_Module_is_initialised_with_the_specified_defaults."/>
    <testcase time="0.0520000000000209" classname="shinytest2_tm_g_bivariate" name="e2e_tm_g_bivariate_Module_is_initialised_with_the_specified_defaults."/>
    <testcase time="0.0520000000000209" classname="shinytest2_tm_g_bivariate" name="e2e_tm_g_bivariate_Module_is_initialised_with_the_specified_defaults."/>
    <testcase time="0.0529999999999973" classname="shinytest2_tm_g_bivariate" name="e2e_tm_g_bivariate_Module_is_initialised_with_the_specified_defaults."/>
    <testcase time="0.0529999999999973" classname="shinytest2_tm_g_bivariate" name="e2e_tm_g_bivariate_Module_is_initialised_with_the_specified_defaults."/>
    <testcase time="0.05600000000004" classname="shinytest2_tm_g_bivariate" name="e2e_tm_g_bivariate_Module_is_initialised_with_the_specified_defaults."/>
    <testcase time="0.0509999999999309" classname="shinytest2_tm_g_bivariate" name="e2e_tm_g_bivariate_Module_is_initialised_with_the_specified_defaults."/>
    <testcase time="0.0510000000000446" classname="shinytest2_tm_g_bivariate" name="e2e_tm_g_bivariate_Module_is_initialised_with_the_specified_defaults."/>
    <testcase time="0.0520000000000209" classname="shinytest2_tm_g_bivariate" name="e2e_tm_g_bivariate_Module_is_initialised_with_the_specified_defaults."/>
    <testcase time="0.0519999999999072" classname="shinytest2_tm_g_bivariate" name="e2e_tm_g_bivariate_Module_is_initialised_with_the_specified_defaults."/>
    <testcase time="0.0540000000000873" classname="shinytest2_tm_g_bivariate" name="e2e_tm_g_bivariate_Module_is_initialised_with_the_specified_defaults."/>
    <testcase time="7.44599999999991" classname="shinytest2_tm_g_bivariate" name="e2e_tm_g_bivariate_Coloring_options_are_hidden_when_coloring_is_toggled_off."/>
    <testcase time="3.16600000000005" classname="shinytest2_tm_g_bivariate" name="e2e_tm_g_bivariate_Coloring_options_are_hidden_when_coloring_is_toggled_off."/>
    <testcase time="2.13099999999997" classname="shinytest2_tm_g_bivariate" name="e2e_tm_g_bivariate_Coloring_options_are_hidden_when_coloring_is_toggled_off."/>
    <testcase time="3.48800000000006" classname="shinytest2_tm_g_bivariate" name="e2e_tm_g_bivariate_Coloring_options_are_hidden_when_coloring_is_toggled_off."/>
    <testcase time="2.10799999999995" classname="shinytest2_tm_g_bivariate" name="e2e_tm_g_bivariate_Coloring_options_are_hidden_when_coloring_is_toggled_off."/>
    <testcase time="2.11300000000006" classname="shinytest2_tm_g_bivariate" name="e2e_tm_g_bivariate_Coloring_options_are_hidden_when_coloring_is_toggled_off."/>
    <testcase time="7.505" classname="shinytest2_tm_g_bivariate" name="e2e_tm_g_bivariate_Facetting_options_are_hidden_when_facet_is_toggled_off."/>
    <testcase time="2.95999999999992" classname="shinytest2_tm_g_bivariate" name="e2e_tm_g_bivariate_Facetting_options_are_hidden_when_facet_is_toggled_off."/>
    <testcase time="2.11200000000008" classname="shinytest2_tm_g_bivariate" name="e2e_tm_g_bivariate_Facetting_options_are_hidden_when_facet_is_toggled_off."/>
    <testcase time="2.11299999999994" classname="shinytest2_tm_g_bivariate" name="e2e_tm_g_bivariate_Facetting_options_are_hidden_when_facet_is_toggled_off."/>
    <testcase time="3.351" classname="shinytest2_tm_g_bivariate" name="e2e_tm_g_bivariate_Facetting_options_are_hidden_when_facet_is_toggled_off."/>
    <testcase time="2.12400000000002" classname="shinytest2_tm_g_bivariate" name="e2e_tm_g_bivariate_Facetting_options_are_hidden_when_facet_is_toggled_off."/>
    <testcase time="2.12800000000004" classname="shinytest2_tm_g_bivariate" name="e2e_tm_g_bivariate_Facetting_options_are_hidden_when_facet_is_toggled_off."/>
    <testcase time="2.11699999999996" classname="shinytest2_tm_g_bivariate" name="e2e_tm_g_bivariate_Facetting_options_are_hidden_when_facet_is_toggled_off."/>
    <testcase time="6.76099999999997" classname="shinytest2_tm_g_bivariate" name="e2e_tm_g_bivariate_Setting_encoding_inputs_produces_outputs_without_validation_errors."/>
    <testcase time="0.663999999999987" classname="shinytest2_tm_g_bivariate" name="e2e_tm_g_bivariate_Setting_encoding_inputs_produces_outputs_without_validation_errors."/>
    <testcase time="1.23099999999999" classname="shinytest2_tm_g_bivariate" name="e2e_tm_g_bivariate_Setting_encoding_inputs_produces_outputs_without_validation_errors."/>
    <testcase time="2.20800000000008" classname="shinytest2_tm_g_bivariate" name="e2e_tm_g_bivariate_Setting_encoding_inputs_produces_outputs_without_validation_errors."/>
    <testcase time="1.34699999999998" classname="shinytest2_tm_g_bivariate" name="e2e_tm_g_bivariate_Setting_encoding_inputs_produces_outputs_without_validation_errors."/>
    <testcase time="2.23699999999997" classname="shinytest2_tm_g_bivariate" name="e2e_tm_g_bivariate_Setting_encoding_inputs_produces_outputs_without_validation_errors."/>
    <testcase time="1.95000000000005" classname="shinytest2_tm_g_bivariate" name="e2e_tm_g_bivariate_Setting_encoding_inputs_produces_outputs_without_validation_errors."/>
    <testcase time="1.99000000000001" classname="shinytest2_tm_g_bivariate" name="e2e_tm_g_bivariate_Setting_encoding_inputs_produces_outputs_without_validation_errors."/>
    <testcase time="2.02599999999995" classname="shinytest2_tm_g_bivariate" name="e2e_tm_g_bivariate_Setting_encoding_inputs_produces_outputs_without_validation_errors."/>
    <testcase time="2.24800000000005" classname="shinytest2_tm_g_bivariate" name="e2e_tm_g_bivariate_Setting_encoding_inputs_produces_outputs_without_validation_errors."/>
    <testcase time="2.27599999999995" classname="shinytest2_tm_g_bivariate" name="e2e_tm_g_bivariate_Setting_encoding_inputs_produces_outputs_without_validation_errors."/>
    <testcase time="2.24000000000001" classname="shinytest2_tm_g_bivariate" name="e2e_tm_g_bivariate_Setting_encoding_inputs_produces_outputs_without_validation_errors."/>
  </testsuite>
  <testsuite name="shinytest2-tm_g_distribution" timestamp="2024-06-12T11:33:29Z" hostname="1b92bc783e96" tests="21" skipped="0" failures="0" errors="0" time="66.649">
    <testcase time="30.9930000000001" classname="shinytest2_tm_g_distribution" name="e2e_tm_g_distribution_Module_is_initialised_with_the_specified_defaults."/>
    <testcase time="0.0499999999999545" classname="shinytest2_tm_g_distribution" name="e2e_tm_g_distribution_Module_is_initialised_with_the_specified_defaults."/>
    <testcase time="0.0529999999999973" classname="shinytest2_tm_g_distribution" name="e2e_tm_g_distribution_Module_is_initialised_with_the_specified_defaults."/>
    <testcase time="0.0520000000000209" classname="shinytest2_tm_g_distribution" name="e2e_tm_g_distribution_Module_is_initialised_with_the_specified_defaults."/>
    <testcase time="0.0520000000000209" classname="shinytest2_tm_g_distribution" name="e2e_tm_g_distribution_Module_is_initialised_with_the_specified_defaults."/>
    <testcase time="0.0499999999999545" classname="shinytest2_tm_g_distribution" name="e2e_tm_g_distribution_Module_is_initialised_with_the_specified_defaults."/>
    <testcase time="0.0520000000000209" classname="shinytest2_tm_g_distribution" name="e2e_tm_g_distribution_Module_is_initialised_with_the_specified_defaults."/>
    <testcase time="0.0520000000000209" classname="shinytest2_tm_g_distribution" name="e2e_tm_g_distribution_Module_is_initialised_with_the_specified_defaults."/>
    <testcase time="0.0519999999999072" classname="shinytest2_tm_g_distribution" name="e2e_tm_g_distribution_Module_is_initialised_with_the_specified_defaults."/>
    <testcase time="0.776000000000067" classname="shinytest2_tm_g_distribution" name="e2e_tm_g_distribution_Module_is_initialised_with_the_specified_defaults."/>
    <testcase time="6.79599999999994" classname="shinytest2_tm_g_distribution" name="e2e_tm_g_distribution_Histogram_encoding_inputs_produce_output_without_validation_errors."/>
    <testcase time="3.62300000000005" classname="shinytest2_tm_g_distribution" name="e2e_tm_g_distribution_Histogram_encoding_inputs_produce_output_without_validation_errors."/>
    <testcase time="1.99000000000001" classname="shinytest2_tm_g_distribution" name="e2e_tm_g_distribution_Histogram_encoding_inputs_produce_output_without_validation_errors."/>
    <testcase time="1.16099999999994" classname="shinytest2_tm_g_distribution" name="e2e_tm_g_distribution_Histogram_encoding_inputs_produce_output_without_validation_errors."/>
    <testcase time="3.03100000000006" classname="shinytest2_tm_g_distribution" name="e2e_tm_g_distribution_Histogram_encoding_inputs_produce_output_without_validation_errors."/>
    <testcase time="1.96000000000004" classname="shinytest2_tm_g_distribution" name="e2e_tm_g_distribution_Histogram_encoding_inputs_produce_output_without_validation_errors."/>
    <testcase time="1.13799999999992" classname="shinytest2_tm_g_distribution" name="e2e_tm_g_distribution_Histogram_encoding_inputs_produce_output_without_validation_errors."/>
    <testcase time="1.096" classname="shinytest2_tm_g_distribution" name="e2e_tm_g_distribution_Histogram_encoding_inputs_produce_output_without_validation_errors."/>
    <testcase time="6.73300000000006" classname="shinytest2_tm_g_distribution" name="e2e_tm_g_distribution_QQ_plot_encoding_inputs_produce_output_without_validation_errors."/>
    <testcase time="1.226" classname="shinytest2_tm_g_distribution" name="e2e_tm_g_distribution_QQ_plot_encoding_inputs_produce_output_without_validation_errors."/>
    <testcase time="5.71299999999997" classname="shinytest2_tm_g_distribution" name="e2e_tm_g_distribution_QQ_plot_encoding_inputs_produce_output_without_validation_errors."/>
  </testsuite>
  <testsuite name="shinytest2-tm_g_response" timestamp="2024-06-12T11:34:11Z" hostname="1b92bc783e96" tests="17" skipped="0" failures="0" errors="0" time="29.201">
    <testcase time="5.04200000000003" classname="shinytest2_tm_g_response" name="e2e_tm_g_response_module_is_initialised_with_the_specified_defaults."/>
    <testcase time="0.0889999999999418" classname="shinytest2_tm_g_response" name="e2e_tm_g_response_module_is_initialised_with_the_specified_defaults."/>
    <testcase time="0.0500000000000682" classname="shinytest2_tm_g_response" name="e2e_tm_g_response_module_is_initialised_with_the_specified_defaults."/>
    <testcase time="0.0519999999999072" classname="shinytest2_tm_g_response" name="e2e_tm_g_response_module_is_initialised_with_the_specified_defaults."/>
    <testcase time="0.0540000000000873" classname="shinytest2_tm_g_response" name="e2e_tm_g_response_module_is_initialised_with_the_specified_defaults."/>
    <testcase time="0.0509999999999309" classname="shinytest2_tm_g_response" name="e2e_tm_g_response_module_is_initialised_with_the_specified_defaults."/>
    <testcase time="0.0509999999999309" classname="shinytest2_tm_g_response" name="e2e_tm_g_response_module_is_initialised_with_the_specified_defaults."/>
    <testcase time="0.0510000000000446" classname="shinytest2_tm_g_response" name="e2e_tm_g_response_module_is_initialised_with_the_specified_defaults."/>
    <testcase time="6.21399999999994" classname="shinytest2_tm_g_response" name="e2e_tm_g_response_encoding_inputs_produce_output_without_validation_errors."/>
    <testcase time="1.06200000000001" classname="shinytest2_tm_g_response" name="e2e_tm_g_response_encoding_inputs_produce_output_without_validation_errors."/>
    <testcase time="1.04100000000005" classname="shinytest2_tm_g_response" name="e2e_tm_g_response_encoding_inputs_produce_output_without_validation_errors."/>
    <testcase time="0.956000000000017" classname="shinytest2_tm_g_response" name="e2e_tm_g_response_encoding_inputs_produce_output_without_validation_errors."/>
    <testcase time="0.968999999999937" classname="shinytest2_tm_g_response" name="e2e_tm_g_response_encoding_inputs_produce_output_without_validation_errors."/>
    <testcase time="0.990999999999985" classname="shinytest2_tm_g_response" name="e2e_tm_g_response_encoding_inputs_produce_output_without_validation_errors."/>
    <testcase time="0.980000000000018" classname="shinytest2_tm_g_response" name="e2e_tm_g_response_encoding_inputs_produce_output_without_validation_errors."/>
    <testcase time="5.73400000000004" classname="shinytest2_tm_g_response" name="e2e_tm_g_response_deselecting_response_produces_validation_error."/>
    <testcase time="5.81399999999996" classname="shinytest2_tm_g_response" name="e2e_tm_g_response_deselecting_x_produces_validation_error."/>
  </testsuite>
  <testsuite name="shinytest2-tm_g_scatterplot" timestamp="2024-06-12T11:34:40Z" hostname="1b92bc783e96" tests="35" skipped="0" failures="0" errors="0" time="82.803">
    <testcase time="6.51300000000003" classname="shinytest2_tm_g_scatterplot" name="e2e_tm_g_scatterplot_Module_is_initialised_with_the_specified_defaults."/>
    <testcase time="0.0570000000000164" classname="shinytest2_tm_g_scatterplot" name="e2e_tm_g_scatterplot_Module_is_initialised_with_the_specified_defaults."/>
    <testcase time="0.0529999999999973" classname="shinytest2_tm_g_scatterplot" name="e2e_tm_g_scatterplot_Module_is_initialised_with_the_specified_defaults."/>
    <testcase time="0.0539999999999736" classname="shinytest2_tm_g_scatterplot" name="e2e_tm_g_scatterplot_Module_is_initialised_with_the_specified_defaults."/>
    <testcase time="0.0520000000000209" classname="shinytest2_tm_g_scatterplot" name="e2e_tm_g_scatterplot_Module_is_initialised_with_the_specified_defaults."/>
    <testcase time="0.0559999999999263" classname="shinytest2_tm_g_scatterplot" name="e2e_tm_g_scatterplot_Module_is_initialised_with_the_specified_defaults."/>
    <testcase time="0.0500000000000682" classname="shinytest2_tm_g_scatterplot" name="e2e_tm_g_scatterplot_Module_is_initialised_with_the_specified_defaults."/>
    <testcase time="0.0539999999999736" classname="shinytest2_tm_g_scatterplot" name="e2e_tm_g_scatterplot_Module_is_initialised_with_the_specified_defaults."/>
    <testcase time="0.0510000000000446" classname="shinytest2_tm_g_scatterplot" name="e2e_tm_g_scatterplot_Module_is_initialised_with_the_specified_defaults."/>
    <testcase time="0.0499999999999545" classname="shinytest2_tm_g_scatterplot" name="e2e_tm_g_scatterplot_Module_is_initialised_with_the_specified_defaults."/>
    <testcase time="0.0520000000000209" classname="shinytest2_tm_g_scatterplot" name="e2e_tm_g_scatterplot_Module_is_initialised_with_the_specified_defaults."/>
    <testcase time="0.0520000000000209" classname="shinytest2_tm_g_scatterplot" name="e2e_tm_g_scatterplot_Module_is_initialised_with_the_specified_defaults."/>
    <testcase time="0.0520000000000209" classname="shinytest2_tm_g_scatterplot" name="e2e_tm_g_scatterplot_Module_is_initialised_with_the_specified_defaults."/>
    <testcase time="0.0539999999999736" classname="shinytest2_tm_g_scatterplot" name="e2e_tm_g_scatterplot_Module_is_initialised_with_the_specified_defaults."/>
    <testcase time="0.05600000000004" classname="shinytest2_tm_g_scatterplot" name="e2e_tm_g_scatterplot_Module_is_initialised_with_the_specified_defaults."/>
    <testcase time="0.0539999999999736" classname="shinytest2_tm_g_scatterplot" name="e2e_tm_g_scatterplot_Module_is_initialised_with_the_specified_defaults."/>
    <testcase time="7.53199999999993" classname="shinytest2_tm_g_scatterplot" name="e2e_tm_g_scatterplot_Base_for_the_log_transformation_can_be_applied."/>
    <testcase time="0.961000000000013" classname="shinytest2_tm_g_scatterplot" name="e2e_tm_g_scatterplot_Base_for_the_log_transformation_can_be_applied."/>
    <testcase time="0.979000000000042" classname="shinytest2_tm_g_scatterplot" name="e2e_tm_g_scatterplot_Base_for_the_log_transformation_can_be_applied."/>
    <testcase time="0.94399999999996" classname="shinytest2_tm_g_scatterplot" name="e2e_tm_g_scatterplot_Base_for_the_log_transformation_can_be_applied."/>
    <testcase time="8.25800000000004" classname="shinytest2_tm_g_scatterplot" name="e2e_tm_g_scatterplot_The_log_transform_is_only_possible_for_positive_numeric_vars."/>
    <testcase time="1.01699999999994" classname="shinytest2_tm_g_scatterplot" name="e2e_tm_g_scatterplot_The_log_transform_is_only_possible_for_positive_numeric_vars."/>
    <testcase time="1.76700000000005" classname="shinytest2_tm_g_scatterplot" name="e2e_tm_g_scatterplot_The_log_transform_is_only_possible_for_positive_numeric_vars."/>
    <testcase time="8.83699999999999" classname="shinytest2_tm_g_scatterplot" name="e2e_tm_g_scatterplot_Get_validation_error_when_facetting_with_the_same_row_col_variable."/>
    <testcase time="7.62199999999996" classname="shinytest2_tm_g_scatterplot" name="e2e_tm_g_scatterplot_The_encoding_inputs_produce_output_without_validation_errors."/>
    <testcase time="1.0920000000001" classname="shinytest2_tm_g_scatterplot" name="e2e_tm_g_scatterplot_The_encoding_inputs_produce_output_without_validation_errors."/>
    <testcase time="1.39299999999992" classname="shinytest2_tm_g_scatterplot" name="e2e_tm_g_scatterplot_The_encoding_inputs_produce_output_without_validation_errors."/>
    <testcase time="1.85500000000002" classname="shinytest2_tm_g_scatterplot" name="e2e_tm_g_scatterplot_The_encoding_inputs_produce_output_without_validation_errors."/>
    <testcase time="1.83299999999997" classname="shinytest2_tm_g_scatterplot" name="e2e_tm_g_scatterplot_The_encoding_inputs_produce_output_without_validation_errors."/>
    <testcase time="1.87400000000002" classname="shinytest2_tm_g_scatterplot" name="e2e_tm_g_scatterplot_The_encoding_inputs_produce_output_without_validation_errors."/>
    <testcase time="1.64800000000002" classname="shinytest2_tm_g_scatterplot" name="e2e_tm_g_scatterplot_The_encoding_inputs_produce_output_without_validation_errors."/>
    <testcase time="20.532" classname="shinytest2_tm_g_scatterplot" name="e2e_tm_g_scatterplot_The_encoding_inputs_produce_output_without_validation_errors."/>
    <testcase time="1.71999999999991" classname="shinytest2_tm_g_scatterplot" name="e2e_tm_g_scatterplot_The_encoding_inputs_produce_output_without_validation_errors."/>
    <testcase time="3.30600000000004" classname="shinytest2_tm_g_scatterplot" name="e2e_tm_g_scatterplot_The_encoding_inputs_produce_output_without_validation_errors."/>
    <testcase time="2.32299999999998" classname="shinytest2_tm_g_scatterplot" name="e2e_tm_g_scatterplot_The_encoding_inputs_produce_output_without_validation_errors."/>
  </testsuite>
  <testsuite name="shinytest2-tm_g_scatterplotmatrix" timestamp="2024-06-12T11:36:03Z" hostname="1b92bc783e96" tests="9" skipped="0" failures="0" errors="0" time="29.612">
    <testcase time="5.07800000000009" classname="shinytest2_tm_g_scatterplotmatrix" name="e2e_tm_g_scatterplotmatrix_Initializes_without_errors"/>
    <testcase time="0.00499999999999545" classname="shinytest2_tm_g_scatterplotmatrix" name="e2e_tm_g_scatterplotmatrix_Initializes_without_errors"/>
    <testcase time="0.00399999999990541" classname="shinytest2_tm_g_scatterplotmatrix" name="e2e_tm_g_scatterplotmatrix_Initializes_without_errors"/>
    <testcase time="7.23599999999999" classname="shinytest2_tm_g_scatterplotmatrix" name="e2e_tm_g_scatterplotmatrix_Verify_module_displays_data_table"/>
    <testcase time="5.19200000000001" classname="shinytest2_tm_g_scatterplotmatrix" name="e2e_tm_g_scatterplotmatrix_Verify_default_values_and_settings_data_extracts_for_data_selection"/>
    <testcase time="0.00100000000009004" classname="shinytest2_tm_g_scatterplotmatrix" name="e2e_tm_g_scatterplotmatrix_Verify_default_values_and_settings_data_extracts_for_data_selection"/>
    <testcase time="1.39099999999996" classname="shinytest2_tm_g_scatterplotmatrix" name="e2e_tm_g_scatterplotmatrix_Verify_default_values_and_settings_data_extracts_for_data_selection"/>
    <testcase time="6.81399999999996" classname="shinytest2_tm_g_scatterplotmatrix" name="e2e_tm_g_scatterplotmatrix_Change_plot_settings"/>
    <testcase time="3.89100000000008" classname="shinytest2_tm_g_scatterplotmatrix" name="e2e_tm_g_scatterplotmatrix_Change_plot_settings"/>
  </testsuite>
  <testsuite name="shinytest2-tm_misssing_data" timestamp="2024-06-12T11:36:32Z" hostname="1b92bc783e96" tests="10" skipped="0" failures="0" errors="5" time="510.509">
    <testcase time="0.133999999999901" classname="shinytest2_tm_misssing_data" name="e2e_tm_missing_data_Initializes_without_errors"/>
    <testcase time="101.971" classname="shinytest2_tm_misssing_data" name="e2e_tm_missing_data_Initializes_without_errors">
      <error type="error" message="Error in `app_initialize(self, private, app_dir = app_dir, ..., load_timeout = load_timeout,  ('test-shinytest2-tm_misssing_data.R:40:3')">Error in `app_initialize(self, private, app_dir = app_dir, ..., load_timeout = load_timeout, 
    timeout = timeout, wait = wait, expect_values_screenshot_args = expect_values_screenshot_args, 
    screenshot_args = screenshot_args, check_names = check_names, 
    name = name, variant = variant, view = view, height = height, 
    width = width, seed = seed, clean_logs = clean_logs, shiny_args = shiny_args, 
    render_args = render_args, options = options)`: Shiny app did not become stable in 1e+05ms.
Message: An error occurred while waiting for Shiny to be stable
Caused by error in `app_wait_for_idle()`:
! An error occurred while waiting for Shiny to be stable


ℹ You can inspect the failed AppDriver object via `rlang::last_error()$app`
ℹ AppDriver logs:
{shinytest2} R  info   11:36:33.18 Start AppDriver initialization
{shinytest2} R  info   11:36:33.20 Starting Shiny app
{shinytest2} R  info   11:36:34.43 Creating new ChromoteSession
{shinytest2} R  info   11:36:34.47 Navigating to Shiny app
{shinytest2} R  info   11:36:34.56 Injecting shiny-tracer.js
{chromote}   JS info   11:36:34.56 shinytest2; jQuery not found
{chromote}   JS info   11:36:34.57 shinytest2; Loaded
{shinytest2} R  info   11:36:34.57 Waiting for Shiny to become ready
{chromote}   JS info   11:36:34.68 shinytest2; jQuery found
{chromote}   JS info   11:36:34.68 shinytest2; Waiting for shiny session to connect
{chromote}   JS info   11:36:34.74 shinytest2; Connected
{chromote}   JS info   11:36:34.77 shinytest2; shiny:busy
{shinytest2} R  info   11:36:34.78 Waiting for Shiny to become idle for 200ms within 1e+05ms
{chromote}   JS info   11:36:34.78 shinytest2; Waiting for Shiny to be stable
{shinytest2} R  info   11:38:14.80 Error while initializing AppDriver:
                                   Shiny app did not become stable in 1e+05ms.
                                   Message: An error occurred while waiting for Shiny to be stable
                                   Caused by error in `app_wait_for_idle()`:
                                   ! An error occurred while waiting for Shiny to be stable
{shiny}      R  stderr ----------- Loading required package: shiny
{shiny}      R  stderr ----------- Attempting to load the environment ‘package:nestcolor’
{shiny}      R  stderr ----------- Loading required package: ggmosaic
{shiny}      R  stderr ----------- Loading required package: ggplot2
{shiny}      R  stderr ----------- Loading required package: teal
{shiny}      R  stderr ----------- Loading required package: teal.data
{shiny}      R  stderr ----------- Loading required package: teal.code
{shiny}      R  stderr ----------- Loading required package: teal.slice
{shiny}      R  stderr ----------- 
{shiny}      R  stderr ----------- You are using teal version 0.15.2.9040
{shiny}      R  stderr ----------- 
{shiny}      R  stderr ----------- Attaching package: ‘teal’
{shiny}      R  stderr ----------- 
{shiny}      R  stderr ----------- The following objects are masked from ‘package:teal.slice’:
{shiny}      R  stderr ----------- 
{shiny}      R  stderr -----------     as.teal_slices, teal_slices
{shiny}      R  stderr ----------- 
{shiny}      R  stderr ----------- Loading required package: teal.transform
{shiny}      R  stderr ----------- 
{shiny}      R  stderr ----------- Attaching package: ‘teal.modules.general’
{shiny}      R  stderr ----------- 
{shiny}      R  stderr ----------- The following objects are masked from ‘package:teal.transform’:
{shiny}      R  stderr ----------- 
{shiny}      R  stderr -----------     rADAE, rADLB, rADRS, rADSL, rADTTE
{shiny}      R  stderr ----------- 
{shiny}      R  stderr ----------- The following objects are masked from ‘package:teal.data’:
{shiny}      R  stderr ----------- 
{shiny}      R  stderr -----------     rADAE, rADLB, rADRS, rADSL, rADTTE
{shiny}      R  stderr ----------- 
{shiny}      R  stderr ----------- Running application in test mode.
{shiny}      R  stderr ----------- 
{shiny}      R  stderr ----------- Listening on http://127.0.0.1:4499
{shiny}      R  stderr ----------- Initializing reporter_previewer_module
{shiny}      R  stderr ----------- Warning: Error in if: the condition has length &gt; 1
{shiny}      R  stderr -----------   14: &lt;Anonymous&gt;
{shiny}      R  stderr -----------   12: &lt;Anonymous&gt;
{shiny}      R  stderr -----------   11: &lt;Anonymous&gt;
{shiny}      R  stderr -----------   10: base::do.call
{shiny}      R  stderr -----------    9: base::saveRDS
{shiny}      R  stderr -----------    8: base::withCallingHandlers
{shiny}      R  stderr -----------    7: doTryCatch
{shiny}      R  stderr -----------    6: tryCatchOne
{shiny}      R  stderr -----------    5: tryCatchList
{shiny}      R  stderr -----------    2: tryCatchList
{shiny}      R  stderr -----------    1: base::tryCatch


Caused by error in `app_initialize_()`:
! Shiny app did not become stable in 1e+05ms.
Message: An error occurred while waiting for Shiny to be stable
Caused by error in `app_wait_for_idle()`:
! An error occurred while waiting for Shiny to be stable
Backtrace:
     ▆
  1. ├─teal.modules.general (local) app_driver_tm_missing_data() at test-shinytest2-tm_misssing_data.R:40:3
  2. │ └─teal.modules.general:::init_teal_app_driver(...) at test-shinytest2-tm_misssing_data.R:16:3
  3. │   ├─testthat::with_mocked_bindings(...) at tests/testthat/helper-TealAppDriver.R:7:3
  4. │   └─TealAppDriver$new(...) at tests/testthat/helper-TealAppDriver.R:10:7
  5. │     └─teal (local) initialize(...)
  6. │       ├─base::suppressWarnings(...)
  7. │       │ └─base::withCallingHandlers(...)
  8. │       └─super$initialize(...)
  9. │         └─shinytest2:::app_initialize(...)
 10. │           ├─base::withCallingHandlers(...)
 11. │           └─shinytest2:::app_initialize_(self, private, ..., view = view)
 12. │             ├─base::withCallingHandlers(...)
 13. │             └─self$wait_for_idle(duration = 200, timeout = private$load_timeout)
 14. │               └─shinytest2:::app_wait_for_idle(...)
 15. │                 └─shinytest2:::app_abort(self, private, "An error occurred while waiting for Shiny to be stable")
 16. │                   └─rlang::abort(..., app = self, call = call)
 17. │                     └─rlang:::signal_abort(cnd, .file)
 18. │                       └─base::signalCondition(cnd)
 19. ├─shinytest2 (local) `&lt;fn&gt;`(`&lt;rlng_rrr&gt;`)
 20. │ └─shinytest2:::app_abort(...)
 21. │   └─rlang::abort(..., app = self, call = call)
 22. │     └─rlang:::signal_abort(cnd, .file)
 23. │       └─base::signalCondition(cnd)
 24. └─shinytest2 (local) `&lt;fn&gt;`(`&lt;rlng_rrr&gt;`)
 25.   └─shinytest2:::app_abort(...)
 26.     └─rlang::abort(..., app = self, call = call)</error>
    </testcase>
    <testcase time="0.118000000000052" classname="shinytest2_tm_misssing_data" name="e2e_tm_missing_data_Default_settings_and_visibility_of_the_summary_graph"/>
    <testcase time="101.961" classname="shinytest2_tm_misssing_data" name="e2e_tm_missing_data_Default_settings_and_visibility_of_the_summary_graph">
      <error type="error" message="Error in `app_initialize(self, private, app_dir = app_dir, ..., load_timeout = load_timeout,  ('test-shinytest2-tm_misssing_data.R:61:3')">Error in `app_initialize(self, private, app_dir = app_dir, ..., load_timeout = load_timeout, 
    timeout = timeout, wait = wait, expect_values_screenshot_args = expect_values_screenshot_args, 
    screenshot_args = screenshot_args, check_names = check_names, 
    name = name, variant = variant, view = view, height = height, 
    width = width, seed = seed, clean_logs = clean_logs, shiny_args = shiny_args, 
    render_args = render_args, options = options)`: Shiny app did not become stable in 1e+05ms.
Message: An error occurred while waiting for Shiny to be stable
Caused by error in `app_wait_for_idle()`:
! An error occurred while waiting for Shiny to be stable


ℹ You can inspect the failed AppDriver object via `rlang::last_error()$app`
ℹ AppDriver logs:
{shinytest2} R  info   11:38:15.27 Start AppDriver initialization
{shinytest2} R  info   11:38:15.29 Starting Shiny app
{shinytest2} R  info   11:38:16.52 Creating new ChromoteSession
{shinytest2} R  info   11:38:16.55 Navigating to Shiny app
{shinytest2} R  info   11:38:16.63 Injecting shiny-tracer.js
{chromote}   JS info   11:38:16.64 shinytest2; jQuery not found
{chromote}   JS info   11:38:16.64 shinytest2; Loaded
{shinytest2} R  info   11:38:16.64 Waiting for Shiny to become ready
{chromote}   JS info   11:38:16.73 shinytest2; jQuery found
{chromote}   JS info   11:38:16.73 shinytest2; Waiting for shiny session to connect
{chromote}   JS info   11:38:16.79 shinytest2; Connected
{chromote}   JS info   11:38:16.83 shinytest2; shiny:busy
{shinytest2} R  info   11:38:16.86 Waiting for Shiny to become idle for 200ms within 1e+05ms
{chromote}   JS info   11:38:16.87 shinytest2; Waiting for Shiny to be stable
{shinytest2} R  info   11:39:56.88 Error while initializing AppDriver:
                                   Shiny app did not become stable in 1e+05ms.
                                   Message: An error occurred while waiting for Shiny to be stable
                                   Caused by error in `app_wait_for_idle()`:
                                   ! An error occurred while waiting for Shiny to be stable
{shiny}      R  stderr ----------- Loading required package: shiny
{shiny}      R  stderr ----------- Attempting to load the environment ‘package:nestcolor’
{shiny}      R  stderr ----------- Loading required package: ggmosaic
{shiny}      R  stderr ----------- Loading required package: ggplot2
{shiny}      R  stderr ----------- Loading required package: teal
{shiny}      R  stderr ----------- Loading required package: teal.data
{shiny}      R  stderr ----------- Loading required package: teal.code
{shiny}      R  stderr ----------- Loading required package: teal.slice
{shiny}      R  stderr ----------- 
{shiny}      R  stderr ----------- You are using teal version 0.15.2.9040
{shiny}      R  stderr ----------- 
{shiny}      R  stderr ----------- Attaching package: ‘teal’
{shiny}      R  stderr ----------- 
{shiny}      R  stderr ----------- The following objects are masked from ‘package:teal.slice’:
{shiny}      R  stderr ----------- 
{shiny}      R  stderr -----------     as.teal_slices, teal_slices
{shiny}      R  stderr ----------- 
{shiny}      R  stderr ----------- Loading required package: teal.transform
{shiny}      R  stderr ----------- 
{shiny}      R  stderr ----------- Attaching package: ‘teal.modules.general’
{shiny}      R  stderr ----------- 
{shiny}      R  stderr ----------- The following objects are masked from ‘package:teal.transform’:
{shiny}      R  stderr ----------- 
{shiny}      R  stderr -----------     rADAE, rADLB, rADRS, rADSL, rADTTE
{shiny}      R  stderr ----------- 
{shiny}      R  stderr ----------- The following objects are masked from ‘package:teal.data’:
{shiny}      R  stderr ----------- 
{shiny}      R  stderr -----------     rADAE, rADLB, rADRS, rADSL, rADTTE
{shiny}      R  stderr ----------- 
{shiny}      R  stderr ----------- Running application in test mode.
{shiny}      R  stderr ----------- createTcpServer: address already in use
{shiny}      R  stderr ----------- 
{shiny}      R  stderr ----------- Listening on http://127.0.0.1:3545
{shiny}      R  stderr ----------- Initializing reporter_previewer_module
{shiny}      R  stderr ----------- Warning: Error in if: the condition has length &gt; 1
{shiny}      R  stderr -----------   14: &lt;Anonymous&gt;
{shiny}      R  stderr -----------   12: &lt;Anonymous&gt;
{shiny}      R  stderr -----------   11: &lt;Anonymous&gt;
{shiny}      R  stderr -----------   10: base::do.call
{shiny}      R  stderr -----------    9: base::saveRDS
{shiny}      R  stderr -----------    8: base::withCallingHandlers
{shiny}      R  stderr -----------    7: doTryCatch
{shiny}      R  stderr -----------    6: tryCatchOne
{shiny}      R  stderr -----------    5: tryCatchList
{shiny}      R  stderr -----------    2: tryCatchList
{shiny}      R  stderr -----------    1: base::tryCatch


Caused by error in `app_initialize_()`:
! Shiny app did not become stable in 1e+05ms.
Message: An error occurred while waiting for Shiny to be stable
Caused by error in `app_wait_for_idle()`:
! An error occurred while waiting for Shiny to be stable
Backtrace:
     ▆
  1. ├─teal.modules.general (local) app_driver_tm_missing_data() at test-shinytest2-tm_misssing_data.R:61:3
  2. │ └─teal.modules.general:::init_teal_app_driver(...) at test-shinytest2-tm_misssing_data.R:16:3
  3. │   ├─testthat::with_mocked_bindings(...) at tests/testthat/helper-TealAppDriver.R:7:3
  4. │   └─TealAppDriver$new(...) at tests/testthat/helper-TealAppDriver.R:10:7
  5. │     └─teal (local) initialize(...)
  6. │       ├─base::suppressWarnings(...)
  7. │       │ └─base::withCallingHandlers(...)
  8. │       └─super$initialize(...)
  9. │         └─shinytest2:::app_initialize(...)
 10. │           ├─base::withCallingHandlers(...)
 11. │           └─shinytest2:::app_initialize_(self, private, ..., view = view)
 12. │             ├─base::withCallingHandlers(...)
 13. │             └─self$wait_for_idle(duration = 200, timeout = private$load_timeout)
 14. │               └─shinytest2:::app_wait_for_idle(...)
 15. │                 └─shinytest2:::app_abort(self, private, "An error occurred while waiting for Shiny to be stable")
 16. │                   └─rlang::abort(..., app = self, call = call)
 17. │                     └─rlang:::signal_abort(cnd, .file)
 18. │                       └─base::signalCondition(cnd)
 19. ├─shinytest2 (local) `&lt;fn&gt;`(`&lt;rlng_rrr&gt;`)
 20. │ └─shinytest2:::app_abort(...)
 21. │   └─rlang::abort(..., app = self, call = call)
 22. │     └─rlang:::signal_abort(cnd, .file)
 23. │       └─base::signalCondition(cnd)
 24. └─shinytest2 (local) `&lt;fn&gt;`(`&lt;rlng_rrr&gt;`)
 25.   └─shinytest2:::app_abort(...)
 26.     └─rlang::abort(..., app = self, call = call)</error>
    </testcase>
    <testcase time="0.110000000000127" classname="shinytest2_tm_misssing_data" name="e2e_tm_missing_data_Check_default_settings_and_visibility_of_the_combinations_graph_and_encodings"/>
    <testcase time="101.951" classname="shinytest2_tm_misssing_data" name="e2e_tm_missing_data_Check_default_settings_and_visibility_of_the_combinations_graph_and_encodings">
      <error type="error" message="Error in `app_initialize(self, private, app_dir = app_dir, ..., load_timeout = load_timeout,  ('test-shinytest2-tm_misssing_data.R:90:3')">Error in `app_initialize(self, private, app_dir = app_dir, ..., load_timeout = load_timeout, 
    timeout = timeout, wait = wait, expect_values_screenshot_args = expect_values_screenshot_args, 
    screenshot_args = screenshot_args, check_names = check_names, 
    name = name, variant = variant, view = view, height = height, 
    width = width, seed = seed, clean_logs = clean_logs, shiny_args = shiny_args, 
    render_args = render_args, options = options)`: Shiny app did not become stable in 1e+05ms.
Message: An error occurred while waiting for Shiny to be stable
Caused by error in `app_wait_for_idle()`:
! An error occurred while waiting for Shiny to be stable


ℹ You can inspect the failed AppDriver object via `rlang::last_error()$app`
ℹ AppDriver logs:
{shinytest2} R  info   11:39:57.34 Start AppDriver initialization
{shinytest2} R  info   11:39:57.35 Starting Shiny app
{shinytest2} R  info   11:39:58.58 Creating new ChromoteSession
{shinytest2} R  info   11:39:58.62 Navigating to Shiny app
{shinytest2} R  info   11:39:58.69 Injecting shiny-tracer.js
{chromote}   JS info   11:39:58.70 shinytest2; jQuery not found
{chromote}   JS info   11:39:58.70 shinytest2; Loaded
{shinytest2} R  info   11:39:58.70 Waiting for Shiny to become ready
{chromote}   JS info   11:39:58.78 shinytest2; jQuery found
{chromote}   JS info   11:39:58.79 shinytest2; Waiting for shiny session to connect
{chromote}   JS info   11:39:58.84 shinytest2; Connected
{chromote}   JS info   11:39:58.89 shinytest2; shiny:busy
{shinytest2} R  info   11:39:58.92 Waiting for Shiny to become idle for 200ms within 1e+05ms
{chromote}   JS info   11:39:58.92 shinytest2; Waiting for Shiny to be stable
{shinytest2} R  info   11:41:38.94 Error while initializing AppDriver:
                                   Shiny app did not become stable in 1e+05ms.
                                   Message: An error occurred while waiting for Shiny to be stable
                                   Caused by error in `app_wait_for_idle()`:
                                   ! An error occurred while waiting for Shiny to be stable
{shiny}      R  stderr ----------- Loading required package: shiny
{shiny}      R  stderr ----------- Attempting to load the environment ‘package:nestcolor’
{shiny}      R  stderr ----------- Loading required package: ggmosaic
{shiny}      R  stderr ----------- Loading required package: ggplot2
{shiny}      R  stderr ----------- Loading required package: teal
{shiny}      R  stderr ----------- Loading required package: teal.data
{shiny}      R  stderr ----------- Loading required package: teal.code
{shiny}      R  stderr ----------- Loading required package: teal.slice
{shiny}      R  stderr ----------- 
{shiny}      R  stderr ----------- You are using teal version 0.15.2.9040
{shiny}      R  stderr ----------- 
{shiny}      R  stderr ----------- Attaching package: ‘teal’
{shiny}      R  stderr ----------- 
{shiny}      R  stderr ----------- The following objects are masked from ‘package:teal.slice’:
{shiny}      R  stderr ----------- 
{shiny}      R  stderr -----------     as.teal_slices, teal_slices
{shiny}      R  stderr ----------- 
{shiny}      R  stderr ----------- Loading required package: teal.transform
{shiny}      R  stderr ----------- 
{shiny}      R  stderr ----------- Attaching package: ‘teal.modules.general’
{shiny}      R  stderr ----------- 
{shiny}      R  stderr ----------- The following objects are masked from ‘package:teal.transform’:
{shiny}      R  stderr ----------- 
{shiny}      R  stderr -----------     rADAE, rADLB, rADRS, rADSL, rADTTE
{shiny}      R  stderr ----------- 
{shiny}      R  stderr ----------- The following objects are masked from ‘package:teal.data’:
{shiny}      R  stderr ----------- 
{shiny}      R  stderr -----------     rADAE, rADLB, rADRS, rADSL, rADTTE
{shiny}      R  stderr ----------- 
{shiny}      R  stderr ----------- Running application in test mode.
{shiny}      R  stderr ----------- createTcpServer: address already in use
{shiny}      R  stderr ----------- createTcpServer: address already in use
{shiny}      R  stderr ----------- 
{shiny}      R  stderr ----------- Listening on http://127.0.0.1:4159
{shiny}      R  stderr ----------- Initializing reporter_previewer_module
{shiny}      R  stderr ----------- Warning: Error in if: the condition has length &gt; 1
{shiny}      R  stderr -----------   14: &lt;Anonymous&gt;
{shiny}      R  stderr -----------   12: &lt;Anonymous&gt;
{shiny}      R  stderr -----------   11: &lt;Anonymous&gt;
{shiny}      R  stderr -----------   10: base::do.call
{shiny}      R  stderr -----------    9: base::saveRDS
{shiny}      R  stderr -----------    8: base::withCallingHandlers
{shiny}      R  stderr -----------    7: doTryCatch
{shiny}      R  stderr -----------    6: tryCatchOne
{shiny}      R  stderr -----------    5: tryCatchList
{shiny}      R  stderr -----------    2: tryCatchList
{shiny}      R  stderr -----------    1: base::tryCatch


Caused by error in `app_initialize_()`:
! Shiny app did not become stable in 1e+05ms.
Message: An error occurred while waiting for Shiny to be stable
Caused by error in `app_wait_for_idle()`:
! An error occurred while waiting for Shiny to be stable
Backtrace:
     ▆
  1. ├─teal.modules.general (local) app_driver_tm_missing_data() at test-shinytest2-tm_misssing_data.R:90:3
  2. │ └─teal.modules.general:::init_teal_app_driver(...) at test-shinytest2-tm_misssing_data.R:16:3
  3. │   ├─testthat::with_mocked_bindings(...) at tests/testthat/helper-TealAppDriver.R:7:3
  4. │   └─TealAppDriver$new(...) at tests/testthat/helper-TealAppDriver.R:10:7
  5. │     └─teal (local) initialize(...)
  6. │       ├─base::suppressWarnings(...)
  7. │       │ └─base::withCallingHandlers(...)
  8. │       └─super$initialize(...)
  9. │         └─shinytest2:::app_initialize(...)
 10. │           ├─base::withCallingHandlers(...)
 11. │           └─shinytest2:::app_initialize_(self, private, ..., view = view)
 12. │             ├─base::withCallingHandlers(...)
 13. │             └─self$wait_for_idle(duration = 200, timeout = private$load_timeout)
 14. │               └─shinytest2:::app_wait_for_idle(...)
 15. │                 └─shinytest2:::app_abort(self, private, "An error occurred while waiting for Shiny to be stable")
 16. │                   └─rlang::abort(..., app = self, call = call)
 17. │                     └─rlang:::signal_abort(cnd, .file)
 18. │                       └─base::signalCondition(cnd)
 19. ├─shinytest2 (local) `&lt;fn&gt;`(`&lt;rlng_rrr&gt;`)
 20. │ └─shinytest2:::app_abort(...)
 21. │   └─rlang::abort(..., app = self, call = call)
 22. │     └─rlang:::signal_abort(cnd, .file)
 23. │       └─base::signalCondition(cnd)
 24. └─shinytest2 (local) `&lt;fn&gt;`(`&lt;rlng_rrr&gt;`)
 25.   └─shinytest2:::app_abort(...)
 26.     └─rlang::abort(..., app = self, call = call)</error>
    </testcase>
    <testcase time="0.101999999999862" classname="shinytest2_tm_misssing_data" name="e2e_tm_missing_data_Validate_functionality_and_UI_response_for_By_Variable_Levels_"/>
    <testcase time="101.946" classname="shinytest2_tm_misssing_data" name="e2e_tm_missing_data_Validate_functionality_and_UI_response_for_By_Variable_Levels_">
      <error type="error" message="Error in `app_initialize(self, private, app_dir = app_dir, ..., load_timeout = load_timeout,  ('test-shinytest2-tm_misssing_data.R:121:3')">Error in `app_initialize(self, private, app_dir = app_dir, ..., load_timeout = load_timeout, 
    timeout = timeout, wait = wait, expect_values_screenshot_args = expect_values_screenshot_args, 
    screenshot_args = screenshot_args, check_names = check_names, 
    name = name, variant = variant, view = view, height = height, 
    width = width, seed = seed, clean_logs = clean_logs, shiny_args = shiny_args, 
    render_args = render_args, options = options)`: Shiny app did not become stable in 1e+05ms.
Message: An error occurred while waiting for Shiny to be stable
Caused by error in `app_wait_for_idle()`:
! An error occurred while waiting for Shiny to be stable


ℹ You can inspect the failed AppDriver object via `rlang::last_error()$app`
ℹ AppDriver logs:
{shinytest2} R  info   11:41:39.38 Start AppDriver initialization
{shinytest2} R  info   11:41:39.40 Starting Shiny app
{shinytest2} R  info   11:41:40.63 Creating new ChromoteSession
{shinytest2} R  info   11:41:40.66 Navigating to Shiny app
{shinytest2} R  info   11:41:40.74 Injecting shiny-tracer.js
{chromote}   JS info   11:41:40.75 shinytest2; jQuery not found
{chromote}   JS info   11:41:40.75 shinytest2; Loaded
{shinytest2} R  info   11:41:40.75 Waiting for Shiny to become ready
{chromote}   JS info   11:41:40.84 shinytest2; jQuery found
{chromote}   JS info   11:41:40.84 shinytest2; Waiting for shiny session to connect
{chromote}   JS info   11:41:40.90 shinytest2; Connected
{chromote}   JS info   11:41:40.94 shinytest2; shiny:busy
{shinytest2} R  info   11:41:40.97 Waiting for Shiny to become idle for 200ms within 1e+05ms
{chromote}   JS info   11:41:40.97 shinytest2; Waiting for Shiny to be stable
{shinytest2} R  info   11:43:20.99 Error while initializing AppDriver:
                                   Shiny app did not become stable in 1e+05ms.
                                   Message: An error occurred while waiting for Shiny to be stable
                                   Caused by error in `app_wait_for_idle()`:
                                   ! An error occurred while waiting for Shiny to be stable
{shiny}      R  stderr ----------- Loading required package: shiny
{shiny}      R  stderr ----------- Attempting to load the environment ‘package:nestcolor’
{shiny}      R  stderr ----------- Loading required package: ggmosaic
{shiny}      R  stderr ----------- Loading required package: ggplot2
{shiny}      R  stderr ----------- Loading required package: teal
{shiny}      R  stderr ----------- Loading required package: teal.data
{shiny}      R  stderr ----------- Loading required package: teal.code
{shiny}      R  stderr ----------- Loading required package: teal.slice
{shiny}      R  stderr ----------- 
{shiny}      R  stderr ----------- You are using teal version 0.15.2.9040
{shiny}      R  stderr ----------- 
{shiny}      R  stderr ----------- Attaching package: ‘teal’
{shiny}      R  stderr ----------- 
{shiny}      R  stderr ----------- The following objects are masked from ‘package:teal.slice’:
{shiny}      R  stderr ----------- 
{shiny}      R  stderr -----------     as.teal_slices, teal_slices
{shiny}      R  stderr ----------- 
{shiny}      R  stderr ----------- Loading required package: teal.transform
{shiny}      R  stderr ----------- 
{shiny}      R  stderr ----------- Attaching package: ‘teal.modules.general’
{shiny}      R  stderr ----------- 
{shiny}      R  stderr ----------- The following objects are masked from ‘package:teal.transform’:
{shiny}      R  stderr ----------- 
{shiny}      R  stderr -----------     rADAE, rADLB, rADRS, rADSL, rADTTE
{shiny}      R  stderr ----------- 
{shiny}      R  stderr ----------- The following objects are masked from ‘package:teal.data’:
{shiny}      R  stderr ----------- 
{shiny}      R  stderr -----------     rADAE, rADLB, rADRS, rADSL, rADTTE
{shiny}      R  stderr ----------- 
{shiny}      R  stderr ----------- Running application in test mode.
{shiny}      R  stderr ----------- createTcpServer: address already in use
{shiny}      R  stderr ----------- createTcpServer: address already in use
{shiny}      R  stderr ----------- createTcpServer: address already in use
{shiny}      R  stderr ----------- 
{shiny}      R  stderr ----------- Listening on http://127.0.0.1:7186
{shiny}      R  stderr ----------- Initializing reporter_previewer_module
{shiny}      R  stderr ----------- Warning: Error in if: the condition has length &gt; 1
{shiny}      R  stderr -----------   14: &lt;Anonymous&gt;
{shiny}      R  stderr -----------   12: &lt;Anonymous&gt;
{shiny}      R  stderr -----------   11: &lt;Anonymous&gt;
{shiny}      R  stderr -----------   10: base::do.call
{shiny}      R  stderr -----------    9: base::saveRDS
{shiny}      R  stderr -----------    8: base::withCallingHandlers
{shiny}      R  stderr -----------    7: doTryCatch
{shiny}      R  stderr -----------    6: tryCatchOne
{shiny}      R  stderr -----------    5: tryCatchList
{shiny}      R  stderr -----------    2: tryCatchList
{shiny}      R  stderr -----------    1: base::tryCatch


Caused by error in `app_initialize_()`:
! Shiny app did not become stable in 1e+05ms.
Message: An error occurred while waiting for Shiny to be stable
Caused by error in `app_wait_for_idle()`:
! An error occurred while waiting for Shiny to be stable
Backtrace:
     ▆
  1. ├─teal.modules.general (local) app_driver_tm_missing_data() at test-shinytest2-tm_misssing_data.R:121:3
  2. │ └─teal.modules.general:::init_teal_app_driver(...) at test-shinytest2-tm_misssing_data.R:16:3
  3. │   ├─testthat::with_mocked_bindings(...) at tests/testthat/helper-TealAppDriver.R:7:3
  4. │   └─TealAppDriver$new(...) at tests/testthat/helper-TealAppDriver.R:10:7
  5. │     └─teal (local) initialize(...)
  6. │       ├─base::suppressWarnings(...)
  7. │       │ └─base::withCallingHandlers(...)
  8. │       └─super$initialize(...)
  9. │         └─shinytest2:::app_initialize(...)
 10. │           ├─base::withCallingHandlers(...)
 11. │           └─shinytest2:::app_initialize_(self, private, ..., view = view)
 12. │             ├─base::withCallingHandlers(...)
 13. │             └─self$wait_for_idle(duration = 200, timeout = private$load_timeout)
 14. │               └─shinytest2:::app_wait_for_idle(...)
 15. │                 └─shinytest2:::app_abort(self, private, "An error occurred while waiting for Shiny to be stable")
 16. │                   └─rlang::abort(..., app = self, call = call)
 17. │                     └─rlang:::signal_abort(cnd, .file)
 18. │                       └─base::signalCondition(cnd)
 19. ├─shinytest2 (local) `&lt;fn&gt;`(`&lt;rlng_rrr&gt;`)
 20. │ └─shinytest2:::app_abort(...)
 21. │   └─rlang::abort(..., app = self, call = call)
 22. │     └─rlang:::signal_abort(cnd, .file)
 23. │       └─base::signalCondition(cnd)
 24. └─shinytest2 (local) `&lt;fn&gt;`(`&lt;rlng_rrr&gt;`)
 25.   └─shinytest2:::app_abort(...)
 26.     └─rlang::abort(..., app = self, call = call)</error>
    </testcase>
    <testcase time="0.103000000000065" classname="shinytest2_tm_misssing_data" name="e2e_tm_missing_data_Validate_By_Variable_Levels_table_values"/>
    <testcase time="102.113" classname="shinytest2_tm_misssing_data" name="e2e_tm_missing_data_Validate_By_Variable_Levels_table_values">
      <error type="error" message="Error in `app_initialize(self, private, app_dir = app_dir, ..., load_timeout = load_timeout,  ('test-shinytest2-tm_misssing_data.R:151:3')">Error in `app_initialize(self, private, app_dir = app_dir, ..., load_timeout = load_timeout, 
    timeout = timeout, wait = wait, expect_values_screenshot_args = expect_values_screenshot_args, 
    screenshot_args = screenshot_args, check_names = check_names, 
    name = name, variant = variant, view = view, height = height, 
    width = width, seed = seed, clean_logs = clean_logs, shiny_args = shiny_args, 
    render_args = render_args, options = options)`: Shiny app did not become stable in 1e+05ms.
Message: An error occurred while waiting for Shiny to be stable
Caused by error in `app_wait_for_idle()`:
! An error occurred while waiting for Shiny to be stable


ℹ You can inspect the failed AppDriver object via `rlang::last_error()$app`
ℹ AppDriver logs:
{shinytest2} R  info   11:43:21.43 Start AppDriver initialization
{shinytest2} R  info   11:43:21.45 Starting Shiny app
{shinytest2} R  info   11:43:22.67 Creating new ChromoteSession
{shinytest2} R  info   11:43:22.71 Navigating to Shiny app
{shinytest2} R  info   11:43:22.80 Injecting shiny-tracer.js
{chromote}   JS info   11:43:22.81 shinytest2; jQuery not found
{chromote}   JS info   11:43:22.81 shinytest2; Loaded
{shinytest2} R  info   11:43:22.82 Waiting for Shiny to become ready
{chromote}   JS info   11:43:22.90 shinytest2; jQuery found
{chromote}   JS info   11:43:22.90 shinytest2; Waiting for shiny session to connect
{chromote}   JS info   11:43:22.96 shinytest2; Connected
{chromote}   JS info   11:43:23.01 shinytest2; shiny:busy
{shinytest2} R  info   11:43:23.04 Waiting for Shiny to become idle for 200ms within 1e+05ms
{chromote}   JS info   11:43:23.04 shinytest2; Waiting for Shiny to be stable
{shinytest2} R  info   11:45:03.20 Error while initializing AppDriver:
                                   Shiny app did not become stable in 1e+05ms.
                                   Message: An error occurred while waiting for Shiny to be stable
                                   Caused by error in `app_wait_for_idle()`:
                                   ! An error occurred while waiting for Shiny to be stable
{shiny}      R  stderr ----------- Loading required package: shiny
{shiny}      R  stderr ----------- Attempting to load the environment ‘package:nestcolor’
{shiny}      R  stderr ----------- Loading required package: ggmosaic
{shiny}      R  stderr ----------- Loading required package: ggplot2
{shiny}      R  stderr ----------- Loading required package: teal
{shiny}      R  stderr ----------- Loading required package: teal.data
{shiny}      R  stderr ----------- Loading required package: teal.code
{shiny}      R  stderr ----------- Loading required package: teal.slice
{shiny}      R  stderr ----------- 
{shiny}      R  stderr ----------- You are using teal version 0.15.2.9040
{shiny}      R  stderr ----------- 
{shiny}      R  stderr ----------- Attaching package: ‘teal’
{shiny}      R  stderr ----------- 
{shiny}      R  stderr ----------- The following objects are masked from ‘package:teal.slice’:
{shiny}      R  stderr ----------- 
{shiny}      R  stderr -----------     as.teal_slices, teal_slices
{shiny}      R  stderr ----------- 
{shiny}      R  stderr ----------- Loading required package: teal.transform
{shiny}      R  stderr ----------- 
{shiny}      R  stderr ----------- Attaching package: ‘teal.modules.general’
{shiny}      R  stderr ----------- 
{shiny}      R  stderr ----------- The following objects are masked from ‘package:teal.transform’:
{shiny}      R  stderr ----------- 
{shiny}      R  stderr -----------     rADAE, rADLB, rADRS, rADSL, rADTTE
{shiny}      R  stderr ----------- 
{shiny}      R  stderr ----------- The following objects are masked from ‘package:teal.data’:
{shiny}      R  stderr ----------- 
{shiny}      R  stderr -----------     rADAE, rADLB, rADRS, rADSL, rADTTE
{shiny}      R  stderr ----------- 
{shiny}      R  stderr ----------- Running application in test mode.
{shiny}      R  stderr ----------- createTcpServer: address already in use
{shiny}      R  stderr ----------- createTcpServer: address already in use
{shiny}      R  stderr ----------- createTcpServer: address already in use
{shiny}      R  stderr ----------- createTcpServer: address already in use
{shiny}      R  stderr ----------- 
{shiny}      R  stderr ----------- Listening on http://127.0.0.1:3081
{shiny}      R  stderr ----------- Initializing reporter_previewer_module
{shiny}      R  stderr ----------- Warning: Error in if: the condition has length &gt; 1
{shiny}      R  stderr -----------   14: &lt;Anonymous&gt;
{shiny}      R  stderr -----------   12: &lt;Anonymous&gt;
{shiny}      R  stderr -----------   11: &lt;Anonymous&gt;
{shiny}      R  stderr -----------   10: base::do.call
{shiny}      R  stderr -----------    9: base::saveRDS
{shiny}      R  stderr -----------    8: base::withCallingHandlers
{shiny}      R  stderr -----------    7: doTryCatch
{shiny}      R  stderr -----------    6: tryCatchOne
{shiny}      R  stderr -----------    5: tryCatchList
{shiny}      R  stderr -----------    2: tryCatchList
{shiny}      R  stderr -----------    1: base::tryCatch


Caused by error in `app_initialize_()`:
! Shiny app did not become stable in 1e+05ms.
Message: An error occurred while waiting for Shiny to be stable
Caused by error in `app_wait_for_idle()`:
! An error occurred while waiting for Shiny to be stable
Backtrace:
     ▆
  1. ├─teal.modules.general (local) app_driver_tm_missing_data() at test-shinytest2-tm_misssing_data.R:151:3
  2. │ └─teal.modules.general:::init_teal_app_driver(...) at test-shinytest2-tm_misssing_data.R:16:3
  3. │   ├─testthat::with_mocked_bindings(...) at tests/testthat/helper-TealAppDriver.R:7:3
  4. │   └─TealAppDriver$new(...) at tests/testthat/helper-TealAppDriver.R:10:7
  5. │     └─teal (local) initialize(...)
  6. │       ├─base::suppressWarnings(...)
  7. │       │ └─base::withCallingHandlers(...)
  8. │       └─super$initialize(...)
  9. │         └─shinytest2:::app_initialize(...)
 10. │           ├─base::withCallingHandlers(...)
 11. │           └─shinytest2:::app_initialize_(self, private, ..., view = view)
 12. │             ├─base::withCallingHandlers(...)
 13. │             └─self$wait_for_idle(duration = 200, timeout = private$load_timeout)
 14. │               └─shinytest2:::app_wait_for_idle(...)
 15. │                 └─shinytest2:::app_abort(self, private, "An error occurred while waiting for Shiny to be stable")
 16. │                   └─rlang::abort(..., app = self, call = call)
 17. │                     └─rlang:::signal_abort(cnd, .file)
 18. │                       └─base::signalCondition(cnd)
 19. ├─shinytest2 (local) `&lt;fn&gt;`(`&lt;rlng_rrr&gt;`)
 20. │ └─shinytest2:::app_abort(...)
 21. │   └─rlang::abort(..., app = self, call = call)
 22. │     └─rlang:::signal_abort(cnd, .file)
 23. │       └─base::signalCondition(cnd)
 24. └─shinytest2 (local) `&lt;fn&gt;`(`&lt;rlng_rrr&gt;`)
 25.   └─shinytest2:::app_abort(...)
 26.     └─rlang::abort(..., app = self, call = call)</error>
    </testcase>
  </testsuite>
  <testsuite name="shinytest2-tm_outliers" timestamp="2024-06-12T11:45:03Z" hostname="1b92bc783e96" tests="61" skipped="0" failures="0" errors="0" time="131.819">
    <testcase time="6.77099999999996" classname="shinytest2_tm_outliers" name="e2e_tm_outliers_Data_parameter_and_module_label_is_passed_properly."/>
    <testcase time="0.00400000000013279" classname="shinytest2_tm_outliers" name="e2e_tm_outliers_Data_parameter_and_module_label_is_passed_properly."/>
    <testcase time="0.00399999999990541" classname="shinytest2_tm_outliers" name="e2e_tm_outliers_Data_parameter_and_module_label_is_passed_properly."/>
    <testcase time="0.000999999999976353" classname="shinytest2_tm_outliers" name="e2e_tm_outliers_Data_parameter_and_module_label_is_passed_properly."/>
    <testcase time="6.78899999999999" classname="shinytest2_tm_outliers" name="e2e_tm_outliers_Data_extract_spec_elements_are_initialized_with_the_default_values_specified_by_outlier_var_and_categorical_var_argument."/>
    <testcase time="0.0540000000000873" classname="shinytest2_tm_outliers" name="e2e_tm_outliers_Data_extract_spec_elements_are_initialized_with_the_default_values_specified_by_outlier_var_and_categorical_var_argument."/>
    <testcase time="2.38599999999997" classname="shinytest2_tm_outliers" name="e2e_tm_outliers_Data_extract_spec_elements_are_initialized_with_the_default_values_specified_by_outlier_var_and_categorical_var_argument."/>
    <testcase time="0.00999999999999091" classname="shinytest2_tm_outliers" name="e2e_tm_outliers_Data_extract_spec_elements_are_initialized_with_the_default_values_specified_by_outlier_var_and_categorical_var_argument."/>
    <testcase time="0.0510000000001583" classname="shinytest2_tm_outliers" name="e2e_tm_outliers_Data_extract_spec_elements_are_initialized_with_the_default_values_specified_by_outlier_var_and_categorical_var_argument."/>
    <testcase time="1.82399999999984" classname="shinytest2_tm_outliers" name="e2e_tm_outliers_Data_extract_spec_elements_are_initialized_with_the_default_values_specified_by_outlier_var_and_categorical_var_argument."/>
    <testcase time="1.11500000000001" classname="shinytest2_tm_outliers" name="e2e_tm_outliers_Data_extract_spec_elements_are_initialized_with_the_default_values_specified_by_outlier_var_and_categorical_var_argument."/>
    <testcase time="6.90499999999997" classname="shinytest2_tm_outliers" name="e2e_tm_outliers_Plot_type_is_correctly_set_by_default_and_has_appropriate_possible_options."/>
    <testcase time="0.053000000000111" classname="shinytest2_tm_outliers" name="e2e_tm_outliers_Plot_type_is_correctly_set_by_default_and_has_appropriate_possible_options."/>
    <testcase time="0.00599999999985812" classname="shinytest2_tm_outliers" name="e2e_tm_outliers_Plot_type_is_correctly_set_by_default_and_has_appropriate_possible_options."/>
    <testcase time="2.49700000000007" classname="shinytest2_tm_outliers" name="e2e_tm_outliers_Plot_type_is_correctly_set_by_default_and_has_appropriate_possible_options."/>
    <testcase time="6.82400000000007" classname="shinytest2_tm_outliers" name="e2e_tm_outliers_Module_is_divided_into_3_tabs."/>
    <testcase time="0.0529999999998836" classname="shinytest2_tm_outliers" name="e2e_tm_outliers_Module_is_divided_into_3_tabs."/>
    <testcase time="0.0080000000000382" classname="shinytest2_tm_outliers" name="e2e_tm_outliers_Module_is_divided_into_3_tabs."/>
    <testcase time="6.75099999999998" classname="shinytest2_tm_outliers" name="e2e_tm_outliers_Plot_type_is_hidden_when_Boxplot_tab_is_not_selected."/>
    <testcase time="4.21199999999999" classname="shinytest2_tm_outliers" name="e2e_tm_outliers_Plot_type_is_hidden_when_Boxplot_tab_is_not_selected."/>
    <testcase time="5.42600000000016" classname="shinytest2_tm_outliers" name="e2e_tm_outliers_Plot_type_is_hidden_when_Boxplot_tab_is_not_selected."/>
    <testcase time="5.51299999999992" classname="shinytest2_tm_outliers" name="e2e_tm_outliers_Plot_type_is_hidden_when_Boxplot_tab_is_not_selected."/>
    <testcase time="6.59400000000005" classname="shinytest2_tm_outliers" name="e2e_tm_outliers_Default_radio_buttons_are_set_properly."/>
    <testcase time="0.05600000000004" classname="shinytest2_tm_outliers" name="e2e_tm_outliers_Default_radio_buttons_are_set_properly."/>
    <testcase time="0.05600000000004" classname="shinytest2_tm_outliers" name="e2e_tm_outliers_Default_radio_buttons_are_set_properly."/>
    <testcase time="4.7489999999998" classname="shinytest2_tm_outliers" name="e2e_tm_outliers_Default_radio_buttons_are_set_properly."/>
    <testcase time="6.87400000000002" classname="shinytest2_tm_outliers" name="e2e_tm_outliers_Method_parameters_are_set_properly."/>
    <testcase time="0.0550000000000637" classname="shinytest2_tm_outliers" name="e2e_tm_outliers_Method_parameters_are_set_properly."/>
    <testcase time="0.00500000000010914" classname="shinytest2_tm_outliers" name="e2e_tm_outliers_Method_parameters_are_set_properly."/>
    <testcase time="0.000999999999976353" classname="shinytest2_tm_outliers" name="e2e_tm_outliers_Method_parameters_are_set_properly."/>
    <testcase time="6.90899999999988" classname="shinytest2_tm_outliers" name="e2e_tm_outliers_Outlier_definition_text_and_range_are_displayed_properly_depending_on_method."/>
    <testcase time="4" classname="shinytest2_tm_outliers" name="e2e_tm_outliers_Outlier_definition_text_and_range_are_displayed_properly_depending_on_method."/>
    <testcase time="2.10799999999995" classname="shinytest2_tm_outliers" name="e2e_tm_outliers_Outlier_definition_text_and_range_are_displayed_properly_depending_on_method."/>
    <testcase time="2.11700000000019" classname="shinytest2_tm_outliers" name="e2e_tm_outliers_Outlier_definition_text_and_range_are_displayed_properly_depending_on_method."/>
    <testcase time="0.0559999999998126" classname="shinytest2_tm_outliers" name="e2e_tm_outliers_Outlier_definition_text_and_range_are_displayed_properly_depending_on_method."/>
    <testcase time="0.0080000000000382" classname="shinytest2_tm_outliers" name="e2e_tm_outliers_Outlier_definition_text_and_range_are_displayed_properly_depending_on_method."/>
    <testcase time="0.0520000000001346" classname="shinytest2_tm_outliers" name="e2e_tm_outliers_Outlier_definition_text_and_range_are_displayed_properly_depending_on_method."/>
    <testcase time="2.14699999999993" classname="shinytest2_tm_outliers" name="e2e_tm_outliers_Outlier_definition_text_and_range_are_displayed_properly_depending_on_method."/>
    <testcase time="2.11599999999999" classname="shinytest2_tm_outliers" name="e2e_tm_outliers_Outlier_definition_text_and_range_are_displayed_properly_depending_on_method."/>
    <testcase time="2.1110000000001" classname="shinytest2_tm_outliers" name="e2e_tm_outliers_Outlier_definition_text_and_range_are_displayed_properly_depending_on_method."/>
    <testcase time="0.00599999999985812" classname="shinytest2_tm_outliers" name="e2e_tm_outliers_Outlier_definition_text_and_range_are_displayed_properly_depending_on_method."/>
    <testcase time="0.00900000000001455" classname="shinytest2_tm_outliers" name="e2e_tm_outliers_Outlier_definition_text_and_range_are_displayed_properly_depending_on_method."/>
    <testcase time="2.25199999999995" classname="shinytest2_tm_outliers" name="e2e_tm_outliers_Outlier_definition_text_and_range_are_displayed_properly_depending_on_method."/>
    <testcase time="2.22300000000018" classname="shinytest2_tm_outliers" name="e2e_tm_outliers_Outlier_definition_text_and_range_are_displayed_properly_depending_on_method."/>
    <testcase time="2.10699999999997" classname="shinytest2_tm_outliers" name="e2e_tm_outliers_Outlier_definition_text_and_range_are_displayed_properly_depending_on_method."/>
    <testcase time="0.00699999999983447" classname="shinytest2_tm_outliers" name="e2e_tm_outliers_Outlier_definition_text_and_range_are_displayed_properly_depending_on_method."/>
    <testcase time="0.00900000000001455" classname="shinytest2_tm_outliers" name="e2e_tm_outliers_Outlier_definition_text_and_range_are_displayed_properly_depending_on_method."/>
    <testcase time="2.02000000000021" classname="shinytest2_tm_outliers" name="e2e_tm_outliers_Outlier_definition_text_and_range_are_displayed_properly_depending_on_method."/>
    <testcase time="6.95399999999995" classname="shinytest2_tm_outliers" name="e2e_tm_outliers_Outliers_summary_table_is_displayed_with_proper_content."/>
    <testcase time="0.00499999999988177" classname="shinytest2_tm_outliers" name="e2e_tm_outliers_Outliers_summary_table_is_displayed_with_proper_content."/>
    <testcase time="0.00400000000013279" classname="shinytest2_tm_outliers" name="e2e_tm_outliers_Outliers_summary_table_is_displayed_with_proper_content."/>
    <testcase time="0.0549999999998363" classname="shinytest2_tm_outliers" name="e2e_tm_outliers_Outliers_summary_table_is_displayed_with_proper_content."/>
    <testcase time="4.85800000000017" classname="shinytest2_tm_outliers" name="e2e_tm_outliers_Outliers_summary_table_is_displayed_with_proper_content."/>
    <testcase time="0.00399999999990541" classname="shinytest2_tm_outliers" name="e2e_tm_outliers_Outliers_summary_table_is_displayed_with_proper_content."/>
    <testcase time="2.28500000000008" classname="shinytest2_tm_outliers" name="e2e_tm_outliers_Outliers_summary_table_is_displayed_with_proper_content."/>
    <testcase time="0.00399999999990541" classname="shinytest2_tm_outliers" name="e2e_tm_outliers_Outliers_summary_table_is_displayed_with_proper_content."/>
    <testcase time="6.85500000000002" classname="shinytest2_tm_outliers" name="e2e_tm_outliers_Outlier_table_is_displayed_with_proper_content."/>
    <testcase time="4.88799999999992" classname="shinytest2_tm_outliers" name="e2e_tm_outliers_Outlier_table_is_displayed_with_proper_content."/>
    <testcase time="0.000999999999976353" classname="shinytest2_tm_outliers" name="e2e_tm_outliers_Outlier_table_is_displayed_with_proper_content."/>
    <testcase time="0.00100000000020373" classname="shinytest2_tm_outliers" name="e2e_tm_outliers_Outlier_table_is_displayed_with_proper_content."/>
    <testcase time="0.000999999999976353" classname="shinytest2_tm_outliers" name="e2e_tm_outliers_Outlier_table_is_displayed_with_proper_content."/>
  </testsuite>
  <testsuite name="shinytest2-tm_t_crosstable" timestamp="2024-06-12T11:47:15Z" hostname="1b92bc783e96" tests="9" skipped="0" failures="0" errors="0" time="35.196">
    <testcase time="5.97699999999986" classname="shinytest2_tm_t_crosstable" name="e2e_tm_t_crosstable_Initializes_without_errors"/>
    <testcase time="0.00500000000010914" classname="shinytest2_tm_t_crosstable" name="e2e_tm_t_crosstable_Initializes_without_errors"/>
    <testcase time="0.00900000000001455" classname="shinytest2_tm_t_crosstable" name="e2e_tm_t_crosstable_Initializes_without_errors"/>
    <testcase time="8.05299999999988" classname="shinytest2_tm_t_crosstable" name="e2e_tm_t_crosstable_Verify_module_displays_data_table"/>
    <testcase time="5.95100000000002" classname="shinytest2_tm_t_crosstable" name="e2e_tm_t_crosstable_Verify_default_values_and_settings_data_extracts_for_data_selection"/>
    <testcase time="0.0499999999999545" classname="shinytest2_tm_t_crosstable" name="e2e_tm_t_crosstable_Verify_default_values_and_settings_data_extracts_for_data_selection"/>
    <testcase time="2.01800000000003" classname="shinytest2_tm_t_crosstable" name="e2e_tm_t_crosstable_Verify_default_values_and_settings_data_extracts_for_data_selection"/>
    <testcase time="10.567" classname="shinytest2_tm_t_crosstable" name="e2e_tm_t_crosstable_Change_plot_settings"/>
    <testcase time="2.56600000000003" classname="shinytest2_tm_t_crosstable" name="e2e_tm_t_crosstable_Change_plot_settings"/>
  </testsuite>
  <testsuite name="shinytest2-tm_variable_browser" timestamp="2024-06-12T11:47:50Z" hostname="1b92bc783e96" tests="24" skipped="0" failures="0" errors="0" time="77.513">
    <testcase time="6.45700000000011" classname="shinytest2_tm_variable_browser" name="e2e_tm_variable_browser_content_is_displayed_correctly."/>
    <testcase time="0.00499999999988177" classname="shinytest2_tm_variable_browser" name="e2e_tm_variable_browser_content_is_displayed_correctly."/>
    <testcase time="3.97299999999996" classname="shinytest2_tm_variable_browser" name="e2e_tm_variable_browser_content_is_displayed_correctly."/>
    <testcase time="0.00400000000013279" classname="shinytest2_tm_variable_browser" name="e2e_tm_variable_browser_content_is_displayed_correctly."/>
    <testcase time="0.00399999999990541" classname="shinytest2_tm_variable_browser" name="e2e_tm_variable_browser_content_is_displayed_correctly."/>
    <testcase time="11.134" classname="shinytest2_tm_variable_browser" name="e2e_tm_variable_browser_Selecting_treat_variable_as_factor_changes_the_table_headers."/>
    <testcase time="8.80300000000011" classname="shinytest2_tm_variable_browser" name="e2e_tm_variable_browser_selection_of_categorical_variable_has_a_table_with_level_header."/>
    <testcase time="10.568" classname="shinytest2_tm_variable_browser" name="e2e_tm_variable_browser_changing_display_density_encoding_doesn_t_show_errors."/>
    <testcase time="2.76900000000001" classname="shinytest2_tm_variable_browser" name="e2e_tm_variable_browser_changing_display_density_encoding_doesn_t_show_errors."/>
    <testcase time="6.62799999999993" classname="shinytest2_tm_variable_browser" name="e2e_tm_variable_browser_changing_outlier_definition_encoding_doesn_t_show_errors."/>
    <testcase time="4.06299999999987" classname="shinytest2_tm_variable_browser" name="e2e_tm_variable_browser_changing_outlier_definition_encoding_doesn_t_show_errors."/>
    <testcase time="0.00400000000013279" classname="shinytest2_tm_variable_browser" name="e2e_tm_variable_browser_changing_outlier_definition_encoding_doesn_t_show_errors."/>
    <testcase time="1.35500000000002" classname="shinytest2_tm_variable_browser" name="e2e_tm_variable_browser_changing_outlier_definition_encoding_doesn_t_show_errors."/>
    <testcase time="2.97800000000007" classname="shinytest2_tm_variable_browser" name="e2e_tm_variable_browser_changing_outlier_definition_encoding_doesn_t_show_errors."/>
    <testcase time="10.6019999999999" classname="shinytest2_tm_variable_browser" name="e2e_tm_variable_browser_changing_plot_setting_encodings_doesn_t_show_errors."/>
    <testcase time="0.91599999999994" classname="shinytest2_tm_variable_browser" name="e2e_tm_variable_browser_changing_plot_setting_encodings_doesn_t_show_errors."/>
    <testcase time="0.941000000000031" classname="shinytest2_tm_variable_browser" name="e2e_tm_variable_browser_changing_plot_setting_encodings_doesn_t_show_errors."/>
    <testcase time="0.923999999999978" classname="shinytest2_tm_variable_browser" name="e2e_tm_variable_browser_changing_plot_setting_encodings_doesn_t_show_errors."/>
    <testcase time="0.899000000000115" classname="shinytest2_tm_variable_browser" name="e2e_tm_variable_browser_changing_plot_setting_encodings_doesn_t_show_errors."/>
    <testcase time="0.894000000000005" classname="shinytest2_tm_variable_browser" name="e2e_tm_variable_browser_changing_plot_setting_encodings_doesn_t_show_errors."/>
    <testcase time="0.88799999999992" classname="shinytest2_tm_variable_browser" name="e2e_tm_variable_browser_changing_plot_setting_encodings_doesn_t_show_errors."/>
    <testcase time="0.893000000000029" classname="shinytest2_tm_variable_browser" name="e2e_tm_variable_browser_changing_plot_setting_encodings_doesn_t_show_errors."/>
    <testcase time="0.892000000000053" classname="shinytest2_tm_variable_browser" name="e2e_tm_variable_browser_changing_plot_setting_encodings_doesn_t_show_errors."/>
    <testcase time="0.918999999999869" classname="shinytest2_tm_variable_browser" name="e2e_tm_variable_browser_changing_plot_setting_encodings_doesn_t_show_errors."/>
  </testsuite>
  <testsuite name="tm_g_bivariate" timestamp="2024-06-12T11:49:07Z" hostname="1b92bc783e96" tests="18" skipped="0" failures="0" errors="0" time="0.183">
    <testcase time="0.0690000000001874" classname="tm_g_bivariate" name="tm_g_bivariate_creates_a_teal_module_object"/>
    <testcase time="0.00399999999990541" classname="tm_g_bivariate" name="tm_g_bivariate_creates_a_teal_module_object_with_default_options"/>
    <testcase time="0.00500000000010914" classname="tm_g_bivariate" name="tm_g_bivariate_creates_a_teal_module_object_with_multiple_data_extract_specs"/>
    <testcase time="0.00499999999988177" classname="tm_g_bivariate" name="tm_g_bivariate_creates_a_module_with_datanames_taken_from_data_extracts"/>
    <testcase time="0.00700000000006185" classname="tm_g_bivariate" name="tm_g_bivariate_fails_when_x_contains_a_spec_with_multiple_selection"/>
    <testcase time="0.0080000000000382" classname="tm_g_bivariate" name="tm_g_bivariate_fails_when_x_contains_multiple_spec_with_at_least_one_multiple_selection"/>
    <testcase time="0.00699999999983447" classname="tm_g_bivariate" name="tm_g_bivariate_fails_when_x_contains_multiple_spec_with_at_least_one_multiple_selection"/>
    <testcase time="0.0080000000000382" classname="tm_g_bivariate" name="tm_g_bivariate_fails_when_y_contains_multiple_spec_with_at_least_one_multiple_selection"/>
    <testcase time="0.00700000000006185" classname="tm_g_bivariate" name="tm_g_bivariate_fails_when_plot_height_is_not_valid"/>
    <testcase time="0.0080000000000382" classname="tm_g_bivariate" name="tm_g_bivariate_fails_when_plot_height_is_not_valid"/>
    <testcase time="0.00699999999983447" classname="tm_g_bivariate" name="tm_g_bivariate_fails_when_plot_height_is_not_valid"/>
    <testcase time="0.00700000000006185" classname="tm_g_bivariate" name="tm_g_bivariate_fails_when_plot_width_is_not_valid"/>
    <testcase time="0.00700000000006185" classname="tm_g_bivariate" name="tm_g_bivariate_fails_when_plot_width_is_not_valid"/>
    <testcase time="0.00700000000006185" classname="tm_g_bivariate" name="tm_g_bivariate_fails_when_plot_width_is_not_valid"/>
    <testcase time="0.00699999999983447" classname="tm_g_bivariate" name="tm_g_bivariate_fails_when_color_setting_is_FALSE_and_color_is_supplied"/>
    <testcase time="0.00700000000006185" classname="tm_g_bivariate" name="tm_g_bivariate_fails_when_color_setting_is_FALSE_and_size_is_supplied"/>
    <testcase time="0.0080000000000382" classname="tm_g_bivariate" name="tm_g_bivariate_fails_when_color_setting_is_FALSE_and_fill_is_supplied"/>
    <testcase time="0.00499999999988177" classname="tm_g_bivariate" name="tm_g_bivariate_determines_color_size_and_fill_when_color_setting_is_TRUE"/>
  </testsuite>
  <testsuite name="bivariate_ggplot_call" timestamp="2024-06-12T11:49:07Z" hostname="1b92bc783e96" tests="21" skipped="0" failures="0" errors="0" time="0.066">
    <testcase time="0.012000000000171" classname="bivariate_ggplot_call" name="bivariate_ggplot_call_with_numerics"/>
    <testcase time="0.00199999999995271" classname="bivariate_ggplot_call" name="bivariate_ggplot_call_with_numerics"/>
    <testcase time="0.00299999999992906" classname="bivariate_ggplot_call" name="bivariate_ggplot_call_with_numerics"/>
    <testcase time="0.00199999999995271" classname="bivariate_ggplot_call" name="bivariate_ggplot_call_with_numerics"/>
    <testcase time="0.00500000000010914" classname="bivariate_ggplot_call" name="bivariate_ggplot_call_with_factor_char_logical"/>
    <testcase time="0.00199999999995271" classname="bivariate_ggplot_call" name="bivariate_ggplot_call_with_factor_char_logical"/>
    <testcase time="0.00199999999995271" classname="bivariate_ggplot_call" name="bivariate_ggplot_call_with_factor_char_logical"/>
    <testcase time="0.00300000000015643" classname="bivariate_ggplot_call" name="bivariate_ggplot_call_with_factor_char_logical"/>
    <testcase time="0.00199999999995271" classname="bivariate_ggplot_call" name="bivariate_ggplot_call_with_factor_char_logical"/>
    <testcase time="0.00199999999995271" classname="bivariate_ggplot_call" name="bivariate_ggplot_call_with_factor_char_logical"/>
    <testcase time="0.00299999999992906" classname="bivariate_ggplot_call" name="bivariate_ggplot_call_with_factor_char_logical"/>
    <testcase time="0.00400000000013279" classname="bivariate_ggplot_call" name="bivariate_ggplot_call_with_single_data_numeric"/>
    <testcase time="0.00299999999992906" classname="bivariate_ggplot_call" name="bivariate_ggplot_call_with_single_data_numeric"/>
    <testcase time="0.00199999999995271" classname="bivariate_ggplot_call" name="bivariate_ggplot_call_with_single_data_numeric"/>
    <testcase time="0.00200000000018008" classname="bivariate_ggplot_call" name="bivariate_ggplot_call_with_single_data_numeric"/>
    <testcase time="0.00299999999992906" classname="bivariate_ggplot_call" name="bivariate_ggplot_call_with_single_data_numeric"/>
    <testcase time="0.00199999999995271" classname="bivariate_ggplot_call" name="bivariate_ggplot_call_with_single_data_numeric"/>
    <testcase time="0.00500000000010914" classname="bivariate_ggplot_call" name="bivariate_ggplot_call_with_single_data_factor"/>
    <testcase time="0.00199999999995271" classname="bivariate_ggplot_call" name="bivariate_ggplot_call_with_single_data_factor"/>
    <testcase time="0.00199999999995271" classname="bivariate_ggplot_call" name="bivariate_ggplot_call_with_single_data_factor"/>
    <testcase time="0.00299999999992906" classname="bivariate_ggplot_call" name="bivariate_ggplot_call_with_single_data_factor"/>
  </testsuite>
  <testsuite name="front_page" timestamp="2024-06-12T11:49:08Z" hostname="1b92bc783e96" tests="4" skipped="0" failures="0" errors="0" time="0.018">
    <testcase time="0.00600000000008549" classname="front_page" name="convert_metadata_to_dataframe_returns_a_data_frame_with_no_rows_if_no_metadata"/>
    <testcase time="0.00399999999990541" classname="front_page" name="convert_metadata_to_dataframe_returns_a_data_frame_with_metadata_if_more_than_one_dataset"/>
    <testcase time="0.00300000000015643" classname="front_page" name="convert_metadata_to_dataframe_returns_a_data_frame_with_metadata_if_one_dataset"/>
    <testcase time="0.00499999999988177" classname="front_page" name="convert_metadata_to_dataframe_converts_metadata_values_to_characters"/>
  </testsuite>
  <testsuite name="g_expert_cl" timestamp="2024-06-12T11:49:08Z" hostname="1b92bc783e96" tests="15" skipped="0" failures="0" errors="0" time="0.027">
    <testcase time="0.00500000000010914" classname="g_expert_cl" name="coloring_ggplot_call_can_work_with_all_combinations"/>
    <testcase time="0.000999999999976353" classname="g_expert_cl" name="coloring_ggplot_call_can_work_with_all_combinations"/>
    <testcase time="0.00199999999995271" classname="g_expert_cl" name="coloring_ggplot_call_can_work_with_all_combinations"/>
    <testcase time="0.000999999999976353" classname="g_expert_cl" name="coloring_ggplot_call_can_work_with_all_combinations"/>
    <testcase time="0.000999999999976353" classname="g_expert_cl" name="coloring_ggplot_call_can_work_with_all_combinations"/>
    <testcase time="0.000999999999976353" classname="g_expert_cl" name="coloring_ggplot_call_can_work_with_all_combinations"/>
    <testcase time="0.000999999999976353" classname="g_expert_cl" name="coloring_ggplot_call_can_work_with_all_combinations"/>
    <testcase time="0.00400000000013279" classname="g_expert_cl" name="coloring_ggplot_call_can_work_with_all_combinations_without_colour_var"/>
    <testcase time="0.000999999999976353" classname="g_expert_cl" name="coloring_ggplot_call_can_work_with_all_combinations_without_colour_var"/>
    <testcase time="0.000999999999976353" classname="g_expert_cl" name="coloring_ggplot_call_can_work_with_all_combinations_without_colour_var"/>
    <testcase time="0.00199999999995271" classname="g_expert_cl" name="coloring_ggplot_call_can_work_with_all_combinations_without_colour_var"/>
    <testcase time="0.000999999999976353" classname="g_expert_cl" name="coloring_ggplot_call_can_work_with_all_combinations_without_colour_var"/>
    <testcase time="0.00300000000015643" classname="g_expert_cl" name="coloring_ggplot_call_can_work_size_var"/>
    <testcase time="0.00199999999995271" classname="g_expert_cl" name="coloring_ggplot_call_can_work_size_var"/>
    <testcase time="0.000999999999976353" classname="g_expert_cl" name="coloring_ggplot_call_can_work_size_var"/>
  </testsuite>
  <testsuite name="scatterplotmatrix_get_stats" timestamp="2024-06-12T11:49:08Z" hostname="1b92bc783e96" tests="6" skipped="0" failures="0" errors="0" time="0.022">
    <testcase time="0.00700000000006185" classname="scatterplotmatrix_get_stats" name="get_scatterplotmatrix_stats_x_y_numeric"/>
    <testcase time="0.00299999999992906" classname="scatterplotmatrix_get_stats" name="get_scatterplotmatrix_stats_x_y_numeric"/>
    <testcase time="0.00299999999992906" classname="scatterplotmatrix_get_stats" name="get_scatterplotmatrix_stats_x_y_numeric"/>
    <testcase time="0.00400000000013279" classname="scatterplotmatrix_get_stats" name="get_scatterplotmatrix_stats_x_y_character"/>
    <testcase time="0.00299999999992906" classname="scatterplotmatrix_get_stats" name="get_scatterplotmatrix_stats_x_y_character"/>
    <testcase time="0.00199999999995271" classname="scatterplotmatrix_get_stats" name="get_scatterplotmatrix_stats_x_y_character"/>
  </testsuite>
  <testsuite name="variable_browser" timestamp="2024-06-12T11:49:08Z" hostname="1b92bc783e96" tests="3" skipped="0" failures="0" errors="0" time="0.014">
    <testcase time="0.00600000000008549" classname="variable_browser" name="remove_outliers_from_does_not_remove_outliers_when_outlier_definition_is_zero"/>
    <testcase time="0.00399999999990541" classname="variable_browser" name="remove_outliers_from_removes_outliers_when_outlier_definition_is_non_zero"/>
    <testcase time="0.00400000000013279" classname="variable_browser" name="remove_outliers_from_keeps_missing_values_unchanged"/>
  </testsuite>
</testsuites>
