<?xml version="1.0" encoding="UTF-8"?>
<testsuites>
  <testsuite name="shinytest2-tm_a_regression" timestamp="2024-04-19T12:49:10Z" hostname="94a30eca2fcb" tests="31" skipped="0" failures="0" errors="0" time="41.72">
    <testcase time="5.333" classname="shinytest2_tm_a_regression" name="e2e_tm_a_regression_data_parameter_and_module_label_is_passed_properly"/>
    <testcase time="0.0169999999999995" classname="shinytest2_tm_a_regression" name="e2e_tm_a_regression_data_parameter_and_module_label_is_passed_properly"/>
    <testcase time="0.00999999999999979" classname="shinytest2_tm_a_regression" name="e2e_tm_a_regression_data_parameter_and_module_label_is_passed_properly"/>
    <testcase time="4.465" classname="shinytest2_tm_a_regression" name="e2e_tm_a_regression_data_extract_spec_elements_are_initialized_with_the_default_values_specified_by_response_and_regressor_arg"/>
    <testcase time="0.113" classname="shinytest2_tm_a_regression" name="e2e_tm_a_regression_data_extract_spec_elements_are_initialized_with_the_default_values_specified_by_response_and_regressor_arg"/>
    <testcase time="5.668" classname="shinytest2_tm_a_regression" name="e2e_tm_a_regression_plot_type_is_set_properly"/>
    <testcase time="4.485" classname="shinytest2_tm_a_regression" name="e2e_tm_a_regression_plot_type_has_7_specific_choices_changing_choices_does_not_throw_errors"/>
    <testcase time="1.653" classname="shinytest2_tm_a_regression" name="e2e_tm_a_regression_plot_type_has_7_specific_choices_changing_choices_does_not_throw_errors"/>
    <testcase time="0.00199999999999889" classname="shinytest2_tm_a_regression" name="e2e_tm_a_regression_plot_type_has_7_specific_choices_changing_choices_does_not_throw_errors"/>
    <testcase time="0.830000000000002" classname="shinytest2_tm_a_regression" name="e2e_tm_a_regression_plot_type_has_7_specific_choices_changing_choices_does_not_throw_errors"/>
    <testcase time="0.000999999999997669" classname="shinytest2_tm_a_regression" name="e2e_tm_a_regression_plot_type_has_7_specific_choices_changing_choices_does_not_throw_errors"/>
    <testcase time="0.859999999999999" classname="shinytest2_tm_a_regression" name="e2e_tm_a_regression_plot_type_has_7_specific_choices_changing_choices_does_not_throw_errors"/>
    <testcase time="0.00100000000000122" classname="shinytest2_tm_a_regression" name="e2e_tm_a_regression_plot_type_has_7_specific_choices_changing_choices_does_not_throw_errors"/>
    <testcase time="0.817" classname="shinytest2_tm_a_regression" name="e2e_tm_a_regression_plot_type_has_7_specific_choices_changing_choices_does_not_throw_errors"/>
    <testcase time="0.00100000000000122" classname="shinytest2_tm_a_regression" name="e2e_tm_a_regression_plot_type_has_7_specific_choices_changing_choices_does_not_throw_errors"/>
    <testcase time="0.823" classname="shinytest2_tm_a_regression" name="e2e_tm_a_regression_plot_type_has_7_specific_choices_changing_choices_does_not_throw_errors"/>
    <testcase time="0.00199999999999889" classname="shinytest2_tm_a_regression" name="e2e_tm_a_regression_plot_type_has_7_specific_choices_changing_choices_does_not_throw_errors"/>
    <testcase time="0.971" classname="shinytest2_tm_a_regression" name="e2e_tm_a_regression_plot_type_has_7_specific_choices_changing_choices_does_not_throw_errors"/>
    <testcase time="0.00199999999999889" classname="shinytest2_tm_a_regression" name="e2e_tm_a_regression_plot_type_has_7_specific_choices_changing_choices_does_not_throw_errors"/>
    <testcase time="0.838000000000001" classname="shinytest2_tm_a_regression" name="e2e_tm_a_regression_plot_type_has_7_specific_choices_changing_choices_does_not_throw_errors"/>
    <testcase time="4.675" classname="shinytest2_tm_a_regression" name="e2e_tm_a_regression_outlier_definition_and_label_are_visible_by_default"/>
    <testcase time="0.00600000000000023" classname="shinytest2_tm_a_regression" name="e2e_tm_a_regression_outlier_definition_and_label_are_visible_by_default"/>
    <testcase time="0.00600000000000023" classname="shinytest2_tm_a_regression" name="e2e_tm_a_regression_outlier_definition_and_label_are_visible_by_default"/>
    <testcase time="4.542" classname="shinytest2_tm_a_regression" name="e2e_tm_a_regression_outlier_definition_and_label_have_default_values_and_label_text"/>
    <testcase time="0.00499999999999545" classname="shinytest2_tm_a_regression" name="e2e_tm_a_regression_outlier_definition_and_label_have_default_values_and_label_text"/>
    <testcase time="0.00100000000000477" classname="shinytest2_tm_a_regression" name="e2e_tm_a_regression_outlier_definition_and_label_have_default_values_and_label_text"/>
    <testcase time="0.106999999999999" classname="shinytest2_tm_a_regression" name="e2e_tm_a_regression_outlier_definition_and_label_have_default_values_and_label_text"/>
    <testcase time="0.0629999999999953" classname="shinytest2_tm_a_regression" name="e2e_tm_a_regression_outlier_definition_and_label_have_default_values_and_label_text"/>
    <testcase time="5.41200000000001" classname="shinytest2_tm_a_regression" name="e2e_tm_a_regression_unchecking_display_outlier_hides_outlier_label_and_definition"/>
    <testcase time="0.00599999999999312" classname="shinytest2_tm_a_regression" name="e2e_tm_a_regression_unchecking_display_outlier_hides_outlier_label_and_definition"/>
    <testcase time="0.00500000000000256" classname="shinytest2_tm_a_regression" name="e2e_tm_a_regression_unchecking_display_outlier_hides_outlier_label_and_definition"/>
  </testsuite>
  <testsuite name="shinytest2-tm_data_table" timestamp="2024-04-19T12:49:52Z" hostname="94a30eca2fcb" tests="10" skipped="0" failures="0" errors="0" time="16.903">
    <testcase time="3.762" classname="shinytest2_tm_data_table" name="e2e_tm_data_table_Initializes_without_errors"/>
    <testcase time="0.00500000000000256" classname="shinytest2_tm_data_table" name="e2e_tm_data_table_Initializes_without_errors"/>
    <testcase time="3.877" classname="shinytest2_tm_data_table" name="e2e_tm_data_table_Verify_checkbox_displayed_over_data_table"/>
    <testcase time="3.94900000000001" classname="shinytest2_tm_data_table" name="e2e_tm_data_table_Verify_module_displays_data_table"/>
    <testcase time="0.00600000000000023" classname="shinytest2_tm_data_table" name="e2e_tm_data_table_Verify_module_displays_data_table"/>
    <testcase time="0.0309999999999988" classname="shinytest2_tm_data_table" name="e2e_tm_data_table_Verify_module_displays_data_table"/>
    <testcase time="0.692999999999998" classname="shinytest2_tm_data_table" name="e2e_tm_data_table_Verify_module_displays_data_table"/>
    <testcase time="3.895" classname="shinytest2_tm_data_table" name="e2e_tm_data_table_Verify_default_variable_selection_and_set_new_selection"/>
    <testcase time="0.638999999999996" classname="shinytest2_tm_data_table" name="e2e_tm_data_table_Verify_default_variable_selection_and_set_new_selection"/>
    <testcase time="0.0459999999999994" classname="shinytest2_tm_data_table" name="e2e_tm_data_table_Verify_default_variable_selection_and_set_new_selection"/>
  </testsuite>
  <testsuite name="shinytest2-tm_file_viewer" timestamp="2024-04-19T12:50:09Z" hostname="94a30eca2fcb" tests="13" skipped="0" failures="0" errors="0" time="17.473">
    <testcase time="4.103" classname="shinytest2_tm_file_viewer" name="e2e_tm_file_viewer_Initializes_without_errors_and_shows_files_tree_specified_in_input_path_argument"/>
    <testcase time="0.0069999999999979" classname="shinytest2_tm_file_viewer" name="e2e_tm_file_viewer_Initializes_without_errors_and_shows_files_tree_specified_in_input_path_argument"/>
    <testcase time="0.00500000000000256" classname="shinytest2_tm_file_viewer" name="e2e_tm_file_viewer_Initializes_without_errors_and_shows_files_tree_specified_in_input_path_argument"/>
    <testcase time="0.0350000000000037" classname="shinytest2_tm_file_viewer" name="e2e_tm_file_viewer_Initializes_without_errors_and_shows_files_tree_specified_in_input_path_argument"/>
    <testcase time="0.00499999999999545" classname="shinytest2_tm_file_viewer" name="e2e_tm_file_viewer_Initializes_without_errors_and_shows_files_tree_specified_in_input_path_argument"/>
    <testcase time="4.255" classname="shinytest2_tm_file_viewer" name="e2e_tm_file_viewer_Shows_selected_image_file"/>
    <testcase time="0.00600000000000023" classname="shinytest2_tm_file_viewer" name="e2e_tm_file_viewer_Shows_selected_image_file"/>
    <testcase time="4.142" classname="shinytest2_tm_file_viewer" name="e2e_tm_file_viewer_Shows_selected_text_file"/>
    <testcase time="0.007000000000005" classname="shinytest2_tm_file_viewer" name="e2e_tm_file_viewer_Shows_selected_text_file"/>
    <testcase time="0.00300000000000011" classname="shinytest2_tm_file_viewer" name="e2e_tm_file_viewer_Shows_selected_text_file"/>
    <testcase time="0.170000000000002" classname="shinytest2_tm_file_viewer" name="e2e_tm_file_viewer_Shows_selected_text_file"/>
    <testcase time="4.56999999999999" classname="shinytest2_tm_file_viewer" name="e2e_tm_file_viewer_Shows_selected_url"/>
    <testcase time="0.165000000000006" classname="shinytest2_tm_file_viewer" name="e2e_tm_file_viewer_Shows_selected_url"/>
  </testsuite>
  <testsuite name="shinytest2-tm_front_page" timestamp="2024-04-19T12:50:26Z" hostname="94a30eca2fcb" tests="9" skipped="0" failures="0" errors="0" time="12.63">
    <testcase time="3.74299999999999" classname="shinytest2_tm_front_page" name="e2e_tm_front_page_Initializes_without_errors_and_check_html_elements"/>
    <testcase time="0.00400000000000489" classname="shinytest2_tm_front_page" name="e2e_tm_front_page_Initializes_without_errors_and_check_html_elements"/>
    <testcase time="0.00699999999999079" classname="shinytest2_tm_front_page" name="e2e_tm_front_page_Initializes_without_errors_and_check_html_elements"/>
    <testcase time="0.007000000000005" classname="shinytest2_tm_front_page" name="e2e_tm_front_page_Initializes_without_errors_and_check_html_elements"/>
    <testcase time="3.872" classname="shinytest2_tm_front_page" name="e2e_tm_front_page_Verify_the_module_displays_tables"/>
    <testcase time="0.007000000000005" classname="shinytest2_tm_front_page" name="e2e_tm_front_page_Verify_the_module_displays_tables"/>
    <testcase time="0.120999999999995" classname="shinytest2_tm_front_page" name="e2e_tm_front_page_Verify_the_module_displays_tables"/>
    <testcase time="0.007000000000005" classname="shinytest2_tm_front_page" name="e2e_tm_front_page_Verify_the_module_displays_tables"/>
    <testcase time="4.86199999999999" classname="shinytest2_tm_front_page" name="e2e_tm_front_page_Verify_the_module_displays_metadata"/>
  </testsuite>
  <testsuite name="shinytest2-tm_g_association" timestamp="2024-04-19T12:50:39Z" hostname="94a30eca2fcb" tests="13" skipped="0" failures="0" errors="0" time="27.53">
    <testcase time="5.614" classname="shinytest2_tm_g_association" name="e2e_tm_g_association_data_parameter_and_module_label_is_passed_properly"/>
    <testcase time="0.00499999999999545" classname="shinytest2_tm_g_association" name="e2e_tm_g_association_data_parameter_and_module_label_is_passed_properly"/>
    <testcase time="0.00400000000000489" classname="shinytest2_tm_g_association" name="e2e_tm_g_association_data_parameter_and_module_label_is_passed_properly"/>
    <testcase time="5.84099999999999" classname="shinytest2_tm_g_association" name="e2e_tm_g_association_data_extract_spec_elements_are_initialized_with_the_default_values_specified_by_ref_and_vars_arguments"/>
    <testcase time="1.04300000000001" classname="shinytest2_tm_g_association" name="e2e_tm_g_association_data_extract_spec_elements_are_initialized_with_the_default_values_specified_by_ref_and_vars_arguments"/>
    <testcase time="0.0240000000000009" classname="shinytest2_tm_g_association" name="e2e_tm_g_association_data_extract_spec_elements_are_initialized_with_the_default_values_specified_by_ref_and_vars_arguments"/>
    <testcase time="0.902999999999992" classname="shinytest2_tm_g_association" name="e2e_tm_g_association_data_extract_spec_elements_are_initialized_with_the_default_values_specified_by_ref_and_vars_arguments"/>
    <testcase time="5.63500000000001" classname="shinytest2_tm_g_association" name="e2e_tm_g_association_module_plot_is_visible"/>
    <testcase time="5.77500000000001" classname="shinytest2_tm_g_association" name="e2e_tm_g_association_test_if_default_radio_buttons_are_checked"/>
    <testcase time="0.063999999999993" classname="shinytest2_tm_g_association" name="e2e_tm_g_association_test_if_default_radio_buttons_are_checked"/>
    <testcase time="0.0649999999999977" classname="shinytest2_tm_g_association" name="e2e_tm_g_association_test_if_default_radio_buttons_are_checked"/>
    <testcase time="2.55200000000001" classname="shinytest2_tm_g_association" name="e2e_tm_g_association_test_if_default_radio_buttons_are_checked"/>
    <testcase time="0.00499999999999545" classname="shinytest2_tm_g_association" name="e2e_tm_g_association_test_if_default_radio_buttons_are_checked"/>
  </testsuite>
  <testsuite name="shinytest2-tm_g_bivariate" timestamp="2024-04-19T12:51:06Z" hostname="94a30eca2fcb" tests="44" skipped="0" failures="0" errors="0" time="42.966">
    <testcase time="4.935" classname="shinytest2_tm_g_bivariate" name="e2e_tm_g_bivariate_module_is_initialised_with_the_specified_defaults"/>
    <testcase time="0.105999999999995" classname="shinytest2_tm_g_bivariate" name="e2e_tm_g_bivariate_module_is_initialised_with_the_specified_defaults"/>
    <testcase time="0.0640000000000072" classname="shinytest2_tm_g_bivariate" name="e2e_tm_g_bivariate_module_is_initialised_with_the_specified_defaults"/>
    <testcase time="0.0699999999999932" classname="shinytest2_tm_g_bivariate" name="e2e_tm_g_bivariate_module_is_initialised_with_the_specified_defaults"/>
    <testcase time="0.0619999999999976" classname="shinytest2_tm_g_bivariate" name="e2e_tm_g_bivariate_module_is_initialised_with_the_specified_defaults"/>
    <testcase time="0.0460000000000065" classname="shinytest2_tm_g_bivariate" name="e2e_tm_g_bivariate_module_is_initialised_with_the_specified_defaults"/>
    <testcase time="0.0630000000000024" classname="shinytest2_tm_g_bivariate" name="e2e_tm_g_bivariate_module_is_initialised_with_the_specified_defaults"/>
    <testcase time="0.0630000000000024" classname="shinytest2_tm_g_bivariate" name="e2e_tm_g_bivariate_module_is_initialised_with_the_specified_defaults"/>
    <testcase time="0.063999999999993" classname="shinytest2_tm_g_bivariate" name="e2e_tm_g_bivariate_module_is_initialised_with_the_specified_defaults"/>
    <testcase time="0.0640000000000072" classname="shinytest2_tm_g_bivariate" name="e2e_tm_g_bivariate_module_is_initialised_with_the_specified_defaults"/>
    <testcase time="0.0689999999999884" classname="shinytest2_tm_g_bivariate" name="e2e_tm_g_bivariate_module_is_initialised_with_the_specified_defaults"/>
    <testcase time="0.0640000000000072" classname="shinytest2_tm_g_bivariate" name="e2e_tm_g_bivariate_module_is_initialised_with_the_specified_defaults"/>
    <testcase time="0.0720000000000027" classname="shinytest2_tm_g_bivariate" name="e2e_tm_g_bivariate_module_is_initialised_with_the_specified_defaults"/>
    <testcase time="0.063999999999993" classname="shinytest2_tm_g_bivariate" name="e2e_tm_g_bivariate_module_is_initialised_with_the_specified_defaults"/>
    <testcase time="0.0619999999999976" classname="shinytest2_tm_g_bivariate" name="e2e_tm_g_bivariate_module_is_initialised_with_the_specified_defaults"/>
    <testcase time="0.0640000000000072" classname="shinytest2_tm_g_bivariate" name="e2e_tm_g_bivariate_module_is_initialised_with_the_specified_defaults"/>
    <testcase time="0.0679999999999978" classname="shinytest2_tm_g_bivariate" name="e2e_tm_g_bivariate_module_is_initialised_with_the_specified_defaults"/>
    <testcase time="0.0660000000000025" classname="shinytest2_tm_g_bivariate" name="e2e_tm_g_bivariate_module_is_initialised_with_the_specified_defaults"/>
    <testcase time="4.94099999999999" classname="shinytest2_tm_g_bivariate" name="e2e_tm_g_bivariate_coloring_options_are_hidden_when_coloring_is_toggled_off"/>
    <testcase time="0.00600000000000023" classname="shinytest2_tm_g_bivariate" name="e2e_tm_g_bivariate_coloring_options_are_hidden_when_coloring_is_toggled_off"/>
    <testcase time="0.00499999999999545" classname="shinytest2_tm_g_bivariate" name="e2e_tm_g_bivariate_coloring_options_are_hidden_when_coloring_is_toggled_off"/>
    <testcase time="1.154" classname="shinytest2_tm_g_bivariate" name="e2e_tm_g_bivariate_coloring_options_are_hidden_when_coloring_is_toggled_off"/>
    <testcase time="0.00600000000000023" classname="shinytest2_tm_g_bivariate" name="e2e_tm_g_bivariate_coloring_options_are_hidden_when_coloring_is_toggled_off"/>
    <testcase time="0.00500000000002387" classname="shinytest2_tm_g_bivariate" name="e2e_tm_g_bivariate_coloring_options_are_hidden_when_coloring_is_toggled_off"/>
    <testcase time="5.05599999999998" classname="shinytest2_tm_g_bivariate" name="e2e_tm_g_bivariate_facetting_options_are_hidden_when_facet_is_toggled_off"/>
    <testcase time="0.00499999999999545" classname="shinytest2_tm_g_bivariate" name="e2e_tm_g_bivariate_facetting_options_are_hidden_when_facet_is_toggled_off"/>
    <testcase time="0.00800000000000978" classname="shinytest2_tm_g_bivariate" name="e2e_tm_g_bivariate_facetting_options_are_hidden_when_facet_is_toggled_off"/>
    <testcase time="0.00600000000000023" classname="shinytest2_tm_g_bivariate" name="e2e_tm_g_bivariate_facetting_options_are_hidden_when_facet_is_toggled_off"/>
    <testcase time="1.06999999999999" classname="shinytest2_tm_g_bivariate" name="e2e_tm_g_bivariate_facetting_options_are_hidden_when_facet_is_toggled_off"/>
    <testcase time="0.00600000000000023" classname="shinytest2_tm_g_bivariate" name="e2e_tm_g_bivariate_facetting_options_are_hidden_when_facet_is_toggled_off"/>
    <testcase time="0.00499999999999545" classname="shinytest2_tm_g_bivariate" name="e2e_tm_g_bivariate_facetting_options_are_hidden_when_facet_is_toggled_off"/>
    <testcase time="0.00600000000000023" classname="shinytest2_tm_g_bivariate" name="e2e_tm_g_bivariate_facetting_options_are_hidden_when_facet_is_toggled_off"/>
    <testcase time="6.119" classname="shinytest2_tm_g_bivariate" name="e2e_tm_g_bivariate_setting_encoding_inputs_produces_outputs_without_validation_errors"/>
    <testcase time="0.522999999999996" classname="shinytest2_tm_g_bivariate" name="e2e_tm_g_bivariate_setting_encoding_inputs_produces_outputs_without_validation_errors"/>
    <testcase time="1.05500000000001" classname="shinytest2_tm_g_bivariate" name="e2e_tm_g_bivariate_setting_encoding_inputs_produces_outputs_without_validation_errors"/>
    <testcase time="1.88400000000001" classname="shinytest2_tm_g_bivariate" name="e2e_tm_g_bivariate_setting_encoding_inputs_produces_outputs_without_validation_errors"/>
    <testcase time="1.22399999999999" classname="shinytest2_tm_g_bivariate" name="e2e_tm_g_bivariate_setting_encoding_inputs_produces_outputs_without_validation_errors"/>
    <testcase time="2.00800000000001" classname="shinytest2_tm_g_bivariate" name="e2e_tm_g_bivariate_setting_encoding_inputs_produces_outputs_without_validation_errors"/>
    <testcase time="1.99799999999999" classname="shinytest2_tm_g_bivariate" name="e2e_tm_g_bivariate_setting_encoding_inputs_produces_outputs_without_validation_errors"/>
    <testcase time="1.86099999999999" classname="shinytest2_tm_g_bivariate" name="e2e_tm_g_bivariate_setting_encoding_inputs_produces_outputs_without_validation_errors"/>
    <testcase time="1.815" classname="shinytest2_tm_g_bivariate" name="e2e_tm_g_bivariate_setting_encoding_inputs_produces_outputs_without_validation_errors"/>
    <testcase time="2.04300000000001" classname="shinytest2_tm_g_bivariate" name="e2e_tm_g_bivariate_setting_encoding_inputs_produces_outputs_without_validation_errors"/>
    <testcase time="2.05100000000002" classname="shinytest2_tm_g_bivariate" name="e2e_tm_g_bivariate_setting_encoding_inputs_produces_outputs_without_validation_errors"/>
    <testcase time="2.03999999999999" classname="shinytest2_tm_g_bivariate" name="e2e_tm_g_bivariate_setting_encoding_inputs_produces_outputs_without_validation_errors"/>
  </testsuite>
  <testsuite name="shinytest2-tm_g_scatterplot" timestamp="2024-04-19T12:52:14Z" hostname="94a30eca2fcb" tests="35" skipped="0" failures="0" errors="0" time="98.342">
    <testcase time="30.897" classname="shinytest2_tm_g_scatterplot" name="e2e_tm_g_scatterplot_module_is_initialised_with_the_specified_defaults"/>
    <testcase time="0.0760000000000218" classname="shinytest2_tm_g_scatterplot" name="e2e_tm_g_scatterplot_module_is_initialised_with_the_specified_defaults"/>
    <testcase time="0.063999999999993" classname="shinytest2_tm_g_scatterplot" name="e2e_tm_g_scatterplot_module_is_initialised_with_the_specified_defaults"/>
    <testcase time="0.0729999999999791" classname="shinytest2_tm_g_scatterplot" name="e2e_tm_g_scatterplot_module_is_initialised_with_the_specified_defaults"/>
    <testcase time="0.0640000000000214" classname="shinytest2_tm_g_scatterplot" name="e2e_tm_g_scatterplot_module_is_initialised_with_the_specified_defaults"/>
    <testcase time="0.063999999999993" classname="shinytest2_tm_g_scatterplot" name="e2e_tm_g_scatterplot_module_is_initialised_with_the_specified_defaults"/>
    <testcase time="0.0629999999999882" classname="shinytest2_tm_g_scatterplot" name="e2e_tm_g_scatterplot_module_is_initialised_with_the_specified_defaults"/>
    <testcase time="0.0649999999999977" classname="shinytest2_tm_g_scatterplot" name="e2e_tm_g_scatterplot_module_is_initialised_with_the_specified_defaults"/>
    <testcase time="0.0680000000000121" classname="shinytest2_tm_g_scatterplot" name="e2e_tm_g_scatterplot_module_is_initialised_with_the_specified_defaults"/>
    <testcase time="0.0670000000000073" classname="shinytest2_tm_g_scatterplot" name="e2e_tm_g_scatterplot_module_is_initialised_with_the_specified_defaults"/>
    <testcase time="0.0679999999999836" classname="shinytest2_tm_g_scatterplot" name="e2e_tm_g_scatterplot_module_is_initialised_with_the_specified_defaults"/>
    <testcase time="0.0640000000000214" classname="shinytest2_tm_g_scatterplot" name="e2e_tm_g_scatterplot_module_is_initialised_with_the_specified_defaults"/>
    <testcase time="0.063999999999993" classname="shinytest2_tm_g_scatterplot" name="e2e_tm_g_scatterplot_module_is_initialised_with_the_specified_defaults"/>
    <testcase time="0.0649999999999977" classname="shinytest2_tm_g_scatterplot" name="e2e_tm_g_scatterplot_module_is_initialised_with_the_specified_defaults"/>
    <testcase time="0.0629999999999882" classname="shinytest2_tm_g_scatterplot" name="e2e_tm_g_scatterplot_module_is_initialised_with_the_specified_defaults"/>
    <testcase time="0.0910000000000082" classname="shinytest2_tm_g_scatterplot" name="e2e_tm_g_scatterplot_module_is_initialised_with_the_specified_defaults"/>
    <testcase time="5.99600000000001" classname="shinytest2_tm_g_scatterplot" name="e2e_tm_g_scatterplot_base_for_the_log_transformation_can_be_applied"/>
    <testcase time="0.738999999999976" classname="shinytest2_tm_g_scatterplot" name="e2e_tm_g_scatterplot_base_for_the_log_transformation_can_be_applied"/>
    <testcase time="0.769000000000005" classname="shinytest2_tm_g_scatterplot" name="e2e_tm_g_scatterplot_base_for_the_log_transformation_can_be_applied"/>
    <testcase time="0.747000000000014" classname="shinytest2_tm_g_scatterplot" name="e2e_tm_g_scatterplot_base_for_the_log_transformation_can_be_applied"/>
    <testcase time="6.59999999999999" classname="shinytest2_tm_g_scatterplot" name="e2e_tm_g_scatterplot_log_transform_is_only_possible_for_positive_numeric_vars"/>
    <testcase time="0.781000000000006" classname="shinytest2_tm_g_scatterplot" name="e2e_tm_g_scatterplot_log_transform_is_only_possible_for_positive_numeric_vars"/>
    <testcase time="1.393" classname="shinytest2_tm_g_scatterplot" name="e2e_tm_g_scatterplot_log_transform_is_only_possible_for_positive_numeric_vars"/>
    <testcase time="6.99099999999999" classname="shinytest2_tm_g_scatterplot" name="e2e_tm_g_scatterplot_get_validation_error_when_facetting_with_the_same_row_col_variable"/>
    <testcase time="6.33700000000002" classname="shinytest2_tm_g_scatterplot" name="e2e_tm_g_scatterplot_encoding_inputs_produce_output_without_validation_errors"/>
    <testcase time="0.911000000000001" classname="shinytest2_tm_g_scatterplot" name="e2e_tm_g_scatterplot_encoding_inputs_produce_output_without_validation_errors"/>
    <testcase time="1.185" classname="shinytest2_tm_g_scatterplot" name="e2e_tm_g_scatterplot_encoding_inputs_produce_output_without_validation_errors"/>
    <testcase time="1.69499999999999" classname="shinytest2_tm_g_scatterplot" name="e2e_tm_g_scatterplot_encoding_inputs_produce_output_without_validation_errors"/>
    <testcase time="1.583" classname="shinytest2_tm_g_scatterplot" name="e2e_tm_g_scatterplot_encoding_inputs_produce_output_without_validation_errors"/>
    <testcase time="1.59700000000001" classname="shinytest2_tm_g_scatterplot" name="e2e_tm_g_scatterplot_encoding_inputs_produce_output_without_validation_errors"/>
    <testcase time="1.74599999999998" classname="shinytest2_tm_g_scatterplot" name="e2e_tm_g_scatterplot_encoding_inputs_produce_output_without_validation_errors"/>
    <testcase time="20.532" classname="shinytest2_tm_g_scatterplot" name="e2e_tm_g_scatterplot_encoding_inputs_produce_output_without_validation_errors"/>
    <testcase time="1.53199999999998" classname="shinytest2_tm_g_scatterplot" name="e2e_tm_g_scatterplot_encoding_inputs_produce_output_without_validation_errors"/>
    <testcase time="3.12400000000002" classname="shinytest2_tm_g_scatterplot" name="e2e_tm_g_scatterplot_encoding_inputs_produce_output_without_validation_errors"/>
    <testcase time="2.16800000000001" classname="shinytest2_tm_g_scatterplot" name="e2e_tm_g_scatterplot_encoding_inputs_produce_output_without_validation_errors"/>
  </testsuite>
  <testsuite name="shinytest2-tm_g_scatterplotmatrix" timestamp="2024-04-19T12:53:27Z" hostname="94a30eca2fcb" tests="9" skipped="0" failures="0" errors="0" time="22.628">
    <testcase time="4.82099999999997" classname="shinytest2_tm_g_scatterplotmatrix" name="e2e_tm_g_scatterplotmatrix_Initializes_without_errors"/>
    <testcase time="0.0040000000000191" classname="shinytest2_tm_g_scatterplotmatrix" name="e2e_tm_g_scatterplotmatrix_Initializes_without_errors"/>
    <testcase time="0.0040000000000191" classname="shinytest2_tm_g_scatterplotmatrix" name="e2e_tm_g_scatterplotmatrix_Initializes_without_errors"/>
    <testcase time="4.77999999999997" classname="shinytest2_tm_g_scatterplotmatrix" name="e2e_tm_g_scatterplotmatrix_Verify_module_displays_data_table"/>
    <testcase time="4.91300000000001" classname="shinytest2_tm_g_scatterplotmatrix" name="e2e_tm_g_scatterplotmatrix_Verify_default_values_and_settings_data_extracts_for_data_selection"/>
    <testcase time="0.00200000000000955" classname="shinytest2_tm_g_scatterplotmatrix" name="e2e_tm_g_scatterplotmatrix_Verify_default_values_and_settings_data_extracts_for_data_selection"/>
    <testcase time="1.27699999999999" classname="shinytest2_tm_g_scatterplotmatrix" name="e2e_tm_g_scatterplotmatrix_Verify_default_values_and_settings_data_extracts_for_data_selection"/>
    <testcase time="6.13999999999999" classname="shinytest2_tm_g_scatterplotmatrix" name="e2e_tm_g_scatterplotmatrix_Change_plot_settings"/>
    <testcase time="0.687000000000012" classname="shinytest2_tm_g_scatterplotmatrix" name="e2e_tm_g_scatterplotmatrix_Change_plot_settings"/>
  </testsuite>
  <testsuite name="shinytest2-tm_misssing_data" timestamp="2024-04-19T12:53:50Z" hostname="94a30eca2fcb" tests="27" skipped="0" failures="3" errors="0" time="32.408">
    <testcase time="0.12700000000001" classname="shinytest2_tm_misssing_data" name="e2e_tm_missing_data_Initializes_without_errors"/>
    <testcase time="5.17000000000002" classname="shinytest2_tm_misssing_data" name="e2e_tm_missing_data_Initializes_without_errors"/>
    <testcase time="0.00499999999999545" classname="shinytest2_tm_misssing_data" name="e2e_tm_missing_data_Initializes_without_errors"/>
    <testcase time="0.00399999999996226" classname="shinytest2_tm_misssing_data" name="e2e_tm_missing_data_Initializes_without_errors"/>
    <testcase time="0.126000000000033" classname="shinytest2_tm_misssing_data" name="e2e_tm_missing_data_Default_settings_and_visibility_of_the_summary_graph"/>
    <testcase time="4.85999999999996" classname="shinytest2_tm_misssing_data" name="e2e_tm_missing_data_Default_settings_and_visibility_of_the_summary_graph"/>
    <testcase time="0.0620000000000118" classname="shinytest2_tm_misssing_data" name="e2e_tm_missing_data_Default_settings_and_visibility_of_the_summary_graph"/>
    <testcase time="1.10300000000001" classname="shinytest2_tm_misssing_data" name="e2e_tm_missing_data_Default_settings_and_visibility_of_the_summary_graph"/>
    <testcase time="0.76400000000001" classname="shinytest2_tm_misssing_data" name="e2e_tm_missing_data_Default_settings_and_visibility_of_the_summary_graph"/>
    <testcase time="0.007000000000005" classname="shinytest2_tm_misssing_data" name="e2e_tm_missing_data_Default_settings_and_visibility_of_the_summary_graph"/>
    <testcase time="0.123999999999967" classname="shinytest2_tm_misssing_data" name="e2e_tm_missing_data_Check_default_settings_and_visibility_of_the_combinations_graph_and_encodings"/>
    <testcase time="5.00800000000004" classname="shinytest2_tm_misssing_data" name="e2e_tm_missing_data_Check_default_settings_and_visibility_of_the_combinations_graph_and_encodings"/>
    <testcase time="1.19399999999996" classname="shinytest2_tm_misssing_data" name="e2e_tm_missing_data_Check_default_settings_and_visibility_of_the_combinations_graph_and_encodings"/>
    <testcase time="0.00600000000002865" classname="shinytest2_tm_misssing_data" name="e2e_tm_missing_data_Check_default_settings_and_visibility_of_the_combinations_graph_and_encodings"/>
    <testcase time="0.00599999999997181" classname="shinytest2_tm_misssing_data" name="e2e_tm_missing_data_Check_default_settings_and_visibility_of_the_combinations_graph_and_encodings"/>
    <testcase time="0.113" classname="shinytest2_tm_misssing_data" name="e2e_tm_missing_data_Check_default_settings_and_visibility_of_the_combinations_graph_and_encodings">
      <failure type="failure" message="app_driver$get_active_module_input(&quot;iris-combination_cutoff&quot;) not identical to 2L. ('test-shinytest2-tm_misssing_data.R:111:3')">app_driver$get_active_module_input("iris-combination_cutoff") not identical to 2L.
1/1 mismatches
[1] 1 - 2 == -1</failure>
    </testcase>
    <testcase time="0.995000000000005" classname="shinytest2_tm_misssing_data" name="e2e_tm_missing_data_Check_default_settings_and_visibility_of_the_combinations_graph_and_encodings"/>
    <testcase time="0.123000000000047" classname="shinytest2_tm_misssing_data" name="e2e_tm_missing_data_Validate_functionality_and_UI_response_for_By_Variable_Levels_"/>
    <testcase time="5.53899999999999" classname="shinytest2_tm_misssing_data" name="e2e_tm_missing_data_Validate_functionality_and_UI_response_for_By_Variable_Levels_"/>
    <testcase time="0.06899999999996" classname="shinytest2_tm_misssing_data" name="e2e_tm_missing_data_Validate_functionality_and_UI_response_for_By_Variable_Levels_"/>
    <testcase time="0.0649999999999977" classname="shinytest2_tm_misssing_data" name="e2e_tm_missing_data_Validate_functionality_and_UI_response_for_By_Variable_Levels_"/>
    <testcase time="0.600000000000023" classname="shinytest2_tm_misssing_data" name="e2e_tm_missing_data_Validate_functionality_and_UI_response_for_By_Variable_Levels_"/>
    <testcase time="0.0500000000000114" classname="shinytest2_tm_misssing_data" name="e2e_tm_missing_data_Validate_functionality_and_UI_response_for_By_Variable_Levels_"/>
    <testcase time="0.593000000000018" classname="shinytest2_tm_misssing_data" name="e2e_tm_missing_data_Validate_functionality_and_UI_response_for_By_Variable_Levels_"/>
    <testcase time="0.126999999999953" classname="shinytest2_tm_misssing_data" name="e2e_tm_missing_data_Validate_By_Variable_Levels_table_values"/>
    <testcase time="5.54200000000003" classname="shinytest2_tm_misssing_data" name="e2e_tm_missing_data_Validate_By_Variable_Levels_table_values">
      <failure type="failure" message="`table_content` does not match &quot;1Sepal.Length11535&quot;. ('test-shinytest2-tm_misssing_data.R:156:5')">`table_content` does not match "1Sepal.Length11535".
Actual value: "Show 102550100 entriesSearch:\n  \n     VariableVariable labelSpecies:setosa(N=38)Species:versicolor(N=46)Species:virginica(N=45)Species:NA(N=21)\n  1Sepal.Length33312Sepal.Width49413Petal.Length35734Petal.Width3892\nShowing 1 to 4 of 4 entriesPrevious1Next"
Backtrace:
    ▆
 1. └─teal.modules.general (local) test_match(c("1", "Sepal.Length", "11", "5", "3", "5")) at test-shinytest2-tm_misssing_data.R:163:3
 2.   └─testthat::expect_match(...) at test-shinytest2-tm_misssing_data.R:156:5
 3.     └─testthat:::expect_match_(...)</failure>
    </testcase>
    <testcase time="0.0260000000000105" classname="shinytest2_tm_misssing_data" name="e2e_tm_missing_data_Validate_By_Variable_Levels_table_values">
      <failure type="failure" message="`table_content` does not match &quot;3Petal.Length25104&quot;. ('test-shinytest2-tm_misssing_data.R:156:5')">`table_content` does not match "3Petal.Length25104".
Actual value: "Show 102550100 entriesSearch:\n  \n     VariableVariable labelSpecies:setosa(N=38)Species:versicolor(N=46)Species:virginica(N=45)Species:NA(N=21)\n  1Sepal.Length33312Sepal.Width49413Petal.Length35734Petal.Width3892\nShowing 1 to 4 of 4 entriesPrevious1Next"
Backtrace:
    ▆
 1. └─teal.modules.general (local) test_match(c("3", "Petal.Length", "2", "5", "10", "4")) at test-shinytest2-tm_misssing_data.R:164:3
 2.   └─testthat::expect_match(...) at test-shinytest2-tm_misssing_data.R:156:5
 3.     └─testthat:::expect_match_(...)</failure>
    </testcase>
  </testsuite>
  <testsuite name="shinytest2-tm_outliers" timestamp="2024-04-19T12:54:23Z" hostname="94a30eca2fcb" tests="61" skipped="0" failures="0" errors="0" time="82.522">
    <testcase time="5.822" classname="shinytest2_tm_outliers" name="e2e_tm_outliers_data_parameter_and_module_label_is_passed_properly"/>
    <testcase time="0.00399999999996226" classname="shinytest2_tm_outliers" name="e2e_tm_outliers_data_parameter_and_module_label_is_passed_properly"/>
    <testcase time="0.00499999999999545" classname="shinytest2_tm_outliers" name="e2e_tm_outliers_data_parameter_and_module_label_is_passed_properly"/>
    <testcase time="0.0010000000000332" classname="shinytest2_tm_outliers" name="e2e_tm_outliers_data_parameter_and_module_label_is_passed_properly"/>
    <testcase time="5.839" classname="shinytest2_tm_outliers" name="e2e_tm_outliers_data_extract_spec_elements_are_initialized_with_the_default_values_specified_by_outlier_var_and_categorical_var_argument"/>
    <testcase time="0.0690000000000168" classname="shinytest2_tm_outliers" name="e2e_tm_outliers_data_extract_spec_elements_are_initialized_with_the_default_values_specified_by_outlier_var_and_categorical_var_argument"/>
    <testcase time="1.41299999999995" classname="shinytest2_tm_outliers" name="e2e_tm_outliers_data_extract_spec_elements_are_initialized_with_the_default_values_specified_by_outlier_var_and_categorical_var_argument"/>
    <testcase time="0.0219999999999914" classname="shinytest2_tm_outliers" name="e2e_tm_outliers_data_extract_spec_elements_are_initialized_with_the_default_values_specified_by_outlier_var_and_categorical_var_argument"/>
    <testcase time="0.063000000000045" classname="shinytest2_tm_outliers" name="e2e_tm_outliers_data_extract_spec_elements_are_initialized_with_the_default_values_specified_by_outlier_var_and_categorical_var_argument"/>
    <testcase time="0.926999999999964" classname="shinytest2_tm_outliers" name="e2e_tm_outliers_data_extract_spec_elements_are_initialized_with_the_default_values_specified_by_outlier_var_and_categorical_var_argument"/>
    <testcase time="0.700000000000045" classname="shinytest2_tm_outliers" name="e2e_tm_outliers_data_extract_spec_elements_are_initialized_with_the_default_values_specified_by_outlier_var_and_categorical_var_argument"/>
    <testcase time="5.96799999999996" classname="shinytest2_tm_outliers" name="e2e_tm_outliers_default_plot_type_is_set_properly_and_has_proper_possible_choices"/>
    <testcase time="0.0760000000000218" classname="shinytest2_tm_outliers" name="e2e_tm_outliers_default_plot_type_is_set_properly_and_has_proper_possible_choices"/>
    <testcase time="0.00499999999999545" classname="shinytest2_tm_outliers" name="e2e_tm_outliers_default_plot_type_is_set_properly_and_has_proper_possible_choices"/>
    <testcase time="1.48700000000002" classname="shinytest2_tm_outliers" name="e2e_tm_outliers_default_plot_type_is_set_properly_and_has_proper_possible_choices"/>
    <testcase time="5.81899999999996" classname="shinytest2_tm_outliers" name="e2e_tm_outliers_module_is_divided_into_3_tabs"/>
    <testcase time="0.174000000000035" classname="shinytest2_tm_outliers" name="e2e_tm_outliers_module_is_divided_into_3_tabs"/>
    <testcase time="0.0139999999999532" classname="shinytest2_tm_outliers" name="e2e_tm_outliers_module_is_divided_into_3_tabs"/>
    <testcase time="5.54600000000005" classname="shinytest2_tm_outliers" name="e2e_tm_outliers_plot_type_is_hidden_when_Boxplot_tab_is_not_selected"/>
    <testcase time="0.00499999999999545" classname="shinytest2_tm_outliers" name="e2e_tm_outliers_plot_type_is_hidden_when_Boxplot_tab_is_not_selected"/>
    <testcase time="1.74799999999999" classname="shinytest2_tm_outliers" name="e2e_tm_outliers_plot_type_is_hidden_when_Boxplot_tab_is_not_selected"/>
    <testcase time="2.00700000000001" classname="shinytest2_tm_outliers" name="e2e_tm_outliers_plot_type_is_hidden_when_Boxplot_tab_is_not_selected"/>
    <testcase time="5.50200000000001" classname="shinytest2_tm_outliers" name="e2e_tm_outliers_default_radio_buttons_are_set_properly"/>
    <testcase time="0.0699999999999932" classname="shinytest2_tm_outliers" name="e2e_tm_outliers_default_radio_buttons_are_set_properly"/>
    <testcase time="0.0729999999999791" classname="shinytest2_tm_outliers" name="e2e_tm_outliers_default_radio_buttons_are_set_properly"/>
    <testcase time="2.80099999999999" classname="shinytest2_tm_outliers" name="e2e_tm_outliers_default_radio_buttons_are_set_properly"/>
    <testcase time="5.77700000000004" classname="shinytest2_tm_outliers" name="e2e_tm_outliers_method_parameters_are_set_properly"/>
    <testcase time="0.102999999999952" classname="shinytest2_tm_outliers" name="e2e_tm_outliers_method_parameters_are_set_properly"/>
    <testcase time="0.00499999999999545" classname="shinytest2_tm_outliers" name="e2e_tm_outliers_method_parameters_are_set_properly"/>
    <testcase time="0.00200000000000955" classname="shinytest2_tm_outliers" name="e2e_tm_outliers_method_parameters_are_set_properly"/>
    <testcase time="5.80600000000004" classname="shinytest2_tm_outliers" name="e2e_tm_outliers_outlier_definition_text_and_range_are_displayed_properly_depending_on_method"/>
    <testcase time="0.00599999999997181" classname="shinytest2_tm_outliers" name="e2e_tm_outliers_outlier_definition_text_and_range_are_displayed_properly_depending_on_method"/>
    <testcase time="0.00499999999999545" classname="shinytest2_tm_outliers" name="e2e_tm_outliers_outlier_definition_text_and_range_are_displayed_properly_depending_on_method"/>
    <testcase time="0.00600000000002865" classname="shinytest2_tm_outliers" name="e2e_tm_outliers_outlier_definition_text_and_range_are_displayed_properly_depending_on_method"/>
    <testcase time="0.0720000000000027" classname="shinytest2_tm_outliers" name="e2e_tm_outliers_outlier_definition_text_and_range_are_displayed_properly_depending_on_method"/>
    <testcase time="0.00799999999998136" classname="shinytest2_tm_outliers" name="e2e_tm_outliers_outlier_definition_text_and_range_are_displayed_properly_depending_on_method"/>
    <testcase time="0.0640000000000214" classname="shinytest2_tm_outliers" name="e2e_tm_outliers_outlier_definition_text_and_range_are_displayed_properly_depending_on_method"/>
    <testcase time="1.35499999999996" classname="shinytest2_tm_outliers" name="e2e_tm_outliers_outlier_definition_text_and_range_are_displayed_properly_depending_on_method"/>
    <testcase time="1.23099999999999" classname="shinytest2_tm_outliers" name="e2e_tm_outliers_outlier_definition_text_and_range_are_displayed_properly_depending_on_method"/>
    <testcase time="0.00600000000002865" classname="shinytest2_tm_outliers" name="e2e_tm_outliers_outlier_definition_text_and_range_are_displayed_properly_depending_on_method"/>
    <testcase time="0.00799999999998136" classname="shinytest2_tm_outliers" name="e2e_tm_outliers_outlier_definition_text_and_range_are_displayed_properly_depending_on_method"/>
    <testcase time="0.0240000000000009" classname="shinytest2_tm_outliers" name="e2e_tm_outliers_outlier_definition_text_and_range_are_displayed_properly_depending_on_method"/>
    <testcase time="1.24799999999999" classname="shinytest2_tm_outliers" name="e2e_tm_outliers_outlier_definition_text_and_range_are_displayed_properly_depending_on_method"/>
    <testcase time="1.37900000000002" classname="shinytest2_tm_outliers" name="e2e_tm_outliers_outlier_definition_text_and_range_are_displayed_properly_depending_on_method"/>
    <testcase time="0.00499999999999545" classname="shinytest2_tm_outliers" name="e2e_tm_outliers_outlier_definition_text_and_range_are_displayed_properly_depending_on_method"/>
    <testcase time="0.0080000000000382" classname="shinytest2_tm_outliers" name="e2e_tm_outliers_outlier_definition_text_and_range_are_displayed_properly_depending_on_method"/>
    <testcase time="0.0229999999999677" classname="shinytest2_tm_outliers" name="e2e_tm_outliers_outlier_definition_text_and_range_are_displayed_properly_depending_on_method"/>
    <testcase time="1.24800000000005" classname="shinytest2_tm_outliers" name="e2e_tm_outliers_outlier_definition_text_and_range_are_displayed_properly_depending_on_method"/>
    <testcase time="5.53799999999995" classname="shinytest2_tm_outliers" name="e2e_tm_outliers_outliers_summary_table_is_displayed_with_proper_content"/>
    <testcase time="0.0040000000000191" classname="shinytest2_tm_outliers" name="e2e_tm_outliers_outliers_summary_table_is_displayed_with_proper_content"/>
    <testcase time="0.0040000000000191" classname="shinytest2_tm_outliers" name="e2e_tm_outliers_outliers_summary_table_is_displayed_with_proper_content"/>
    <testcase time="0.0699999999999932" classname="shinytest2_tm_outliers" name="e2e_tm_outliers_outliers_summary_table_is_displayed_with_proper_content"/>
    <testcase time="2.73399999999998" classname="shinytest2_tm_outliers" name="e2e_tm_outliers_outliers_summary_table_is_displayed_with_proper_content"/>
    <testcase time="0.0040000000000191" classname="shinytest2_tm_outliers" name="e2e_tm_outliers_outliers_summary_table_is_displayed_with_proper_content"/>
    <testcase time="1.22699999999998" classname="shinytest2_tm_outliers" name="e2e_tm_outliers_outliers_summary_table_is_displayed_with_proper_content"/>
    <testcase time="0.00499999999999545" classname="shinytest2_tm_outliers" name="e2e_tm_outliers_outliers_summary_table_is_displayed_with_proper_content"/>
    <testcase time="5.70100000000002" classname="shinytest2_tm_outliers" name="e2e_tm_outliers_outlier_table_is_displayed_with_proper_content"/>
    <testcase time="2.68200000000002" classname="shinytest2_tm_outliers" name="e2e_tm_outliers_outlier_table_is_displayed_with_proper_content"/>
    <testcase time="0.00199999999995271" classname="shinytest2_tm_outliers" name="e2e_tm_outliers_outlier_table_is_displayed_with_proper_content"/>
    <testcase time="0.0010000000000332" classname="shinytest2_tm_outliers" name="e2e_tm_outliers_outlier_table_is_displayed_with_proper_content"/>
    <testcase time="0.000999999999976353" classname="shinytest2_tm_outliers" name="e2e_tm_outliers_outlier_table_is_displayed_with_proper_content"/>
  </testsuite>
  <testsuite name="shinytest2-tm_variable_browser" timestamp="2024-04-19T12:55:45Z" hostname="94a30eca2fcb" tests="24" skipped="0" failures="0" errors="0" time="47.812">
    <testcase time="5.49199999999996" classname="shinytest2_tm_variable_browser" name="e2e_tm_variable_browser_content_is_displayed_correctly"/>
    <testcase time="0.0040000000000191" classname="shinytest2_tm_variable_browser" name="e2e_tm_variable_browser_content_is_displayed_correctly"/>
    <testcase time="0.00600000000002865" classname="shinytest2_tm_variable_browser" name="e2e_tm_variable_browser_content_is_displayed_correctly"/>
    <testcase time="0.00399999999996226" classname="shinytest2_tm_variable_browser" name="e2e_tm_variable_browser_content_is_displayed_correctly"/>
    <testcase time="0.0040000000000191" classname="shinytest2_tm_variable_browser" name="e2e_tm_variable_browser_content_is_displayed_correctly"/>
    <testcase time="8.55200000000002" classname="shinytest2_tm_variable_browser" name="e2e_tm_variable_browser_Selecting_treat_variable_as_factor_changes_the_table_headers"/>
    <testcase time="7.03499999999997" classname="shinytest2_tm_variable_browser" name="e2e_tm_variable_browser_selection_of_categorical_variable_has_a_table_with_level_header"/>
    <testcase time="6.12" classname="shinytest2_tm_variable_browser" name="e2e_tm_variable_browser_changing_display_density_encoding_doesn_t_show_errors"/>
    <testcase time="0.728999999999985" classname="shinytest2_tm_variable_browser" name="e2e_tm_variable_browser_changing_display_density_encoding_doesn_t_show_errors"/>
    <testcase time="5.47800000000001" classname="shinytest2_tm_variable_browser" name="e2e_tm_variable_browser_changing_outlier_definition_encoding_doesn_t_show_errors"/>
    <testcase time="0.816000000000031" classname="shinytest2_tm_variable_browser" name="e2e_tm_variable_browser_changing_outlier_definition_encoding_doesn_t_show_errors"/>
    <testcase time="0.00499999999999545" classname="shinytest2_tm_variable_browser" name="e2e_tm_variable_browser_changing_outlier_definition_encoding_doesn_t_show_errors"/>
    <testcase time="0.762" classname="shinytest2_tm_variable_browser" name="e2e_tm_variable_browser_changing_outlier_definition_encoding_doesn_t_show_errors"/>
    <testcase time="0.730999999999995" classname="shinytest2_tm_variable_browser" name="e2e_tm_variable_browser_changing_outlier_definition_encoding_doesn_t_show_errors"/>
    <testcase time="5.60399999999998" classname="shinytest2_tm_variable_browser" name="e2e_tm_variable_browser_changing_plot_setting_encodings_doesn_t_show_errors"/>
    <testcase time="0.738" classname="shinytest2_tm_variable_browser" name="e2e_tm_variable_browser_changing_plot_setting_encodings_doesn_t_show_errors"/>
    <testcase time="0.706000000000017" classname="shinytest2_tm_variable_browser" name="e2e_tm_variable_browser_changing_plot_setting_encodings_doesn_t_show_errors"/>
    <testcase time="0.699999999999989" classname="shinytest2_tm_variable_browser" name="e2e_tm_variable_browser_changing_plot_setting_encodings_doesn_t_show_errors"/>
    <testcase time="0.706000000000017" classname="shinytest2_tm_variable_browser" name="e2e_tm_variable_browser_changing_plot_setting_encodings_doesn_t_show_errors"/>
    <testcase time="0.710999999999956" classname="shinytest2_tm_variable_browser" name="e2e_tm_variable_browser_changing_plot_setting_encodings_doesn_t_show_errors"/>
    <testcase time="0.701000000000022" classname="shinytest2_tm_variable_browser" name="e2e_tm_variable_browser_changing_plot_setting_encodings_doesn_t_show_errors"/>
    <testcase time="0.728000000000009" classname="shinytest2_tm_variable_browser" name="e2e_tm_variable_browser_changing_plot_setting_encodings_doesn_t_show_errors"/>
    <testcase time="0.765999999999963" classname="shinytest2_tm_variable_browser" name="e2e_tm_variable_browser_changing_plot_setting_encodings_doesn_t_show_errors"/>
    <testcase time="0.714000000000055" classname="shinytest2_tm_variable_browser" name="e2e_tm_variable_browser_changing_plot_setting_encodings_doesn_t_show_errors"/>
  </testsuite>
  <testsuite name="tm_g_bivariate" timestamp="2024-04-19T12:56:33Z" hostname="94a30eca2fcb" tests="18" skipped="0" failures="0" errors="0" time="0.187">
    <testcase time="0.0709999999999695" classname="tm_g_bivariate" name="tm_g_bivariate_creates_a_teal_module_object"/>
    <testcase time="0.00499999999999545" classname="tm_g_bivariate" name="tm_g_bivariate_creates_a_teal_module_object_with_default_options"/>
    <testcase time="0.0040000000000191" classname="tm_g_bivariate" name="tm_g_bivariate_creates_a_teal_module_object_with_multiple_data_extract_specs"/>
    <testcase time="0.0109999999999673" classname="tm_g_bivariate" name="tm_g_bivariate_creates_a_module_with_datanames_taken_from_data_extracts"/>
    <testcase time="0.007000000000005" classname="tm_g_bivariate" name="tm_g_bivariate_fails_when_x_contains_a_spec_with_multiple_selection"/>
    <testcase time="0.007000000000005" classname="tm_g_bivariate" name="tm_g_bivariate_fails_when_x_contains_multiple_spec_with_at_least_one_multiple_selection"/>
    <testcase time="0.007000000000005" classname="tm_g_bivariate" name="tm_g_bivariate_fails_when_x_contains_multiple_spec_with_at_least_one_multiple_selection"/>
    <testcase time="0.007000000000005" classname="tm_g_bivariate" name="tm_g_bivariate_fails_when_y_contains_multiple_spec_with_at_least_one_multiple_selection"/>
    <testcase time="0.007000000000005" classname="tm_g_bivariate" name="tm_g_bivariate_fails_when_plot_height_is_not_valid"/>
    <testcase time="0.007000000000005" classname="tm_g_bivariate" name="tm_g_bivariate_fails_when_plot_height_is_not_valid"/>
    <testcase time="0.007000000000005" classname="tm_g_bivariate" name="tm_g_bivariate_fails_when_plot_height_is_not_valid"/>
    <testcase time="0.007000000000005" classname="tm_g_bivariate" name="tm_g_bivariate_fails_when_plot_width_is_not_valid"/>
    <testcase time="0.007000000000005" classname="tm_g_bivariate" name="tm_g_bivariate_fails_when_plot_width_is_not_valid"/>
    <testcase time="0.00699999999994816" classname="tm_g_bivariate" name="tm_g_bivariate_fails_when_plot_width_is_not_valid"/>
    <testcase time="0.007000000000005" classname="tm_g_bivariate" name="tm_g_bivariate_fails_when_color_setting_is_FALSE_and_color_is_supplied"/>
    <testcase time="0.007000000000005" classname="tm_g_bivariate" name="tm_g_bivariate_fails_when_color_setting_is_FALSE_and_size_is_supplied"/>
    <testcase time="0.007000000000005" classname="tm_g_bivariate" name="tm_g_bivariate_fails_when_color_setting_is_FALSE_and_fill_is_supplied"/>
    <testcase time="0.00499999999999545" classname="tm_g_bivariate" name="tm_g_bivariate_determines_color_size_and_fill_when_color_setting_is_TRUE"/>
  </testsuite>
  <testsuite name="bivariate_ggplot_call" timestamp="2024-04-19T12:56:33Z" hostname="94a30eca2fcb" tests="21" skipped="0" failures="0" errors="0" time="0.063">
    <testcase time="0.007000000000005" classname="bivariate_ggplot_call" name="bivariate_ggplot_call_with_numerics"/>
    <testcase time="0.00200000000000955" classname="bivariate_ggplot_call" name="bivariate_ggplot_call_with_numerics"/>
    <testcase time="0.0029999999999859" classname="bivariate_ggplot_call" name="bivariate_ggplot_call_with_numerics"/>
    <testcase time="0.00200000000000955" classname="bivariate_ggplot_call" name="bivariate_ggplot_call_with_numerics"/>
    <testcase time="0.00499999999999545" classname="bivariate_ggplot_call" name="bivariate_ggplot_call_with_factor_char_logical"/>
    <testcase time="0.00200000000000955" classname="bivariate_ggplot_call" name="bivariate_ggplot_call_with_factor_char_logical"/>
    <testcase time="0.00200000000000955" classname="bivariate_ggplot_call" name="bivariate_ggplot_call_with_factor_char_logical"/>
    <testcase time="0.0029999999999859" classname="bivariate_ggplot_call" name="bivariate_ggplot_call_with_factor_char_logical"/>
    <testcase time="0.00200000000000955" classname="bivariate_ggplot_call" name="bivariate_ggplot_call_with_factor_char_logical"/>
    <testcase time="0.0029999999999859" classname="bivariate_ggplot_call" name="bivariate_ggplot_call_with_factor_char_logical"/>
    <testcase time="0.00200000000000955" classname="bivariate_ggplot_call" name="bivariate_ggplot_call_with_factor_char_logical"/>
    <testcase time="0.00499999999999545" classname="bivariate_ggplot_call" name="bivariate_ggplot_call_with_single_data_numeric"/>
    <testcase time="0.00200000000000955" classname="bivariate_ggplot_call" name="bivariate_ggplot_call_with_single_data_numeric"/>
    <testcase time="0.0029999999999859" classname="bivariate_ggplot_call" name="bivariate_ggplot_call_with_single_data_numeric"/>
    <testcase time="0.00200000000000955" classname="bivariate_ggplot_call" name="bivariate_ggplot_call_with_single_data_numeric"/>
    <testcase time="0.0029999999999859" classname="bivariate_ggplot_call" name="bivariate_ggplot_call_with_single_data_numeric"/>
    <testcase time="0.00200000000000955" classname="bivariate_ggplot_call" name="bivariate_ggplot_call_with_single_data_numeric"/>
    <testcase time="0.00499999999999545" classname="bivariate_ggplot_call" name="bivariate_ggplot_call_with_single_data_factor"/>
    <testcase time="0.00200000000000955" classname="bivariate_ggplot_call" name="bivariate_ggplot_call_with_single_data_factor"/>
    <testcase time="0.0029999999999859" classname="bivariate_ggplot_call" name="bivariate_ggplot_call_with_single_data_factor"/>
    <testcase time="0.00300000000004275" classname="bivariate_ggplot_call" name="bivariate_ggplot_call_with_single_data_factor"/>
  </testsuite>
  <testsuite name="front_page" timestamp="2024-04-19T12:56:33Z" hostname="94a30eca2fcb" tests="4" skipped="0" failures="0" errors="0" time="0.018">
    <testcase time="0.00599999999997181" classname="front_page" name="convert_metadata_to_dataframe_returns_a_data_frame_with_no_rows_if_no_metadata"/>
    <testcase time="0.0040000000000191" classname="front_page" name="convert_metadata_to_dataframe_returns_a_data_frame_with_metadata_if_more_than_one_dataset"/>
    <testcase time="0.0029999999999859" classname="front_page" name="convert_metadata_to_dataframe_returns_a_data_frame_with_metadata_if_one_dataset"/>
    <testcase time="0.00499999999999545" classname="front_page" name="convert_metadata_to_dataframe_converts_metadata_values_to_characters"/>
  </testsuite>
  <testsuite name="g_expert_cl" timestamp="2024-04-19T12:56:33Z" hostname="94a30eca2fcb" tests="15" skipped="0" failures="0" errors="0" time="0.026">
    <testcase time="0.00499999999999545" classname="g_expert_cl" name="coloring_ggplot_call_can_work_with_all_combinations"/>
    <testcase time="0.000999999999976353" classname="g_expert_cl" name="coloring_ggplot_call_can_work_with_all_combinations"/>
    <testcase time="0.00200000000000955" classname="g_expert_cl" name="coloring_ggplot_call_can_work_with_all_combinations"/>
    <testcase time="0.0010000000000332" classname="g_expert_cl" name="coloring_ggplot_call_can_work_with_all_combinations"/>
    <testcase time="0.000999999999976353" classname="g_expert_cl" name="coloring_ggplot_call_can_work_with_all_combinations"/>
    <testcase time="0.0010000000000332" classname="g_expert_cl" name="coloring_ggplot_call_can_work_with_all_combinations"/>
    <testcase time="0.000999999999976353" classname="g_expert_cl" name="coloring_ggplot_call_can_work_with_all_combinations"/>
    <testcase time="0.0040000000000191" classname="g_expert_cl" name="coloring_ggplot_call_can_work_with_all_combinations_without_colour_var"/>
    <testcase time="0.000999999999976353" classname="g_expert_cl" name="coloring_ggplot_call_can_work_with_all_combinations_without_colour_var"/>
    <testcase time="0.000999999999976353" classname="g_expert_cl" name="coloring_ggplot_call_can_work_with_all_combinations_without_colour_var"/>
    <testcase time="0.0010000000000332" classname="g_expert_cl" name="coloring_ggplot_call_can_work_with_all_combinations_without_colour_var"/>
    <testcase time="0.00200000000000955" classname="g_expert_cl" name="coloring_ggplot_call_can_work_with_all_combinations_without_colour_var"/>
    <testcase time="0.0029999999999859" classname="g_expert_cl" name="coloring_ggplot_call_can_work_size_var"/>
    <testcase time="0.000999999999976353" classname="g_expert_cl" name="coloring_ggplot_call_can_work_size_var"/>
    <testcase time="0.0010000000000332" classname="g_expert_cl" name="coloring_ggplot_call_can_work_size_var"/>
  </testsuite>
  <testsuite name="scatterplotmatrix_get_stats" timestamp="2024-04-19T12:56:33Z" hostname="94a30eca2fcb" tests="6" skipped="0" failures="0" errors="0" time="0.025">
    <testcase time="0.00900000000001455" classname="scatterplotmatrix_get_stats" name="get_scatterplotmatrix_stats_x_y_numeric"/>
    <testcase time="0.0029999999999859" classname="scatterplotmatrix_get_stats" name="get_scatterplotmatrix_stats_x_y_numeric"/>
    <testcase time="0.0029999999999859" classname="scatterplotmatrix_get_stats" name="get_scatterplotmatrix_stats_x_y_numeric"/>
    <testcase time="0.00499999999999545" classname="scatterplotmatrix_get_stats" name="get_scatterplotmatrix_stats_x_y_character"/>
    <testcase time="0.0029999999999859" classname="scatterplotmatrix_get_stats" name="get_scatterplotmatrix_stats_x_y_character"/>
    <testcase time="0.00200000000000955" classname="scatterplotmatrix_get_stats" name="get_scatterplotmatrix_stats_x_y_character"/>
  </testsuite>
  <testsuite name="variable_browser" timestamp="2024-04-19T12:56:33Z" hostname="94a30eca2fcb" tests="3" skipped="0" failures="0" errors="0" time="0.015">
    <testcase time="0.00600000000002865" classname="variable_browser" name="remove_outliers_from_does_not_remove_outliers_when_outlier_definition_is_zero"/>
    <testcase time="0.00499999999999545" classname="variable_browser" name="remove_outliers_from_removes_outliers_when_outlier_definition_is_non_zero"/>
    <testcase time="0.00399999999996226" classname="variable_browser" name="remove_outliers_from_keeps_missing_values_unchanged"/>
  </testsuite>
</testsuites>
