<?xml version="1.0" encoding="UTF-8"?>
<testsuites>
  <testsuite name="shinytest2-tm_g_association" timestamp="2024-04-12T12:24:53Z" hostname="d498509390cd" tests="14" skipped="0" failures="3" errors="0" time="9.953">
    <testcase time="4.833" classname="shinytest2_tm_g_association" name="e2e_tm_g_association_"/>
    <testcase time="0.119" classname="shinytest2_tm_g_association" name="e2e_tm_g_association_"/>
    <testcase time="0.66" classname="shinytest2_tm_g_association" name="e2e_tm_g_association_">
      <failure type="failure" message="self$get_html(&quot;.shiny-output-error-validation&quot;) is not NULL ('test-shinytest2-tm_g_association.R:12:3')">self$get_html(".shiny-output-error-validation") is not NULL

`actual` is a character vector ('&lt;div id="teal-main_ui-root-association-module-title" class="shiny-text-output shiny-bound-output shiny-output-error shiny-output-error-validation shiny-output-error-try-error" aria-live="polite"&gt;could not find function "aes" \n when evaluating qenv code:\nplots &amp;lt;- list(ggplot2::ggplot(ANL) + aes(x = Type) + geom_bar() + ylab("Frequency") + ggplot2::labs(subtitle = "Plot generated by Association Module", x = "[Type]") + ggplot2::theme_gray(), Treatment = ggplot2::ggplot(ANL) + ggmosaic::geom_mosaic(aes(x = ggmosaic::product(Type), fill = Treatment), na.rm = TRUE) + ggplot2::labs(subtitle = "Plot generated by Association Module", x = "[Type]", y = "[Treatment]") + ggplot2::theme_gray())&lt;/div&gt;', '&lt;div class="shiny-html-output plot_out_container shiny-bound-output shiny-output-error shiny-output-error-validation shiny-output-error-try-error" id="teal-main_ui-root-association-module-myplot-plot_out_main" width="100%" aria-live="polite"&gt;could not find function "aes" \n when evaluating qenv code:\nplots &amp;lt;- list(ggplot2::ggplot(ANL) + aes(x = Type) + geom_bar() + ylab("Frequency") + ggplot2::labs(subtitle = "Plot generated by Association Module", x = "[Type]") + ggplot2::theme_gray(), Treatment = ggplot2::ggplot(ANL) + ggmosaic::geom_mosaic(aes(x = ggmosaic::product(Type), fill = Treatment), na.rm = TRUE) + ggplot2::labs(subtitle = "Plot generated by Association Module", x = "[Type]", y = "[Treatment]") + ggplot2::theme_gray())&lt;/div&gt;')
`expected` is NULL
No validation error is observed
Backtrace:
    ▆
 1. └─app$expect_no_validation_error() at test-shinytest2-tm_g_association.R:12:3
 2.   └─testthat::expect_null(...)</failure>
    </testcase>
    <testcase time="0.0510000000000002" classname="shinytest2_tm_g_association" name="e2e_tm_g_association_"/>
    <testcase time="0.0529999999999999" classname="shinytest2_tm_g_association" name="e2e_tm_g_association_"/>
    <testcase time="0.628" classname="shinytest2_tm_g_association" name="e2e_tm_g_association_">
      <failure type="failure" message="self$get_html(&quot;.shiny-output-error-validation&quot;) is not NULL ('test-shinytest2-tm_g_association.R:23:3')">self$get_html(".shiny-output-error-validation") is not NULL

`actual` is a character vector ('&lt;div id="teal-main_ui-root-association-module-title" class="shiny-text-output shiny-bound-output shiny-output-error shiny-output-error-validation shiny-output-error-try-error" aria-live="polite"&gt;could not find function "aes" \n when evaluating qenv code:\nplots &amp;lt;- list(ggplot2::ggplot(ANL) + aes(x = Type) + geom_bar() + ylab("Frequency") + ggplot2::labs(subtitle = "Plot generated by Association Module", x = "[Type]") + ggplot2::theme_gray(), Plant = ggplot2::ggplot(ANL) + ggmosaic::geom_mosaic(aes(x = ggmosaic::product(Type), fill = Plant), na.rm = TRUE) + ggplot2::labs(subtitle = "Plot generated by Association Module", x = "[Type]", y = "[Plant]") + ggplot2::theme_gray())&lt;/div&gt;', '&lt;div class="shiny-html-output plot_out_container shiny-bound-output shiny-output-error shiny-output-error-validation shiny-output-error-try-error" id="teal-main_ui-root-association-module-myplot-plot_out_main" width="100%" aria-live="polite"&gt;could not find function "aes" \n when evaluating qenv code:\nplots &amp;lt;- list(ggplot2::ggplot(ANL) + aes(x = Type) + geom_bar() + ylab("Frequency") + ggplot2::labs(subtitle = "Plot generated by Association Module", x = "[Type]") + ggplot2::theme_gray(), Plant = ggplot2::ggplot(ANL) + ggmosaic::geom_mosaic(aes(x = ggmosaic::product(Type), fill = Plant), na.rm = TRUE) + ggplot2::labs(subtitle = "Plot generated by Association Module", x = "[Type]", y = "[Plant]") + ggplot2::theme_gray())&lt;/div&gt;')
`expected` is NULL
No validation error is observed
Backtrace:
    ▆
 1. └─app$expect_no_validation_error() at test-shinytest2-tm_g_association.R:23:3
 2.   └─testthat::expect_null(...)</failure>
    </testcase>
    <testcase time="0.0350000000000001" classname="shinytest2_tm_g_association" name="e2e_tm_g_association_"/>
    <testcase time="0.0590000000000002" classname="shinytest2_tm_g_association" name="e2e_tm_g_association_"/>
    <testcase time="0.0599999999999996" classname="shinytest2_tm_g_association" name="e2e_tm_g_association_"/>
    <testcase time="0.0609999999999999" classname="shinytest2_tm_g_association" name="e2e_tm_g_association_"/>
    <testcase time="1.716" classname="shinytest2_tm_g_association" name="e2e_tm_g_association_"/>
    <testcase time="0.00500000000000078" classname="shinytest2_tm_g_association" name="e2e_tm_g_association_"/>
    <testcase time="0.529999999999999" classname="shinytest2_tm_g_association" name="e2e_tm_g_association_"/>
    <testcase time="1.143" classname="shinytest2_tm_g_association" name="e2e_tm_g_association_">
      <failure type="failure" message="self$get_html(&quot;.shiny-output-error-validation&quot;) is not NULL ('test-shinytest2-tm_g_association.R:45:3')">self$get_html(".shiny-output-error-validation") is not NULL

`actual` is a character vector ('&lt;div id="teal-main_ui-root-association-module-title" class="shiny-text-output shiny-bound-output shiny-output-error shiny-output-error-validation shiny-output-error-try-error" aria-live="polite"&gt;could not find function "aes" \n when evaluating qenv code:\nplots &amp;lt;- list(ggplot2::ggplot(ANL) + aes(x = Type) + geom_bar(aes(y = after_stat(prop), group = 1)) + ylab("Fraction") + ggplot2::labs(subtitle = "Plot generated by Association Module", x = "[Type]") + ggplot2::theme_gray() + ggplot2::theme(axis.text.x = element_text(angle = 45, hjust = 1)), Plant = ggplot2::ggplot(ANL) + aes(x = Plant) + geom_bar(aes(y = after_stat(prop), group = 1)) + ylab("Fraction") + ggplot2::labs(subtitle = "Plot generated by Association Module", x = "[Plant]") + ggplot2::theme_gray() +      ggplot2::theme(axis.text.x = element_text(angle = 45, hjust = 1)) + coord_flip())&lt;/div&gt;', '&lt;div class="shiny-html-output plot_out_container shiny-bound-output shiny-output-error shiny-output-error-validation shiny-output-error-try-error" id="teal-main_ui-root-association-module-myplot-plot_out_main" width="100%" aria-live="polite"&gt;could not find function "aes" \n when evaluating qenv code:\nplots &amp;lt;- list(ggplot2::ggplot(ANL) + aes(x = Type) + geom_bar(aes(y = after_stat(prop), group = 1)) + ylab("Fraction") + ggplot2::labs(subtitle = "Plot generated by Association Module", x = "[Type]") + ggplot2::theme_gray() + ggplot2::theme(axis.text.x = element_text(angle = 45, hjust = 1)), Plant = ggplot2::ggplot(ANL) + aes(x = Plant) + geom_bar(aes(y = after_stat(prop), group = 1)) + ylab("Fraction") + ggplot2::labs(subtitle = "Plot generated by Association Module", x = "[Plant]") + ggplot2::theme_gray() +      ggplot2::theme(axis.text.x = element_text(angle = 45, hjust = 1)) + coord_flip())&lt;/div&gt;')
`expected` is NULL
No validation error is observed
Backtrace:
    ▆
 1. └─app$expect_no_validation_error() at test-shinytest2-tm_g_association.R:45:3
 2.   └─testthat::expect_null(...)</failure>
    </testcase>
  </testsuite>
  <testsuite name="tm_g_bivariate" timestamp="2024-04-12T12:25:03Z" hostname="d498509390cd" tests="18" skipped="0" failures="0" errors="0" time="0.215">
    <testcase time="0.0919999999999987" classname="tm_g_bivariate" name="tm_g_bivariate_creates_a_teal_module_object"/>
    <testcase time="0.00399999999999956" classname="tm_g_bivariate" name="tm_g_bivariate_creates_a_teal_module_object_with_default_options"/>
    <testcase time="0.00500000000000078" classname="tm_g_bivariate" name="tm_g_bivariate_creates_a_teal_module_object_with_multiple_data_extract_specs"/>
    <testcase time="0.00500000000000078" classname="tm_g_bivariate" name="tm_g_bivariate_creates_a_module_with_datanames_taken_from_data_extracts"/>
    <testcase time="0.00799999999999912" classname="tm_g_bivariate" name="tm_g_bivariate_fails_when_x_contains_a_spec_with_multiple_selection"/>
    <testcase time="0.00699999999999967" classname="tm_g_bivariate" name="tm_g_bivariate_fails_when_x_contains_multiple_spec_with_at_least_one_multiple_selection"/>
    <testcase time="0.00699999999999967" classname="tm_g_bivariate" name="tm_g_bivariate_fails_when_x_contains_multiple_spec_with_at_least_one_multiple_selection"/>
    <testcase time="0.00700000000000145" classname="tm_g_bivariate" name="tm_g_bivariate_fails_when_y_contains_multiple_spec_with_at_least_one_multiple_selection"/>
    <testcase time="0.00799999999999912" classname="tm_g_bivariate" name="tm_g_bivariate_fails_when_plot_height_is_not_valid"/>
    <testcase time="0.0140000000000011" classname="tm_g_bivariate" name="tm_g_bivariate_fails_when_plot_height_is_not_valid"/>
    <testcase time="0.00699999999999967" classname="tm_g_bivariate" name="tm_g_bivariate_fails_when_plot_height_is_not_valid"/>
    <testcase time="0.00799999999999912" classname="tm_g_bivariate" name="tm_g_bivariate_fails_when_plot_width_is_not_valid"/>
    <testcase time="0.0080000000000009" classname="tm_g_bivariate" name="tm_g_bivariate_fails_when_plot_width_is_not_valid"/>
    <testcase time="0.00699999999999967" classname="tm_g_bivariate" name="tm_g_bivariate_fails_when_plot_width_is_not_valid"/>
    <testcase time="0.00799999999999912" classname="tm_g_bivariate" name="tm_g_bivariate_fails_when_color_setting_is_FALSE_and_color_is_supplied"/>
    <testcase time="0.00700000000000145" classname="tm_g_bivariate" name="tm_g_bivariate_fails_when_color_setting_is_FALSE_and_size_is_supplied"/>
    <testcase time="0.00799999999999912" classname="tm_g_bivariate" name="tm_g_bivariate_fails_when_color_setting_is_FALSE_and_fill_is_supplied"/>
    <testcase time="0.00500000000000078" classname="tm_g_bivariate" name="tm_g_bivariate_determines_color_size_and_fill_when_color_setting_is_TRUE"/>
  </testsuite>
  <testsuite name="bivariate_ggplot_call" timestamp="2024-04-12T12:25:03Z" hostname="d498509390cd" tests="21" skipped="0" failures="0" errors="0" time="0.076">
    <testcase time="0.0179999999999989" classname="bivariate_ggplot_call" name="bivariate_ggplot_call_with_numerics"/>
    <testcase time="0.00300000000000011" classname="bivariate_ggplot_call" name="bivariate_ggplot_call_with_numerics"/>
    <testcase time="0.00200000000000067" classname="bivariate_ggplot_call" name="bivariate_ggplot_call_with_numerics"/>
    <testcase time="0.00300000000000011" classname="bivariate_ggplot_call" name="bivariate_ggplot_call_with_numerics"/>
    <testcase time="0.00499999999999901" classname="bivariate_ggplot_call" name="bivariate_ggplot_call_with_factor_char_logical"/>
    <testcase time="0.00200000000000067" classname="bivariate_ggplot_call" name="bivariate_ggplot_call_with_factor_char_logical"/>
    <testcase time="0.00300000000000011" classname="bivariate_ggplot_call" name="bivariate_ggplot_call_with_factor_char_logical"/>
    <testcase time="0.00199999999999889" classname="bivariate_ggplot_call" name="bivariate_ggplot_call_with_factor_char_logical"/>
    <testcase time="0.00300000000000011" classname="bivariate_ggplot_call" name="bivariate_ggplot_call_with_factor_char_logical"/>
    <testcase time="0.00200000000000067" classname="bivariate_ggplot_call" name="bivariate_ggplot_call_with_factor_char_logical"/>
    <testcase time="0.00300000000000011" classname="bivariate_ggplot_call" name="bivariate_ggplot_call_with_factor_char_logical"/>
    <testcase time="0.00500000000000078" classname="bivariate_ggplot_call" name="bivariate_ggplot_call_with_single_data_numeric"/>
    <testcase time="0.00199999999999889" classname="bivariate_ggplot_call" name="bivariate_ggplot_call_with_single_data_numeric"/>
    <testcase time="0.00300000000000011" classname="bivariate_ggplot_call" name="bivariate_ggplot_call_with_single_data_numeric"/>
    <testcase time="0.00200000000000067" classname="bivariate_ggplot_call" name="bivariate_ggplot_call_with_single_data_numeric"/>
    <testcase time="0.00300000000000011" classname="bivariate_ggplot_call" name="bivariate_ggplot_call_with_single_data_numeric"/>
    <testcase time="0.00300000000000011" classname="bivariate_ggplot_call" name="bivariate_ggplot_call_with_single_data_numeric"/>
    <testcase time="0.00399999999999956" classname="bivariate_ggplot_call" name="bivariate_ggplot_call_with_single_data_factor"/>
    <testcase time="0.00300000000000011" classname="bivariate_ggplot_call" name="bivariate_ggplot_call_with_single_data_factor"/>
    <testcase time="0.00300000000000011" classname="bivariate_ggplot_call" name="bivariate_ggplot_call_with_single_data_factor"/>
    <testcase time="0.00199999999999889" classname="bivariate_ggplot_call" name="bivariate_ggplot_call_with_single_data_factor"/>
  </testsuite>
  <testsuite name="front_page" timestamp="2024-04-12T12:25:03Z" hostname="d498509390cd" tests="4" skipped="0" failures="0" errors="0" time="0.025">
    <testcase time="0.00700000000000145" classname="front_page" name="convert_metadata_to_dataframe_returns_a_data_frame_with_no_rows_if_no_metadata"/>
    <testcase time="0.00499999999999901" classname="front_page" name="convert_metadata_to_dataframe_returns_a_data_frame_with_metadata_if_more_than_one_dataset"/>
    <testcase time="0.00399999999999956" classname="front_page" name="convert_metadata_to_dataframe_returns_a_data_frame_with_metadata_if_one_dataset"/>
    <testcase time="0.00900000000000034" classname="front_page" name="convert_metadata_to_dataframe_converts_metadata_values_to_characters"/>
  </testsuite>
  <testsuite name="g_expert_cl" timestamp="2024-04-12T12:25:03Z" hostname="d498509390cd" tests="15" skipped="0" failures="0" errors="0" time="0.028">
    <testcase time="0.00600000000000023" classname="g_expert_cl" name="coloring_ggplot_call_can_work_with_all_combinations"/>
    <testcase time="0.000999999999999446" classname="g_expert_cl" name="coloring_ggplot_call_can_work_with_all_combinations"/>
    <testcase time="0.00100000000000122" classname="g_expert_cl" name="coloring_ggplot_call_can_work_with_all_combinations"/>
    <testcase time="0.00199999999999889" classname="g_expert_cl" name="coloring_ggplot_call_can_work_with_all_combinations"/>
    <testcase time="0.00100000000000122" classname="g_expert_cl" name="coloring_ggplot_call_can_work_with_all_combinations"/>
    <testcase time="0.000999999999999446" classname="g_expert_cl" name="coloring_ggplot_call_can_work_with_all_combinations"/>
    <testcase time="0.000999999999999446" classname="g_expert_cl" name="coloring_ggplot_call_can_work_with_all_combinations"/>
    <testcase time="0.00399999999999956" classname="g_expert_cl" name="coloring_ggplot_call_can_work_with_all_combinations_without_colour_var"/>
    <testcase time="0.00100000000000122" classname="g_expert_cl" name="coloring_ggplot_call_can_work_with_all_combinations_without_colour_var"/>
    <testcase time="0.000999999999999446" classname="g_expert_cl" name="coloring_ggplot_call_can_work_with_all_combinations_without_colour_var"/>
    <testcase time="0.00200000000000067" classname="g_expert_cl" name="coloring_ggplot_call_can_work_with_all_combinations_without_colour_var"/>
    <testcase time="0.000999999999999446" classname="g_expert_cl" name="coloring_ggplot_call_can_work_with_all_combinations_without_colour_var"/>
    <testcase time="0.00300000000000011" classname="g_expert_cl" name="coloring_ggplot_call_can_work_size_var"/>
    <testcase time="0.00200000000000067" classname="g_expert_cl" name="coloring_ggplot_call_can_work_size_var"/>
    <testcase time="0.000999999999999446" classname="g_expert_cl" name="coloring_ggplot_call_can_work_size_var"/>
  </testsuite>
  <testsuite name="scatterplotmatrix_get_stats" timestamp="2024-04-12T12:25:03Z" hostname="d498509390cd" tests="6" skipped="0" failures="0" errors="0" time="0.025">
    <testcase time="0.00900000000000034" classname="scatterplotmatrix_get_stats" name="get_scatterplotmatrix_stats_x_y_numeric"/>
    <testcase time="0.00300000000000011" classname="scatterplotmatrix_get_stats" name="get_scatterplotmatrix_stats_x_y_numeric"/>
    <testcase time="0.00300000000000011" classname="scatterplotmatrix_get_stats" name="get_scatterplotmatrix_stats_x_y_numeric"/>
    <testcase time="0.00499999999999901" classname="scatterplotmatrix_get_stats" name="get_scatterplotmatrix_stats_x_y_character"/>
    <testcase time="0.00200000000000067" classname="scatterplotmatrix_get_stats" name="get_scatterplotmatrix_stats_x_y_character"/>
    <testcase time="0.00300000000000011" classname="scatterplotmatrix_get_stats" name="get_scatterplotmatrix_stats_x_y_character"/>
  </testsuite>
  <testsuite name="variable_browser" timestamp="2024-04-12T12:25:03Z" hostname="d498509390cd" tests="3" skipped="0" failures="0" errors="0" time="0.014">
    <testcase time="0.00499999999999901" classname="variable_browser" name="remove_outliers_from_does_not_remove_outliers_when_outlier_definition_is_zero"/>
    <testcase time="0.00500000000000078" classname="variable_browser" name="remove_outliers_from_removes_outliers_when_outlier_definition_is_non_zero"/>
    <testcase time="0.00399999999999956" classname="variable_browser" name="remove_outliers_from_keeps_missing_values_unchanged"/>
  </testsuite>
</testsuites>
