<?xml version="1.0" encoding="UTF-8"?>
<testsuites>
  <testsuite name="shinytest2-tm_t_crosstable" timestamp="2024-04-17T10:06:10Z" hostname="0914957aab34" tests="4" skipped="0" failures="0" errors="4" time="0.474">
    <testcase time="0.316" classname="shinytest2_tm_t_crosstable" name="e2e_tm_t_crosstable_Initializes_without_errors">
      <error type="error" message="&lt;notSubsettableError/error/condition&gt; ('test-shinytest2-tm_t_crosstable.R:47:3')">&lt;notSubsettableError/error/condition&gt;
Error in `data[["ADSL"]]`: object of type 'closure' is not subsettable
Backtrace:
     ▆
  1. └─teal.modules.general (local) app_driver_tm_t_crosstable() at test-shinytest2-tm_t_crosstable.R:47:3
  2.   ├─teal.modules.general:::init_teal_app_driver(...) at test-shinytest2-tm_t_crosstable.R:2:3
  3.   │ ├─testthat::with_mocked_bindings(...) at tests/testthat/helper-TealAppDriver.R:7:3
  4.   │ └─TealAppDriver$new(...) at tests/testthat/helper-TealAppDriver.R:10:7
  5.   │   └─teal (local) initialize(...)
  6.   ├─teal.modules.general::tm_t_crosstable(...)
  7.   ├─teal.transform::data_extract_spec(...)
  8.   │ └─base::stopifnot(...)
  9.   ├─teal.transform::select_spec(...)
 10.   └─teal.transform::variable_choices(...)</error>
    </testcase>
    <testcase time="0.083" classname="shinytest2_tm_t_crosstable" name="e2e_tm_t_crosstable_Verify_module_displays_data_table">
      <error type="error" message="&lt;notSubsettableError/error/condition&gt; ('test-shinytest2-tm_t_crosstable.R:64:3')">&lt;notSubsettableError/error/condition&gt;
Error in `data[["ADSL"]]`: object of type 'closure' is not subsettable
Backtrace:
     ▆
  1. └─teal.modules.general (local) app_driver_tm_t_crosstable() at test-shinytest2-tm_t_crosstable.R:64:3
  2.   ├─teal.modules.general:::init_teal_app_driver(...) at test-shinytest2-tm_t_crosstable.R:2:3
  3.   │ ├─testthat::with_mocked_bindings(...) at tests/testthat/helper-TealAppDriver.R:7:3
  4.   │ └─TealAppDriver$new(...) at tests/testthat/helper-TealAppDriver.R:10:7
  5.   │   └─teal (local) initialize(...)
  6.   ├─teal.modules.general::tm_t_crosstable(...) at test-shinytest2-tm_t_crosstable.R:2:3
  7.   ├─teal.transform::data_extract_spec(...) at test-shinytest2-tm_t_crosstable.R:2:3
  8.   │ └─base::stopifnot(...)
  9.   ├─teal.transform::select_spec(...) at test-shinytest2-tm_t_crosstable.R:2:3
 10.   └─teal.transform::variable_choices(...) at test-shinytest2-tm_t_crosstable.R:2:3</error>
    </testcase>
    <testcase time="0.0429999999999999" classname="shinytest2_tm_t_crosstable" name="e2e_tm_t_crosstable_Verify_default_values_and_settings_data_extracts_for_data_selection">
      <error type="error" message="&lt;notSubsettableError/error/condition&gt; ('test-shinytest2-tm_t_crosstable.R:74:3')">&lt;notSubsettableError/error/condition&gt;
Error in `data[["ADSL"]]`: object of type 'closure' is not subsettable
Backtrace:
     ▆
  1. └─teal.modules.general (local) app_driver_tm_t_crosstable() at test-shinytest2-tm_t_crosstable.R:74:3
  2.   ├─teal.modules.general:::init_teal_app_driver(...) at test-shinytest2-tm_t_crosstable.R:2:3
  3.   │ ├─testthat::with_mocked_bindings(...) at tests/testthat/helper-TealAppDriver.R:7:3
  4.   │ └─TealAppDriver$new(...) at tests/testthat/helper-TealAppDriver.R:10:7
  5.   │   └─teal (local) initialize(...)
  6.   ├─teal.modules.general::tm_t_crosstable(...) at test-shinytest2-tm_t_crosstable.R:2:3
  7.   ├─teal.transform::data_extract_spec(...) at test-shinytest2-tm_t_crosstable.R:2:3
  8.   │ └─base::stopifnot(...)
  9.   ├─teal.transform::select_spec(...) at test-shinytest2-tm_t_crosstable.R:2:3
 10.   └─teal.transform::variable_choices(...) at test-shinytest2-tm_t_crosstable.R:2:3</error>
    </testcase>
    <testcase time="0.032" classname="shinytest2_tm_t_crosstable" name="e2e_tm_t_crosstable_Change_plot_settings">
      <error type="error" message="&lt;notSubsettableError/error/condition&gt; ('test-shinytest2-tm_t_crosstable.R:97:3')">&lt;notSubsettableError/error/condition&gt;
Error in `data[["ADSL"]]`: object of type 'closure' is not subsettable
Backtrace:
     ▆
  1. └─teal.modules.general (local) app_driver_tm_t_crosstable() at test-shinytest2-tm_t_crosstable.R:97:3
  2.   ├─teal.modules.general:::init_teal_app_driver(...) at test-shinytest2-tm_t_crosstable.R:2:3
  3.   │ ├─testthat::with_mocked_bindings(...) at tests/testthat/helper-TealAppDriver.R:7:3
  4.   │ └─TealAppDriver$new(...) at tests/testthat/helper-TealAppDriver.R:10:7
  5.   │   └─teal (local) initialize(...)
  6.   ├─teal.modules.general::tm_t_crosstable(...) at test-shinytest2-tm_t_crosstable.R:2:3
  7.   ├─teal.transform::data_extract_spec(...) at test-shinytest2-tm_t_crosstable.R:2:3
  8.   │ └─base::stopifnot(...)
  9.   ├─teal.transform::select_spec(...) at test-shinytest2-tm_t_crosstable.R:2:3
 10.   └─teal.transform::variable_choices(...) at test-shinytest2-tm_t_crosstable.R:2:3</error>
    </testcase>
  </testsuite>
  <testsuite name="tm_g_bivariate" timestamp="2024-04-17T10:06:11Z" hostname="0914957aab34" tests="18" skipped="0" failures="0" errors="0" time="0.154">
    <testcase time="0.038" classname="tm_g_bivariate" name="tm_g_bivariate_creates_a_teal_module_object"/>
    <testcase time="0.00499999999999989" classname="tm_g_bivariate" name="tm_g_bivariate_creates_a_teal_module_object_with_default_options"/>
    <testcase time="0.00500000000000012" classname="tm_g_bivariate" name="tm_g_bivariate_creates_a_teal_module_object_with_multiple_data_extract_specs"/>
    <testcase time="0.004" classname="tm_g_bivariate" name="tm_g_bivariate_creates_a_module_with_datanames_taken_from_data_extracts"/>
    <testcase time="0.00800000000000001" classname="tm_g_bivariate" name="tm_g_bivariate_fails_when_x_contains_a_spec_with_multiple_selection"/>
    <testcase time="0.0069999999999999" classname="tm_g_bivariate" name="tm_g_bivariate_fails_when_x_contains_multiple_spec_with_at_least_one_multiple_selection"/>
    <testcase time="0.00700000000000012" classname="tm_g_bivariate" name="tm_g_bivariate_fails_when_x_contains_multiple_spec_with_at_least_one_multiple_selection"/>
    <testcase time="0.0109999999999999" classname="tm_g_bivariate" name="tm_g_bivariate_fails_when_y_contains_multiple_spec_with_at_least_one_multiple_selection"/>
    <testcase time="0.00700000000000012" classname="tm_g_bivariate" name="tm_g_bivariate_fails_when_plot_height_is_not_valid"/>
    <testcase time="0.0069999999999999" classname="tm_g_bivariate" name="tm_g_bivariate_fails_when_plot_height_is_not_valid"/>
    <testcase time="0.00700000000000012" classname="tm_g_bivariate" name="tm_g_bivariate_fails_when_plot_height_is_not_valid"/>
    <testcase time="0.0069999999999999" classname="tm_g_bivariate" name="tm_g_bivariate_fails_when_plot_width_is_not_valid"/>
    <testcase time="0.00700000000000012" classname="tm_g_bivariate" name="tm_g_bivariate_fails_when_plot_width_is_not_valid"/>
    <testcase time="0.0069999999999999" classname="tm_g_bivariate" name="tm_g_bivariate_fails_when_plot_width_is_not_valid"/>
    <testcase time="0.00800000000000001" classname="tm_g_bivariate" name="tm_g_bivariate_fails_when_color_setting_is_FALSE_and_color_is_supplied"/>
    <testcase time="0.00700000000000012" classname="tm_g_bivariate" name="tm_g_bivariate_fails_when_color_setting_is_FALSE_and_size_is_supplied"/>
    <testcase time="0.0069999999999999" classname="tm_g_bivariate" name="tm_g_bivariate_fails_when_color_setting_is_FALSE_and_fill_is_supplied"/>
    <testcase time="0.00500000000000012" classname="tm_g_bivariate" name="tm_g_bivariate_determines_color_size_and_fill_when_color_setting_is_TRUE"/>
  </testsuite>
  <testsuite name="bivariate_ggplot_call" timestamp="2024-04-17T10:06:11Z" hostname="0914957aab34" tests="21" skipped="0" failures="0" errors="0" time="0.075">
    <testcase time="0.0199999999999998" classname="bivariate_ggplot_call" name="bivariate_ggplot_call_with_numerics"/>
    <testcase time="0.002" classname="bivariate_ggplot_call" name="bivariate_ggplot_call_with_numerics"/>
    <testcase time="0.00300000000000011" classname="bivariate_ggplot_call" name="bivariate_ggplot_call_with_numerics"/>
    <testcase time="0.002" classname="bivariate_ggplot_call" name="bivariate_ggplot_call_with_numerics"/>
    <testcase time="0.00499999999999989" classname="bivariate_ggplot_call" name="bivariate_ggplot_call_with_factor_char_logical"/>
    <testcase time="0.002" classname="bivariate_ggplot_call" name="bivariate_ggplot_call_with_factor_char_logical"/>
    <testcase time="0.00300000000000011" classname="bivariate_ggplot_call" name="bivariate_ggplot_call_with_factor_char_logical"/>
    <testcase time="0.002" classname="bivariate_ggplot_call" name="bivariate_ggplot_call_with_factor_char_logical"/>
    <testcase time="0.002" classname="bivariate_ggplot_call" name="bivariate_ggplot_call_with_factor_char_logical"/>
    <testcase time="0.00299999999999989" classname="bivariate_ggplot_call" name="bivariate_ggplot_call_with_factor_char_logical"/>
    <testcase time="0.002" classname="bivariate_ggplot_call" name="bivariate_ggplot_call_with_factor_char_logical"/>
    <testcase time="0.00500000000000012" classname="bivariate_ggplot_call" name="bivariate_ggplot_call_with_single_data_numeric"/>
    <testcase time="0.002" classname="bivariate_ggplot_call" name="bivariate_ggplot_call_with_single_data_numeric"/>
    <testcase time="0.00299999999999989" classname="bivariate_ggplot_call" name="bivariate_ggplot_call_with_single_data_numeric"/>
    <testcase time="0.002" classname="bivariate_ggplot_call" name="bivariate_ggplot_call_with_single_data_numeric"/>
    <testcase time="0.00300000000000011" classname="bivariate_ggplot_call" name="bivariate_ggplot_call_with_single_data_numeric"/>
    <testcase time="0.002" classname="bivariate_ggplot_call" name="bivariate_ggplot_call_with_single_data_numeric"/>
    <testcase time="0.00499999999999989" classname="bivariate_ggplot_call" name="bivariate_ggplot_call_with_single_data_factor"/>
    <testcase time="0.002" classname="bivariate_ggplot_call" name="bivariate_ggplot_call_with_single_data_factor"/>
    <testcase time="0.00300000000000011" classname="bivariate_ggplot_call" name="bivariate_ggplot_call_with_single_data_factor"/>
    <testcase time="0.002" classname="bivariate_ggplot_call" name="bivariate_ggplot_call_with_single_data_factor"/>
  </testsuite>
  <testsuite name="front_page" timestamp="2024-04-17T10:06:11Z" hostname="0914957aab34" tests="4" skipped="0" failures="0" errors="0" time="0.019">
    <testcase time="0.0069999999999999" classname="front_page" name="convert_metadata_to_dataframe_returns_a_data_frame_with_no_rows_if_no_metadata"/>
    <testcase time="0.004" classname="front_page" name="convert_metadata_to_dataframe_returns_a_data_frame_with_metadata_if_more_than_one_dataset"/>
    <testcase time="0.004" classname="front_page" name="convert_metadata_to_dataframe_returns_a_data_frame_with_metadata_if_one_dataset"/>
    <testcase time="0.004" classname="front_page" name="convert_metadata_to_dataframe_converts_metadata_values_to_characters"/>
  </testsuite>
  <testsuite name="g_expert_cl" timestamp="2024-04-17T10:06:11Z" hostname="0914957aab34" tests="15" skipped="0" failures="0" errors="0" time="0.03">
    <testcase time="0.00900000000000012" classname="g_expert_cl" name="coloring_ggplot_call_can_work_with_all_combinations"/>
    <testcase time="0.00099999999999989" classname="g_expert_cl" name="coloring_ggplot_call_can_work_with_all_combinations"/>
    <testcase time="0.00100000000000011" classname="g_expert_cl" name="coloring_ggplot_call_can_work_with_all_combinations"/>
    <testcase time="0.00099999999999989" classname="g_expert_cl" name="coloring_ggplot_call_can_work_with_all_combinations"/>
    <testcase time="0.002" classname="g_expert_cl" name="coloring_ggplot_call_can_work_with_all_combinations"/>
    <testcase time="0.00100000000000011" classname="g_expert_cl" name="coloring_ggplot_call_can_work_with_all_combinations"/>
    <testcase time="0.00099999999999989" classname="g_expert_cl" name="coloring_ggplot_call_can_work_with_all_combinations"/>
    <testcase time="0.00300000000000011" classname="g_expert_cl" name="coloring_ggplot_call_can_work_with_all_combinations_without_colour_var"/>
    <testcase time="0.002" classname="g_expert_cl" name="coloring_ggplot_call_can_work_with_all_combinations_without_colour_var"/>
    <testcase time="0.00099999999999989" classname="g_expert_cl" name="coloring_ggplot_call_can_work_with_all_combinations_without_colour_var"/>
    <testcase time="0.00100000000000011" classname="g_expert_cl" name="coloring_ggplot_call_can_work_with_all_combinations_without_colour_var"/>
    <testcase time="0.00099999999999989" classname="g_expert_cl" name="coloring_ggplot_call_can_work_with_all_combinations_without_colour_var"/>
    <testcase time="0.004" classname="g_expert_cl" name="coloring_ggplot_call_can_work_size_var"/>
    <testcase time="0.00100000000000011" classname="g_expert_cl" name="coloring_ggplot_call_can_work_size_var"/>
    <testcase time="0.00099999999999989" classname="g_expert_cl" name="coloring_ggplot_call_can_work_size_var"/>
  </testsuite>
  <testsuite name="scatterplotmatrix_get_stats" timestamp="2024-04-17T10:06:11Z" hostname="0914957aab34" tests="6" skipped="0" failures="0" errors="0" time="0.024">
    <testcase time="0.00900000000000012" classname="scatterplotmatrix_get_stats" name="get_scatterplotmatrix_stats_x_y_numeric"/>
    <testcase time="0.002" classname="scatterplotmatrix_get_stats" name="get_scatterplotmatrix_stats_x_y_numeric"/>
    <testcase time="0.00299999999999989" classname="scatterplotmatrix_get_stats" name="get_scatterplotmatrix_stats_x_y_numeric"/>
    <testcase time="0.00499999999999989" classname="scatterplotmatrix_get_stats" name="get_scatterplotmatrix_stats_x_y_character"/>
    <testcase time="0.002" classname="scatterplotmatrix_get_stats" name="get_scatterplotmatrix_stats_x_y_character"/>
    <testcase time="0.00300000000000011" classname="scatterplotmatrix_get_stats" name="get_scatterplotmatrix_stats_x_y_character"/>
  </testsuite>
  <testsuite name="variable_browser" timestamp="2024-04-17T10:06:11Z" hostname="0914957aab34" tests="3" skipped="0" failures="0" errors="0" time="0.012">
    <testcase time="0.00499999999999989" classname="variable_browser" name="remove_outliers_from_does_not_remove_outliers_when_outlier_definition_is_zero"/>
    <testcase time="0.004" classname="variable_browser" name="remove_outliers_from_removes_outliers_when_outlier_definition_is_non_zero"/>
    <testcase time="0.00300000000000011" classname="variable_browser" name="remove_outliers_from_keeps_missing_values_unchanged"/>
  </testsuite>
</testsuites>
