<?xml version="1.0" encoding="UTF-8"?>
<testsuites>
  <testsuite name="shinytest2-tm_a_regression" timestamp="2024-04-19T16:47:49Z" hostname="17a7721160af" tests="31" skipped="0" failures="0" errors="0" time="42.591">
    <testcase time="5.635" classname="shinytest2_tm_a_regression" name="e2e_tm_a_regression_data_parameter_and_module_label_is_passed_properly"/>
    <testcase time="0.0179999999999998" classname="shinytest2_tm_a_regression" name="e2e_tm_a_regression_data_parameter_and_module_label_is_passed_properly"/>
    <testcase time="0.00900000000000034" classname="shinytest2_tm_a_regression" name="e2e_tm_a_regression_data_parameter_and_module_label_is_passed_properly"/>
    <testcase time="4.487" classname="shinytest2_tm_a_regression" name="e2e_tm_a_regression_data_extract_spec_elements_are_initialized_with_the_default_values_specified_by_response_and_regressor_arg"/>
    <testcase time="0.215000000000002" classname="shinytest2_tm_a_regression" name="e2e_tm_a_regression_data_extract_spec_elements_are_initialized_with_the_default_values_specified_by_response_and_regressor_arg"/>
    <testcase time="5.737" classname="shinytest2_tm_a_regression" name="e2e_tm_a_regression_plot_type_is_set_properly"/>
    <testcase time="4.554" classname="shinytest2_tm_a_regression" name="e2e_tm_a_regression_plot_type_has_7_specific_choices_changing_choices_does_not_throw_errors"/>
    <testcase time="1.684" classname="shinytest2_tm_a_regression" name="e2e_tm_a_regression_plot_type_has_7_specific_choices_changing_choices_does_not_throw_errors"/>
    <testcase time="0.00199999999999889" classname="shinytest2_tm_a_regression" name="e2e_tm_a_regression_plot_type_has_7_specific_choices_changing_choices_does_not_throw_errors"/>
    <testcase time="0.798000000000002" classname="shinytest2_tm_a_regression" name="e2e_tm_a_regression_plot_type_has_7_specific_choices_changing_choices_does_not_throw_errors"/>
    <testcase time="0.00199999999999889" classname="shinytest2_tm_a_regression" name="e2e_tm_a_regression_plot_type_has_7_specific_choices_changing_choices_does_not_throw_errors"/>
    <testcase time="0.827000000000002" classname="shinytest2_tm_a_regression" name="e2e_tm_a_regression_plot_type_has_7_specific_choices_changing_choices_does_not_throw_errors"/>
    <testcase time="0.000999999999997669" classname="shinytest2_tm_a_regression" name="e2e_tm_a_regression_plot_type_has_7_specific_choices_changing_choices_does_not_throw_errors"/>
    <testcase time="0.817" classname="shinytest2_tm_a_regression" name="e2e_tm_a_regression_plot_type_has_7_specific_choices_changing_choices_does_not_throw_errors"/>
    <testcase time="0.00200000000000244" classname="shinytest2_tm_a_regression" name="e2e_tm_a_regression_plot_type_has_7_specific_choices_changing_choices_does_not_throw_errors"/>
    <testcase time="0.805999999999997" classname="shinytest2_tm_a_regression" name="e2e_tm_a_regression_plot_type_has_7_specific_choices_changing_choices_does_not_throw_errors"/>
    <testcase time="0.00100000000000122" classname="shinytest2_tm_a_regression" name="e2e_tm_a_regression_plot_type_has_7_specific_choices_changing_choices_does_not_throw_errors"/>
    <testcase time="0.976999999999997" classname="shinytest2_tm_a_regression" name="e2e_tm_a_regression_plot_type_has_7_specific_choices_changing_choices_does_not_throw_errors"/>
    <testcase time="0.00100000000000122" classname="shinytest2_tm_a_regression" name="e2e_tm_a_regression_plot_type_has_7_specific_choices_changing_choices_does_not_throw_errors"/>
    <testcase time="0.868000000000002" classname="shinytest2_tm_a_regression" name="e2e_tm_a_regression_plot_type_has_7_specific_choices_changing_choices_does_not_throw_errors"/>
    <testcase time="4.644" classname="shinytest2_tm_a_regression" name="e2e_tm_a_regression_outlier_definition_and_label_are_visible_by_default"/>
    <testcase time="0.00600000000000023" classname="shinytest2_tm_a_regression" name="e2e_tm_a_regression_outlier_definition_and_label_are_visible_by_default"/>
    <testcase time="0.00600000000000023" classname="shinytest2_tm_a_regression" name="e2e_tm_a_regression_outlier_definition_and_label_are_visible_by_default"/>
    <testcase time="4.642" classname="shinytest2_tm_a_regression" name="e2e_tm_a_regression_outlier_definition_and_label_have_default_values_and_label_text"/>
    <testcase time="0.00499999999999545" classname="shinytest2_tm_a_regression" name="e2e_tm_a_regression_outlier_definition_and_label_have_default_values_and_label_text"/>
    <testcase time="0.00100000000000477" classname="shinytest2_tm_a_regression" name="e2e_tm_a_regression_outlier_definition_and_label_have_default_values_and_label_text"/>
    <testcase time="0.258999999999993" classname="shinytest2_tm_a_regression" name="e2e_tm_a_regression_outlier_definition_and_label_have_default_values_and_label_text"/>
    <testcase time="0.0650000000000048" classname="shinytest2_tm_a_regression" name="e2e_tm_a_regression_outlier_definition_and_label_have_default_values_and_label_text"/>
    <testcase time="5.51" classname="shinytest2_tm_a_regression" name="e2e_tm_a_regression_unchecking_display_outlier_hides_outlier_label_and_definition"/>
    <testcase time="0.00600000000000023" classname="shinytest2_tm_a_regression" name="e2e_tm_a_regression_unchecking_display_outlier_hides_outlier_label_and_definition"/>
    <testcase time="0.00600000000000023" classname="shinytest2_tm_a_regression" name="e2e_tm_a_regression_unchecking_display_outlier_hides_outlier_label_and_definition"/>
  </testsuite>
  <testsuite name="shinytest2-tm_data_table" timestamp="2024-04-19T16:48:32Z" hostname="17a7721160af" tests="10" skipped="0" failures="0" errors="0" time="17.214">
    <testcase time="3.944" classname="shinytest2_tm_data_table" name="e2e_tm_data_table_Initializes_without_errors"/>
    <testcase time="0.00399999999999778" classname="shinytest2_tm_data_table" name="e2e_tm_data_table_Initializes_without_errors"/>
    <testcase time="3.883" classname="shinytest2_tm_data_table" name="e2e_tm_data_table_Verify_checkbox_displayed_over_data_table"/>
    <testcase time="4.031" classname="shinytest2_tm_data_table" name="e2e_tm_data_table_Verify_module_displays_data_table"/>
    <testcase time="0.00600000000000023" classname="shinytest2_tm_data_table" name="e2e_tm_data_table_Verify_module_displays_data_table"/>
    <testcase time="0.0309999999999988" classname="shinytest2_tm_data_table" name="e2e_tm_data_table_Verify_module_displays_data_table"/>
    <testcase time="0.686" classname="shinytest2_tm_data_table" name="e2e_tm_data_table_Verify_module_displays_data_table"/>
    <testcase time="3.946" classname="shinytest2_tm_data_table" name="e2e_tm_data_table_Verify_default_variable_selection_and_set_new_selection"/>
    <testcase time="0.660000000000004" classname="shinytest2_tm_data_table" name="e2e_tm_data_table_Verify_default_variable_selection_and_set_new_selection"/>
    <testcase time="0.0230000000000032" classname="shinytest2_tm_data_table" name="e2e_tm_data_table_Verify_default_variable_selection_and_set_new_selection"/>
  </testsuite>
  <testsuite name="shinytest2-tm_file_viewer" timestamp="2024-04-19T16:48:49Z" hostname="17a7721160af" tests="13" skipped="0" failures="0" errors="0" time="17.855">
    <testcase time="4.102" classname="shinytest2_tm_file_viewer" name="e2e_tm_file_viewer_Initializes_without_errors_and_shows_files_tree_specified_in_input_path_argument"/>
    <testcase time="0.00600000000000023" classname="shinytest2_tm_file_viewer" name="e2e_tm_file_viewer_Initializes_without_errors_and_shows_files_tree_specified_in_input_path_argument"/>
    <testcase time="0.00599999999998602" classname="shinytest2_tm_file_viewer" name="e2e_tm_file_viewer_Initializes_without_errors_and_shows_files_tree_specified_in_input_path_argument"/>
    <testcase time="0.0330000000000013" classname="shinytest2_tm_file_viewer" name="e2e_tm_file_viewer_Initializes_without_errors_and_shows_files_tree_specified_in_input_path_argument"/>
    <testcase time="0.00500000000000966" classname="shinytest2_tm_file_viewer" name="e2e_tm_file_viewer_Initializes_without_errors_and_shows_files_tree_specified_in_input_path_argument"/>
    <testcase time="4.291" classname="shinytest2_tm_file_viewer" name="e2e_tm_file_viewer_Shows_selected_image_file"/>
    <testcase time="0.007000000000005" classname="shinytest2_tm_file_viewer" name="e2e_tm_file_viewer_Shows_selected_image_file"/>
    <testcase time="4.223" classname="shinytest2_tm_file_viewer" name="e2e_tm_file_viewer_Shows_selected_text_file"/>
    <testcase time="0.00799999999999557" classname="shinytest2_tm_file_viewer" name="e2e_tm_file_viewer_Shows_selected_text_file"/>
    <testcase time="0.00300000000000011" classname="shinytest2_tm_file_viewer" name="e2e_tm_file_viewer_Shows_selected_text_file"/>
    <testcase time="0.171000000000006" classname="shinytest2_tm_file_viewer" name="e2e_tm_file_viewer_Shows_selected_text_file"/>
    <testcase time="4.833" classname="shinytest2_tm_file_viewer" name="e2e_tm_file_viewer_Shows_selected_url"/>
    <testcase time="0.167000000000002" classname="shinytest2_tm_file_viewer" name="e2e_tm_file_viewer_Shows_selected_url"/>
  </testsuite>
  <testsuite name="shinytest2-tm_front_page" timestamp="2024-04-19T16:49:07Z" hostname="17a7721160af" tests="9" skipped="0" failures="0" errors="0" time="12.754">
    <testcase time="3.78299999999999" classname="shinytest2_tm_front_page" name="e2e_tm_front_page_Initializes_without_errors_and_check_html_elements"/>
    <testcase time="0.00400000000000489" classname="shinytest2_tm_front_page" name="e2e_tm_front_page_Initializes_without_errors_and_check_html_elements"/>
    <testcase time="0.007000000000005" classname="shinytest2_tm_front_page" name="e2e_tm_front_page_Initializes_without_errors_and_check_html_elements"/>
    <testcase time="0.00600000000000023" classname="shinytest2_tm_front_page" name="e2e_tm_front_page_Initializes_without_errors_and_check_html_elements"/>
    <testcase time="3.944" classname="shinytest2_tm_front_page" name="e2e_tm_front_page_Verify_the_module_displays_tables"/>
    <testcase time="0.00600000000000023" classname="shinytest2_tm_front_page" name="e2e_tm_front_page_Verify_the_module_displays_tables"/>
    <testcase time="0.125999999999991" classname="shinytest2_tm_front_page" name="e2e_tm_front_page_Verify_the_module_displays_tables"/>
    <testcase time="0.00600000000000023" classname="shinytest2_tm_front_page" name="e2e_tm_front_page_Verify_the_module_displays_tables"/>
    <testcase time="4.872" classname="shinytest2_tm_front_page" name="e2e_tm_front_page_Verify_the_module_displays_metadata"/>
  </testsuite>
  <testsuite name="shinytest2-tm_g_association" timestamp="2024-04-19T16:49:19Z" hostname="17a7721160af" tests="13" skipped="0" failures="0" errors="0" time="27.859">
    <testcase time="5.741" classname="shinytest2_tm_g_association" name="e2e_tm_g_association_data_parameter_and_module_label_is_passed_properly"/>
    <testcase time="0.00500000000000966" classname="shinytest2_tm_g_association" name="e2e_tm_g_association_data_parameter_and_module_label_is_passed_properly"/>
    <testcase time="0.00399999999999068" classname="shinytest2_tm_g_association" name="e2e_tm_g_association_data_parameter_and_module_label_is_passed_properly"/>
    <testcase time="5.89" classname="shinytest2_tm_g_association" name="e2e_tm_g_association_data_extract_spec_elements_are_initialized_with_the_default_values_specified_by_ref_and_vars_arguments"/>
    <testcase time="1.035" classname="shinytest2_tm_g_association" name="e2e_tm_g_association_data_extract_spec_elements_are_initialized_with_the_default_values_specified_by_ref_and_vars_arguments"/>
    <testcase time="0.0600000000000023" classname="shinytest2_tm_g_association" name="e2e_tm_g_association_data_extract_spec_elements_are_initialized_with_the_default_values_specified_by_ref_and_vars_arguments"/>
    <testcase time="0.912000000000006" classname="shinytest2_tm_g_association" name="e2e_tm_g_association_data_extract_spec_elements_are_initialized_with_the_default_values_specified_by_ref_and_vars_arguments"/>
    <testcase time="5.745" classname="shinytest2_tm_g_association" name="e2e_tm_g_association_module_plot_is_visible"/>
    <testcase time="5.76899999999999" classname="shinytest2_tm_g_association" name="e2e_tm_g_association_test_if_default_radio_buttons_are_checked"/>
    <testcase time="0.0660000000000025" classname="shinytest2_tm_g_association" name="e2e_tm_g_association_test_if_default_radio_buttons_are_checked"/>
    <testcase time="0.063999999999993" classname="shinytest2_tm_g_association" name="e2e_tm_g_association_test_if_default_radio_buttons_are_checked"/>
    <testcase time="2.56200000000001" classname="shinytest2_tm_g_association" name="e2e_tm_g_association_test_if_default_radio_buttons_are_checked"/>
    <testcase time="0.00600000000000023" classname="shinytest2_tm_g_association" name="e2e_tm_g_association_test_if_default_radio_buttons_are_checked"/>
  </testsuite>
  <testsuite name="shinytest2-tm_g_bivariate" timestamp="2024-04-19T16:49:47Z" hostname="17a7721160af" tests="44" skipped="0" failures="0" errors="0" time="42.998">
    <testcase time="4.904" classname="shinytest2_tm_g_bivariate" name="e2e_tm_g_bivariate_module_is_initialised_with_the_specified_defaults"/>
    <testcase time="0.108000000000004" classname="shinytest2_tm_g_bivariate" name="e2e_tm_g_bivariate_module_is_initialised_with_the_specified_defaults"/>
    <testcase time="0.0659999999999883" classname="shinytest2_tm_g_bivariate" name="e2e_tm_g_bivariate_module_is_initialised_with_the_specified_defaults"/>
    <testcase time="0.0700000000000074" classname="shinytest2_tm_g_bivariate" name="e2e_tm_g_bivariate_module_is_initialised_with_the_specified_defaults"/>
    <testcase time="0.0619999999999976" classname="shinytest2_tm_g_bivariate" name="e2e_tm_g_bivariate_module_is_initialised_with_the_specified_defaults"/>
    <testcase time="0.0649999999999977" classname="shinytest2_tm_g_bivariate" name="e2e_tm_g_bivariate_module_is_initialised_with_the_specified_defaults"/>
    <testcase time="0.0649999999999977" classname="shinytest2_tm_g_bivariate" name="e2e_tm_g_bivariate_module_is_initialised_with_the_specified_defaults"/>
    <testcase time="0.0620000000000118" classname="shinytest2_tm_g_bivariate" name="e2e_tm_g_bivariate_module_is_initialised_with_the_specified_defaults"/>
    <testcase time="0.0649999999999977" classname="shinytest2_tm_g_bivariate" name="e2e_tm_g_bivariate_module_is_initialised_with_the_specified_defaults"/>
    <testcase time="0.0609999999999928" classname="shinytest2_tm_g_bivariate" name="e2e_tm_g_bivariate_module_is_initialised_with_the_specified_defaults"/>
    <testcase time="0.0679999999999978" classname="shinytest2_tm_g_bivariate" name="e2e_tm_g_bivariate_module_is_initialised_with_the_specified_defaults"/>
    <testcase time="0.0720000000000027" classname="shinytest2_tm_g_bivariate" name="e2e_tm_g_bivariate_module_is_initialised_with_the_specified_defaults"/>
    <testcase time="0.0679999999999978" classname="shinytest2_tm_g_bivariate" name="e2e_tm_g_bivariate_module_is_initialised_with_the_specified_defaults"/>
    <testcase time="0.0679999999999978" classname="shinytest2_tm_g_bivariate" name="e2e_tm_g_bivariate_module_is_initialised_with_the_specified_defaults"/>
    <testcase time="0.0700000000000074" classname="shinytest2_tm_g_bivariate" name="e2e_tm_g_bivariate_module_is_initialised_with_the_specified_defaults"/>
    <testcase time="0.063999999999993" classname="shinytest2_tm_g_bivariate" name="e2e_tm_g_bivariate_module_is_initialised_with_the_specified_defaults"/>
    <testcase time="0.0680000000000121" classname="shinytest2_tm_g_bivariate" name="e2e_tm_g_bivariate_module_is_initialised_with_the_specified_defaults"/>
    <testcase time="0.0659999999999883" classname="shinytest2_tm_g_bivariate" name="e2e_tm_g_bivariate_module_is_initialised_with_the_specified_defaults"/>
    <testcase time="4.92399999999999" classname="shinytest2_tm_g_bivariate" name="e2e_tm_g_bivariate_coloring_options_are_hidden_when_coloring_is_toggled_off"/>
    <testcase time="0.00600000000000023" classname="shinytest2_tm_g_bivariate" name="e2e_tm_g_bivariate_coloring_options_are_hidden_when_coloring_is_toggled_off"/>
    <testcase time="0.00600000000000023" classname="shinytest2_tm_g_bivariate" name="e2e_tm_g_bivariate_coloring_options_are_hidden_when_coloring_is_toggled_off"/>
    <testcase time="1.14500000000001" classname="shinytest2_tm_g_bivariate" name="e2e_tm_g_bivariate_coloring_options_are_hidden_when_coloring_is_toggled_off"/>
    <testcase time="0.00499999999999545" classname="shinytest2_tm_g_bivariate" name="e2e_tm_g_bivariate_coloring_options_are_hidden_when_coloring_is_toggled_off"/>
    <testcase time="0.00600000000000023" classname="shinytest2_tm_g_bivariate" name="e2e_tm_g_bivariate_coloring_options_are_hidden_when_coloring_is_toggled_off"/>
    <testcase time="5.143" classname="shinytest2_tm_g_bivariate" name="e2e_tm_g_bivariate_facetting_options_are_hidden_when_facet_is_toggled_off"/>
    <testcase time="0.00499999999999545" classname="shinytest2_tm_g_bivariate" name="e2e_tm_g_bivariate_facetting_options_are_hidden_when_facet_is_toggled_off"/>
    <testcase time="0.00600000000000023" classname="shinytest2_tm_g_bivariate" name="e2e_tm_g_bivariate_facetting_options_are_hidden_when_facet_is_toggled_off"/>
    <testcase time="0.00500000000002387" classname="shinytest2_tm_g_bivariate" name="e2e_tm_g_bivariate_facetting_options_are_hidden_when_facet_is_toggled_off"/>
    <testcase time="1.041" classname="shinytest2_tm_g_bivariate" name="e2e_tm_g_bivariate_facetting_options_are_hidden_when_facet_is_toggled_off"/>
    <testcase time="0.00600000000000023" classname="shinytest2_tm_g_bivariate" name="e2e_tm_g_bivariate_facetting_options_are_hidden_when_facet_is_toggled_off"/>
    <testcase time="0.00600000000000023" classname="shinytest2_tm_g_bivariate" name="e2e_tm_g_bivariate_facetting_options_are_hidden_when_facet_is_toggled_off"/>
    <testcase time="0.00499999999999545" classname="shinytest2_tm_g_bivariate" name="e2e_tm_g_bivariate_facetting_options_are_hidden_when_facet_is_toggled_off"/>
    <testcase time="6.08599999999998" classname="shinytest2_tm_g_bivariate" name="e2e_tm_g_bivariate_setting_encoding_inputs_produces_outputs_without_validation_errors"/>
    <testcase time="0.52200000000002" classname="shinytest2_tm_g_bivariate" name="e2e_tm_g_bivariate_setting_encoding_inputs_produces_outputs_without_validation_errors"/>
    <testcase time="1.03699999999998" classname="shinytest2_tm_g_bivariate" name="e2e_tm_g_bivariate_setting_encoding_inputs_produces_outputs_without_validation_errors"/>
    <testcase time="1.86000000000001" classname="shinytest2_tm_g_bivariate" name="e2e_tm_g_bivariate_setting_encoding_inputs_produces_outputs_without_validation_errors"/>
    <testcase time="1.166" classname="shinytest2_tm_g_bivariate" name="e2e_tm_g_bivariate_setting_encoding_inputs_produces_outputs_without_validation_errors"/>
    <testcase time="1.98099999999999" classname="shinytest2_tm_g_bivariate" name="e2e_tm_g_bivariate_setting_encoding_inputs_produces_outputs_without_validation_errors"/>
    <testcase time="1.97300000000001" classname="shinytest2_tm_g_bivariate" name="e2e_tm_g_bivariate_setting_encoding_inputs_produces_outputs_without_validation_errors"/>
    <testcase time="1.90600000000001" classname="shinytest2_tm_g_bivariate" name="e2e_tm_g_bivariate_setting_encoding_inputs_produces_outputs_without_validation_errors"/>
    <testcase time="1.834" classname="shinytest2_tm_g_bivariate" name="e2e_tm_g_bivariate_setting_encoding_inputs_produces_outputs_without_validation_errors"/>
    <testcase time="2.09999999999999" classname="shinytest2_tm_g_bivariate" name="e2e_tm_g_bivariate_setting_encoding_inputs_produces_outputs_without_validation_errors"/>
    <testcase time="2.06099999999998" classname="shinytest2_tm_g_bivariate" name="e2e_tm_g_bivariate_setting_encoding_inputs_produces_outputs_without_validation_errors"/>
    <testcase time="2.09100000000001" classname="shinytest2_tm_g_bivariate" name="e2e_tm_g_bivariate_setting_encoding_inputs_produces_outputs_without_validation_errors"/>
  </testsuite>
  <testsuite name="shinytest2-tm_g_distribution" timestamp="2024-04-19T16:50:55Z" hostname="17a7721160af" tests="21" skipped="0" failures="0" errors="0" time="55.479">
    <testcase time="31.134" classname="shinytest2_tm_g_distribution" name="e2e_tm_g_distribution_module_is_initialised_with_the_specified_defaults"/>
    <testcase time="0.0739999999999839" classname="shinytest2_tm_g_distribution" name="e2e_tm_g_distribution_module_is_initialised_with_the_specified_defaults"/>
    <testcase time="0.0819999999999936" classname="shinytest2_tm_g_distribution" name="e2e_tm_g_distribution_module_is_initialised_with_the_specified_defaults"/>
    <testcase time="0.0680000000000121" classname="shinytest2_tm_g_distribution" name="e2e_tm_g_distribution_module_is_initialised_with_the_specified_defaults"/>
    <testcase time="0.063999999999993" classname="shinytest2_tm_g_distribution" name="e2e_tm_g_distribution_module_is_initialised_with_the_specified_defaults"/>
    <testcase time="0.0670000000000073" classname="shinytest2_tm_g_distribution" name="e2e_tm_g_distribution_module_is_initialised_with_the_specified_defaults"/>
    <testcase time="0.063999999999993" classname="shinytest2_tm_g_distribution" name="e2e_tm_g_distribution_module_is_initialised_with_the_specified_defaults"/>
    <testcase time="0.0640000000000214" classname="shinytest2_tm_g_distribution" name="e2e_tm_g_distribution_module_is_initialised_with_the_specified_defaults"/>
    <testcase time="0.0729999999999791" classname="shinytest2_tm_g_distribution" name="e2e_tm_g_distribution_module_is_initialised_with_the_specified_defaults"/>
    <testcase time="0.619" classname="shinytest2_tm_g_distribution" name="e2e_tm_g_distribution_module_is_initialised_with_the_specified_defaults"/>
    <testcase time="5.67600000000002" classname="shinytest2_tm_g_distribution" name="e2e_tm_g_distribution_histogram_encoding_inputs_produce_output_without_validation_errors"/>
    <testcase time="1.87" classname="shinytest2_tm_g_distribution" name="e2e_tm_g_distribution_histogram_encoding_inputs_produce_output_without_validation_errors"/>
    <testcase time="1.071" classname="shinytest2_tm_g_distribution" name="e2e_tm_g_distribution_histogram_encoding_inputs_produce_output_without_validation_errors"/>
    <testcase time="0.884999999999991" classname="shinytest2_tm_g_distribution" name="e2e_tm_g_distribution_histogram_encoding_inputs_produce_output_without_validation_errors"/>
    <testcase time="1.35499999999999" classname="shinytest2_tm_g_distribution" name="e2e_tm_g_distribution_histogram_encoding_inputs_produce_output_without_validation_errors"/>
    <testcase time="1.21900000000002" classname="shinytest2_tm_g_distribution" name="e2e_tm_g_distribution_histogram_encoding_inputs_produce_output_without_validation_errors"/>
    <testcase time="1.005" classname="shinytest2_tm_g_distribution" name="e2e_tm_g_distribution_histogram_encoding_inputs_produce_output_without_validation_errors"/>
    <testcase time="0.935999999999979" classname="shinytest2_tm_g_distribution" name="e2e_tm_g_distribution_histogram_encoding_inputs_produce_output_without_validation_errors"/>
    <testcase time="5.941" classname="shinytest2_tm_g_distribution" name="e2e_tm_g_distribution_qqplot_encoding_inputs_produce_output_without_validation_errors"/>
    <testcase time="0.63900000000001" classname="shinytest2_tm_g_distribution" name="e2e_tm_g_distribution_qqplot_encoding_inputs_produce_output_without_validation_errors"/>
    <testcase time="2.57300000000001" classname="shinytest2_tm_g_distribution" name="e2e_tm_g_distribution_qqplot_encoding_inputs_produce_output_without_validation_errors"/>
  </testsuite>
  <testsuite name="shinytest2-tm_g_scatterplot" timestamp="2024-04-19T16:51:26Z" hostname="17a7721160af" tests="35" skipped="0" failures="0" errors="0" time="72.671">
    <testcase time="5.167" classname="shinytest2_tm_g_scatterplot" name="e2e_tm_g_scatterplot_module_is_initialised_with_the_specified_defaults"/>
    <testcase time="0.206999999999994" classname="shinytest2_tm_g_scatterplot" name="e2e_tm_g_scatterplot_module_is_initialised_with_the_specified_defaults"/>
    <testcase time="0.123999999999995" classname="shinytest2_tm_g_scatterplot" name="e2e_tm_g_scatterplot_module_is_initialised_with_the_specified_defaults"/>
    <testcase time="0.0649999999999977" classname="shinytest2_tm_g_scatterplot" name="e2e_tm_g_scatterplot_module_is_initialised_with_the_specified_defaults"/>
    <testcase time="0.0680000000000121" classname="shinytest2_tm_g_scatterplot" name="e2e_tm_g_scatterplot_module_is_initialised_with_the_specified_defaults"/>
    <testcase time="0.0679999999999836" classname="shinytest2_tm_g_scatterplot" name="e2e_tm_g_scatterplot_module_is_initialised_with_the_specified_defaults"/>
    <testcase time="0.0670000000000073" classname="shinytest2_tm_g_scatterplot" name="e2e_tm_g_scatterplot_module_is_initialised_with_the_specified_defaults"/>
    <testcase time="0.0649999999999977" classname="shinytest2_tm_g_scatterplot" name="e2e_tm_g_scatterplot_module_is_initialised_with_the_specified_defaults"/>
    <testcase time="0.070999999999998" classname="shinytest2_tm_g_scatterplot" name="e2e_tm_g_scatterplot_module_is_initialised_with_the_specified_defaults"/>
    <testcase time="0.0630000000000166" classname="shinytest2_tm_g_scatterplot" name="e2e_tm_g_scatterplot_module_is_initialised_with_the_specified_defaults"/>
    <testcase time="0.063999999999993" classname="shinytest2_tm_g_scatterplot" name="e2e_tm_g_scatterplot_module_is_initialised_with_the_specified_defaults"/>
    <testcase time="0.063999999999993" classname="shinytest2_tm_g_scatterplot" name="e2e_tm_g_scatterplot_module_is_initialised_with_the_specified_defaults"/>
    <testcase time="0.063999999999993" classname="shinytest2_tm_g_scatterplot" name="e2e_tm_g_scatterplot_module_is_initialised_with_the_specified_defaults"/>
    <testcase time="0.0600000000000023" classname="shinytest2_tm_g_scatterplot" name="e2e_tm_g_scatterplot_module_is_initialised_with_the_specified_defaults"/>
    <testcase time="0.0660000000000025" classname="shinytest2_tm_g_scatterplot" name="e2e_tm_g_scatterplot_module_is_initialised_with_the_specified_defaults"/>
    <testcase time="0.0660000000000025" classname="shinytest2_tm_g_scatterplot" name="e2e_tm_g_scatterplot_module_is_initialised_with_the_specified_defaults"/>
    <testcase time="5.98099999999999" classname="shinytest2_tm_g_scatterplot" name="e2e_tm_g_scatterplot_base_for_the_log_transformation_can_be_applied"/>
    <testcase time="0.736000000000018" classname="shinytest2_tm_g_scatterplot" name="e2e_tm_g_scatterplot_base_for_the_log_transformation_can_be_applied"/>
    <testcase time="0.75" classname="shinytest2_tm_g_scatterplot" name="e2e_tm_g_scatterplot_base_for_the_log_transformation_can_be_applied"/>
    <testcase time="0.742999999999995" classname="shinytest2_tm_g_scatterplot" name="e2e_tm_g_scatterplot_base_for_the_log_transformation_can_be_applied"/>
    <testcase time="6.59" classname="shinytest2_tm_g_scatterplot" name="e2e_tm_g_scatterplot_log_transform_is_only_possible_for_positive_numeric_vars"/>
    <testcase time="0.774999999999977" classname="shinytest2_tm_g_scatterplot" name="e2e_tm_g_scatterplot_log_transform_is_only_possible_for_positive_numeric_vars"/>
    <testcase time="1.40200000000002" classname="shinytest2_tm_g_scatterplot" name="e2e_tm_g_scatterplot_log_transform_is_only_possible_for_positive_numeric_vars"/>
    <testcase time="6.93199999999999" classname="shinytest2_tm_g_scatterplot" name="e2e_tm_g_scatterplot_get_validation_error_when_facetting_with_the_same_row_col_variable"/>
    <testcase time="6.30200000000002" classname="shinytest2_tm_g_scatterplot" name="e2e_tm_g_scatterplot_encoding_inputs_produce_output_without_validation_errors"/>
    <testcase time="0.920999999999992" classname="shinytest2_tm_g_scatterplot" name="e2e_tm_g_scatterplot_encoding_inputs_produce_output_without_validation_errors"/>
    <testcase time="1.178" classname="shinytest2_tm_g_scatterplot" name="e2e_tm_g_scatterplot_encoding_inputs_produce_output_without_validation_errors"/>
    <testcase time="1.65899999999999" classname="shinytest2_tm_g_scatterplot" name="e2e_tm_g_scatterplot_encoding_inputs_produce_output_without_validation_errors"/>
    <testcase time="1.60500000000002" classname="shinytest2_tm_g_scatterplot" name="e2e_tm_g_scatterplot_encoding_inputs_produce_output_without_validation_errors"/>
    <testcase time="1.61799999999999" classname="shinytest2_tm_g_scatterplot" name="e2e_tm_g_scatterplot_encoding_inputs_produce_output_without_validation_errors"/>
    <testcase time="1.75700000000001" classname="shinytest2_tm_g_scatterplot" name="e2e_tm_g_scatterplot_encoding_inputs_produce_output_without_validation_errors"/>
    <testcase time="20.531" classname="shinytest2_tm_g_scatterplot" name="e2e_tm_g_scatterplot_encoding_inputs_produce_output_without_validation_errors"/>
    <testcase time="1.52599999999995" classname="shinytest2_tm_g_scatterplot" name="e2e_tm_g_scatterplot_encoding_inputs_produce_output_without_validation_errors"/>
    <testcase time="3.14300000000003" classname="shinytest2_tm_g_scatterplot" name="e2e_tm_g_scatterplot_encoding_inputs_produce_output_without_validation_errors"/>
    <testcase time="2.173" classname="shinytest2_tm_g_scatterplot" name="e2e_tm_g_scatterplot_encoding_inputs_produce_output_without_validation_errors"/>
  </testsuite>
  <testsuite name="shinytest2-tm_g_scatterplotmatrix" timestamp="2024-04-19T16:52:38Z" hostname="17a7721160af" tests="9" skipped="0" failures="0" errors="0" time="22.369">
    <testcase time="4.73899999999998" classname="shinytest2_tm_g_scatterplotmatrix" name="e2e_tm_g_scatterplotmatrix_Initializes_without_errors"/>
    <testcase time="0.0040000000000191" classname="shinytest2_tm_g_scatterplotmatrix" name="e2e_tm_g_scatterplotmatrix_Initializes_without_errors"/>
    <testcase time="0.00499999999999545" classname="shinytest2_tm_g_scatterplotmatrix" name="e2e_tm_g_scatterplotmatrix_Initializes_without_errors"/>
    <testcase time="4.73900000000003" classname="shinytest2_tm_g_scatterplotmatrix" name="e2e_tm_g_scatterplotmatrix_Verify_module_displays_data_table"/>
    <testcase time="4.92699999999996" classname="shinytest2_tm_g_scatterplotmatrix" name="e2e_tm_g_scatterplotmatrix_Verify_default_values_and_settings_data_extracts_for_data_selection"/>
    <testcase time="0.0010000000000332" classname="shinytest2_tm_g_scatterplotmatrix" name="e2e_tm_g_scatterplotmatrix_Verify_default_values_and_settings_data_extracts_for_data_selection"/>
    <testcase time="1.26900000000001" classname="shinytest2_tm_g_scatterplotmatrix" name="e2e_tm_g_scatterplotmatrix_Verify_default_values_and_settings_data_extracts_for_data_selection"/>
    <testcase time="5.99199999999996" classname="shinytest2_tm_g_scatterplotmatrix" name="e2e_tm_g_scatterplotmatrix_Change_plot_settings"/>
    <testcase time="0.692999999999984" classname="shinytest2_tm_g_scatterplotmatrix" name="e2e_tm_g_scatterplotmatrix_Change_plot_settings"/>
  </testsuite>
  <testsuite name="shinytest2-tm_misssing_data" timestamp="2024-04-19T16:53:01Z" hostname="17a7721160af" tests="26" skipped="0" failures="0" errors="0" time="31.567">
    <testcase time="0.126000000000033" classname="shinytest2_tm_misssing_data" name="e2e_tm_missing_data_Initializes_without_errors"/>
    <testcase time="4.69400000000002" classname="shinytest2_tm_misssing_data" name="e2e_tm_missing_data_Initializes_without_errors"/>
    <testcase time="0.00499999999999545" classname="shinytest2_tm_misssing_data" name="e2e_tm_missing_data_Initializes_without_errors"/>
    <testcase time="0.00399999999996226" classname="shinytest2_tm_misssing_data" name="e2e_tm_missing_data_Initializes_without_errors"/>
    <testcase time="0.129999999999995" classname="shinytest2_tm_misssing_data" name="e2e_tm_missing_data_Default_settings_and_visibility_of_the_summary_graph"/>
    <testcase time="4.75100000000003" classname="shinytest2_tm_misssing_data" name="e2e_tm_missing_data_Default_settings_and_visibility_of_the_summary_graph"/>
    <testcase time="0.0659999999999741" classname="shinytest2_tm_misssing_data" name="e2e_tm_missing_data_Default_settings_and_visibility_of_the_summary_graph"/>
    <testcase time="1.08300000000003" classname="shinytest2_tm_misssing_data" name="e2e_tm_missing_data_Default_settings_and_visibility_of_the_summary_graph"/>
    <testcase time="0.764999999999986" classname="shinytest2_tm_misssing_data" name="e2e_tm_missing_data_Default_settings_and_visibility_of_the_summary_graph"/>
    <testcase time="0.00900000000001455" classname="shinytest2_tm_misssing_data" name="e2e_tm_missing_data_Default_settings_and_visibility_of_the_summary_graph"/>
    <testcase time="0.12299999999999" classname="shinytest2_tm_misssing_data" name="e2e_tm_missing_data_Check_default_settings_and_visibility_of_the_combinations_graph_and_encodings"/>
    <testcase time="5.00700000000001" classname="shinytest2_tm_misssing_data" name="e2e_tm_missing_data_Check_default_settings_and_visibility_of_the_combinations_graph_and_encodings"/>
    <testcase time="1.233" classname="shinytest2_tm_misssing_data" name="e2e_tm_missing_data_Check_default_settings_and_visibility_of_the_combinations_graph_and_encodings"/>
    <testcase time="0.00599999999997181" classname="shinytest2_tm_misssing_data" name="e2e_tm_missing_data_Check_default_settings_and_visibility_of_the_combinations_graph_and_encodings"/>
    <testcase time="0.00499999999999545" classname="shinytest2_tm_misssing_data" name="e2e_tm_missing_data_Check_default_settings_and_visibility_of_the_combinations_graph_and_encodings"/>
    <testcase time="0.122000000000014" classname="shinytest2_tm_misssing_data" name="e2e_tm_missing_data_Check_default_settings_and_visibility_of_the_combinations_graph_and_encodings"/>
    <testcase time="0.987000000000023" classname="shinytest2_tm_misssing_data" name="e2e_tm_missing_data_Check_default_settings_and_visibility_of_the_combinations_graph_and_encodings"/>
    <testcase time="0.125999999999976" classname="shinytest2_tm_misssing_data" name="e2e_tm_missing_data_Validate_functionality_and_UI_response_for_By_Variable_Levels_"/>
    <testcase time="5.37700000000001" classname="shinytest2_tm_misssing_data" name="e2e_tm_missing_data_Validate_functionality_and_UI_response_for_By_Variable_Levels_"/>
    <testcase time="0.0880000000000223" classname="shinytest2_tm_misssing_data" name="e2e_tm_missing_data_Validate_functionality_and_UI_response_for_By_Variable_Levels_"/>
    <testcase time="0.0699999999999932" classname="shinytest2_tm_misssing_data" name="e2e_tm_missing_data_Validate_functionality_and_UI_response_for_By_Variable_Levels_"/>
    <testcase time="0.613999999999976" classname="shinytest2_tm_misssing_data" name="e2e_tm_missing_data_Validate_functionality_and_UI_response_for_By_Variable_Levels_"/>
    <testcase time="0.02800000000002" classname="shinytest2_tm_misssing_data" name="e2e_tm_missing_data_Validate_functionality_and_UI_response_for_By_Variable_Levels_"/>
    <testcase time="0.589999999999975" classname="shinytest2_tm_misssing_data" name="e2e_tm_missing_data_Validate_functionality_and_UI_response_for_By_Variable_Levels_"/>
    <testcase time="0.12700000000001" classname="shinytest2_tm_misssing_data" name="e2e_tm_missing_data_Validate_By_Variable_Levels_table_values"/>
    <testcase time="5.43099999999998" classname="shinytest2_tm_misssing_data" name="e2e_tm_missing_data_Validate_By_Variable_Levels_table_values"/>
  </testsuite>
  <testsuite name="shinytest2-tm_outliers" timestamp="2024-04-19T16:53:32Z" hostname="17a7721160af" tests="61" skipped="0" failures="0" errors="0" time="83.59">
    <testcase time="5.786" classname="shinytest2_tm_outliers" name="e2e_tm_outliers_data_parameter_and_module_label_is_passed_properly"/>
    <testcase time="0.00499999999999545" classname="shinytest2_tm_outliers" name="e2e_tm_outliers_data_parameter_and_module_label_is_passed_properly"/>
    <testcase time="0.0040000000000191" classname="shinytest2_tm_outliers" name="e2e_tm_outliers_data_parameter_and_module_label_is_passed_properly"/>
    <testcase time="0.000999999999976353" classname="shinytest2_tm_outliers" name="e2e_tm_outliers_data_parameter_and_module_label_is_passed_properly"/>
    <testcase time="5.74100000000004" classname="shinytest2_tm_outliers" name="e2e_tm_outliers_data_extract_spec_elements_are_initialized_with_the_default_values_specified_by_outlier_var_and_categorical_var_argument"/>
    <testcase time="0.06899999999996" classname="shinytest2_tm_outliers" name="e2e_tm_outliers_data_extract_spec_elements_are_initialized_with_the_default_values_specified_by_outlier_var_and_categorical_var_argument"/>
    <testcase time="1.36000000000001" classname="shinytest2_tm_outliers" name="e2e_tm_outliers_data_extract_spec_elements_are_initialized_with_the_default_values_specified_by_outlier_var_and_categorical_var_argument"/>
    <testcase time="0.0230000000000246" classname="shinytest2_tm_outliers" name="e2e_tm_outliers_data_extract_spec_elements_are_initialized_with_the_default_values_specified_by_outlier_var_and_categorical_var_argument"/>
    <testcase time="0.0639999999999645" classname="shinytest2_tm_outliers" name="e2e_tm_outliers_data_extract_spec_elements_are_initialized_with_the_default_values_specified_by_outlier_var_and_categorical_var_argument"/>
    <testcase time="0.920000000000016" classname="shinytest2_tm_outliers" name="e2e_tm_outliers_data_extract_spec_elements_are_initialized_with_the_default_values_specified_by_outlier_var_and_categorical_var_argument"/>
    <testcase time="0.696000000000026" classname="shinytest2_tm_outliers" name="e2e_tm_outliers_data_extract_spec_elements_are_initialized_with_the_default_values_specified_by_outlier_var_and_categorical_var_argument"/>
    <testcase time="6.01600000000002" classname="shinytest2_tm_outliers" name="e2e_tm_outliers_default_plot_type_is_set_properly_and_has_proper_possible_choices"/>
    <testcase time="0.0699999999999932" classname="shinytest2_tm_outliers" name="e2e_tm_outliers_default_plot_type_is_set_properly_and_has_proper_possible_choices"/>
    <testcase time="0.00499999999999545" classname="shinytest2_tm_outliers" name="e2e_tm_outliers_default_plot_type_is_set_properly_and_has_proper_possible_choices"/>
    <testcase time="1.45499999999998" classname="shinytest2_tm_outliers" name="e2e_tm_outliers_default_plot_type_is_set_properly_and_has_proper_possible_choices"/>
    <testcase time="5.76499999999999" classname="shinytest2_tm_outliers" name="e2e_tm_outliers_module_is_divided_into_3_tabs"/>
    <testcase time="0.0980000000000132" classname="shinytest2_tm_outliers" name="e2e_tm_outliers_module_is_divided_into_3_tabs"/>
    <testcase time="0.007000000000005" classname="shinytest2_tm_outliers" name="e2e_tm_outliers_module_is_divided_into_3_tabs"/>
    <testcase time="5.70699999999999" classname="shinytest2_tm_outliers" name="e2e_tm_outliers_plot_type_is_hidden_when_Boxplot_tab_is_not_selected"/>
    <testcase time="0.00600000000002865" classname="shinytest2_tm_outliers" name="e2e_tm_outliers_plot_type_is_hidden_when_Boxplot_tab_is_not_selected"/>
    <testcase time="1.709" classname="shinytest2_tm_outliers" name="e2e_tm_outliers_plot_type_is_hidden_when_Boxplot_tab_is_not_selected"/>
    <testcase time="2.12899999999996" classname="shinytest2_tm_outliers" name="e2e_tm_outliers_plot_type_is_hidden_when_Boxplot_tab_is_not_selected"/>
    <testcase time="5.90200000000004" classname="shinytest2_tm_outliers" name="e2e_tm_outliers_default_radio_buttons_are_set_properly"/>
    <testcase time="0.0720000000000027" classname="shinytest2_tm_outliers" name="e2e_tm_outliers_default_radio_buttons_are_set_properly"/>
    <testcase time="0.0639999999999645" classname="shinytest2_tm_outliers" name="e2e_tm_outliers_default_radio_buttons_are_set_properly"/>
    <testcase time="2.77100000000002" classname="shinytest2_tm_outliers" name="e2e_tm_outliers_default_radio_buttons_are_set_properly"/>
    <testcase time="5.959" classname="shinytest2_tm_outliers" name="e2e_tm_outliers_method_parameters_are_set_properly"/>
    <testcase time="0.0690000000000168" classname="shinytest2_tm_outliers" name="e2e_tm_outliers_method_parameters_are_set_properly"/>
    <testcase time="0.00499999999999545" classname="shinytest2_tm_outliers" name="e2e_tm_outliers_method_parameters_are_set_properly"/>
    <testcase time="0.000999999999976353" classname="shinytest2_tm_outliers" name="e2e_tm_outliers_method_parameters_are_set_properly"/>
    <testcase time="5.80600000000004" classname="shinytest2_tm_outliers" name="e2e_tm_outliers_outlier_definition_text_and_range_are_displayed_properly_depending_on_method"/>
    <testcase time="0.00599999999997181" classname="shinytest2_tm_outliers" name="e2e_tm_outliers_outlier_definition_text_and_range_are_displayed_properly_depending_on_method"/>
    <testcase time="0.00499999999999545" classname="shinytest2_tm_outliers" name="e2e_tm_outliers_outlier_definition_text_and_range_are_displayed_properly_depending_on_method"/>
    <testcase time="0.00600000000002865" classname="shinytest2_tm_outliers" name="e2e_tm_outliers_outlier_definition_text_and_range_are_displayed_properly_depending_on_method"/>
    <testcase time="0.09699999999998" classname="shinytest2_tm_outliers" name="e2e_tm_outliers_outlier_definition_text_and_range_are_displayed_properly_depending_on_method"/>
    <testcase time="0.0080000000000382" classname="shinytest2_tm_outliers" name="e2e_tm_outliers_outlier_definition_text_and_range_are_displayed_properly_depending_on_method"/>
    <testcase time="0.0639999999999645" classname="shinytest2_tm_outliers" name="e2e_tm_outliers_outlier_definition_text_and_range_are_displayed_properly_depending_on_method"/>
    <testcase time="1.40699999999998" classname="shinytest2_tm_outliers" name="e2e_tm_outliers_outlier_definition_text_and_range_are_displayed_properly_depending_on_method"/>
    <testcase time="1.28300000000002" classname="shinytest2_tm_outliers" name="e2e_tm_outliers_outlier_definition_text_and_range_are_displayed_properly_depending_on_method"/>
    <testcase time="0.00600000000002865" classname="shinytest2_tm_outliers" name="e2e_tm_outliers_outlier_definition_text_and_range_are_displayed_properly_depending_on_method"/>
    <testcase time="0.00799999999998136" classname="shinytest2_tm_outliers" name="e2e_tm_outliers_outlier_definition_text_and_range_are_displayed_properly_depending_on_method"/>
    <testcase time="0.0240000000000009" classname="shinytest2_tm_outliers" name="e2e_tm_outliers_outlier_definition_text_and_range_are_displayed_properly_depending_on_method"/>
    <testcase time="1.21899999999999" classname="shinytest2_tm_outliers" name="e2e_tm_outliers_outlier_definition_text_and_range_are_displayed_properly_depending_on_method"/>
    <testcase time="1.36099999999999" classname="shinytest2_tm_outliers" name="e2e_tm_outliers_outlier_definition_text_and_range_are_displayed_properly_depending_on_method"/>
    <testcase time="0.00600000000002865" classname="shinytest2_tm_outliers" name="e2e_tm_outliers_outlier_definition_text_and_range_are_displayed_properly_depending_on_method"/>
    <testcase time="0.00799999999998136" classname="shinytest2_tm_outliers" name="e2e_tm_outliers_outlier_definition_text_and_range_are_displayed_properly_depending_on_method"/>
    <testcase time="0.0230000000000246" classname="shinytest2_tm_outliers" name="e2e_tm_outliers_outlier_definition_text_and_range_are_displayed_properly_depending_on_method"/>
    <testcase time="1.26799999999997" classname="shinytest2_tm_outliers" name="e2e_tm_outliers_outlier_definition_text_and_range_are_displayed_properly_depending_on_method"/>
    <testcase time="5.60200000000003" classname="shinytest2_tm_outliers" name="e2e_tm_outliers_outliers_summary_table_is_displayed_with_proper_content"/>
    <testcase time="0.00499999999999545" classname="shinytest2_tm_outliers" name="e2e_tm_outliers_outliers_summary_table_is_displayed_with_proper_content"/>
    <testcase time="0.00499999999999545" classname="shinytest2_tm_outliers" name="e2e_tm_outliers_outliers_summary_table_is_displayed_with_proper_content"/>
    <testcase time="0.0709999999999695" classname="shinytest2_tm_outliers" name="e2e_tm_outliers_outliers_summary_table_is_displayed_with_proper_content"/>
    <testcase time="2.86000000000001" classname="shinytest2_tm_outliers" name="e2e_tm_outliers_outliers_summary_table_is_displayed_with_proper_content"/>
    <testcase time="0.00499999999999545" classname="shinytest2_tm_outliers" name="e2e_tm_outliers_outliers_summary_table_is_displayed_with_proper_content"/>
    <testcase time="1.28500000000003" classname="shinytest2_tm_outliers" name="e2e_tm_outliers_outliers_summary_table_is_displayed_with_proper_content"/>
    <testcase time="0.0040000000000191" classname="shinytest2_tm_outliers" name="e2e_tm_outliers_outliers_summary_table_is_displayed_with_proper_content"/>
    <testcase time="5.90999999999997" classname="shinytest2_tm_outliers" name="e2e_tm_outliers_outlier_table_is_displayed_with_proper_content"/>
    <testcase time="2.755" classname="shinytest2_tm_outliers" name="e2e_tm_outliers_outlier_table_is_displayed_with_proper_content"/>
    <testcase time="0.00200000000000955" classname="shinytest2_tm_outliers" name="e2e_tm_outliers_outlier_table_is_displayed_with_proper_content"/>
    <testcase time="0.0010000000000332" classname="shinytest2_tm_outliers" name="e2e_tm_outliers_outlier_table_is_displayed_with_proper_content"/>
    <testcase time="0.000999999999976353" classname="shinytest2_tm_outliers" name="e2e_tm_outliers_outlier_table_is_displayed_with_proper_content"/>
  </testsuite>
  <testsuite name="shinytest2-tm_t_crosstable" timestamp="2024-04-19T16:54:56Z" hostname="17a7721160af" tests="9" skipped="0" failures="0" errors="0" time="26.598">
    <testcase time="6.00999999999999" classname="shinytest2_tm_t_crosstable" name="e2e_tm_t_crosstable_Initializes_without_errors"/>
    <testcase time="0.00499999999999545" classname="shinytest2_tm_t_crosstable" name="e2e_tm_t_crosstable_Initializes_without_errors"/>
    <testcase time="0.0040000000000191" classname="shinytest2_tm_t_crosstable" name="e2e_tm_t_crosstable_Initializes_without_errors"/>
    <testcase time="5.73500000000001" classname="shinytest2_tm_t_crosstable" name="e2e_tm_t_crosstable_Verify_module_displays_data_table"/>
    <testcase time="5.76599999999996" classname="shinytest2_tm_t_crosstable" name="e2e_tm_t_crosstable_Verify_default_values_and_settings_data_extracts_for_data_selection"/>
    <testcase time="0.0649999999999977" classname="shinytest2_tm_t_crosstable" name="e2e_tm_t_crosstable_Verify_default_values_and_settings_data_extracts_for_data_selection"/>
    <testcase time="1.86600000000004" classname="shinytest2_tm_t_crosstable" name="e2e_tm_t_crosstable_Verify_default_values_and_settings_data_extracts_for_data_selection"/>
    <testcase time="6.48699999999997" classname="shinytest2_tm_t_crosstable" name="e2e_tm_t_crosstable_Change_plot_settings"/>
    <testcase time="0.660000000000025" classname="shinytest2_tm_t_crosstable" name="e2e_tm_t_crosstable_Change_plot_settings"/>
  </testsuite>
  <testsuite name="shinytest2-tm_variable_browser" timestamp="2024-04-19T16:55:23Z" hostname="17a7721160af" tests="24" skipped="0" failures="0" errors="0" time="48.398">
    <testcase time="5.52199999999999" classname="shinytest2_tm_variable_browser" name="e2e_tm_variable_browser_content_is_displayed_correctly"/>
    <testcase time="0.00499999999999545" classname="shinytest2_tm_variable_browser" name="e2e_tm_variable_browser_content_is_displayed_correctly"/>
    <testcase time="0.00600000000002865" classname="shinytest2_tm_variable_browser" name="e2e_tm_variable_browser_content_is_displayed_correctly"/>
    <testcase time="0.00399999999996226" classname="shinytest2_tm_variable_browser" name="e2e_tm_variable_browser_content_is_displayed_correctly"/>
    <testcase time="0.00499999999999545" classname="shinytest2_tm_variable_browser" name="e2e_tm_variable_browser_content_is_displayed_correctly"/>
    <testcase time="8.05100000000004" classname="shinytest2_tm_variable_browser" name="e2e_tm_variable_browser_Selecting_treat_variable_as_factor_changes_the_table_headers"/>
    <testcase time="7.13199999999995" classname="shinytest2_tm_variable_browser" name="e2e_tm_variable_browser_selection_of_categorical_variable_has_a_table_with_level_header"/>
    <testcase time="6.20600000000002" classname="shinytest2_tm_variable_browser" name="e2e_tm_variable_browser_changing_display_density_encoding_doesn_t_show_errors"/>
    <testcase time="0.735000000000014" classname="shinytest2_tm_variable_browser" name="e2e_tm_variable_browser_changing_display_density_encoding_doesn_t_show_errors"/>
    <testcase time="5.53499999999997" classname="shinytest2_tm_variable_browser" name="e2e_tm_variable_browser_changing_outlier_definition_encoding_doesn_t_show_errors"/>
    <testcase time="0.809000000000026" classname="shinytest2_tm_variable_browser" name="e2e_tm_variable_browser_changing_outlier_definition_encoding_doesn_t_show_errors"/>
    <testcase time="0.0040000000000191" classname="shinytest2_tm_variable_browser" name="e2e_tm_variable_browser_changing_outlier_definition_encoding_doesn_t_show_errors"/>
    <testcase time="0.762999999999977" classname="shinytest2_tm_variable_browser" name="e2e_tm_variable_browser_changing_outlier_definition_encoding_doesn_t_show_errors"/>
    <testcase time="1.36000000000001" classname="shinytest2_tm_variable_browser" name="e2e_tm_variable_browser_changing_outlier_definition_encoding_doesn_t_show_errors"/>
    <testcase time="5.65699999999998" classname="shinytest2_tm_variable_browser" name="e2e_tm_variable_browser_changing_plot_setting_encodings_doesn_t_show_errors"/>
    <testcase time="0.768000000000029" classname="shinytest2_tm_variable_browser" name="e2e_tm_variable_browser_changing_plot_setting_encodings_doesn_t_show_errors"/>
    <testcase time="0.699999999999989" classname="shinytest2_tm_variable_browser" name="e2e_tm_variable_browser_changing_plot_setting_encodings_doesn_t_show_errors"/>
    <testcase time="0.701000000000022" classname="shinytest2_tm_variable_browser" name="e2e_tm_variable_browser_changing_plot_setting_encodings_doesn_t_show_errors"/>
    <testcase time="0.870000000000005" classname="shinytest2_tm_variable_browser" name="e2e_tm_variable_browser_changing_plot_setting_encodings_doesn_t_show_errors"/>
    <testcase time="0.704999999999984" classname="shinytest2_tm_variable_browser" name="e2e_tm_variable_browser_changing_plot_setting_encodings_doesn_t_show_errors"/>
    <testcase time="0.711000000000013" classname="shinytest2_tm_variable_browser" name="e2e_tm_variable_browser_changing_plot_setting_encodings_doesn_t_show_errors"/>
    <testcase time="0.70799999999997" classname="shinytest2_tm_variable_browser" name="e2e_tm_variable_browser_changing_plot_setting_encodings_doesn_t_show_errors"/>
    <testcase time="0.737000000000023" classname="shinytest2_tm_variable_browser" name="e2e_tm_variable_browser_changing_plot_setting_encodings_doesn_t_show_errors"/>
    <testcase time="0.704000000000008" classname="shinytest2_tm_variable_browser" name="e2e_tm_variable_browser_changing_plot_setting_encodings_doesn_t_show_errors"/>
  </testsuite>
  <testsuite name="tm_g_bivariate" timestamp="2024-04-19T16:56:11Z" hostname="17a7721160af" tests="18" skipped="0" failures="0" errors="0" time="0.191">
    <testcase time="0.0780000000000314" classname="tm_g_bivariate" name="tm_g_bivariate_creates_a_teal_module_object"/>
    <testcase time="0.00499999999999545" classname="tm_g_bivariate" name="tm_g_bivariate_creates_a_teal_module_object_with_default_options"/>
    <testcase time="0.00499999999999545" classname="tm_g_bivariate" name="tm_g_bivariate_creates_a_teal_module_object_with_multiple_data_extract_specs"/>
    <testcase time="0.00499999999999545" classname="tm_g_bivariate" name="tm_g_bivariate_creates_a_module_with_datanames_taken_from_data_extracts"/>
    <testcase time="0.007000000000005" classname="tm_g_bivariate" name="tm_g_bivariate_fails_when_x_contains_a_spec_with_multiple_selection"/>
    <testcase time="0.007000000000005" classname="tm_g_bivariate" name="tm_g_bivariate_fails_when_x_contains_multiple_spec_with_at_least_one_multiple_selection"/>
    <testcase time="0.00799999999998136" classname="tm_g_bivariate" name="tm_g_bivariate_fails_when_x_contains_multiple_spec_with_at_least_one_multiple_selection"/>
    <testcase time="0.007000000000005" classname="tm_g_bivariate" name="tm_g_bivariate_fails_when_y_contains_multiple_spec_with_at_least_one_multiple_selection"/>
    <testcase time="0.007000000000005" classname="tm_g_bivariate" name="tm_g_bivariate_fails_when_plot_height_is_not_valid"/>
    <testcase time="0.007000000000005" classname="tm_g_bivariate" name="tm_g_bivariate_fails_when_plot_height_is_not_valid"/>
    <testcase time="0.007000000000005" classname="tm_g_bivariate" name="tm_g_bivariate_fails_when_plot_height_is_not_valid"/>
    <testcase time="0.007000000000005" classname="tm_g_bivariate" name="tm_g_bivariate_fails_when_plot_width_is_not_valid"/>
    <testcase time="0.007000000000005" classname="tm_g_bivariate" name="tm_g_bivariate_fails_when_plot_width_is_not_valid"/>
    <testcase time="0.00699999999994816" classname="tm_g_bivariate" name="tm_g_bivariate_fails_when_plot_width_is_not_valid"/>
    <testcase time="0.007000000000005" classname="tm_g_bivariate" name="tm_g_bivariate_fails_when_color_setting_is_FALSE_and_color_is_supplied"/>
    <testcase time="0.007000000000005" classname="tm_g_bivariate" name="tm_g_bivariate_fails_when_color_setting_is_FALSE_and_size_is_supplied"/>
    <testcase time="0.0080000000000382" classname="tm_g_bivariate" name="tm_g_bivariate_fails_when_color_setting_is_FALSE_and_fill_is_supplied"/>
    <testcase time="0.00499999999999545" classname="tm_g_bivariate" name="tm_g_bivariate_determines_color_size_and_fill_when_color_setting_is_TRUE"/>
  </testsuite>
  <testsuite name="bivariate_ggplot_call" timestamp="2024-04-19T16:56:11Z" hostname="17a7721160af" tests="21" skipped="0" failures="0" errors="0" time="0.064">
    <testcase time="0.007000000000005" classname="bivariate_ggplot_call" name="bivariate_ggplot_call_with_numerics"/>
    <testcase time="0.0029999999999859" classname="bivariate_ggplot_call" name="bivariate_ggplot_call_with_numerics"/>
    <testcase time="0.00200000000000955" classname="bivariate_ggplot_call" name="bivariate_ggplot_call_with_numerics"/>
    <testcase time="0.0029999999999859" classname="bivariate_ggplot_call" name="bivariate_ggplot_call_with_numerics"/>
    <testcase time="0.0040000000000191" classname="bivariate_ggplot_call" name="bivariate_ggplot_call_with_factor_char_logical"/>
    <testcase time="0.0029999999999859" classname="bivariate_ggplot_call" name="bivariate_ggplot_call_with_factor_char_logical"/>
    <testcase time="0.00200000000000955" classname="bivariate_ggplot_call" name="bivariate_ggplot_call_with_factor_char_logical"/>
    <testcase time="0.0029999999999859" classname="bivariate_ggplot_call" name="bivariate_ggplot_call_with_factor_char_logical"/>
    <testcase time="0.00200000000000955" classname="bivariate_ggplot_call" name="bivariate_ggplot_call_with_factor_char_logical"/>
    <testcase time="0.0029999999999859" classname="bivariate_ggplot_call" name="bivariate_ggplot_call_with_factor_char_logical"/>
    <testcase time="0.00200000000000955" classname="bivariate_ggplot_call" name="bivariate_ggplot_call_with_factor_char_logical"/>
    <testcase time="0.00499999999999545" classname="bivariate_ggplot_call" name="bivariate_ggplot_call_with_single_data_numeric"/>
    <testcase time="0.00200000000000955" classname="bivariate_ggplot_call" name="bivariate_ggplot_call_with_single_data_numeric"/>
    <testcase time="0.0029999999999859" classname="bivariate_ggplot_call" name="bivariate_ggplot_call_with_single_data_numeric"/>
    <testcase time="0.0029999999999859" classname="bivariate_ggplot_call" name="bivariate_ggplot_call_with_single_data_numeric"/>
    <testcase time="0.00200000000000955" classname="bivariate_ggplot_call" name="bivariate_ggplot_call_with_single_data_numeric"/>
    <testcase time="0.0029999999999859" classname="bivariate_ggplot_call" name="bivariate_ggplot_call_with_single_data_numeric"/>
    <testcase time="0.0040000000000191" classname="bivariate_ggplot_call" name="bivariate_ggplot_call_with_single_data_factor"/>
    <testcase time="0.0029999999999859" classname="bivariate_ggplot_call" name="bivariate_ggplot_call_with_single_data_factor"/>
    <testcase time="0.00300000000004275" classname="bivariate_ggplot_call" name="bivariate_ggplot_call_with_single_data_factor"/>
    <testcase time="0.00199999999995271" classname="bivariate_ggplot_call" name="bivariate_ggplot_call_with_single_data_factor"/>
  </testsuite>
  <testsuite name="front_page" timestamp="2024-04-19T16:56:11Z" hostname="17a7721160af" tests="4" skipped="0" failures="0" errors="0" time="0.025">
    <testcase time="0.0130000000000337" classname="front_page" name="convert_metadata_to_dataframe_returns_a_data_frame_with_no_rows_if_no_metadata"/>
    <testcase time="0.00399999999996226" classname="front_page" name="convert_metadata_to_dataframe_returns_a_data_frame_with_metadata_if_more_than_one_dataset"/>
    <testcase time="0.0040000000000191" classname="front_page" name="convert_metadata_to_dataframe_returns_a_data_frame_with_metadata_if_one_dataset"/>
    <testcase time="0.0040000000000191" classname="front_page" name="convert_metadata_to_dataframe_converts_metadata_values_to_characters"/>
  </testsuite>
  <testsuite name="g_expert_cl" timestamp="2024-04-19T16:56:11Z" hostname="17a7721160af" tests="15" skipped="0" failures="0" errors="0" time="0.027">
    <testcase time="0.00599999999997181" classname="g_expert_cl" name="coloring_ggplot_call_can_work_with_all_combinations"/>
    <testcase time="0.0010000000000332" classname="g_expert_cl" name="coloring_ggplot_call_can_work_with_all_combinations"/>
    <testcase time="0.000999999999976353" classname="g_expert_cl" name="coloring_ggplot_call_can_work_with_all_combinations"/>
    <testcase time="0.000999999999976353" classname="g_expert_cl" name="coloring_ggplot_call_can_work_with_all_combinations"/>
    <testcase time="0.00200000000000955" classname="g_expert_cl" name="coloring_ggplot_call_can_work_with_all_combinations"/>
    <testcase time="0.0010000000000332" classname="g_expert_cl" name="coloring_ggplot_call_can_work_with_all_combinations"/>
    <testcase time="0.000999999999976353" classname="g_expert_cl" name="coloring_ggplot_call_can_work_with_all_combinations"/>
    <testcase time="0.0029999999999859" classname="g_expert_cl" name="coloring_ggplot_call_can_work_with_all_combinations_without_colour_var"/>
    <testcase time="0.00200000000000955" classname="g_expert_cl" name="coloring_ggplot_call_can_work_with_all_combinations_without_colour_var"/>
    <testcase time="0.0010000000000332" classname="g_expert_cl" name="coloring_ggplot_call_can_work_with_all_combinations_without_colour_var"/>
    <testcase time="0.000999999999976353" classname="g_expert_cl" name="coloring_ggplot_call_can_work_with_all_combinations_without_colour_var"/>
    <testcase time="0.000999999999976353" classname="g_expert_cl" name="coloring_ggplot_call_can_work_with_all_combinations_without_colour_var"/>
    <testcase time="0.0040000000000191" classname="g_expert_cl" name="coloring_ggplot_call_can_work_size_var"/>
    <testcase time="0.0010000000000332" classname="g_expert_cl" name="coloring_ggplot_call_can_work_size_var"/>
    <testcase time="0.000999999999976353" classname="g_expert_cl" name="coloring_ggplot_call_can_work_size_var"/>
  </testsuite>
  <testsuite name="scatterplotmatrix_get_stats" timestamp="2024-04-19T16:56:11Z" hostname="17a7721160af" tests="6" skipped="0" failures="0" errors="0" time="0.024">
    <testcase time="0.00900000000001455" classname="scatterplotmatrix_get_stats" name="get_scatterplotmatrix_stats_x_y_numeric"/>
    <testcase time="0.0029999999999859" classname="scatterplotmatrix_get_stats" name="get_scatterplotmatrix_stats_x_y_numeric"/>
    <testcase time="0.0029999999999859" classname="scatterplotmatrix_get_stats" name="get_scatterplotmatrix_stats_x_y_numeric"/>
    <testcase time="0.0040000000000191" classname="scatterplotmatrix_get_stats" name="get_scatterplotmatrix_stats_x_y_character"/>
    <testcase time="0.0029999999999859" classname="scatterplotmatrix_get_stats" name="get_scatterplotmatrix_stats_x_y_character"/>
    <testcase time="0.00200000000000955" classname="scatterplotmatrix_get_stats" name="get_scatterplotmatrix_stats_x_y_character"/>
  </testsuite>
  <testsuite name="variable_browser" timestamp="2024-04-19T16:56:11Z" hostname="17a7721160af" tests="3" skipped="0" failures="0" errors="0" time="0.013">
    <testcase time="0.00499999999999545" classname="variable_browser" name="remove_outliers_from_does_not_remove_outliers_when_outlier_definition_is_zero"/>
    <testcase time="0.00499999999999545" classname="variable_browser" name="remove_outliers_from_removes_outliers_when_outlier_definition_is_non_zero"/>
    <testcase time="0.0029999999999859" classname="variable_browser" name="remove_outliers_from_keeps_missing_values_unchanged"/>
  </testsuite>
</testsuites>
