<?xml version="1.0" encoding="UTF-8"?>
<testsuites>
  <testsuite name="shinytest2-tm_a_pca" timestamp="2024-04-11T09:20:45Z" hostname="15a41674be4f" tests="31" skipped="0" failures="5" errors="0" time="37.28">
    <testcase time="26.546" classname="shinytest2_tm_a_pca" name="e2e_tm_a_pca_data_extract_changes_output"/>
    <testcase time="0.179000000000002" classname="shinytest2_tm_a_pca" name="e2e_tm_a_pca_data_extract_changes_output"/>
    <testcase time="0.137999999999998" classname="shinytest2_tm_a_pca" name="e2e_tm_a_pca_data_extract_changes_output"/>
    <testcase time="0.524999999999999" classname="shinytest2_tm_a_pca" name="e2e_tm_a_pca_data_extract_changes_output"/>
    <testcase time="0.422000000000001" classname="shinytest2_tm_a_pca" name="e2e_tm_a_pca_data_extract_changes_output"/>
    <testcase time="0.164999999999999" classname="shinytest2_tm_a_pca" name="e2e_tm_a_pca_data_extract_changes_output">
      <failure type="failure" message="self$get_html(&quot;.shiny-output-error-validation&quot;) is not NULL ('test-shinytest2-tm_a_pca.R:49:3')">self$get_html(".shiny-output-error-validation") is not NULL

`actual` is a character vector ('&lt;div class="shiny-html-output plot_out_container shiny-bound-output shiny-output-error shiny-output-error-validation shiny-output-error-try-error" id="teal-main_ui-root-principal_component_analysis-module-pca_plot-plot_out_main" width="100%" aria-live="polite"&gt;could not find function "vars" \n when evaluating qenv code:\nrot_vars &amp;lt;- pca$rotation[, c("PC1", "PC2")] %&amp;gt;% dplyr::as_tibble(rownames = "label") %&amp;gt;% dplyr::mutate_at(vars(c("PC1", "PC2")), function(x) r * x/sqrt(max(v_scale)))&lt;/div&gt;')
`expected` is NULL
No validation error is observed
Backtrace:
    ▆
 1. └─app$expect_no_validation_error() at test-shinytest2-tm_a_pca.R:49:3
 2.   └─testthat::expect_null(...)</failure>
    </testcase>
    <testcase time="0.133000000000003" classname="shinytest2_tm_a_pca" name="e2e_tm_a_pca_data_extract_changes_output">
      <failure type="failure" message="self$get_html(&quot;.shiny-output-error-validation&quot;) is not NULL ('test-shinytest2-tm_a_pca.R:53:3')">self$get_html(".shiny-output-error-validation") is not NULL

`actual` is a character vector ('&lt;div class="shiny-html-output plot_out_container shiny-bound-output shiny-output-error shiny-output-error-validation shiny-output-error-try-error recalculating" id="teal-main_ui-root-principal_component_analysis-module-pca_plot-plot_out_main" width="100%" aria-live="polite"&gt;could not find function "vars" \n when evaluating qenv code:\nrot_vars &amp;lt;- pca$rotation[, c("PC1", "PC2")] %&amp;gt;% dplyr::as_tibble(rownames = "label") %&amp;gt;% dplyr::mutate_at(vars(c("PC1", "PC2")), function(x) r * x/sqrt(max(v_scale)))&lt;/div&gt;')
`expected` is NULL
No validation error is observed
Backtrace:
    ▆
 1. └─app$expect_no_validation_error() at test-shinytest2-tm_a_pca.R:53:3
 2.   └─testthat::expect_null(...)</failure>
    </testcase>
    <testcase time="0.131999999999998" classname="shinytest2_tm_a_pca" name="e2e_tm_a_pca_data_extract_changes_output"/>
    <testcase time="5.057" classname="shinytest2_tm_a_pca" name="e2e_tm_a_pca_encodings_update_main_panel"/>
    <testcase time="0.101999999999997" classname="shinytest2_tm_a_pca" name="e2e_tm_a_pca_encodings_update_main_panel"/>
    <testcase time="0.0660000000000025" classname="shinytest2_tm_a_pca" name="e2e_tm_a_pca_encodings_update_main_panel"/>
    <testcase time="0.0640000000000001" classname="shinytest2_tm_a_pca" name="e2e_tm_a_pca_encodings_update_main_panel"/>
    <testcase time="0.0439999999999969" classname="shinytest2_tm_a_pca" name="e2e_tm_a_pca_encodings_update_main_panel"/>
    <testcase time="0.316000000000003" classname="shinytest2_tm_a_pca" name="e2e_tm_a_pca_encodings_update_main_panel"/>
    <testcase time="0.128" classname="shinytest2_tm_a_pca" name="e2e_tm_a_pca_encodings_update_main_panel">
      <failure type="failure" message="self$get_html(&quot;.shiny-output-error-validation&quot;) is not NULL ('test-shinytest2-tm_a_pca.R:108:3')">self$get_html(".shiny-output-error-validation") is not NULL

`actual` is a character vector ('&lt;div class="shiny-html-output plot_out_container shiny-bound-output shiny-output-error shiny-output-error-validation shiny-output-error-try-error" id="teal-main_ui-root-principal_component_analysis-module-pca_plot-plot_out_main" width="100%" aria-live="polite"&gt;could not find function "vars" \n when evaluating qenv code:\nrot_vars &amp;lt;- pca$rotation[, c("PC1", "PC2")] %&amp;gt;% dplyr::as_tibble(rownames = "label") %&amp;gt;% dplyr::mutate_at(vars(c("PC1", "PC2")), function(x) r * x/sqrt(max(v_scale)))&lt;/div&gt;')
`expected` is NULL
No validation error is observed
Backtrace:
    ▆
 1. └─app$expect_no_validation_error() at test-shinytest2-tm_a_pca.R:108:3
 2.   └─testthat::expect_null(...)</failure>
    </testcase>
    <testcase time="0.194000000000003" classname="shinytest2_tm_a_pca" name="e2e_tm_a_pca_encodings_update_main_panel">
      <failure type="failure" message="self$get_html(&quot;.shiny-output-error-validation&quot;) is not NULL ('test-shinytest2-tm_a_pca.R:111:3')">self$get_html(".shiny-output-error-validation") is not NULL

`actual` is a character vector ('&lt;div class="shiny-plot-output html-fill-item shiny-output-error shiny-output-error-validation shiny-output-error-try-error shiny-bound-output" id="teal-main_ui-root-principal_component_analysis-module-pca_plot-plot_main" style="width:100%;height:100%;" aria-live="polite"&gt;could not find function "vars" \n when evaluating qenv code:\nrot_vars &amp;lt;- pca$rotation[, c("PC1", "PC2")] %&amp;gt;% dplyr::as_tibble(rownames = "label") %&amp;gt;% dplyr::mutate_at(vars(c("PC1", "PC2")), function(x) r * x/sqrt(max(v_scale)))&lt;/div&gt;')
`expected` is NULL
No validation error is observed
Backtrace:
    ▆
 1. └─app$expect_no_validation_error() at test-shinytest2-tm_a_pca.R:111:3
 2.   └─testthat::expect_null(...)</failure>
    </testcase>
    <testcase time="0.123999999999995" classname="shinytest2_tm_a_pca" name="e2e_tm_a_pca_encodings_update_main_panel"/>
    <testcase time="2.119" classname="shinytest2_tm_a_pca" name="e2e_tm_a_pca_encodings_update_main_panel"/>
    <testcase time="0.00600000000000023" classname="shinytest2_tm_a_pca" name="e2e_tm_a_pca_encodings_update_main_panel"/>
    <testcase time="0.00600000000000023" classname="shinytest2_tm_a_pca" name="e2e_tm_a_pca_encodings_update_main_panel"/>
    <testcase time="0.0399999999999991" classname="shinytest2_tm_a_pca" name="e2e_tm_a_pca_encodings_update_main_panel"/>
    <testcase time="0.00600000000000023" classname="shinytest2_tm_a_pca" name="e2e_tm_a_pca_encodings_update_main_panel"/>
    <testcase time="0.0360000000000014" classname="shinytest2_tm_a_pca" name="e2e_tm_a_pca_encodings_update_main_panel"/>
    <testcase time="0.0069999999999979" classname="shinytest2_tm_a_pca" name="e2e_tm_a_pca_encodings_update_main_panel"/>
    <testcase time="0.00600000000000023" classname="shinytest2_tm_a_pca" name="e2e_tm_a_pca_encodings_update_main_panel"/>
    <testcase time="0.0280000000000058" classname="shinytest2_tm_a_pca" name="e2e_tm_a_pca_encodings_update_main_panel"/>
    <testcase time="0.0279999999999987" classname="shinytest2_tm_a_pca" name="e2e_tm_a_pca_encodings_update_main_panel"/>
    <testcase time="0.0279999999999987" classname="shinytest2_tm_a_pca" name="e2e_tm_a_pca_encodings_update_main_panel"/>
    <testcase time="0.244999999999997" classname="shinytest2_tm_a_pca" name="e2e_tm_a_pca_encodings_update_main_panel"/>
    <testcase time="0.289000000000001" classname="shinytest2_tm_a_pca" name="e2e_tm_a_pca_encodings_update_main_panel"/>
    <testcase time="0.101000000000006" classname="shinytest2_tm_a_pca" name="e2e_tm_a_pca_encodings_update_main_panel">
      <failure type="failure" message="self$get_html(&quot;.shiny-output-error-validation&quot;) is not NULL ('test-shinytest2-tm_a_pca.R:168:3')">self$get_html(".shiny-output-error-validation") is not NULL

`actual` is a character vector ('&lt;div class="shiny-html-output plot_out_container shiny-bound-output shiny-output-error shiny-output-error-validation shiny-output-error-try-error recalculating" id="teal-main_ui-root-principal_component_analysis-module-pca_plot-plot_out_main" width="100%" aria-live="polite"&gt;could not find function "vars" \n when evaluating qenv code:\nrot_vars &amp;lt;- pca$rotation[, c("PC1", "PC2")] %&amp;gt;% dplyr::as_tibble(rownames = "label") %&amp;gt;% dplyr::mutate_at(vars(c("PC1", "PC2")), function(x) r * x/sqrt(max(v_scale)))&lt;/div&gt;')
`expected` is NULL
No validation error is observed
Backtrace:
    ▆
 1. └─app$expect_no_validation_error() at test-shinytest2-tm_a_pca.R:168:3
 2.   └─testthat::expect_null(...)</failure>
    </testcase>
  </testsuite>
  <testsuite name="tm_g_bivariate" timestamp="2024-04-11T09:21:22Z" hostname="15a41674be4f" tests="18" skipped="0" failures="0" errors="0" time="0.25">
    <testcase time="0.128" classname="tm_g_bivariate" name="tm_g_bivariate_creates_a_teal_module_object"/>
    <testcase time="0.00499999999999545" classname="tm_g_bivariate" name="tm_g_bivariate_creates_a_teal_module_object_with_default_options"/>
    <testcase time="0.00500000000000256" classname="tm_g_bivariate" name="tm_g_bivariate_creates_a_teal_module_object_with_multiple_data_extract_specs"/>
    <testcase time="0.00499999999999545" classname="tm_g_bivariate" name="tm_g_bivariate_creates_a_module_with_datanames_taken_from_data_extracts"/>
    <testcase time="0.00800000000000267" classname="tm_g_bivariate" name="tm_g_bivariate_fails_when_x_contains_a_spec_with_multiple_selection"/>
    <testcase time="0.00800000000000267" classname="tm_g_bivariate" name="tm_g_bivariate_fails_when_x_contains_multiple_spec_with_at_least_one_multiple_selection"/>
    <testcase time="0.0069999999999979" classname="tm_g_bivariate" name="tm_g_bivariate_fails_when_x_contains_multiple_spec_with_at_least_one_multiple_selection"/>
    <testcase time="0.0069999999999979" classname="tm_g_bivariate" name="tm_g_bivariate_fails_when_y_contains_multiple_spec_with_at_least_one_multiple_selection"/>
    <testcase time="0.00800000000000267" classname="tm_g_bivariate" name="tm_g_bivariate_fails_when_plot_height_is_not_valid"/>
    <testcase time="0.0069999999999979" classname="tm_g_bivariate" name="tm_g_bivariate_fails_when_plot_height_is_not_valid"/>
    <testcase time="0.00800000000000267" classname="tm_g_bivariate" name="tm_g_bivariate_fails_when_plot_height_is_not_valid"/>
    <testcase time="0.0069999999999979" classname="tm_g_bivariate" name="tm_g_bivariate_fails_when_plot_width_is_not_valid"/>
    <testcase time="0.0069999999999979" classname="tm_g_bivariate" name="tm_g_bivariate_fails_when_plot_width_is_not_valid"/>
    <testcase time="0.0120000000000005" classname="tm_g_bivariate" name="tm_g_bivariate_fails_when_plot_width_is_not_valid"/>
    <testcase time="0.00800000000000267" classname="tm_g_bivariate" name="tm_g_bivariate_fails_when_color_setting_is_FALSE_and_color_is_supplied"/>
    <testcase time="0.0069999999999979" classname="tm_g_bivariate" name="tm_g_bivariate_fails_when_color_setting_is_FALSE_and_size_is_supplied"/>
    <testcase time="0.007000000000005" classname="tm_g_bivariate" name="tm_g_bivariate_fails_when_color_setting_is_FALSE_and_fill_is_supplied"/>
    <testcase time="0.00600000000000023" classname="tm_g_bivariate" name="tm_g_bivariate_determines_color_size_and_fill_when_color_setting_is_TRUE"/>
  </testsuite>
  <testsuite name="bivariate_ggplot_call" timestamp="2024-04-11T09:21:22Z" hostname="15a41674be4f" tests="21" skipped="0" failures="0" errors="0" time="0.073">
    <testcase time="0.0169999999999959" classname="bivariate_ggplot_call" name="bivariate_ggplot_call_with_numerics"/>
    <testcase time="0.00200000000000244" classname="bivariate_ggplot_call" name="bivariate_ggplot_call_with_numerics"/>
    <testcase time="0.00199999999999534" classname="bivariate_ggplot_call" name="bivariate_ggplot_call_with_numerics"/>
    <testcase time="0.00300000000000011" classname="bivariate_ggplot_call" name="bivariate_ggplot_call_with_numerics"/>
    <testcase time="0.00400000000000489" classname="bivariate_ggplot_call" name="bivariate_ggplot_call_with_factor_char_logical"/>
    <testcase time="0.00300000000000011" classname="bivariate_ggplot_call" name="bivariate_ggplot_call_with_factor_char_logical"/>
    <testcase time="0.00199999999999534" classname="bivariate_ggplot_call" name="bivariate_ggplot_call_with_factor_char_logical"/>
    <testcase time="0.00300000000000011" classname="bivariate_ggplot_call" name="bivariate_ggplot_call_with_factor_char_logical"/>
    <testcase time="0.00200000000000244" classname="bivariate_ggplot_call" name="bivariate_ggplot_call_with_factor_char_logical"/>
    <testcase time="0.00300000000000011" classname="bivariate_ggplot_call" name="bivariate_ggplot_call_with_factor_char_logical"/>
    <testcase time="0.00200000000000244" classname="bivariate_ggplot_call" name="bivariate_ggplot_call_with_factor_char_logical"/>
    <testcase time="0.00499999999999545" classname="bivariate_ggplot_call" name="bivariate_ggplot_call_with_single_data_numeric"/>
    <testcase time="0.00300000000000011" classname="bivariate_ggplot_call" name="bivariate_ggplot_call_with_single_data_numeric"/>
    <testcase time="0.00200000000000244" classname="bivariate_ggplot_call" name="bivariate_ggplot_call_with_single_data_numeric"/>
    <testcase time="0.00300000000000011" classname="bivariate_ggplot_call" name="bivariate_ggplot_call_with_single_data_numeric"/>
    <testcase time="0.00200000000000244" classname="bivariate_ggplot_call" name="bivariate_ggplot_call_with_single_data_numeric"/>
    <testcase time="0.00300000000000011" classname="bivariate_ggplot_call" name="bivariate_ggplot_call_with_single_data_numeric"/>
    <testcase time="0.00499999999999545" classname="bivariate_ggplot_call" name="bivariate_ggplot_call_with_single_data_factor"/>
    <testcase time="0.00200000000000244" classname="bivariate_ggplot_call" name="bivariate_ggplot_call_with_single_data_factor"/>
    <testcase time="0.00300000000000011" classname="bivariate_ggplot_call" name="bivariate_ggplot_call_with_single_data_factor"/>
    <testcase time="0.00199999999999534" classname="bivariate_ggplot_call" name="bivariate_ggplot_call_with_single_data_factor"/>
  </testsuite>
  <testsuite name="front_page" timestamp="2024-04-11T09:21:22Z" hostname="15a41674be4f" tests="4" skipped="0" failures="0" errors="0" time="0.02">
    <testcase time="0.007000000000005" classname="front_page" name="convert_metadata_to_dataframe_returns_a_data_frame_with_no_rows_if_no_metadata"/>
    <testcase time="0.00499999999999545" classname="front_page" name="convert_metadata_to_dataframe_returns_a_data_frame_with_metadata_if_more_than_one_dataset"/>
    <testcase time="0.00400000000000489" classname="front_page" name="convert_metadata_to_dataframe_returns_a_data_frame_with_metadata_if_one_dataset"/>
    <testcase time="0.00399999999999778" classname="front_page" name="convert_metadata_to_dataframe_converts_metadata_values_to_characters"/>
  </testsuite>
  <testsuite name="g_expert_cl" timestamp="2024-04-11T09:21:22Z" hostname="15a41674be4f" tests="15" skipped="0" failures="0" errors="0" time="0.032">
    <testcase time="0.00600000000000023" classname="g_expert_cl" name="coloring_ggplot_call_can_work_with_all_combinations"/>
    <testcase time="0.000999999999997669" classname="g_expert_cl" name="coloring_ggplot_call_can_work_with_all_combinations"/>
    <testcase time="0.00100000000000477" classname="g_expert_cl" name="coloring_ggplot_call_can_work_with_all_combinations"/>
    <testcase time="0.00199999999999534" classname="g_expert_cl" name="coloring_ggplot_call_can_work_with_all_combinations"/>
    <testcase time="0.00100000000000477" classname="g_expert_cl" name="coloring_ggplot_call_can_work_with_all_combinations"/>
    <testcase time="0.000999999999997669" classname="g_expert_cl" name="coloring_ggplot_call_can_work_with_all_combinations"/>
    <testcase time="0.000999999999997669" classname="g_expert_cl" name="coloring_ggplot_call_can_work_with_all_combinations"/>
    <testcase time="0.00300000000000011" classname="g_expert_cl" name="coloring_ggplot_call_can_work_with_all_combinations_without_colour_var"/>
    <testcase time="0.00200000000000244" classname="g_expert_cl" name="coloring_ggplot_call_can_work_with_all_combinations_without_colour_var"/>
    <testcase time="0.000999999999997669" classname="g_expert_cl" name="coloring_ggplot_call_can_work_with_all_combinations_without_colour_var"/>
    <testcase time="0.00100000000000477" classname="g_expert_cl" name="coloring_ggplot_call_can_work_with_all_combinations_without_colour_var"/>
    <testcase time="0.00199999999999534" classname="g_expert_cl" name="coloring_ggplot_call_can_work_with_all_combinations_without_colour_var"/>
    <testcase time="0.00800000000000267" classname="g_expert_cl" name="coloring_ggplot_call_can_work_size_var"/>
    <testcase time="0.000999999999997669" classname="g_expert_cl" name="coloring_ggplot_call_can_work_size_var"/>
    <testcase time="0.00100000000000477" classname="g_expert_cl" name="coloring_ggplot_call_can_work_size_var"/>
  </testsuite>
  <testsuite name="scatterplotmatrix_get_stats" timestamp="2024-04-11T09:21:22Z" hostname="15a41674be4f" tests="6" skipped="0" failures="0" errors="0" time="0.024">
    <testcase time="0.00899999999999324" classname="scatterplotmatrix_get_stats" name="get_scatterplotmatrix_stats_x_y_numeric"/>
    <testcase time="0.00300000000000011" classname="scatterplotmatrix_get_stats" name="get_scatterplotmatrix_stats_x_y_numeric"/>
    <testcase time="0.00300000000000011" classname="scatterplotmatrix_get_stats" name="get_scatterplotmatrix_stats_x_y_numeric"/>
    <testcase time="0.00400000000000489" classname="scatterplotmatrix_get_stats" name="get_scatterplotmatrix_stats_x_y_character"/>
    <testcase time="0.00300000000000011" classname="scatterplotmatrix_get_stats" name="get_scatterplotmatrix_stats_x_y_character"/>
    <testcase time="0.00199999999999534" classname="scatterplotmatrix_get_stats" name="get_scatterplotmatrix_stats_x_y_character"/>
  </testsuite>
  <testsuite name="variable_browser" timestamp="2024-04-11T09:21:22Z" hostname="15a41674be4f" tests="3" skipped="0" failures="0" errors="0" time="0.013">
    <testcase time="0.00500000000000256" classname="variable_browser" name="remove_outliers_from_does_not_remove_outliers_when_outlier_definition_is_zero"/>
    <testcase time="0.00500000000000256" classname="variable_browser" name="remove_outliers_from_removes_outliers_when_outlier_definition_is_non_zero"/>
    <testcase time="0.00300000000000011" classname="variable_browser" name="remove_outliers_from_keeps_missing_values_unchanged"/>
  </testsuite>
</testsuites>
